CRITICAL - 2025-05-19 07:53:51 --> Undefined property: App\Controllers\Produk::$webDetail
#0 J:\My Drive\YEOMAN\app\Controllers\Produk.php(42): CodeIgniter\Debug\Exceptions->errorHandler(2, 'Undefined prope...', 'J:\\My Drive\\YEO...', 42)
#1 J:\My Drive\YEOMAN\system\CodeIgniter.php(832): App\Controllers\Produk->produk()
#2 J:\My Drive\YEOMAN\system\CodeIgniter.php(419): CodeIgniter\CodeIgniter->runController(Object(App\Controllers\Produk))
#3 J:\My Drive\YEOMAN\system\CodeIgniter.php(326): CodeIgniter\CodeIgniter->handleRequest(NULL, Object(Config\Cache), false)
#4 J:\My Drive\YEOMAN\public\index.php(37): CodeIgniter\CodeIgniter->run()
#5 J:\My Drive\YEOMAN\system\Commands\Server\rewrite.php(43): require_once('J:\\My Drive\\YEO...')
#6 {main}
CRITICAL - 2025-05-19 08:01:20 --> Undefined property: App\Controllers\Produk::$webDetail
#0 J:\My Drive\YEOMAN\app\Controllers\Produk.php(41): CodeIgniter\Debug\Exceptions->errorHandler(2, 'Undefined prope...', 'J:\\My Drive\\YEO...', 41)
#1 J:\My Drive\YEOMAN\system\CodeIgniter.php(832): App\Controllers\Produk->produk()
#2 J:\My Drive\YEOMAN\system\CodeIgniter.php(419): CodeIgniter\CodeIgniter->runController(Object(App\Controllers\Produk))
#3 J:\My Drive\YEOMAN\system\CodeIgniter.php(326): CodeIgniter\CodeIgniter->handleRequest(NULL, Object(Config\Cache), false)
#4 J:\My Drive\YEOMAN\public\index.php(37): CodeIgniter\CodeIgniter->run()
#5 J:\My Drive\YEOMAN\system\Commands\Server\rewrite.php(43): require_once('J:\\My Drive\\YEO...')
#6 {main}
CRITICAL - 2025-05-19 08:03:22 --> Undefined property: App\Controllers\Produk::$webDetail
#0 J:\My Drive\YEOMAN\app\Controllers\Produk.php(37): CodeIgniter\Debug\Exceptions->errorHandler(2, 'Undefined prope...', 'J:\\My Drive\\YEO...', 37)
#1 J:\My Drive\YEOMAN\system\CodeIgniter.php(832): App\Controllers\Produk->produk()
#2 J:\My Drive\YEOMAN\system\CodeIgniter.php(419): CodeIgniter\CodeIgniter->runController(Object(App\Controllers\Produk))
#3 J:\My Drive\YEOMAN\system\CodeIgniter.php(326): CodeIgniter\CodeIgniter->handleRequest(NULL, Object(Config\Cache), false)
#4 J:\My Drive\YEOMAN\public\index.php(37): CodeIgniter\CodeIgniter->run()
#5 J:\My Drive\YEOMAN\system\Commands\Server\rewrite.php(43): require_once('J:\\My Drive\\YEO...')
#6 {main}
CRITICAL - 2025-05-19 08:04:11 --> Undefined property: stdClass::$modal
#0 J:\My Drive\YEOMAN\app\Views\produk.php(67): CodeIgniter\Debug\Exceptions->errorHandler(2, 'Undefined prope...', 'J:\\My Drive\\YEO...', 67)
#1 J:\My Drive\YEOMAN\system\View\View.php(210): include('J:\\My Drive\\YEO...')
#2 J:\My Drive\YEOMAN\system\View\View.php(213): CodeIgniter\View\View->CodeIgniter\View\{closure}()
#3 J:\My Drive\YEOMAN\system\Common.php(1089): CodeIgniter\View\View->render('produk', Array, true)
#4 J:\My Drive\YEOMAN\app\Controllers\Produk.php(46): view('produk', Array)
#5 J:\My Drive\YEOMAN\system\CodeIgniter.php(832): App\Controllers\Produk->produk()
#6 J:\My Drive\YEOMAN\system\CodeIgniter.php(419): CodeIgniter\CodeIgniter->runController(Object(App\Controllers\Produk))
#7 J:\My Drive\YEOMAN\system\CodeIgniter.php(326): CodeIgniter\CodeIgniter->handleRequest(NULL, Object(Config\Cache), false)
#8 J:\My Drive\YEOMAN\public\index.php(37): CodeIgniter\CodeIgniter->run()
#9 J:\My Drive\YEOMAN\system\Commands\Server\rewrite.php(43): require_once('J:\\My Drive\\YEO...')
#10 {main}
CRITICAL - 2025-05-19 08:09:02 --> Undefined property: stdClass::$jenis
#0 J:\My Drive\YEOMAN\app\Views\produk.php(78): CodeIgniter\Debug\Exceptions->errorHandler(2, 'Undefined prope...', 'J:\\My Drive\\YEO...', 78)
#1 J:\My Drive\YEOMAN\system\View\View.php(210): include('J:\\My Drive\\YEO...')
#2 J:\My Drive\YEOMAN\system\View\View.php(213): CodeIgniter\View\View->CodeIgniter\View\{closure}()
#3 J:\My Drive\YEOMAN\system\Common.php(1089): CodeIgniter\View\View->render('produk', Array, true)
#4 J:\My Drive\YEOMAN\app\Controllers\Produk.php(46): view('produk', Array)
#5 J:\My Drive\YEOMAN\system\CodeIgniter.php(832): App\Controllers\Produk->produk()
#6 J:\My Drive\YEOMAN\system\CodeIgniter.php(419): CodeIgniter\CodeIgniter->runController(Object(App\Controllers\Produk))
#7 J:\My Drive\YEOMAN\system\CodeIgniter.php(326): CodeIgniter\CodeIgniter->handleRequest(NULL, Object(Config\Cache), false)
#8 J:\My Drive\YEOMAN\public\index.php(37): CodeIgniter\CodeIgniter->run()
#9 J:\My Drive\YEOMAN\system\Commands\Server\rewrite.php(43): require_once('J:\\My Drive\\YEO...')
#10 {main}
