ERROR - 2025-06-09 01:30:19 --> Column 'created_by' cannot be null
ERROR - 2025-06-09 01:30:19 --> Column 'created_by' cannot be null
ERROR - 2025-06-09 01:30:19 --> Column 'created_by' cannot be null
ERROR - 2025-06-09 01:30:19 --> Column 'created_by' cannot be null
ERROR - 2025-06-09 01:30:19 --> Column 'created_by' cannot be null
ERROR - 2025-06-09 01:30:19 --> Column 'created_by' cannot be null
ERROR - 2025-06-09 01:32:53 --> Column 'created_by' cannot be null
ERROR - 2025-06-09 01:32:53 --> Column 'created_by' cannot be null
ERROR - 2025-06-09 01:32:53 --> Column 'created_by' cannot be null
ERROR - 2025-06-09 01:32:53 --> Column 'created_by' cannot be null
ERROR - 2025-06-09 01:32:53 --> Column 'created_by' cannot be null
ERROR - 2025-06-09 01:32:53 --> Column 'created_by' cannot be null
CRITICAL - 2025-06-09 02:11:30 --> Attempt to read property "modal" on array
#0 J:\My Drive\YEOMAN\app\Views\iproduk.php(120): CodeIgniter\Debug\Exceptions->errorHandler(2, 'Attempt to read...', 'J:\\My Drive\\YEO...', 120)
#1 J:\My Drive\YEOMAN\system\View\View.php(210): include('J:\\My Drive\\YEO...')
#2 J:\My Drive\YEOMAN\system\View\View.php(213): CodeIgniter\View\View->CodeIgniter\View\{closure}()
#3 J:\My Drive\YEOMAN\system\Common.php(1089): CodeIgniter\View\View->render('iproduk', Array, true)
#4 J:\My Drive\YEOMAN\app\Controllers\Produk.php(90): view('iproduk', Array)
#5 J:\My Drive\YEOMAN\system\CodeIgniter.php(832): App\Controllers\Produk->input_produk()
#6 J:\My Drive\YEOMAN\system\CodeIgniter.php(419): CodeIgniter\CodeIgniter->runController(Object(App\Controllers\Produk))
#7 J:\My Drive\YEOMAN\system\CodeIgniter.php(326): CodeIgniter\CodeIgniter->handleRequest(NULL, Object(Config\Cache), false)
#8 J:\My Drive\YEOMAN\public\index.php(37): CodeIgniter\CodeIgniter->run()
#9 J:\My Drive\YEOMAN\system\Commands\Server\rewrite.php(43): require_once('J:\\My Drive\\YEO...')
#10 {main}
CRITICAL - 2025-06-09 05:22:30 --> Attempt to read property "modal" on array
#0 J:\My Drive\YEOMAN\app\Views\iproduk.php(120): CodeIgniter\Debug\Exceptions->errorHandler(2, 'Attempt to read...', 'J:\\My Drive\\YEO...', 120)
#1 J:\My Drive\YEOMAN\system\View\View.php(210): include('J:\\My Drive\\YEO...')
#2 J:\My Drive\YEOMAN\system\View\View.php(213): CodeIgniter\View\View->CodeIgniter\View\{closure}()
#3 J:\My Drive\YEOMAN\system\Common.php(1089): CodeIgniter\View\View->render('iproduk', Array, true)
#4 J:\My Drive\YEOMAN\app\Controllers\Produk.php(90): view('iproduk', Array)
#5 J:\My Drive\YEOMAN\system\CodeIgniter.php(832): App\Controllers\Produk->input_produk()
#6 J:\My Drive\YEOMAN\system\CodeIgniter.php(419): CodeIgniter\CodeIgniter->runController(Object(App\Controllers\Produk))
#7 J:\My Drive\YEOMAN\system\CodeIgniter.php(326): CodeIgniter\CodeIgniter->handleRequest(NULL, Object(Config\Cache), false)
#8 J:\My Drive\YEOMAN\public\index.php(37): CodeIgniter\CodeIgniter->run()
#9 J:\My Drive\YEOMAN\system\Commands\Server\rewrite.php(43): require_once('J:\\My Drive\\YEO...')
#10 {main}
CRITICAL - 2025-06-09 05:27:18 --> Attempt to read property "modal" on array
#0 J:\My Drive\YEOMAN\app\Views\iproduk.php(120): CodeIgniter\Debug\Exceptions->errorHandler(2, 'Attempt to read...', 'J:\\My Drive\\YEO...', 120)
#1 J:\My Drive\YEOMAN\system\View\View.php(210): include('J:\\My Drive\\YEO...')
#2 J:\My Drive\YEOMAN\system\View\View.php(213): CodeIgniter\View\View->CodeIgniter\View\{closure}()
#3 J:\My Drive\YEOMAN\system\Common.php(1089): CodeIgniter\View\View->render('iproduk', Array, true)
#4 J:\My Drive\YEOMAN\app\Controllers\Produk.php(90): view('iproduk', Array)
#5 J:\My Drive\YEOMAN\system\CodeIgniter.php(832): App\Controllers\Produk->input_produk()
#6 J:\My Drive\YEOMAN\system\CodeIgniter.php(419): CodeIgniter\CodeIgniter->runController(Object(App\Controllers\Produk))
#7 J:\My Drive\YEOMAN\system\CodeIgniter.php(326): CodeIgniter\CodeIgniter->handleRequest(NULL, Object(Config\Cache), false)
#8 J:\My Drive\YEOMAN\public\index.php(37): CodeIgniter\CodeIgniter->run()
#9 J:\My Drive\YEOMAN\system\Commands\Server\rewrite.php(43): require_once('J:\\My Drive\\YEO...')
#10 {main}
CRITICAL - 2025-06-09 05:30:03 --> Attempt to read property "modal" on array
#0 J:\My Drive\YEOMAN\app\Views\iproduk.php(120): CodeIgniter\Debug\Exceptions->errorHandler(2, 'Attempt to read...', 'J:\\My Drive\\YEO...', 120)
#1 J:\My Drive\YEOMAN\system\View\View.php(210): include('J:\\My Drive\\YEO...')
#2 J:\My Drive\YEOMAN\system\View\View.php(213): CodeIgniter\View\View->CodeIgniter\View\{closure}()
#3 J:\My Drive\YEOMAN\system\Common.php(1089): CodeIgniter\View\View->render('iproduk', Array, true)
#4 J:\My Drive\YEOMAN\app\Controllers\Produk.php(90): view('iproduk', Array)
#5 J:\My Drive\YEOMAN\system\CodeIgniter.php(832): App\Controllers\Produk->input_produk()
#6 J:\My Drive\YEOMAN\system\CodeIgniter.php(419): CodeIgniter\CodeIgniter->runController(Object(App\Controllers\Produk))
#7 J:\My Drive\YEOMAN\system\CodeIgniter.php(326): CodeIgniter\CodeIgniter->handleRequest(NULL, Object(Config\Cache), false)
#8 J:\My Drive\YEOMAN\public\index.php(37): CodeIgniter\CodeIgniter->run()
#9 J:\My Drive\YEOMAN\system\Commands\Server\rewrite.php(43): require_once('J:\\My Drive\\YEO...')
#10 {main}
CRITICAL - 2025-06-09 05:30:35 --> Attempt to read property "modal" on array
#0 J:\My Drive\YEOMAN\app\Views\iproduk.php(120): CodeIgniter\Debug\Exceptions->errorHandler(2, 'Attempt to read...', 'J:\\My Drive\\YEO...', 120)
#1 J:\My Drive\YEOMAN\system\View\View.php(210): include('J:\\My Drive\\YEO...')
#2 J:\My Drive\YEOMAN\system\View\View.php(213): CodeIgniter\View\View->CodeIgniter\View\{closure}()
#3 J:\My Drive\YEOMAN\system\Common.php(1089): CodeIgniter\View\View->render('iproduk', Array, true)
#4 J:\My Drive\YEOMAN\app\Controllers\Produk.php(90): view('iproduk', Array)
#5 J:\My Drive\YEOMAN\system\CodeIgniter.php(832): App\Controllers\Produk->input_produk()
#6 J:\My Drive\YEOMAN\system\CodeIgniter.php(419): CodeIgniter\CodeIgniter->runController(Object(App\Controllers\Produk))
#7 J:\My Drive\YEOMAN\system\CodeIgniter.php(326): CodeIgniter\CodeIgniter->handleRequest(NULL, Object(Config\Cache), false)
#8 J:\My Drive\YEOMAN\public\index.php(37): CodeIgniter\CodeIgniter->run()
#9 J:\My Drive\YEOMAN\system\Commands\Server\rewrite.php(43): require_once('J:\\My Drive\\YEO...')
#10 {main}
CRITICAL - 2025-06-09 05:30:47 --> Attempt to read property "modal" on array
#0 J:\My Drive\YEOMAN\app\Views\iproduk.php(120): CodeIgniter\Debug\Exceptions->errorHandler(2, 'Attempt to read...', 'J:\\My Drive\\YEO...', 120)
#1 J:\My Drive\YEOMAN\system\View\View.php(210): include('J:\\My Drive\\YEO...')
#2 J:\My Drive\YEOMAN\system\View\View.php(213): CodeIgniter\View\View->CodeIgniter\View\{closure}()
#3 J:\My Drive\YEOMAN\system\Common.php(1089): CodeIgniter\View\View->render('iproduk', Array, true)
#4 J:\My Drive\YEOMAN\app\Controllers\Produk.php(90): view('iproduk', Array)
#5 J:\My Drive\YEOMAN\system\CodeIgniter.php(832): App\Controllers\Produk->input_produk()
#6 J:\My Drive\YEOMAN\system\CodeIgniter.php(419): CodeIgniter\CodeIgniter->runController(Object(App\Controllers\Produk))
#7 J:\My Drive\YEOMAN\system\CodeIgniter.php(326): CodeIgniter\CodeIgniter->handleRequest(NULL, Object(Config\Cache), false)
#8 J:\My Drive\YEOMAN\public\index.php(37): CodeIgniter\CodeIgniter->run()
#9 J:\My Drive\YEOMAN\system\Commands\Server\rewrite.php(43): require_once('J:\\My Drive\\YEO...')
#10 {main}
CRITICAL - 2025-06-09 05:31:19 --> Attempt to read property "harga" on array
#0 J:\My Drive\YEOMAN\app\Views\iproduk.php(122): CodeIgniter\Debug\Exceptions->errorHandler(2, 'Attempt to read...', 'J:\\My Drive\\YEO...', 122)
#1 J:\My Drive\YEOMAN\system\View\View.php(210): include('J:\\My Drive\\YEO...')
#2 J:\My Drive\YEOMAN\system\View\View.php(213): CodeIgniter\View\View->CodeIgniter\View\{closure}()
#3 J:\My Drive\YEOMAN\system\Common.php(1089): CodeIgniter\View\View->render('iproduk', Array, true)
#4 J:\My Drive\YEOMAN\app\Controllers\Produk.php(90): view('iproduk', Array)
#5 J:\My Drive\YEOMAN\system\CodeIgniter.php(832): App\Controllers\Produk->input_produk()
#6 J:\My Drive\YEOMAN\system\CodeIgniter.php(419): CodeIgniter\CodeIgniter->runController(Object(App\Controllers\Produk))
#7 J:\My Drive\YEOMAN\system\CodeIgniter.php(326): CodeIgniter\CodeIgniter->handleRequest(NULL, Object(Config\Cache), false)
#8 J:\My Drive\YEOMAN\public\index.php(37): CodeIgniter\CodeIgniter->run()
#9 J:\My Drive\YEOMAN\system\Commands\Server\rewrite.php(43): require_once('J:\\My Drive\\YEO...')
#10 {main}
CRITICAL - 2025-06-09 05:48:14 --> Attempt to read property "modal" on array
#0 J:\My Drive\YEOMAN\app\Views\iproduk.php(127): CodeIgniter\Debug\Exceptions->errorHandler(2, 'Attempt to read...', 'J:\\My Drive\\YEO...', 127)
#1 J:\My Drive\YEOMAN\system\View\View.php(210): include('J:\\My Drive\\YEO...')
#2 J:\My Drive\YEOMAN\system\View\View.php(213): CodeIgniter\View\View->CodeIgniter\View\{closure}()
#3 J:\My Drive\YEOMAN\system\Common.php(1089): CodeIgniter\View\View->render('iproduk', Array, true)
#4 J:\My Drive\YEOMAN\app\Controllers\Produk.php(90): view('iproduk', Array)
#5 J:\My Drive\YEOMAN\system\CodeIgniter.php(832): App\Controllers\Produk->input_produk()
#6 J:\My Drive\YEOMAN\system\CodeIgniter.php(419): CodeIgniter\CodeIgniter->runController(Object(App\Controllers\Produk))
#7 J:\My Drive\YEOMAN\system\CodeIgniter.php(326): CodeIgniter\CodeIgniter->handleRequest(NULL, Object(Config\Cache), false)
#8 J:\My Drive\YEOMAN\public\index.php(37): CodeIgniter\CodeIgniter->run()
#9 J:\My Drive\YEOMAN\system\Commands\Server\rewrite.php(43): require_once('J:\\My Drive\\YEO...')
#10 {main}
CRITICAL - 2025-06-09 05:50:45 --> Attempt to read property "modal" on array
#0 J:\My Drive\YEOMAN\app\Views\iproduk.php(121): CodeIgniter\Debug\Exceptions->errorHandler(2, 'Attempt to read...', 'J:\\My Drive\\YEO...', 121)
#1 J:\My Drive\YEOMAN\system\View\View.php(210): include('J:\\My Drive\\YEO...')
#2 J:\My Drive\YEOMAN\system\View\View.php(213): CodeIgniter\View\View->CodeIgniter\View\{closure}()
#3 J:\My Drive\YEOMAN\system\Common.php(1089): CodeIgniter\View\View->render('iproduk', Array, true)
#4 J:\My Drive\YEOMAN\app\Controllers\Produk.php(90): view('iproduk', Array)
#5 J:\My Drive\YEOMAN\system\CodeIgniter.php(832): App\Controllers\Produk->input_produk()
#6 J:\My Drive\YEOMAN\system\CodeIgniter.php(419): CodeIgniter\CodeIgniter->runController(Object(App\Controllers\Produk))
#7 J:\My Drive\YEOMAN\system\CodeIgniter.php(326): CodeIgniter\CodeIgniter->handleRequest(NULL, Object(Config\Cache), false)
#8 J:\My Drive\YEOMAN\public\index.php(37): CodeIgniter\CodeIgniter->run()
#9 J:\My Drive\YEOMAN\system\Commands\Server\rewrite.php(43): require_once('J:\\My Drive\\YEO...')
#10 {main}
CRITICAL - 2025-06-09 05:57:16 --> Attempt to read property "modal" on array
#0 J:\My Drive\YEOMAN\app\Views\iproduk.php(121): CodeIgniter\Debug\Exceptions->errorHandler(2, 'Attempt to read...', 'J:\\My Drive\\YEO...', 121)
#1 J:\My Drive\YEOMAN\system\View\View.php(210): include('J:\\My Drive\\YEO...')
#2 J:\My Drive\YEOMAN\system\View\View.php(213): CodeIgniter\View\View->CodeIgniter\View\{closure}()
#3 J:\My Drive\YEOMAN\system\Common.php(1089): CodeIgniter\View\View->render('iproduk', Array, true)
#4 J:\My Drive\YEOMAN\app\Controllers\Produk.php(90): view('iproduk', Array)
#5 J:\My Drive\YEOMAN\system\CodeIgniter.php(832): App\Controllers\Produk->input_produk()
#6 J:\My Drive\YEOMAN\system\CodeIgniter.php(419): CodeIgniter\CodeIgniter->runController(Object(App\Controllers\Produk))
#7 J:\My Drive\YEOMAN\system\CodeIgniter.php(326): CodeIgniter\CodeIgniter->handleRequest(NULL, Object(Config\Cache), false)
#8 J:\My Drive\YEOMAN\public\index.php(37): CodeIgniter\CodeIgniter->run()
#9 J:\My Drive\YEOMAN\system\Commands\Server\rewrite.php(43): require_once('J:\\My Drive\\YEO...')
#10 {main}
CRITICAL - 2025-06-09 06:02:11 --> Attempt to read property "modal" on null
#0 J:\My Drive\YEOMAN\app\Views\iproduk.php(121): CodeIgniter\Debug\Exceptions->errorHandler(2, 'Attempt to read...', 'J:\\My Drive\\YEO...', 121)
#1 J:\My Drive\YEOMAN\system\View\View.php(210): include('J:\\My Drive\\YEO...')
#2 J:\My Drive\YEOMAN\system\View\View.php(213): CodeIgniter\View\View->CodeIgniter\View\{closure}()
#3 J:\My Drive\YEOMAN\system\Common.php(1089): CodeIgniter\View\View->render('iproduk', Array, true)
#4 J:\My Drive\YEOMAN\app\Controllers\Produk.php(90): view('iproduk', Array)
#5 J:\My Drive\YEOMAN\system\CodeIgniter.php(832): App\Controllers\Produk->input_produk()
#6 J:\My Drive\YEOMAN\system\CodeIgniter.php(419): CodeIgniter\CodeIgniter->runController(Object(App\Controllers\Produk))
#7 J:\My Drive\YEOMAN\system\CodeIgniter.php(326): CodeIgniter\CodeIgniter->handleRequest(NULL, Object(Config\Cache), false)
#8 J:\My Drive\YEOMAN\public\index.php(37): CodeIgniter\CodeIgniter->run()
#9 J:\My Drive\YEOMAN\system\Commands\Server\rewrite.php(43): require_once('J:\\My Drive\\YEO...')
#10 {main}
CRITICAL - 2025-06-09 06:07:02 --> Undefined variable $harga
#0 J:\My Drive\YEOMAN\app\Views\iproduk.php(132): CodeIgniter\Debug\Exceptions->errorHandler(2, 'Undefined varia...', 'J:\\My Drive\\YEO...', 132)
#1 J:\My Drive\YEOMAN\system\View\View.php(210): include('J:\\My Drive\\YEO...')
#2 J:\My Drive\YEOMAN\system\View\View.php(213): CodeIgniter\View\View->CodeIgniter\View\{closure}()
#3 J:\My Drive\YEOMAN\system\Common.php(1089): CodeIgniter\View\View->render('iproduk', Array, true)
#4 J:\My Drive\YEOMAN\app\Controllers\Produk.php(90): view('iproduk', Array)
#5 J:\My Drive\YEOMAN\system\CodeIgniter.php(832): App\Controllers\Produk->input_produk()
#6 J:\My Drive\YEOMAN\system\CodeIgniter.php(419): CodeIgniter\CodeIgniter->runController(Object(App\Controllers\Produk))
#7 J:\My Drive\YEOMAN\system\CodeIgniter.php(326): CodeIgniter\CodeIgniter->handleRequest(NULL, Object(Config\Cache), false)
#8 J:\My Drive\YEOMAN\public\index.php(37): CodeIgniter\CodeIgniter->run()
#9 J:\My Drive\YEOMAN\system\Commands\Server\rewrite.php(43): require_once('J:\\My Drive\\YEO...')
#10 {main}
CRITICAL - 2025-06-09 06:11:52 --> Undefined variable $id
#0 J:\My Drive\YEOMAN\app\Controllers\Produk.php(72): CodeIgniter\Debug\Exceptions->errorHandler(2, 'Undefined varia...', 'J:\\My Drive\\YEO...', 72)
#1 J:\My Drive\YEOMAN\system\CodeIgniter.php(832): App\Controllers\Produk->input_produk()
#2 J:\My Drive\YEOMAN\system\CodeIgniter.php(419): CodeIgniter\CodeIgniter->runController(Object(App\Controllers\Produk))
#3 J:\My Drive\YEOMAN\system\CodeIgniter.php(326): CodeIgniter\CodeIgniter->handleRequest(NULL, Object(Config\Cache), false)
#4 J:\My Drive\YEOMAN\public\index.php(37): CodeIgniter\CodeIgniter->run()
#5 J:\My Drive\YEOMAN\system\Commands\Server\rewrite.php(43): require_once('J:\\My Drive\\YEO...')
#6 {main}
