CRITICAL - 2025-08-07 10:03:28 --> Call to undefined method App\Models\PaketSoalDetailModel::getSoalByToken
#0 C:\Users\7U400.COM\Music\event\app\Controllers\Ujian.php(16): CodeIgniter\Model->__call('getSoalByToken', Array)
#1 C:\Users\7U400.COM\Music\event\system\CodeIgniter.php(832): App\Controllers\Ujian->index()
#2 C:\Users\7U400.COM\Music\event\system\CodeIgniter.php(419): CodeIgniter\CodeIgniter->runController(Object(App\Controllers\Ujian))
#3 C:\Users\7U400.COM\Music\event\system\CodeIgniter.php(326): CodeIgniter\CodeIgniter->handleRequest(NULL, Object(Config\Cache), false)
#4 C:\Users\7U400.COM\Music\event\public\index.php(37): CodeIgniter\CodeIgniter->run()
#5 C:\Users\7U400.COM\Music\event\system\Commands\Server\rewrite.php(43): require_once('C:\\Users\\7U400....')
#6 {main}
CRITICAL - 2025-08-07 10:03:29 --> Uncaught ErrorException: file_get_contents(C:\Users\7U400.COM\Music\event\app\Views\errors\html\debug.js): Failed to open stream: No such file or directory in C:\Users\7U400.COM\Music\event\app\Views\errors\html\error_exception.php:19
Stack trace:
#0 [internal function]: CodeIgniter\Debug\Exceptions->errorHandler(2, 'file_get_conten...', 'C:\\Users\\7U400....', 19)
#1 C:\Users\7U400.COM\Music\event\app\Views\errors\html\error_exception.php(19): file_get_contents('C:\\Users\\7U400....')
#2 C:\Users\7U400.COM\Music\event\system\Debug\Exceptions.php(234): include('C:\\Users\\7U400....')
#3 C:\Users\7U400.COM\Music\event\system\Debug\Exceptions.php(237): CodeIgniter\Debug\Exceptions->CodeIgniter\Debug\{closure}()
#4 C:\Users\7U400.COM\Music\event\system\Debug\Exceptions.php(121): CodeIgniter\Debug\Exceptions->render(Object(BadMethodCallException), 500)
#5 [internal function]: CodeIgniter\Debug\Exceptions->exceptionHandler(Object(BadMethodCallException))
#6 {main}
  thrown
#0 [internal function]: CodeIgniter\Debug\Exceptions->shutdownHandler()
#1 {main} 
CRITICAL - 2025-08-07 10:04:05 --> Undefined variable $metode
#0 C:\Users\7U400.COM\Music\event\app\Views\ujian\ujian.php(123): CodeIgniter\Debug\Exceptions->errorHandler(2, 'Undefined varia...', 'C:\\Users\\7U400....', 123)
#1 C:\Users\7U400.COM\Music\event\system\View\View.php(210): include('C:\\Users\\7U400....')
#2 C:\Users\7U400.COM\Music\event\system\View\View.php(213): CodeIgniter\View\View->CodeIgniter\View\{closure}()
#3 C:\Users\7U400.COM\Music\event\system\Common.php(1089): CodeIgniter\View\View->render('ujian/ujian', Array, true)
#4 C:\Users\7U400.COM\Music\event\app\Controllers\Ujian.php(18): view('ujian/ujian', Array)
#5 C:\Users\7U400.COM\Music\event\system\CodeIgniter.php(832): App\Controllers\Ujian->index()
#6 C:\Users\7U400.COM\Music\event\system\CodeIgniter.php(419): CodeIgniter\CodeIgniter->runController(Object(App\Controllers\Ujian))
#7 C:\Users\7U400.COM\Music\event\system\CodeIgniter.php(326): CodeIgniter\CodeIgniter->handleRequest(NULL, Object(Config\Cache), false)
#8 C:\Users\7U400.COM\Music\event\public\index.php(37): CodeIgniter\CodeIgniter->run()
#9 C:\Users\7U400.COM\Music\event\system\Commands\Server\rewrite.php(43): require_once('C:\\Users\\7U400....')
#10 {main}
CRITICAL - 2025-08-07 10:04:05 --> Uncaught ErrorException: file_get_contents(C:\Users\7U400.COM\Music\event\app\Views\errors\html\debug.js): Failed to open stream: No such file or directory in C:\Users\7U400.COM\Music\event\app\Views\errors\html\error_exception.php:19
Stack trace:
#0 [internal function]: CodeIgniter\Debug\Exceptions->errorHandler(2, 'file_get_conten...', 'C:\\Users\\7U400....', 19)
#1 C:\Users\7U400.COM\Music\event\app\Views\errors\html\error_exception.php(19): file_get_contents('C:\\Users\\7U400....')
#2 C:\Users\7U400.COM\Music\event\system\Debug\Exceptions.php(234): include('C:\\Users\\7U400....')
#3 C:\Users\7U400.COM\Music\event\system\Debug\Exceptions.php(237): CodeIgniter\Debug\Exceptions->CodeIgniter\Debug\{closure}()
#4 C:\Users\7U400.COM\Music\event\system\Debug\Exceptions.php(121): CodeIgniter\Debug\Exceptions->render(Object(ErrorException), 500)
#5 [internal function]: CodeIgniter\Debug\Exceptions->exceptionHandler(Object(ErrorException))
#6 {main}
  thrown
#0 [internal function]: CodeIgniter\Debug\Exceptions->shutdownHandler()
#1 {main}
CRITICAL - 2025-08-07 10:18:34 --> Attempt to read property "foto" on null
#0 C:\Users\7U400.COM\Music\event\app\Views\admin\header.php(150): CodeIgniter\Debug\Exceptions->errorHandler(2, 'Attempt to read...', 'C:\\Users\\7U400....', 150)
#1 C:\Users\7U400.COM\Music\event\system\View\View.php(210): include('C:\\Users\\7U400....')
#2 C:\Users\7U400.COM\Music\event\system\View\View.php(213): CodeIgniter\View\View->CodeIgniter\View\{closure}()
#3 C:\Users\7U400.COM\Music\event\system\Common.php(1089): CodeIgniter\View\View->render('admin/header', Array, true)
#4 C:\Users\7U400.COM\Music\event\app\Controllers\Dashboard.php(43): view('admin/header', Array)
#5 C:\Users\7U400.COM\Music\event\system\CodeIgniter.php(832): App\Controllers\Dashboard->index()
#6 C:\Users\7U400.COM\Music\event\system\CodeIgniter.php(419): CodeIgniter\CodeIgniter->runController(Object(App\Controllers\Dashboard))
#7 C:\Users\7U400.COM\Music\event\system\CodeIgniter.php(326): CodeIgniter\CodeIgniter->handleRequest(NULL, Object(Config\Cache), false)
#8 C:\Users\7U400.COM\Music\event\public\index.php(37): CodeIgniter\CodeIgniter->run()
#9 C:\Users\7U400.COM\Music\event\system\Commands\Server\rewrite.php(43): require_once('C:\\Users\\7U400....')
#10 {main}
CRITICAL - 2025-08-07 10:18:34 --> Uncaught ErrorException: file_get_contents(C:\Users\7U400.COM\Music\event\app\Views\errors\html\debug.js): Failed to open stream: No such file or directory in C:\Users\7U400.COM\Music\event\app\Views\errors\html\error_exception.php:19
Stack trace:
#0 [internal function]: CodeIgniter\Debug\Exceptions->errorHandler(2, 'file_get_conten...', 'C:\\Users\\7U400....', 19)
#1 C:\Users\7U400.COM\Music\event\app\Views\errors\html\error_exception.php(19): file_get_contents('C:\\Users\\7U400....')
#2 C:\Users\7U400.COM\Music\event\system\Debug\Exceptions.php(234): include('C:\\Users\\7U400....')
#3 C:\Users\7U400.COM\Music\event\system\Debug\Exceptions.php(237): CodeIgniter\Debug\Exceptions->CodeIgniter\Debug\{closure}()
#4 C:\Users\7U400.COM\Music\event\system\Debug\Exceptions.php(121): CodeIgniter\Debug\Exceptions->render(Object(ErrorException), 500)
#5 [internal function]: CodeIgniter\Debug\Exceptions->exceptionHandler(Object(ErrorException))
#6 {main}
  thrown
#0 [internal function]: CodeIgniter\Debug\Exceptions->shutdownHandler()
#1 {main}
CRITICAL - 2025-08-07 10:28:47 --> Undefined array key 0
#0 C:\Users\7U400.COM\Music\event\app\Views\ujian\ujian.php(173): CodeIgniter\Debug\Exceptions->errorHandler(2, 'Undefined array...', 'C:\\Users\\7U400....', 173)
#1 C:\Users\7U400.COM\Music\event\system\View\View.php(210): include('C:\\Users\\7U400....')
#2 C:\Users\7U400.COM\Music\event\system\View\View.php(213): CodeIgniter\View\View->CodeIgniter\View\{closure}()
#3 C:\Users\7U400.COM\Music\event\system\Common.php(1089): CodeIgniter\View\View->render('ujian/ujian', Array, true)
#4 C:\Users\7U400.COM\Music\event\app\Controllers\Ujian.php(24): view('ujian/ujian', Array)
#5 C:\Users\7U400.COM\Music\event\system\CodeIgniter.php(832): App\Controllers\Ujian->index()
#6 C:\Users\7U400.COM\Music\event\system\CodeIgniter.php(419): CodeIgniter\CodeIgniter->runController(Object(App\Controllers\Ujian))
#7 C:\Users\7U400.COM\Music\event\system\CodeIgniter.php(326): CodeIgniter\CodeIgniter->handleRequest(NULL, Object(Config\Cache), false)
#8 C:\Users\7U400.COM\Music\event\public\index.php(37): CodeIgniter\CodeIgniter->run()
#9 C:\Users\7U400.COM\Music\event\system\Commands\Server\rewrite.php(43): require_once('C:\\Users\\7U400....')
#10 {main}
CRITICAL - 2025-08-07 10:28:47 --> Uncaught ErrorException: file_get_contents(C:\Users\7U400.COM\Music\event\app\Views\errors\html\debug.js): Failed to open stream: No such file or directory in C:\Users\7U400.COM\Music\event\app\Views\errors\html\error_exception.php:19
Stack trace:
#0 [internal function]: CodeIgniter\Debug\Exceptions->errorHandler(2, 'file_get_conten...', 'C:\\Users\\7U400....', 19)
#1 C:\Users\7U400.COM\Music\event\app\Views\errors\html\error_exception.php(19): file_get_contents('C:\\Users\\7U400....')
#2 C:\Users\7U400.COM\Music\event\system\Debug\Exceptions.php(234): include('C:\\Users\\7U400....')
#3 C:\Users\7U400.COM\Music\event\system\Debug\Exceptions.php(237): CodeIgniter\Debug\Exceptions->CodeIgniter\Debug\{closure}()
#4 C:\Users\7U400.COM\Music\event\system\Debug\Exceptions.php(121): CodeIgniter\Debug\Exceptions->render(Object(ErrorException), 500)
#5 [internal function]: CodeIgniter\Debug\Exceptions->exceptionHandler(Object(ErrorException))
#6 {main}
  thrown
#0 [internal function]: CodeIgniter\Debug\Exceptions->shutdownHandler()
#1 {main}
CRITICAL - 2025-08-07 10:28:48 --> Undefined array key 0
#0 C:\Users\7U400.COM\Music\event\app\Views\ujian\ujian.php(173): CodeIgniter\Debug\Exceptions->errorHandler(2, 'Undefined array...', 'C:\\Users\\7U400....', 173)
#1 C:\Users\7U400.COM\Music\event\system\View\View.php(210): include('C:\\Users\\7U400....')
#2 C:\Users\7U400.COM\Music\event\system\View\View.php(213): CodeIgniter\View\View->CodeIgniter\View\{closure}()
#3 C:\Users\7U400.COM\Music\event\system\Common.php(1089): CodeIgniter\View\View->render('ujian/ujian', Array, true)
#4 C:\Users\7U400.COM\Music\event\app\Controllers\Ujian.php(24): view('ujian/ujian', Array)
#5 C:\Users\7U400.COM\Music\event\system\CodeIgniter.php(832): App\Controllers\Ujian->index()
#6 C:\Users\7U400.COM\Music\event\system\CodeIgniter.php(419): CodeIgniter\CodeIgniter->runController(Object(App\Controllers\Ujian))
#7 C:\Users\7U400.COM\Music\event\system\CodeIgniter.php(326): CodeIgniter\CodeIgniter->handleRequest(NULL, Object(Config\Cache), false)
#8 C:\Users\7U400.COM\Music\event\public\index.php(37): CodeIgniter\CodeIgniter->run()
#9 C:\Users\7U400.COM\Music\event\system\Commands\Server\rewrite.php(43): require_once('C:\\Users\\7U400....')
#10 {main}
CRITICAL - 2025-08-07 10:28:48 --> Uncaught ErrorException: file_get_contents(C:\Users\7U400.COM\Music\event\app\Views\errors\html\debug.js): Failed to open stream: No such file or directory in C:\Users\7U400.COM\Music\event\app\Views\errors\html\error_exception.php:19
Stack trace:
#0 [internal function]: CodeIgniter\Debug\Exceptions->errorHandler(2, 'file_get_conten...', 'C:\\Users\\7U400....', 19)
#1 C:\Users\7U400.COM\Music\event\app\Views\errors\html\error_exception.php(19): file_get_contents('C:\\Users\\7U400....')
#2 C:\Users\7U400.COM\Music\event\system\Debug\Exceptions.php(234): include('C:\\Users\\7U400....')
#3 C:\Users\7U400.COM\Music\event\system\Debug\Exceptions.php(237): CodeIgniter\Debug\Exceptions->CodeIgniter\Debug\{closure}()
#4 C:\Users\7U400.COM\Music\event\system\Debug\Exceptions.php(121): CodeIgniter\Debug\Exceptions->render(Object(ErrorException), 500)
#5 [internal function]: CodeIgniter\Debug\Exceptions->exceptionHandler(Object(ErrorException))
#6 {main}
  thrown
#0 [internal function]: CodeIgniter\Debug\Exceptions->shutdownHandler()
#1 {main}
ERROR - 2025-08-07 10:29:33 --> Error connecting to the database: No connection could be made because the target machine actively refused it
CRITICAL - 2025-08-07 10:29:33 --> Unable to connect to the database.
Main connection [MySQLi]: No connection could be made because the target machine actively refused it
#0 C:\Users\7U400.COM\Music\event\system\Database\BaseConnection.php(577): CodeIgniter\Database\BaseConnection->initialize()
#1 C:\Users\7U400.COM\Music\event\system\Database\BaseBuilder.php(1455): CodeIgniter\Database\BaseConnection->query('SELECT *\nFROM `...', Array, false)
#2 C:\Users\7U400.COM\Music\event\system\Model.php(210): CodeIgniter\Database\BaseBuilder->get()
#3 C:\Users\7U400.COM\Music\event\system\BaseModel.php(622): CodeIgniter\Model->doFirst()
#4 C:\Users\7U400.COM\Music\event\app\Controllers\Ujian.php(17): CodeIgniter\BaseModel->first()
#5 C:\Users\7U400.COM\Music\event\system\CodeIgniter.php(832): App\Controllers\Ujian->index()
#6 C:\Users\7U400.COM\Music\event\system\CodeIgniter.php(419): CodeIgniter\CodeIgniter->runController(Object(App\Controllers\Ujian))
#7 C:\Users\7U400.COM\Music\event\system\CodeIgniter.php(326): CodeIgniter\CodeIgniter->handleRequest(NULL, Object(Config\Cache), false)
#8 C:\Users\7U400.COM\Music\event\public\index.php(37): CodeIgniter\CodeIgniter->run()
#9 C:\Users\7U400.COM\Music\event\system\Commands\Server\rewrite.php(43): require_once('C:\\Users\\7U400....')
#10 {main}
CRITICAL - 2025-08-07 10:29:33 --> Uncaught ErrorException: file_get_contents(C:\Users\7U400.COM\Music\event\app\Views\errors\html\debug.js): Failed to open stream: No such file or directory in C:\Users\7U400.COM\Music\event\app\Views\errors\html\error_exception.php:19
Stack trace:
#0 [internal function]: CodeIgniter\Debug\Exceptions->errorHandler(2, 'file_get_conten...', 'C:\\Users\\7U400....', 19)
#1 C:\Users\7U400.COM\Music\event\app\Views\errors\html\error_exception.php(19): file_get_contents('C:\\Users\\7U400....')
#2 C:\Users\7U400.COM\Music\event\system\Debug\Exceptions.php(234): include('C:\\Users\\7U400....')
#3 C:\Users\7U400.COM\Music\event\system\Debug\Exceptions.php(237): CodeIgniter\Debug\Exceptions->CodeIgniter\Debug\{closure}()
#4 C:\Users\7U400.COM\Music\event\system\Debug\Exceptions.php(121): CodeIgniter\Debug\Exceptions->render(Object(CodeIgniter\Database\Exceptions\DatabaseException), 500)
#5 [internal function]: CodeIgniter\Debug\Exceptions->exceptionHandler(Object(CodeIgniter\Database\Exceptions\DatabaseException))
#6 {main}
  thrown
#0 [internal function]: CodeIgniter\Debug\Exceptions->shutdownHandler()
#1 {main}
ERROR - 2025-08-07 10:29:57 --> Error connecting to the database: MySQL server has gone away
CRITICAL - 2025-08-07 10:29:57 --> Unable to connect to the database.
Main connection [MySQLi]: MySQL server has gone away
#0 C:\Users\7U400.COM\Music\event\system\Database\BaseConnection.php(577): CodeIgniter\Database\BaseConnection->initialize()
#1 C:\Users\7U400.COM\Music\event\system\Database\BaseBuilder.php(1455): CodeIgniter\Database\BaseConnection->query('SELECT *\nFROM `...', Array, false)
#2 C:\Users\7U400.COM\Music\event\system\Model.php(210): CodeIgniter\Database\BaseBuilder->get()
#3 C:\Users\7U400.COM\Music\event\system\BaseModel.php(622): CodeIgniter\Model->doFirst()
#4 C:\Users\7U400.COM\Music\event\app\Controllers\Ujian.php(17): CodeIgniter\BaseModel->first()
#5 C:\Users\7U400.COM\Music\event\system\CodeIgniter.php(832): App\Controllers\Ujian->index()
#6 C:\Users\7U400.COM\Music\event\system\CodeIgniter.php(419): CodeIgniter\CodeIgniter->runController(Object(App\Controllers\Ujian))
#7 C:\Users\7U400.COM\Music\event\system\CodeIgniter.php(326): CodeIgniter\CodeIgniter->handleRequest(NULL, Object(Config\Cache), false)
#8 C:\Users\7U400.COM\Music\event\public\index.php(37): CodeIgniter\CodeIgniter->run()
#9 C:\Users\7U400.COM\Music\event\system\Commands\Server\rewrite.php(43): require_once('C:\\Users\\7U400....')
#10 {main}
CRITICAL - 2025-08-07 10:29:57 --> Uncaught ErrorException: file_get_contents(C:\Users\7U400.COM\Music\event\app\Views\errors\html\debug.js): Failed to open stream: No such file or directory in C:\Users\7U400.COM\Music\event\app\Views\errors\html\error_exception.php:19
Stack trace:
#0 [internal function]: CodeIgniter\Debug\Exceptions->errorHandler(2, 'file_get_conten...', 'C:\\Users\\7U400....', 19)
#1 C:\Users\7U400.COM\Music\event\app\Views\errors\html\error_exception.php(19): file_get_contents('C:\\Users\\7U400....')
#2 C:\Users\7U400.COM\Music\event\system\Debug\Exceptions.php(234): include('C:\\Users\\7U400....')
#3 C:\Users\7U400.COM\Music\event\system\Debug\Exceptions.php(237): CodeIgniter\Debug\Exceptions->CodeIgniter\Debug\{closure}()
#4 C:\Users\7U400.COM\Music\event\system\Debug\Exceptions.php(121): CodeIgniter\Debug\Exceptions->render(Object(CodeIgniter\Database\Exceptions\DatabaseException), 500)
#5 [internal function]: CodeIgniter\Debug\Exceptions->exceptionHandler(Object(CodeIgniter\Database\Exceptions\DatabaseException))
#6 {main}
  thrown
#0 [internal function]: CodeIgniter\Debug\Exceptions->shutdownHandler()
#1 {main}
ERROR - 2025-08-07 10:30:48 --> Error connecting to the database: MySQL server has gone away
CRITICAL - 2025-08-07 10:30:48 --> Unable to connect to the database.
Main connection [MySQLi]: MySQL server has gone away
#0 C:\Users\7U400.COM\Music\event\system\Database\BaseConnection.php(577): CodeIgniter\Database\BaseConnection->initialize()
#1 C:\Users\7U400.COM\Music\event\system\Database\BaseBuilder.php(1455): CodeIgniter\Database\BaseConnection->query('SELECT *\nFROM `...', Array, false)
#2 C:\Users\7U400.COM\Music\event\system\Model.php(210): CodeIgniter\Database\BaseBuilder->get()
#3 C:\Users\7U400.COM\Music\event\system\BaseModel.php(622): CodeIgniter\Model->doFirst()
#4 C:\Users\7U400.COM\Music\event\app\Controllers\Ujian.php(17): CodeIgniter\BaseModel->first()
#5 C:\Users\7U400.COM\Music\event\system\CodeIgniter.php(832): App\Controllers\Ujian->index()
#6 C:\Users\7U400.COM\Music\event\system\CodeIgniter.php(419): CodeIgniter\CodeIgniter->runController(Object(App\Controllers\Ujian))
#7 C:\Users\7U400.COM\Music\event\system\CodeIgniter.php(326): CodeIgniter\CodeIgniter->handleRequest(NULL, Object(Config\Cache), false)
#8 C:\Users\7U400.COM\Music\event\public\index.php(37): CodeIgniter\CodeIgniter->run()
#9 C:\Users\7U400.COM\Music\event\system\Commands\Server\rewrite.php(43): require_once('C:\\Users\\7U400....')
#10 {main}
CRITICAL - 2025-08-07 10:30:48 --> Uncaught ErrorException: file_get_contents(C:\Users\7U400.COM\Music\event\app\Views\errors\html\debug.js): Failed to open stream: No such file or directory in C:\Users\7U400.COM\Music\event\app\Views\errors\html\error_exception.php:19
Stack trace:
#0 [internal function]: CodeIgniter\Debug\Exceptions->errorHandler(2, 'file_get_conten...', 'C:\\Users\\7U400....', 19)
#1 C:\Users\7U400.COM\Music\event\app\Views\errors\html\error_exception.php(19): file_get_contents('C:\\Users\\7U400....')
#2 C:\Users\7U400.COM\Music\event\system\Debug\Exceptions.php(234): include('C:\\Users\\7U400....')
#3 C:\Users\7U400.COM\Music\event\system\Debug\Exceptions.php(237): CodeIgniter\Debug\Exceptions->CodeIgniter\Debug\{closure}()
#4 C:\Users\7U400.COM\Music\event\system\Debug\Exceptions.php(121): CodeIgniter\Debug\Exceptions->render(Object(CodeIgniter\Database\Exceptions\DatabaseException), 500)
#5 [internal function]: CodeIgniter\Debug\Exceptions->exceptionHandler(Object(CodeIgniter\Database\Exceptions\DatabaseException))
#6 {main}
  thrown
#0 [internal function]: CodeIgniter\Debug\Exceptions->shutdownHandler()
#1 {main}
ERROR - 2025-08-07 10:38:23 --> Error connecting to the database: No connection could be made because the target machine actively refused it
CRITICAL - 2025-08-07 10:38:23 --> Unable to connect to the database.
Main connection [MySQLi]: No connection could be made because the target machine actively refused it
#0 C:\Users\7U400.COM\Music\event\system\Database\BaseConnection.php(577): CodeIgniter\Database\BaseConnection->initialize()
#1 C:\Users\7U400.COM\Music\event\system\Database\BaseBuilder.php(1455): CodeIgniter\Database\BaseConnection->query('SELECT *\nFROM `...', Array, false)
#2 C:\Users\7U400.COM\Music\event\system\Model.php(210): CodeIgniter\Database\BaseBuilder->get()
#3 C:\Users\7U400.COM\Music\event\system\BaseModel.php(622): CodeIgniter\Model->doFirst()
#4 C:\Users\7U400.COM\Music\event\app\Controllers\Ujian.php(17): CodeIgniter\BaseModel->first()
#5 C:\Users\7U400.COM\Music\event\system\CodeIgniter.php(832): App\Controllers\Ujian->index()
#6 C:\Users\7U400.COM\Music\event\system\CodeIgniter.php(419): CodeIgniter\CodeIgniter->runController(Object(App\Controllers\Ujian))
#7 C:\Users\7U400.COM\Music\event\system\CodeIgniter.php(326): CodeIgniter\CodeIgniter->handleRequest(NULL, Object(Config\Cache), false)
#8 C:\Users\7U400.COM\Music\event\public\index.php(37): CodeIgniter\CodeIgniter->run()
#9 C:\Users\7U400.COM\Music\event\system\Commands\Server\rewrite.php(43): require_once('C:\\Users\\7U400....')
#10 {main}
CRITICAL - 2025-08-07 10:38:23 --> Uncaught ErrorException: file_get_contents(C:\Users\7U400.COM\Music\event\app\Views\errors\html\debug.js): Failed to open stream: No such file or directory in C:\Users\7U400.COM\Music\event\app\Views\errors\html\error_exception.php:19
Stack trace:
#0 [internal function]: CodeIgniter\Debug\Exceptions->errorHandler(2, 'file_get_conten...', 'C:\\Users\\7U400....', 19)
#1 C:\Users\7U400.COM\Music\event\app\Views\errors\html\error_exception.php(19): file_get_contents('C:\\Users\\7U400....')
#2 C:\Users\7U400.COM\Music\event\system\Debug\Exceptions.php(234): include('C:\\Users\\7U400....')
#3 C:\Users\7U400.COM\Music\event\system\Debug\Exceptions.php(237): CodeIgniter\Debug\Exceptions->CodeIgniter\Debug\{closure}()
#4 C:\Users\7U400.COM\Music\event\system\Debug\Exceptions.php(121): CodeIgniter\Debug\Exceptions->render(Object(CodeIgniter\Database\Exceptions\DatabaseException), 500)
#5 [internal function]: CodeIgniter\Debug\Exceptions->exceptionHandler(Object(CodeIgniter\Database\Exceptions\DatabaseException))
#6 {main}
  thrown
#0 [internal function]: CodeIgniter\Debug\Exceptions->shutdownHandler()
#1 {main}
CRITICAL - 2025-08-07 06:12:28 --> Call to undefined function CodeIgniter\locale_set_default()
#0 C:\Users\7U400.COM\Music\event\system\bootstrap.php(146): CodeIgniter\CodeIgniter->initialize()
#1 C:\Users\7U400.COM\Music\event\spark(45): require('C:\\Users\\7U400....')
#2 {main}
CRITICAL - 2025-08-07 11:59:48 --> Undefined array key 0
#0 C:\Users\7U400.COM\Music\event\app\Views\ujian\ujian.php(173): CodeIgniter\Debug\Exceptions->errorHandler(2, 'Undefined array...', 'C:\\Users\\7U400....', 173)
#1 C:\Users\7U400.COM\Music\event\system\View\View.php(210): include('C:\\Users\\7U400....')
#2 C:\Users\7U400.COM\Music\event\system\View\View.php(213): CodeIgniter\View\View->CodeIgniter\View\{closure}()
#3 C:\Users\7U400.COM\Music\event\system\Common.php(1089): CodeIgniter\View\View->render('ujian/ujian', Array, true)
#4 C:\Users\7U400.COM\Music\event\app\Controllers\Ujian.php(24): view('ujian/ujian', Array)
#5 C:\Users\7U400.COM\Music\event\system\CodeIgniter.php(832): App\Controllers\Ujian->index()
#6 C:\Users\7U400.COM\Music\event\system\CodeIgniter.php(419): CodeIgniter\CodeIgniter->runController(Object(App\Controllers\Ujian))
#7 C:\Users\7U400.COM\Music\event\system\CodeIgniter.php(326): CodeIgniter\CodeIgniter->handleRequest(NULL, Object(Config\Cache), false)
#8 C:\Users\7U400.COM\Music\event\public\index.php(37): CodeIgniter\CodeIgniter->run()
#9 C:\Users\7U400.COM\Music\event\system\Commands\Server\rewrite.php(43): require_once('C:\\Users\\7U400....')
#10 {main}
CRITICAL - 2025-08-07 11:59:48 --> Uncaught ErrorException: file_get_contents(C:\Users\7U400.COM\Music\event\app\Views\errors\html\debug.js): Failed to open stream: No such file or directory in C:\Users\7U400.COM\Music\event\app\Views\errors\html\error_exception.php:19
Stack trace:
#0 [internal function]: CodeIgniter\Debug\Exceptions->errorHandler(2, 'file_get_conten...', 'C:\\Users\\7U400....', 19)
#1 C:\Users\7U400.COM\Music\event\app\Views\errors\html\error_exception.php(19): file_get_contents('C:\\Users\\7U400....')
#2 C:\Users\7U400.COM\Music\event\system\Debug\Exceptions.php(234): include('C:\\Users\\7U400....')
#3 C:\Users\7U400.COM\Music\event\system\Debug\Exceptions.php(237): CodeIgniter\Debug\Exceptions->CodeIgniter\Debug\{closure}()
#4 C:\Users\7U400.COM\Music\event\system\Debug\Exceptions.php(121): CodeIgniter\Debug\Exceptions->render(Object(ErrorException), 500)
#5 [internal function]: CodeIgniter\Debug\Exceptions->exceptionHandler(Object(ErrorException))
#6 {main}
  thrown
#0 [internal function]: CodeIgniter\Debug\Exceptions->shutdownHandler()
#1 {main}
ERROR - 2025-08-07 12:01:09 --> Unknown column 'kelas.id_sekolah' in 'on clause'
CRITICAL - 2025-08-07 12:01:09 --> Call to a member function getResult() on bool
#0 C:\Users\7U400.COM\Music\event\app\Controllers\Siswa.php(35): App\Models\M_belajar->siswa()
#1 C:\Users\7U400.COM\Music\event\system\CodeIgniter.php(832): App\Controllers\Siswa->index()
#2 C:\Users\7U400.COM\Music\event\system\CodeIgniter.php(419): CodeIgniter\CodeIgniter->runController(Object(App\Controllers\Siswa))
#3 C:\Users\7U400.COM\Music\event\system\CodeIgniter.php(326): CodeIgniter\CodeIgniter->handleRequest(NULL, Object(Config\Cache), false)
#4 C:\Users\7U400.COM\Music\event\public\index.php(37): CodeIgniter\CodeIgniter->run()
#5 C:\Users\7U400.COM\Music\event\system\Commands\Server\rewrite.php(43): require_once('C:\\Users\\7U400....')
#6 {main}
CRITICAL - 2025-08-07 12:01:09 --> Uncaught ErrorException: file_get_contents(C:\Users\7U400.COM\Music\event\app\Views\errors\html\debug.js): Failed to open stream: No such file or directory in C:\Users\7U400.COM\Music\event\app\Views\errors\html\error_exception.php:19
Stack trace:
#0 [internal function]: CodeIgniter\Debug\Exceptions->errorHandler(2, 'file_get_conten...', 'C:\\Users\\7U400....', 19)
#1 C:\Users\7U400.COM\Music\event\app\Views\errors\html\error_exception.php(19): file_get_contents('C:\\Users\\7U400....')
#2 C:\Users\7U400.COM\Music\event\system\Debug\Exceptions.php(234): include('C:\\Users\\7U400....')
#3 C:\Users\7U400.COM\Music\event\system\Debug\Exceptions.php(237): CodeIgniter\Debug\Exceptions->CodeIgniter\Debug\{closure}()
#4 C:\Users\7U400.COM\Music\event\system\Debug\Exceptions.php(121): CodeIgniter\Debug\Exceptions->render(Object(Error), 500)
#5 [internal function]: CodeIgniter\Debug\Exceptions->exceptionHandler(Object(Error))
#6 {main}
  thrown
#0 [internal function]: CodeIgniter\Debug\Exceptions->shutdownHandler()
#1 {main}
ERROR - 2025-08-07 12:46:43 --> Unknown column 'id_sekolah' in 'where clause'
CRITICAL - 2025-08-07 12:46:43 --> Call to a member function getResult() on bool
#0 C:\Users\7U400.COM\Music\event\system\BaseModel.php(584): CodeIgniter\Model->doFindAll(0, 0)
#1 C:\Users\7U400.COM\Music\event\app\Controllers\Siswa.php(52): CodeIgniter\BaseModel->findAll()
#2 C:\Users\7U400.COM\Music\event\system\CodeIgniter.php(832): App\Controllers\Siswa->getBySekolah()
#3 C:\Users\7U400.COM\Music\event\system\CodeIgniter.php(419): CodeIgniter\CodeIgniter->runController(Object(App\Controllers\Siswa))
#4 C:\Users\7U400.COM\Music\event\system\CodeIgniter.php(326): CodeIgniter\CodeIgniter->handleRequest(NULL, Object(Config\Cache), false)
#5 C:\Users\7U400.COM\Music\event\public\index.php(37): CodeIgniter\CodeIgniter->run()
#6 C:\Users\7U400.COM\Music\event\system\Commands\Server\rewrite.php(43): require_once('C:\\Users\\7U400....')
#7 {main}
CRITICAL - 2025-08-07 12:54:53 --> Undefined property: App\Controllers\Siswa::$rombelModel
#0 C:\Users\7U400.COM\Music\event\app\Controllers\Siswa.php(198): CodeIgniter\Debug\Exceptions->errorHandler(2, 'Undefined prope...', 'C:\\Users\\7U400....', 198)
#1 C:\Users\7U400.COM\Music\event\system\CodeIgniter.php(832): App\Controllers\Siswa->getRombelBySekolah()
#2 C:\Users\7U400.COM\Music\event\system\CodeIgniter.php(419): CodeIgniter\CodeIgniter->runController(Object(App\Controllers\Siswa))
#3 C:\Users\7U400.COM\Music\event\system\CodeIgniter.php(326): CodeIgniter\CodeIgniter->handleRequest(NULL, Object(Config\Cache), false)
#4 C:\Users\7U400.COM\Music\event\public\index.php(37): CodeIgniter\CodeIgniter->run()
#5 C:\Users\7U400.COM\Music\event\system\Commands\Server\rewrite.php(43): require_once('C:\\Users\\7U400....')
#6 {main}
CRITICAL - 2025-08-07 12:54:56 --> Undefined property: App\Controllers\Siswa::$rombelModel
#0 C:\Users\7U400.COM\Music\event\app\Controllers\Siswa.php(198): CodeIgniter\Debug\Exceptions->errorHandler(2, 'Undefined prope...', 'C:\\Users\\7U400....', 198)
#1 C:\Users\7U400.COM\Music\event\system\CodeIgniter.php(832): App\Controllers\Siswa->getRombelBySekolah()
#2 C:\Users\7U400.COM\Music\event\system\CodeIgniter.php(419): CodeIgniter\CodeIgniter->runController(Object(App\Controllers\Siswa))
#3 C:\Users\7U400.COM\Music\event\system\CodeIgniter.php(326): CodeIgniter\CodeIgniter->handleRequest(NULL, Object(Config\Cache), false)
#4 C:\Users\7U400.COM\Music\event\public\index.php(37): CodeIgniter\CodeIgniter->run()
#5 C:\Users\7U400.COM\Music\event\system\Commands\Server\rewrite.php(43): require_once('C:\\Users\\7U400....')
#6 {main}
ERROR - 2025-08-07 12:57:06 --> Duplicate entry 'nat' for key 'username'
CRITICAL - 2025-08-07 13:01:02 --> Undefined property: stdClass::$nama_kelas
#0 C:\Users\7U400.COM\Music\event\app\Views\siswa\siswa.php(47): CodeIgniter\Debug\Exceptions->errorHandler(2, 'Undefined prope...', 'C:\\Users\\7U400....', 47)
#1 C:\Users\7U400.COM\Music\event\system\View\View.php(210): include('C:\\Users\\7U400....')
#2 C:\Users\7U400.COM\Music\event\system\View\View.php(213): CodeIgniter\View\View->CodeIgniter\View\{closure}()
#3 C:\Users\7U400.COM\Music\event\system\Common.php(1089): CodeIgniter\View\View->render('siswa/siswa', Array, true)
#4 C:\Users\7U400.COM\Music\event\app\Controllers\Siswa.php(43): view('siswa/siswa', Array)
#5 C:\Users\7U400.COM\Music\event\system\CodeIgniter.php(832): App\Controllers\Siswa->index()
#6 C:\Users\7U400.COM\Music\event\system\CodeIgniter.php(419): CodeIgniter\CodeIgniter->runController(Object(App\Controllers\Siswa))
#7 C:\Users\7U400.COM\Music\event\system\CodeIgniter.php(326): CodeIgniter\CodeIgniter->handleRequest(NULL, Object(Config\Cache), false)
#8 C:\Users\7U400.COM\Music\event\public\index.php(37): CodeIgniter\CodeIgniter->run()
#9 C:\Users\7U400.COM\Music\event\system\Commands\Server\rewrite.php(43): require_once('C:\\Users\\7U400....')
#10 {main}
CRITICAL - 2025-08-07 13:01:02 --> Uncaught ErrorException: file_get_contents(C:\Users\7U400.COM\Music\event\app\Views\errors\html\debug.js): Failed to open stream: No such file or directory in C:\Users\7U400.COM\Music\event\app\Views\errors\html\error_exception.php:19
Stack trace:
#0 [internal function]: CodeIgniter\Debug\Exceptions->errorHandler(2, 'file_get_conten...', 'C:\\Users\\7U400....', 19)
#1 C:\Users\7U400.COM\Music\event\app\Views\errors\html\error_exception.php(19): file_get_contents('C:\\Users\\7U400....')
#2 C:\Users\7U400.COM\Music\event\system\Debug\Exceptions.php(234): include('C:\\Users\\7U400....')
#3 C:\Users\7U400.COM\Music\event\system\Debug\Exceptions.php(237): CodeIgniter\Debug\Exceptions->CodeIgniter\Debug\{closure}()
#4 C:\Users\7U400.COM\Music\event\system\Debug\Exceptions.php(121): CodeIgniter\Debug\Exceptions->render(Object(ErrorException), 500)
#5 [internal function]: CodeIgniter\Debug\Exceptions->exceptionHandler(Object(ErrorException))
#6 {main}
  thrown
#0 [internal function]: CodeIgniter\Debug\Exceptions->shutdownHandler()
#1 {main}
ERROR - 2025-08-07 13:01:36 --> Unknown column 'kelas.nama_kelas' in 'field list'
CRITICAL - 2025-08-07 13:01:36 --> Call to a member function getRow() on bool
#0 C:\Users\7U400.COM\Music\event\app\Controllers\Siswa.php(114): App\Models\M_belajar->getSiswaDetailById('4')
#1 C:\Users\7U400.COM\Music\event\system\CodeIgniter.php(832): App\Controllers\Siswa->edit('4')
#2 C:\Users\7U400.COM\Music\event\system\CodeIgniter.php(419): CodeIgniter\CodeIgniter->runController(Object(App\Controllers\Siswa))
#3 C:\Users\7U400.COM\Music\event\system\CodeIgniter.php(326): CodeIgniter\CodeIgniter->handleRequest(NULL, Object(Config\Cache), false)
#4 C:\Users\7U400.COM\Music\event\public\index.php(37): CodeIgniter\CodeIgniter->run()
#5 C:\Users\7U400.COM\Music\event\system\Commands\Server\rewrite.php(43): require_once('C:\\Users\\7U400....')
#6 {main}
CRITICAL - 2025-08-07 13:01:36 --> Uncaught ErrorException: file_get_contents(C:\Users\7U400.COM\Music\event\app\Views\errors\html\debug.js): Failed to open stream: No such file or directory in C:\Users\7U400.COM\Music\event\app\Views\errors\html\error_exception.php:19
Stack trace:
#0 [internal function]: CodeIgniter\Debug\Exceptions->errorHandler(2, 'file_get_conten...', 'C:\\Users\\7U400....', 19)
#1 C:\Users\7U400.COM\Music\event\app\Views\errors\html\error_exception.php(19): file_get_contents('C:\\Users\\7U400....')
#2 C:\Users\7U400.COM\Music\event\system\Debug\Exceptions.php(234): include('C:\\Users\\7U400....')
#3 C:\Users\7U400.COM\Music\event\system\Debug\Exceptions.php(237): CodeIgniter\Debug\Exceptions->CodeIgniter\Debug\{closure}()
#4 C:\Users\7U400.COM\Music\event\system\Debug\Exceptions.php(121): CodeIgniter\Debug\Exceptions->render(Object(Error), 500)
#5 [internal function]: CodeIgniter\Debug\Exceptions->exceptionHandler(Object(Error))
#6 {main}
  thrown
#0 [internal function]: CodeIgniter\Debug\Exceptions->shutdownHandler()
#1 {main}
ERROR - 2025-08-07 13:01:52 --> Unknown column 'kelas.nama_kelas' in 'field list'
CRITICAL - 2025-08-07 13:01:52 --> Call to a member function getRow() on bool
#0 C:\Users\7U400.COM\Music\event\app\Controllers\Siswa.php(114): App\Models\M_belajar->getSiswaDetailById('4')
#1 C:\Users\7U400.COM\Music\event\system\CodeIgniter.php(832): App\Controllers\Siswa->edit('4')
#2 C:\Users\7U400.COM\Music\event\system\CodeIgniter.php(419): CodeIgniter\CodeIgniter->runController(Object(App\Controllers\Siswa))
#3 C:\Users\7U400.COM\Music\event\system\CodeIgniter.php(326): CodeIgniter\CodeIgniter->handleRequest(NULL, Object(Config\Cache), false)
#4 C:\Users\7U400.COM\Music\event\public\index.php(37): CodeIgniter\CodeIgniter->run()
#5 C:\Users\7U400.COM\Music\event\system\Commands\Server\rewrite.php(43): require_once('C:\\Users\\7U400....')
#6 {main}
CRITICAL - 2025-08-07 13:01:52 --> Uncaught ErrorException: file_get_contents(C:\Users\7U400.COM\Music\event\app\Views\errors\html\debug.js): Failed to open stream: No such file or directory in C:\Users\7U400.COM\Music\event\app\Views\errors\html\error_exception.php:19
Stack trace:
#0 [internal function]: CodeIgniter\Debug\Exceptions->errorHandler(2, 'file_get_conten...', 'C:\\Users\\7U400....', 19)
#1 C:\Users\7U400.COM\Music\event\app\Views\errors\html\error_exception.php(19): file_get_contents('C:\\Users\\7U400....')
#2 C:\Users\7U400.COM\Music\event\system\Debug\Exceptions.php(234): include('C:\\Users\\7U400....')
#3 C:\Users\7U400.COM\Music\event\system\Debug\Exceptions.php(237): CodeIgniter\Debug\Exceptions->CodeIgniter\Debug\{closure}()
#4 C:\Users\7U400.COM\Music\event\system\Debug\Exceptions.php(121): CodeIgniter\Debug\Exceptions->render(Object(Error), 500)
#5 [internal function]: CodeIgniter\Debug\Exceptions->exceptionHandler(Object(Error))
#6 {main}
  thrown
#0 [internal function]: CodeIgniter\Debug\Exceptions->shutdownHandler()
#1 {main}
ERROR - 2025-08-07 13:02:07 --> Unknown column 'kelas.nama_kelas' in 'field list'
CRITICAL - 2025-08-07 13:02:07 --> Call to a member function getRow() on bool
#0 C:\Users\7U400.COM\Music\event\app\Controllers\Siswa.php(114): App\Models\M_belajar->getSiswaDetailById('4')
#1 C:\Users\7U400.COM\Music\event\system\CodeIgniter.php(832): App\Controllers\Siswa->edit('4')
#2 C:\Users\7U400.COM\Music\event\system\CodeIgniter.php(419): CodeIgniter\CodeIgniter->runController(Object(App\Controllers\Siswa))
#3 C:\Users\7U400.COM\Music\event\system\CodeIgniter.php(326): CodeIgniter\CodeIgniter->handleRequest(NULL, Object(Config\Cache), false)
#4 C:\Users\7U400.COM\Music\event\public\index.php(37): CodeIgniter\CodeIgniter->run()
#5 C:\Users\7U400.COM\Music\event\system\Commands\Server\rewrite.php(43): require_once('C:\\Users\\7U400....')
#6 {main}
CRITICAL - 2025-08-07 13:02:07 --> Uncaught ErrorException: file_get_contents(C:\Users\7U400.COM\Music\event\app\Views\errors\html\debug.js): Failed to open stream: No such file or directory in C:\Users\7U400.COM\Music\event\app\Views\errors\html\error_exception.php:19
Stack trace:
#0 [internal function]: CodeIgniter\Debug\Exceptions->errorHandler(2, 'file_get_conten...', 'C:\\Users\\7U400....', 19)
#1 C:\Users\7U400.COM\Music\event\app\Views\errors\html\error_exception.php(19): file_get_contents('C:\\Users\\7U400....')
#2 C:\Users\7U400.COM\Music\event\system\Debug\Exceptions.php(234): include('C:\\Users\\7U400....')
#3 C:\Users\7U400.COM\Music\event\system\Debug\Exceptions.php(237): CodeIgniter\Debug\Exceptions->CodeIgniter\Debug\{closure}()
#4 C:\Users\7U400.COM\Music\event\system\Debug\Exceptions.php(121): CodeIgniter\Debug\Exceptions->render(Object(Error), 500)
#5 [internal function]: CodeIgniter\Debug\Exceptions->exceptionHandler(Object(Error))
#6 {main}
  thrown
#0 [internal function]: CodeIgniter\Debug\Exceptions->shutdownHandler()
#1 {main}
ERROR - 2025-08-07 13:02:42 --> Unknown column 'kelas.id_sekolah' in 'on clause'
CRITICAL - 2025-08-07 13:02:42 --> Call to a member function getRow() on bool
#0 C:\Users\7U400.COM\Music\event\app\Controllers\Siswa.php(114): App\Models\M_belajar->getSiswaDetailById('4')
#1 C:\Users\7U400.COM\Music\event\system\CodeIgniter.php(832): App\Controllers\Siswa->edit('4')
#2 C:\Users\7U400.COM\Music\event\system\CodeIgniter.php(419): CodeIgniter\CodeIgniter->runController(Object(App\Controllers\Siswa))
#3 C:\Users\7U400.COM\Music\event\system\CodeIgniter.php(326): CodeIgniter\CodeIgniter->handleRequest(NULL, Object(Config\Cache), false)
#4 C:\Users\7U400.COM\Music\event\public\index.php(37): CodeIgniter\CodeIgniter->run()
#5 C:\Users\7U400.COM\Music\event\system\Commands\Server\rewrite.php(43): require_once('C:\\Users\\7U400....')
#6 {main}
CRITICAL - 2025-08-07 13:02:42 --> Uncaught ErrorException: file_get_contents(C:\Users\7U400.COM\Music\event\app\Views\errors\html\debug.js): Failed to open stream: No such file or directory in C:\Users\7U400.COM\Music\event\app\Views\errors\html\error_exception.php:19
Stack trace:
#0 [internal function]: CodeIgniter\Debug\Exceptions->errorHandler(2, 'file_get_conten...', 'C:\\Users\\7U400....', 19)
#1 C:\Users\7U400.COM\Music\event\app\Views\errors\html\error_exception.php(19): file_get_contents('C:\\Users\\7U400....')
#2 C:\Users\7U400.COM\Music\event\system\Debug\Exceptions.php(234): include('C:\\Users\\7U400....')
#3 C:\Users\7U400.COM\Music\event\system\Debug\Exceptions.php(237): CodeIgniter\Debug\Exceptions->CodeIgniter\Debug\{closure}()
#4 C:\Users\7U400.COM\Music\event\system\Debug\Exceptions.php(121): CodeIgniter\Debug\Exceptions->render(Object(Error), 500)
#5 [internal function]: CodeIgniter\Debug\Exceptions->exceptionHandler(Object(Error))
#6 {main}
  thrown
#0 [internal function]: CodeIgniter\Debug\Exceptions->shutdownHandler()
#1 {main}
CRITICAL - 2025-08-07 13:03:02 --> Undefined property: stdClass::$id_sekolah
#0 C:\Users\7U400.COM\Music\event\app\Views\siswa\editsiswa.php(40): CodeIgniter\Debug\Exceptions->errorHandler(2, 'Undefined prope...', 'C:\\Users\\7U400....', 40)
#1 C:\Users\7U400.COM\Music\event\system\View\View.php(210): include('C:\\Users\\7U400....')
#2 C:\Users\7U400.COM\Music\event\system\View\View.php(213): CodeIgniter\View\View->CodeIgniter\View\{closure}()
#3 C:\Users\7U400.COM\Music\event\system\Common.php(1089): CodeIgniter\View\View->render('siswa/editsiswa', Array, true)
#4 C:\Users\7U400.COM\Music\event\app\Controllers\Siswa.php(119): view('siswa/editsiswa', Array)
#5 C:\Users\7U400.COM\Music\event\system\CodeIgniter.php(832): App\Controllers\Siswa->edit('4')
#6 C:\Users\7U400.COM\Music\event\system\CodeIgniter.php(419): CodeIgniter\CodeIgniter->runController(Object(App\Controllers\Siswa))
#7 C:\Users\7U400.COM\Music\event\system\CodeIgniter.php(326): CodeIgniter\CodeIgniter->handleRequest(NULL, Object(Config\Cache), false)
#8 C:\Users\7U400.COM\Music\event\public\index.php(37): CodeIgniter\CodeIgniter->run()
#9 C:\Users\7U400.COM\Music\event\system\Commands\Server\rewrite.php(43): require_once('C:\\Users\\7U400....')
#10 {main}
CRITICAL - 2025-08-07 13:03:02 --> Uncaught ErrorException: file_get_contents(C:\Users\7U400.COM\Music\event\app\Views\errors\html\debug.js): Failed to open stream: No such file or directory in C:\Users\7U400.COM\Music\event\app\Views\errors\html\error_exception.php:19
Stack trace:
#0 [internal function]: CodeIgniter\Debug\Exceptions->errorHandler(2, 'file_get_conten...', 'C:\\Users\\7U400....', 19)
#1 C:\Users\7U400.COM\Music\event\app\Views\errors\html\error_exception.php(19): file_get_contents('C:\\Users\\7U400....')
#2 C:\Users\7U400.COM\Music\event\system\Debug\Exceptions.php(234): include('C:\\Users\\7U400....')
#3 C:\Users\7U400.COM\Music\event\system\Debug\Exceptions.php(237): CodeIgniter\Debug\Exceptions->CodeIgniter\Debug\{closure}()
#4 C:\Users\7U400.COM\Music\event\system\Debug\Exceptions.php(121): CodeIgniter\Debug\Exceptions->render(Object(ErrorException), 500)
#5 [internal function]: CodeIgniter\Debug\Exceptions->exceptionHandler(Object(ErrorException))
#6 {main}
  thrown
#0 [internal function]: CodeIgniter\Debug\Exceptions->shutdownHandler()
#1 {main}
CRITICAL - 2025-08-07 13:03:15 --> Undefined property: stdClass::$id_sekolah
#0 C:\Users\7U400.COM\Music\event\app\Views\siswa\editsiswa.php(40): CodeIgniter\Debug\Exceptions->errorHandler(2, 'Undefined prope...', 'C:\\Users\\7U400....', 40)
#1 C:\Users\7U400.COM\Music\event\system\View\View.php(210): include('C:\\Users\\7U400....')
#2 C:\Users\7U400.COM\Music\event\system\View\View.php(213): CodeIgniter\View\View->CodeIgniter\View\{closure}()
#3 C:\Users\7U400.COM\Music\event\system\Common.php(1089): CodeIgniter\View\View->render('siswa/editsiswa', Array, true)
#4 C:\Users\7U400.COM\Music\event\app\Controllers\Siswa.php(119): view('siswa/editsiswa', Array)
#5 C:\Users\7U400.COM\Music\event\system\CodeIgniter.php(832): App\Controllers\Siswa->edit('4')
#6 C:\Users\7U400.COM\Music\event\system\CodeIgniter.php(419): CodeIgniter\CodeIgniter->runController(Object(App\Controllers\Siswa))
#7 C:\Users\7U400.COM\Music\event\system\CodeIgniter.php(326): CodeIgniter\CodeIgniter->handleRequest(NULL, Object(Config\Cache), false)
#8 C:\Users\7U400.COM\Music\event\public\index.php(37): CodeIgniter\CodeIgniter->run()
#9 C:\Users\7U400.COM\Music\event\system\Commands\Server\rewrite.php(43): require_once('C:\\Users\\7U400....')
#10 {main}
CRITICAL - 2025-08-07 13:03:15 --> Uncaught ErrorException: file_get_contents(C:\Users\7U400.COM\Music\event\app\Views\errors\html\debug.js): Failed to open stream: No such file or directory in C:\Users\7U400.COM\Music\event\app\Views\errors\html\error_exception.php:19
Stack trace:
#0 [internal function]: CodeIgniter\Debug\Exceptions->errorHandler(2, 'file_get_conten...', 'C:\\Users\\7U400....', 19)
#1 C:\Users\7U400.COM\Music\event\app\Views\errors\html\error_exception.php(19): file_get_contents('C:\\Users\\7U400....')
#2 C:\Users\7U400.COM\Music\event\system\Debug\Exceptions.php(234): include('C:\\Users\\7U400....')
#3 C:\Users\7U400.COM\Music\event\system\Debug\Exceptions.php(237): CodeIgniter\Debug\Exceptions->CodeIgniter\Debug\{closure}()
#4 C:\Users\7U400.COM\Music\event\system\Debug\Exceptions.php(121): CodeIgniter\Debug\Exceptions->render(Object(ErrorException), 500)
#5 [internal function]: CodeIgniter\Debug\Exceptions->exceptionHandler(Object(ErrorException))
#6 {main}
  thrown
#0 [internal function]: CodeIgniter\Debug\Exceptions->shutdownHandler()
#1 {main}
CRITICAL - 2025-08-07 13:04:09 --> Undefined variable $kelas
#0 C:\Users\7U400.COM\Music\event\app\Views\siswa\editsiswa.php(52): CodeIgniter\Debug\Exceptions->errorHandler(2, 'Undefined varia...', 'C:\\Users\\7U400....', 52)
#1 C:\Users\7U400.COM\Music\event\system\View\View.php(210): include('C:\\Users\\7U400....')
#2 C:\Users\7U400.COM\Music\event\system\View\View.php(213): CodeIgniter\View\View->CodeIgniter\View\{closure}()
#3 C:\Users\7U400.COM\Music\event\system\Common.php(1089): CodeIgniter\View\View->render('siswa/editsiswa', Array, true)
#4 C:\Users\7U400.COM\Music\event\app\Controllers\Siswa.php(119): view('siswa/editsiswa', Array)
#5 C:\Users\7U400.COM\Music\event\system\CodeIgniter.php(832): App\Controllers\Siswa->edit('4')
#6 C:\Users\7U400.COM\Music\event\system\CodeIgniter.php(419): CodeIgniter\CodeIgniter->runController(Object(App\Controllers\Siswa))
#7 C:\Users\7U400.COM\Music\event\system\CodeIgniter.php(326): CodeIgniter\CodeIgniter->handleRequest(NULL, Object(Config\Cache), false)
#8 C:\Users\7U400.COM\Music\event\public\index.php(37): CodeIgniter\CodeIgniter->run()
#9 C:\Users\7U400.COM\Music\event\system\Commands\Server\rewrite.php(43): require_once('C:\\Users\\7U400....')
#10 {main}
CRITICAL - 2025-08-07 13:04:09 --> Uncaught ErrorException: file_get_contents(C:\Users\7U400.COM\Music\event\app\Views\errors\html\debug.js): Failed to open stream: No such file or directory in C:\Users\7U400.COM\Music\event\app\Views\errors\html\error_exception.php:19
Stack trace:
#0 [internal function]: CodeIgniter\Debug\Exceptions->errorHandler(2, 'file_get_conten...', 'C:\\Users\\7U400....', 19)
#1 C:\Users\7U400.COM\Music\event\app\Views\errors\html\error_exception.php(19): file_get_contents('C:\\Users\\7U400....')
#2 C:\Users\7U400.COM\Music\event\system\Debug\Exceptions.php(234): include('C:\\Users\\7U400....')
#3 C:\Users\7U400.COM\Music\event\system\Debug\Exceptions.php(237): CodeIgniter\Debug\Exceptions->CodeIgniter\Debug\{closure}()
#4 C:\Users\7U400.COM\Music\event\system\Debug\Exceptions.php(121): CodeIgniter\Debug\Exceptions->render(Object(ErrorException), 500)
#5 [internal function]: CodeIgniter\Debug\Exceptions->exceptionHandler(Object(ErrorException))
#6 {main}
  thrown
#0 [internal function]: CodeIgniter\Debug\Exceptions->shutdownHandler()
#1 {main}
CRITICAL - 2025-08-07 13:04:22 --> Undefined variable $kelas
#0 C:\Users\7U400.COM\Music\event\app\Views\siswa\editsiswa.php(52): CodeIgniter\Debug\Exceptions->errorHandler(2, 'Undefined varia...', 'C:\\Users\\7U400....', 52)
#1 C:\Users\7U400.COM\Music\event\system\View\View.php(210): include('C:\\Users\\7U400....')
#2 C:\Users\7U400.COM\Music\event\system\View\View.php(213): CodeIgniter\View\View->CodeIgniter\View\{closure}()
#3 C:\Users\7U400.COM\Music\event\system\Common.php(1089): CodeIgniter\View\View->render('siswa/editsiswa', Array, true)
#4 C:\Users\7U400.COM\Music\event\app\Controllers\Siswa.php(119): view('siswa/editsiswa', Array)
#5 C:\Users\7U400.COM\Music\event\system\CodeIgniter.php(832): App\Controllers\Siswa->edit('4')
#6 C:\Users\7U400.COM\Music\event\system\CodeIgniter.php(419): CodeIgniter\CodeIgniter->runController(Object(App\Controllers\Siswa))
#7 C:\Users\7U400.COM\Music\event\system\CodeIgniter.php(326): CodeIgniter\CodeIgniter->handleRequest(NULL, Object(Config\Cache), false)
#8 C:\Users\7U400.COM\Music\event\public\index.php(37): CodeIgniter\CodeIgniter->run()
#9 C:\Users\7U400.COM\Music\event\system\Commands\Server\rewrite.php(43): require_once('C:\\Users\\7U400....')
#10 {main}
CRITICAL - 2025-08-07 13:04:22 --> Uncaught ErrorException: file_get_contents(C:\Users\7U400.COM\Music\event\app\Views\errors\html\debug.js): Failed to open stream: No such file or directory in C:\Users\7U400.COM\Music\event\app\Views\errors\html\error_exception.php:19
Stack trace:
#0 [internal function]: CodeIgniter\Debug\Exceptions->errorHandler(2, 'file_get_conten...', 'C:\\Users\\7U400....', 19)
#1 C:\Users\7U400.COM\Music\event\app\Views\errors\html\error_exception.php(19): file_get_contents('C:\\Users\\7U400....')
#2 C:\Users\7U400.COM\Music\event\system\Debug\Exceptions.php(234): include('C:\\Users\\7U400....')
#3 C:\Users\7U400.COM\Music\event\system\Debug\Exceptions.php(237): CodeIgniter\Debug\Exceptions->CodeIgniter\Debug\{closure}()
#4 C:\Users\7U400.COM\Music\event\system\Debug\Exceptions.php(121): CodeIgniter\Debug\Exceptions->render(Object(ErrorException), 500)
#5 [internal function]: CodeIgniter\Debug\Exceptions->exceptionHandler(Object(ErrorException))
#6 {main}
  thrown
#0 [internal function]: CodeIgniter\Debug\Exceptions->shutdownHandler()
#1 {main}
CRITICAL - 2025-08-07 13:08:28 --> Undefined variable $siswa
#0 C:\Users\7U400.COM\Music\event\app\Views\siswa\editsiswa.php(1): CodeIgniter\Debug\Exceptions->errorHandler(2, 'Undefined varia...', 'C:\\Users\\7U400....', 1)
#1 C:\Users\7U400.COM\Music\event\system\View\View.php(210): include('C:\\Users\\7U400....')
#2 C:\Users\7U400.COM\Music\event\system\View\View.php(213): CodeIgniter\View\View->CodeIgniter\View\{closure}()
#3 C:\Users\7U400.COM\Music\event\system\Common.php(1089): CodeIgniter\View\View->render('siswa/editsiswa', Array, true)
#4 C:\Users\7U400.COM\Music\event\app\Controllers\Siswa.php(120): view('siswa/editsiswa', Array)
#5 C:\Users\7U400.COM\Music\event\system\CodeIgniter.php(832): App\Controllers\Siswa->edit('4')
#6 C:\Users\7U400.COM\Music\event\system\CodeIgniter.php(419): CodeIgniter\CodeIgniter->runController(Object(App\Controllers\Siswa))
#7 C:\Users\7U400.COM\Music\event\system\CodeIgniter.php(326): CodeIgniter\CodeIgniter->handleRequest(NULL, Object(Config\Cache), false)
#8 C:\Users\7U400.COM\Music\event\public\index.php(37): CodeIgniter\CodeIgniter->run()
#9 C:\Users\7U400.COM\Music\event\system\Commands\Server\rewrite.php(43): require_once('C:\\Users\\7U400....')
#10 {main}
CRITICAL - 2025-08-07 13:08:28 --> Uncaught ErrorException: file_get_contents(C:\Users\7U400.COM\Music\event\app\Views\errors\html\debug.js): Failed to open stream: No such file or directory in C:\Users\7U400.COM\Music\event\app\Views\errors\html\error_exception.php:19
Stack trace:
#0 [internal function]: CodeIgniter\Debug\Exceptions->errorHandler(2, 'file_get_conten...', 'C:\\Users\\7U400....', 19)
#1 C:\Users\7U400.COM\Music\event\app\Views\errors\html\error_exception.php(19): file_get_contents('C:\\Users\\7U400....')
#2 C:\Users\7U400.COM\Music\event\system\Debug\Exceptions.php(234): include('C:\\Users\\7U400....')
#3 C:\Users\7U400.COM\Music\event\system\Debug\Exceptions.php(237): CodeIgniter\Debug\Exceptions->CodeIgniter\Debug\{closure}()
#4 C:\Users\7U400.COM\Music\event\system\Debug\Exceptions.php(121): CodeIgniter\Debug\Exceptions->render(Object(ErrorException), 500)
#5 [internal function]: CodeIgniter\Debug\Exceptions->exceptionHandler(Object(ErrorException))
#6 {main}
  thrown
#0 [internal function]: CodeIgniter\Debug\Exceptions->shutdownHandler()
#1 {main}
ERROR - 2025-08-07 13:10:57 --> Unknown column 'id_sekolah' in 'field list'
ERROR - 2025-08-07 13:11:15 --> Unknown column 'id_sekolah' in 'field list'
CRITICAL - 2025-08-07 13:15:10 --> Undefined array key "kelas"
#0 C:\Users\7U400.COM\Music\event\app\Controllers\Token.php(249): CodeIgniter\Debug\Exceptions->errorHandler(2, 'Undefined array...', 'C:\\Users\\7U400....', 249)
#1 C:\Users\7U400.COM\Music\event\system\CodeIgniter.php(832): App\Controllers\Token->cek()
#2 C:\Users\7U400.COM\Music\event\system\CodeIgniter.php(419): CodeIgniter\CodeIgniter->runController(Object(App\Controllers\Token))
#3 C:\Users\7U400.COM\Music\event\system\CodeIgniter.php(326): CodeIgniter\CodeIgniter->handleRequest(NULL, Object(Config\Cache), false)
#4 C:\Users\7U400.COM\Music\event\public\index.php(37): CodeIgniter\CodeIgniter->run()
#5 C:\Users\7U400.COM\Music\event\system\Commands\Server\rewrite.php(43): require_once('C:\\Users\\7U400....')
#6 {main}
CRITICAL - 2025-08-07 13:15:10 --> Uncaught ErrorException: file_get_contents(C:\Users\7U400.COM\Music\event\app\Views\errors\html\debug.js): Failed to open stream: No such file or directory in C:\Users\7U400.COM\Music\event\app\Views\errors\html\error_exception.php:19
Stack trace:
#0 [internal function]: CodeIgniter\Debug\Exceptions->errorHandler(2, 'file_get_conten...', 'C:\\Users\\7U400....', 19)
#1 C:\Users\7U400.COM\Music\event\app\Views\errors\html\error_exception.php(19): file_get_contents('C:\\Users\\7U400....')
#2 C:\Users\7U400.COM\Music\event\system\Debug\Exceptions.php(234): include('C:\\Users\\7U400....')
#3 C:\Users\7U400.COM\Music\event\system\Debug\Exceptions.php(237): CodeIgniter\Debug\Exceptions->CodeIgniter\Debug\{closure}()
#4 C:\Users\7U400.COM\Music\event\system\Debug\Exceptions.php(121): CodeIgniter\Debug\Exceptions->render(Object(ErrorException), 500)
#5 [internal function]: CodeIgniter\Debug\Exceptions->exceptionHandler(Object(ErrorException))
#6 {main}
  thrown
#0 [internal function]: CodeIgniter\Debug\Exceptions->shutdownHandler()
#1 {main}
ERROR - 2025-08-07 13:16:04 --> Column 'waktu_mulai' cannot be null
ERROR - 2025-08-07 13:16:08 --> Column 'waktu_mulai' cannot be null
CRITICAL - 2025-08-07 13:17:50 --> Invalid file: welcome/index.php
#0 C:\Users\7U400.COM\Music\event\system\View\View.php(198): CodeIgniter\Exceptions\FrameworkException::forInvalidFile('welcome/index.p...')
#1 C:\Users\7U400.COM\Music\event\system\Common.php(1089): CodeIgniter\View\View->render('welcome/index', Array, true)
#2 C:\Users\7U400.COM\Music\event\app\Controllers\Welcome.php(17): view('welcome/index')
#3 C:\Users\7U400.COM\Music\event\system\CodeIgniter.php(832): App\Controllers\Welcome->index()
#4 C:\Users\7U400.COM\Music\event\system\CodeIgniter.php(419): CodeIgniter\CodeIgniter->runController(Object(App\Controllers\Welcome))
#5 C:\Users\7U400.COM\Music\event\system\CodeIgniter.php(326): CodeIgniter\CodeIgniter->handleRequest(NULL, Object(Config\Cache), false)
#6 C:\Users\7U400.COM\Music\event\public\index.php(37): CodeIgniter\CodeIgniter->run()
#7 C:\Users\7U400.COM\Music\event\system\Commands\Server\rewrite.php(43): require_once('C:\\Users\\7U400....')
#8 {main}
CRITICAL - 2025-08-07 13:17:50 --> Uncaught ErrorException: file_get_contents(C:\Users\7U400.COM\Music\event\app\Views\errors\html\debug.js): Failed to open stream: No such file or directory in C:\Users\7U400.COM\Music\event\app\Views\errors\html\error_exception.php:19
Stack trace:
#0 [internal function]: CodeIgniter\Debug\Exceptions->errorHandler(2, 'file_get_conten...', 'C:\\Users\\7U400....', 19)
#1 C:\Users\7U400.COM\Music\event\app\Views\errors\html\error_exception.php(19): file_get_contents('C:\\Users\\7U400....')
#2 C:\Users\7U400.COM\Music\event\system\Debug\Exceptions.php(234): include('C:\\Users\\7U400....')
#3 C:\Users\7U400.COM\Music\event\system\Debug\Exceptions.php(237): CodeIgniter\Debug\Exceptions->CodeIgniter\Debug\{closure}()
#4 C:\Users\7U400.COM\Music\event\system\Debug\Exceptions.php(121): CodeIgniter\Debug\Exceptions->render(Object(CodeIgniter\View\Exceptions\ViewException), 500)
#5 [internal function]: CodeIgniter\Debug\Exceptions->exceptionHandler(Object(CodeIgniter\View\Exceptions\ViewException))
#6 {main}
  thrown
#0 [internal function]: CodeIgniter\Debug\Exceptions->shutdownHandler()
#1 {main}
CRITICAL - 2025-08-07 13:23:28 --> Undefined array key 0
#0 C:\Users\7U400.COM\Music\event\app\Views\ujian\ujian.php(218): CodeIgniter\Debug\Exceptions->errorHandler(2, 'Undefined array...', 'C:\\Users\\7U400....', 218)
#1 C:\Users\7U400.COM\Music\event\system\View\View.php(210): include('C:\\Users\\7U400....')
#2 C:\Users\7U400.COM\Music\event\system\View\View.php(213): CodeIgniter\View\View->CodeIgniter\View\{closure}()
#3 C:\Users\7U400.COM\Music\event\system\Common.php(1089): CodeIgniter\View\View->render('ujian/ujian', Array, true)
#4 C:\Users\7U400.COM\Music\event\app\Controllers\Ujian.php(24): view('ujian/ujian', Array)
#5 C:\Users\7U400.COM\Music\event\system\CodeIgniter.php(832): App\Controllers\Ujian->index()
#6 C:\Users\7U400.COM\Music\event\system\CodeIgniter.php(419): CodeIgniter\CodeIgniter->runController(Object(App\Controllers\Ujian))
#7 C:\Users\7U400.COM\Music\event\system\CodeIgniter.php(326): CodeIgniter\CodeIgniter->handleRequest(NULL, Object(Config\Cache), false)
#8 C:\Users\7U400.COM\Music\event\public\index.php(37): CodeIgniter\CodeIgniter->run()
#9 C:\Users\7U400.COM\Music\event\system\Commands\Server\rewrite.php(43): require_once('C:\\Users\\7U400....')
#10 {main}
CRITICAL - 2025-08-07 13:23:28 --> Uncaught ErrorException: file_get_contents(C:\Users\7U400.COM\Music\event\app\Views\errors\html\debug.js): Failed to open stream: No such file or directory in C:\Users\7U400.COM\Music\event\app\Views\errors\html\error_exception.php:19
Stack trace:
#0 [internal function]: CodeIgniter\Debug\Exceptions->errorHandler(2, 'file_get_conten...', 'C:\\Users\\7U400....', 19)
#1 C:\Users\7U400.COM\Music\event\app\Views\errors\html\error_exception.php(19): file_get_contents('C:\\Users\\7U400....')
#2 C:\Users\7U400.COM\Music\event\system\Debug\Exceptions.php(234): include('C:\\Users\\7U400....')
#3 C:\Users\7U400.COM\Music\event\system\Debug\Exceptions.php(237): CodeIgniter\Debug\Exceptions->CodeIgniter\Debug\{closure}()
#4 C:\Users\7U400.COM\Music\event\system\Debug\Exceptions.php(121): CodeIgniter\Debug\Exceptions->render(Object(ErrorException), 500)
#5 [internal function]: CodeIgniter\Debug\Exceptions->exceptionHandler(Object(ErrorException))
#6 {main}
  thrown
#0 [internal function]: CodeIgniter\Debug\Exceptions->shutdownHandler()
#1 {main}
CRITICAL - 2025-08-07 13:23:30 --> Undefined array key 0
#0 C:\Users\7U400.COM\Music\event\app\Views\ujian\ujian.php(218): CodeIgniter\Debug\Exceptions->errorHandler(2, 'Undefined array...', 'C:\\Users\\7U400....', 218)
#1 C:\Users\7U400.COM\Music\event\system\View\View.php(210): include('C:\\Users\\7U400....')
#2 C:\Users\7U400.COM\Music\event\system\View\View.php(213): CodeIgniter\View\View->CodeIgniter\View\{closure}()
#3 C:\Users\7U400.COM\Music\event\system\Common.php(1089): CodeIgniter\View\View->render('ujian/ujian', Array, true)
#4 C:\Users\7U400.COM\Music\event\app\Controllers\Ujian.php(24): view('ujian/ujian', Array)
#5 C:\Users\7U400.COM\Music\event\system\CodeIgniter.php(832): App\Controllers\Ujian->index()
#6 C:\Users\7U400.COM\Music\event\system\CodeIgniter.php(419): CodeIgniter\CodeIgniter->runController(Object(App\Controllers\Ujian))
#7 C:\Users\7U400.COM\Music\event\system\CodeIgniter.php(326): CodeIgniter\CodeIgniter->handleRequest(NULL, Object(Config\Cache), false)
#8 C:\Users\7U400.COM\Music\event\public\index.php(37): CodeIgniter\CodeIgniter->run()
#9 C:\Users\7U400.COM\Music\event\system\Commands\Server\rewrite.php(43): require_once('C:\\Users\\7U400....')
#10 {main}
CRITICAL - 2025-08-07 13:23:30 --> Uncaught ErrorException: file_get_contents(C:\Users\7U400.COM\Music\event\app\Views\errors\html\debug.js): Failed to open stream: No such file or directory in C:\Users\7U400.COM\Music\event\app\Views\errors\html\error_exception.php:19
Stack trace:
#0 [internal function]: CodeIgniter\Debug\Exceptions->errorHandler(2, 'file_get_conten...', 'C:\\Users\\7U400....', 19)
#1 C:\Users\7U400.COM\Music\event\app\Views\errors\html\error_exception.php(19): file_get_contents('C:\\Users\\7U400....')
#2 C:\Users\7U400.COM\Music\event\system\Debug\Exceptions.php(234): include('C:\\Users\\7U400....')
#3 C:\Users\7U400.COM\Music\event\system\Debug\Exceptions.php(237): CodeIgniter\Debug\Exceptions->CodeIgniter\Debug\{closure}()
#4 C:\Users\7U400.COM\Music\event\system\Debug\Exceptions.php(121): CodeIgniter\Debug\Exceptions->render(Object(ErrorException), 500)
#5 [internal function]: CodeIgniter\Debug\Exceptions->exceptionHandler(Object(ErrorException))
#6 {main}
  thrown
#0 [internal function]: CodeIgniter\Debug\Exceptions->shutdownHandler()
#1 {main}
CRITICAL - 2025-08-07 13:23:57 --> Undefined array key 0
#0 C:\Users\7U400.COM\Music\event\app\Views\ujian\ujian.php(218): CodeIgniter\Debug\Exceptions->errorHandler(2, 'Undefined array...', 'C:\\Users\\7U400....', 218)
#1 C:\Users\7U400.COM\Music\event\system\View\View.php(210): include('C:\\Users\\7U400....')
#2 C:\Users\7U400.COM\Music\event\system\View\View.php(213): CodeIgniter\View\View->CodeIgniter\View\{closure}()
#3 C:\Users\7U400.COM\Music\event\system\Common.php(1089): CodeIgniter\View\View->render('ujian/ujian', Array, true)
#4 C:\Users\7U400.COM\Music\event\app\Controllers\Ujian.php(24): view('ujian/ujian', Array)
#5 C:\Users\7U400.COM\Music\event\system\CodeIgniter.php(832): App\Controllers\Ujian->index()
#6 C:\Users\7U400.COM\Music\event\system\CodeIgniter.php(419): CodeIgniter\CodeIgniter->runController(Object(App\Controllers\Ujian))
#7 C:\Users\7U400.COM\Music\event\system\CodeIgniter.php(326): CodeIgniter\CodeIgniter->handleRequest(NULL, Object(Config\Cache), false)
#8 C:\Users\7U400.COM\Music\event\public\index.php(37): CodeIgniter\CodeIgniter->run()
#9 C:\Users\7U400.COM\Music\event\system\Commands\Server\rewrite.php(43): require_once('C:\\Users\\7U400....')
#10 {main}
CRITICAL - 2025-08-07 13:23:57 --> Uncaught ErrorException: file_get_contents(C:\Users\7U400.COM\Music\event\app\Views\errors\html\debug.js): Failed to open stream: No such file or directory in C:\Users\7U400.COM\Music\event\app\Views\errors\html\error_exception.php:19
Stack trace:
#0 [internal function]: CodeIgniter\Debug\Exceptions->errorHandler(2, 'file_get_conten...', 'C:\\Users\\7U400....', 19)
#1 C:\Users\7U400.COM\Music\event\app\Views\errors\html\error_exception.php(19): file_get_contents('C:\\Users\\7U400....')
#2 C:\Users\7U400.COM\Music\event\system\Debug\Exceptions.php(234): include('C:\\Users\\7U400....')
#3 C:\Users\7U400.COM\Music\event\system\Debug\Exceptions.php(237): CodeIgniter\Debug\Exceptions->CodeIgniter\Debug\{closure}()
#4 C:\Users\7U400.COM\Music\event\system\Debug\Exceptions.php(121): CodeIgniter\Debug\Exceptions->render(Object(ErrorException), 500)
#5 [internal function]: CodeIgniter\Debug\Exceptions->exceptionHandler(Object(ErrorException))
#6 {main}
  thrown
#0 [internal function]: CodeIgniter\Debug\Exceptions->shutdownHandler()
#1 {main}
