ERROR - 2025-08-12 14:20:02 --> Column 'id_sesi' cannot be null
CRITICAL - 2025-08-12 14:24:27 --> file_get_contents(): php_network_getaddresses: getaddrinfo for www.google.com failed: No such host is known. 
#0 [internal function]: CodeIgniter\Debug\Exceptions->errorHandler(2, 'file_get_conten...', 'C:\\Users\\7U400....', 33)
#1 C:\Users\7U400.COM\Music\event\app\Controllers\Login.php(33): file_get_contents('https://www.goo...')
#2 C:\Users\7U400.COM\Music\event\system\CodeIgniter.php(832): App\Controllers\Login->aksi_login()
#3 C:\Users\7U400.COM\Music\event\system\CodeIgniter.php(419): CodeIgniter\CodeIgniter->runController(Object(App\Controllers\Login))
#4 C:\Users\7U400.COM\Music\event\system\CodeIgniter.php(326): CodeIgniter\CodeIgniter->handleRequest(NULL, Object(Config\Cache), false)
#5 C:\Users\7U400.COM\Music\event\public\index.php(37): CodeIgniter\CodeIgniter->run()
#6 C:\Users\7U400.COM\Music\event\system\Commands\Server\rewrite.php(43): require_once('C:\\Users\\7U400....')
#7 {main}
CRITICAL - 2025-08-12 14:24:27 --> Uncaught ErrorException: file_get_contents(C:\Users\7U400.COM\Music\event\app\Views\errors\html\debug.js): Failed to open stream: No such file or directory in C:\Users\7U400.COM\Music\event\app\Views\errors\html\error_exception.php:19
Stack trace:
#0 [internal function]: CodeIgniter\Debug\Exceptions->errorHandler(2, 'file_get_conten...', 'C:\\Users\\7U400....', 19)
#1 C:\Users\7U400.COM\Music\event\app\Views\errors\html\error_exception.php(19): file_get_contents('C:\\Users\\7U400....')
#2 C:\Users\7U400.COM\Music\event\system\Debug\Exceptions.php(234): include('C:\\Users\\7U400....')
#3 C:\Users\7U400.COM\Music\event\system\Debug\Exceptions.php(237): CodeIgniter\Debug\Exceptions->CodeIgniter\Debug\{closure}()
#4 C:\Users\7U400.COM\Music\event\system\Debug\Exceptions.php(121): CodeIgniter\Debug\Exceptions->render(Object(ErrorException), 500)
#5 [internal function]: CodeIgniter\Debug\Exceptions->exceptionHandler(Object(ErrorException))
#6 {main}
  thrown
#0 [internal function]: CodeIgniter\Debug\Exceptions->shutdownHandler()
#1 {main}
CRITICAL - 2025-08-12 14:24:45 --> file_get_contents(): php_network_getaddresses: getaddrinfo for www.google.com failed: No such host is known. 
#0 [internal function]: CodeIgniter\Debug\Exceptions->errorHandler(2, 'file_get_conten...', 'C:\\Users\\7U400....', 33)
#1 C:\Users\7U400.COM\Music\event\app\Controllers\Login.php(33): file_get_contents('https://www.goo...')
#2 C:\Users\7U400.COM\Music\event\system\CodeIgniter.php(832): App\Controllers\Login->aksi_login()
#3 C:\Users\7U400.COM\Music\event\system\CodeIgniter.php(419): CodeIgniter\CodeIgniter->runController(Object(App\Controllers\Login))
#4 C:\Users\7U400.COM\Music\event\system\CodeIgniter.php(326): CodeIgniter\CodeIgniter->handleRequest(NULL, Object(Config\Cache), false)
#5 C:\Users\7U400.COM\Music\event\public\index.php(37): CodeIgniter\CodeIgniter->run()
#6 C:\Users\7U400.COM\Music\event\system\Commands\Server\rewrite.php(43): require_once('C:\\Users\\7U400....')
#7 {main}
CRITICAL - 2025-08-12 14:24:45 --> Uncaught ErrorException: file_get_contents(C:\Users\7U400.COM\Music\event\app\Views\errors\html\debug.js): Failed to open stream: No such file or directory in C:\Users\7U400.COM\Music\event\app\Views\errors\html\error_exception.php:19
Stack trace:
#0 [internal function]: CodeIgniter\Debug\Exceptions->errorHandler(2, 'file_get_conten...', 'C:\\Users\\7U400....', 19)
#1 C:\Users\7U400.COM\Music\event\app\Views\errors\html\error_exception.php(19): file_get_contents('C:\\Users\\7U400....')
#2 C:\Users\7U400.COM\Music\event\system\Debug\Exceptions.php(234): include('C:\\Users\\7U400....')
#3 C:\Users\7U400.COM\Music\event\system\Debug\Exceptions.php(237): CodeIgniter\Debug\Exceptions->CodeIgniter\Debug\{closure}()
#4 C:\Users\7U400.COM\Music\event\system\Debug\Exceptions.php(121): CodeIgniter\Debug\Exceptions->render(Object(ErrorException), 500)
#5 [internal function]: CodeIgniter\Debug\Exceptions->exceptionHandler(Object(ErrorException))
#6 {main}
  thrown
#0 [internal function]: CodeIgniter\Debug\Exceptions->shutdownHandler()
#1 {main}
CRITICAL - 2025-08-12 14:24:56 --> file_get_contents(): php_network_getaddresses: getaddrinfo for www.google.com failed: No such host is known. 
#0 [internal function]: CodeIgniter\Debug\Exceptions->errorHandler(2, 'file_get_conten...', 'C:\\Users\\7U400....', 33)
#1 C:\Users\7U400.COM\Music\event\app\Controllers\Login.php(33): file_get_contents('https://www.goo...')
#2 C:\Users\7U400.COM\Music\event\system\CodeIgniter.php(832): App\Controllers\Login->aksi_login()
#3 C:\Users\7U400.COM\Music\event\system\CodeIgniter.php(419): CodeIgniter\CodeIgniter->runController(Object(App\Controllers\Login))
#4 C:\Users\7U400.COM\Music\event\system\CodeIgniter.php(326): CodeIgniter\CodeIgniter->handleRequest(NULL, Object(Config\Cache), false)
#5 C:\Users\7U400.COM\Music\event\public\index.php(37): CodeIgniter\CodeIgniter->run()
#6 C:\Users\7U400.COM\Music\event\system\Commands\Server\rewrite.php(43): require_once('C:\\Users\\7U400....')
#7 {main}
CRITICAL - 2025-08-12 14:24:56 --> Uncaught ErrorException: file_get_contents(C:\Users\7U400.COM\Music\event\app\Views\errors\html\debug.js): Failed to open stream: No such file or directory in C:\Users\7U400.COM\Music\event\app\Views\errors\html\error_exception.php:19
Stack trace:
#0 [internal function]: CodeIgniter\Debug\Exceptions->errorHandler(2, 'file_get_conten...', 'C:\\Users\\7U400....', 19)
#1 C:\Users\7U400.COM\Music\event\app\Views\errors\html\error_exception.php(19): file_get_contents('C:\\Users\\7U400....')
#2 C:\Users\7U400.COM\Music\event\system\Debug\Exceptions.php(234): include('C:\\Users\\7U400....')
#3 C:\Users\7U400.COM\Music\event\system\Debug\Exceptions.php(237): CodeIgniter\Debug\Exceptions->CodeIgniter\Debug\{closure}()
#4 C:\Users\7U400.COM\Music\event\system\Debug\Exceptions.php(121): CodeIgniter\Debug\Exceptions->render(Object(ErrorException), 500)
#5 [internal function]: CodeIgniter\Debug\Exceptions->exceptionHandler(Object(ErrorException))
#6 {main}
  thrown
#0 [internal function]: CodeIgniter\Debug\Exceptions->shutdownHandler()
#1 {main}
CRITICAL - 2025-08-12 14:25:18 --> file_get_contents(): php_network_getaddresses: getaddrinfo for www.google.com failed: No such host is known. 
#0 [internal function]: CodeIgniter\Debug\Exceptions->errorHandler(2, 'file_get_conten...', 'C:\\Users\\7U400....', 33)
#1 C:\Users\7U400.COM\Music\event\app\Controllers\Login.php(33): file_get_contents('https://www.goo...')
#2 C:\Users\7U400.COM\Music\event\system\CodeIgniter.php(832): App\Controllers\Login->aksi_login()
#3 C:\Users\7U400.COM\Music\event\system\CodeIgniter.php(419): CodeIgniter\CodeIgniter->runController(Object(App\Controllers\Login))
#4 C:\Users\7U400.COM\Music\event\system\CodeIgniter.php(326): CodeIgniter\CodeIgniter->handleRequest(NULL, Object(Config\Cache), false)
#5 C:\Users\7U400.COM\Music\event\public\index.php(37): CodeIgniter\CodeIgniter->run()
#6 C:\Users\7U400.COM\Music\event\system\Commands\Server\rewrite.php(43): require_once('C:\\Users\\7U400....')
#7 {main}
CRITICAL - 2025-08-12 14:25:18 --> Uncaught ErrorException: file_get_contents(C:\Users\7U400.COM\Music\event\app\Views\errors\html\debug.js): Failed to open stream: No such file or directory in C:\Users\7U400.COM\Music\event\app\Views\errors\html\error_exception.php:19
Stack trace:
#0 [internal function]: CodeIgniter\Debug\Exceptions->errorHandler(2, 'file_get_conten...', 'C:\\Users\\7U400....', 19)
#1 C:\Users\7U400.COM\Music\event\app\Views\errors\html\error_exception.php(19): file_get_contents('C:\\Users\\7U400....')
#2 C:\Users\7U400.COM\Music\event\system\Debug\Exceptions.php(234): include('C:\\Users\\7U400....')
#3 C:\Users\7U400.COM\Music\event\system\Debug\Exceptions.php(237): CodeIgniter\Debug\Exceptions->CodeIgniter\Debug\{closure}()
#4 C:\Users\7U400.COM\Music\event\system\Debug\Exceptions.php(121): CodeIgniter\Debug\Exceptions->render(Object(ErrorException), 500)
#5 [internal function]: CodeIgniter\Debug\Exceptions->exceptionHandler(Object(ErrorException))
#6 {main}
  thrown
#0 [internal function]: CodeIgniter\Debug\Exceptions->shutdownHandler()
#1 {main}
CRITICAL - 2025-08-12 14:25:39 --> file_get_contents(): php_network_getaddresses: getaddrinfo for www.google.com failed: No such host is known. 
#0 [internal function]: CodeIgniter\Debug\Exceptions->errorHandler(2, 'file_get_conten...', 'C:\\Users\\7U400....', 33)
#1 C:\Users\7U400.COM\Music\event\app\Controllers\Login.php(33): file_get_contents('https://www.goo...')
#2 C:\Users\7U400.COM\Music\event\system\CodeIgniter.php(832): App\Controllers\Login->aksi_login()
#3 C:\Users\7U400.COM\Music\event\system\CodeIgniter.php(419): CodeIgniter\CodeIgniter->runController(Object(App\Controllers\Login))
#4 C:\Users\7U400.COM\Music\event\system\CodeIgniter.php(326): CodeIgniter\CodeIgniter->handleRequest(NULL, Object(Config\Cache), false)
#5 C:\Users\7U400.COM\Music\event\public\index.php(37): CodeIgniter\CodeIgniter->run()
#6 C:\Users\7U400.COM\Music\event\system\Commands\Server\rewrite.php(43): require_once('C:\\Users\\7U400....')
#7 {main}
CRITICAL - 2025-08-12 14:25:39 --> Uncaught ErrorException: file_get_contents(C:\Users\7U400.COM\Music\event\app\Views\errors\html\debug.js): Failed to open stream: No such file or directory in C:\Users\7U400.COM\Music\event\app\Views\errors\html\error_exception.php:19
Stack trace:
#0 [internal function]: CodeIgniter\Debug\Exceptions->errorHandler(2, 'file_get_conten...', 'C:\\Users\\7U400....', 19)
#1 C:\Users\7U400.COM\Music\event\app\Views\errors\html\error_exception.php(19): file_get_contents('C:\\Users\\7U400....')
#2 C:\Users\7U400.COM\Music\event\system\Debug\Exceptions.php(234): include('C:\\Users\\7U400....')
#3 C:\Users\7U400.COM\Music\event\system\Debug\Exceptions.php(237): CodeIgniter\Debug\Exceptions->CodeIgniter\Debug\{closure}()
#4 C:\Users\7U400.COM\Music\event\system\Debug\Exceptions.php(121): CodeIgniter\Debug\Exceptions->render(Object(ErrorException), 500)
#5 [internal function]: CodeIgniter\Debug\Exceptions->exceptionHandler(Object(ErrorException))
#6 {main}
  thrown
#0 [internal function]: CodeIgniter\Debug\Exceptions->shutdownHandler()
#1 {main}
CRITICAL - 2025-08-12 14:40:13 --> Undefined array key "boleh_pilih"
#0 C:\Users\7U400.COM\Music\event\app\Controllers\Ujian.php(28): CodeIgniter\Debug\Exceptions->errorHandler(2, 'Undefined array...', 'C:\\Users\\7U400....', 28)
#1 C:\Users\7U400.COM\Music\event\system\CodeIgniter.php(832): App\Controllers\Ujian->index()
#2 C:\Users\7U400.COM\Music\event\system\CodeIgniter.php(419): CodeIgniter\CodeIgniter->runController(Object(App\Controllers\Ujian))
#3 C:\Users\7U400.COM\Music\event\system\CodeIgniter.php(326): CodeIgniter\CodeIgniter->handleRequest(NULL, Object(Config\Cache), false)
#4 C:\Users\7U400.COM\Music\event\public\index.php(37): CodeIgniter\CodeIgniter->run()
#5 C:\Users\7U400.COM\Music\event\system\Commands\Server\rewrite.php(43): require_once('C:\\Users\\7U400....')
#6 {main}
CRITICAL - 2025-08-12 14:40:13 --> Uncaught ErrorException: file_get_contents(C:\Users\7U400.COM\Music\event\app\Views\errors\html\debug.js): Failed to open stream: No such file or directory in C:\Users\7U400.COM\Music\event\app\Views\errors\html\error_exception.php:19
Stack trace:
#0 [internal function]: CodeIgniter\Debug\Exceptions->errorHandler(2, 'file_get_conten...', 'C:\\Users\\7U400....', 19)
#1 C:\Users\7U400.COM\Music\event\app\Views\errors\html\error_exception.php(19): file_get_contents('C:\\Users\\7U400....')
#2 C:\Users\7U400.COM\Music\event\system\Debug\Exceptions.php(234): include('C:\\Users\\7U400....')
#3 C:\Users\7U400.COM\Music\event\system\Debug\Exceptions.php(237): CodeIgniter\Debug\Exceptions->CodeIgniter\Debug\{closure}()
#4 C:\Users\7U400.COM\Music\event\system\Debug\Exceptions.php(121): CodeIgniter\Debug\Exceptions->render(Object(ErrorException), 500)
#5 [internal function]: CodeIgniter\Debug\Exceptions->exceptionHandler(Object(ErrorException))
#6 {main}
  thrown
#0 [internal function]: CodeIgniter\Debug\Exceptions->shutdownHandler()
#1 {main}
ERROR - 2025-08-12 14:46:46 --> Cannot add or update a child row: a foreign key constraint fails (`olimpiade`.`jawaban`, CONSTRAINT `jawaban_ibfk_1` FOREIGN KEY (`id_sesi`) REFERENCES `sesi_ujian` (`id_sesi`) ON DELETE CASCADE)
ERROR - 2025-08-12 14:46:48 --> Cannot add or update a child row: a foreign key constraint fails (`olimpiade`.`jawaban`, CONSTRAINT `jawaban_ibfk_1` FOREIGN KEY (`id_sesi`) REFERENCES `sesi_ujian` (`id_sesi`) ON DELETE CASCADE)
ERROR - 2025-08-12 14:46:48 --> Cannot add or update a child row: a foreign key constraint fails (`olimpiade`.`jawaban`, CONSTRAINT `jawaban_ibfk_1` FOREIGN KEY (`id_sesi`) REFERENCES `sesi_ujian` (`id_sesi`) ON DELETE CASCADE)
ERROR - 2025-08-12 14:46:49 --> Cannot add or update a child row: a foreign key constraint fails (`olimpiade`.`jawaban`, CONSTRAINT `jawaban_ibfk_1` FOREIGN KEY (`id_sesi`) REFERENCES `sesi_ujian` (`id_sesi`) ON DELETE CASCADE)
ERROR - 2025-08-12 14:46:49 --> Cannot add or update a child row: a foreign key constraint fails (`olimpiade`.`jawaban`, CONSTRAINT `jawaban_ibfk_1` FOREIGN KEY (`id_sesi`) REFERENCES `sesi_ujian` (`id_sesi`) ON DELETE CASCADE)
ERROR - 2025-08-12 14:46:49 --> Cannot add or update a child row: a foreign key constraint fails (`olimpiade`.`jawaban`, CONSTRAINT `jawaban_ibfk_1` FOREIGN KEY (`id_sesi`) REFERENCES `sesi_ujian` (`id_sesi`) ON DELETE CASCADE)
ERROR - 2025-08-12 14:46:49 --> Cannot add or update a child row: a foreign key constraint fails (`olimpiade`.`jawaban`, CONSTRAINT `jawaban_ibfk_1` FOREIGN KEY (`id_sesi`) REFERENCES `sesi_ujian` (`id_sesi`) ON DELETE CASCADE)
ERROR - 2025-08-12 14:46:53 --> Cannot add or update a child row: a foreign key constraint fails (`olimpiade`.`jawaban`, CONSTRAINT `jawaban_ibfk_1` FOREIGN KEY (`id_sesi`) REFERENCES `sesi_ujian` (`id_sesi`) ON DELETE CASCADE)
ERROR - 2025-08-12 14:46:53 --> Cannot add or update a child row: a foreign key constraint fails (`olimpiade`.`jawaban`, CONSTRAINT `jawaban_ibfk_1` FOREIGN KEY (`id_sesi`) REFERENCES `sesi_ujian` (`id_sesi`) ON DELETE CASCADE)
ERROR - 2025-08-12 14:46:53 --> Cannot add or update a child row: a foreign key constraint fails (`olimpiade`.`jawaban`, CONSTRAINT `jawaban_ibfk_1` FOREIGN KEY (`id_sesi`) REFERENCES `sesi_ujian` (`id_sesi`) ON DELETE CASCADE)
ERROR - 2025-08-12 14:46:54 --> Cannot add or update a child row: a foreign key constraint fails (`olimpiade`.`jawaban`, CONSTRAINT `jawaban_ibfk_1` FOREIGN KEY (`id_sesi`) REFERENCES `sesi_ujian` (`id_sesi`) ON DELETE CASCADE)
ERROR - 2025-08-12 14:46:54 --> Cannot add or update a child row: a foreign key constraint fails (`olimpiade`.`jawaban`, CONSTRAINT `jawaban_ibfk_1` FOREIGN KEY (`id_sesi`) REFERENCES `sesi_ujian` (`id_sesi`) ON DELETE CASCADE)
ERROR - 2025-08-12 14:46:54 --> Cannot add or update a child row: a foreign key constraint fails (`olimpiade`.`jawaban`, CONSTRAINT `jawaban_ibfk_1` FOREIGN KEY (`id_sesi`) REFERENCES `sesi_ujian` (`id_sesi`) ON DELETE CASCADE)
ERROR - 2025-08-12 14:46:54 --> Cannot add or update a child row: a foreign key constraint fails (`olimpiade`.`jawaban`, CONSTRAINT `jawaban_ibfk_1` FOREIGN KEY (`id_sesi`) REFERENCES `sesi_ujian` (`id_sesi`) ON DELETE CASCADE)
ERROR - 2025-08-12 14:46:54 --> Cannot add or update a child row: a foreign key constraint fails (`olimpiade`.`jawaban`, CONSTRAINT `jawaban_ibfk_1` FOREIGN KEY (`id_sesi`) REFERENCES `sesi_ujian` (`id_sesi`) ON DELETE CASCADE)
ERROR - 2025-08-12 14:46:54 --> Cannot add or update a child row: a foreign key constraint fails (`olimpiade`.`jawaban`, CONSTRAINT `jawaban_ibfk_1` FOREIGN KEY (`id_sesi`) REFERENCES `sesi_ujian` (`id_sesi`) ON DELETE CASCADE)
ERROR - 2025-08-12 14:46:55 --> Cannot add or update a child row: a foreign key constraint fails (`olimpiade`.`jawaban`, CONSTRAINT `jawaban_ibfk_1` FOREIGN KEY (`id_sesi`) REFERENCES `sesi_ujian` (`id_sesi`) ON DELETE CASCADE)
ERROR - 2025-08-12 14:46:55 --> Cannot add or update a child row: a foreign key constraint fails (`olimpiade`.`jawaban`, CONSTRAINT `jawaban_ibfk_1` FOREIGN KEY (`id_sesi`) REFERENCES `sesi_ujian` (`id_sesi`) ON DELETE CASCADE)
ERROR - 2025-08-12 14:46:55 --> Cannot add or update a child row: a foreign key constraint fails (`olimpiade`.`jawaban`, CONSTRAINT `jawaban_ibfk_1` FOREIGN KEY (`id_sesi`) REFERENCES `sesi_ujian` (`id_sesi`) ON DELETE CASCADE)
ERROR - 2025-08-12 14:46:55 --> Cannot add or update a child row: a foreign key constraint fails (`olimpiade`.`jawaban`, CONSTRAINT `jawaban_ibfk_1` FOREIGN KEY (`id_sesi`) REFERENCES `sesi_ujian` (`id_sesi`) ON DELETE CASCADE)
ERROR - 2025-08-12 14:46:55 --> Cannot add or update a child row: a foreign key constraint fails (`olimpiade`.`jawaban`, CONSTRAINT `jawaban_ibfk_1` FOREIGN KEY (`id_sesi`) REFERENCES `sesi_ujian` (`id_sesi`) ON DELETE CASCADE)
ERROR - 2025-08-12 14:46:55 --> Cannot add or update a child row: a foreign key constraint fails (`olimpiade`.`jawaban`, CONSTRAINT `jawaban_ibfk_1` FOREIGN KEY (`id_sesi`) REFERENCES `sesi_ujian` (`id_sesi`) ON DELETE CASCADE)
ERROR - 2025-08-12 14:46:56 --> Cannot add or update a child row: a foreign key constraint fails (`olimpiade`.`jawaban`, CONSTRAINT `jawaban_ibfk_1` FOREIGN KEY (`id_sesi`) REFERENCES `sesi_ujian` (`id_sesi`) ON DELETE CASCADE)
ERROR - 2025-08-12 14:46:56 --> Cannot add or update a child row: a foreign key constraint fails (`olimpiade`.`jawaban`, CONSTRAINT `jawaban_ibfk_1` FOREIGN KEY (`id_sesi`) REFERENCES `sesi_ujian` (`id_sesi`) ON DELETE CASCADE)
ERROR - 2025-08-12 14:46:56 --> Cannot add or update a child row: a foreign key constraint fails (`olimpiade`.`jawaban`, CONSTRAINT `jawaban_ibfk_1` FOREIGN KEY (`id_sesi`) REFERENCES `sesi_ujian` (`id_sesi`) ON DELETE CASCADE)
ERROR - 2025-08-12 14:46:56 --> Cannot add or update a child row: a foreign key constraint fails (`olimpiade`.`jawaban`, CONSTRAINT `jawaban_ibfk_1` FOREIGN KEY (`id_sesi`) REFERENCES `sesi_ujian` (`id_sesi`) ON DELETE CASCADE)
ERROR - 2025-08-12 14:46:56 --> Cannot add or update a child row: a foreign key constraint fails (`olimpiade`.`jawaban`, CONSTRAINT `jawaban_ibfk_1` FOREIGN KEY (`id_sesi`) REFERENCES `sesi_ujian` (`id_sesi`) ON DELETE CASCADE)
ERROR - 2025-08-12 14:46:56 --> Cannot add or update a child row: a foreign key constraint fails (`olimpiade`.`jawaban`, CONSTRAINT `jawaban_ibfk_1` FOREIGN KEY (`id_sesi`) REFERENCES `sesi_ujian` (`id_sesi`) ON DELETE CASCADE)
ERROR - 2025-08-12 14:46:57 --> Cannot add or update a child row: a foreign key constraint fails (`olimpiade`.`jawaban`, CONSTRAINT `jawaban_ibfk_1` FOREIGN KEY (`id_sesi`) REFERENCES `sesi_ujian` (`id_sesi`) ON DELETE CASCADE)
ERROR - 2025-08-12 14:46:57 --> Cannot add or update a child row: a foreign key constraint fails (`olimpiade`.`jawaban`, CONSTRAINT `jawaban_ibfk_1` FOREIGN KEY (`id_sesi`) REFERENCES `sesi_ujian` (`id_sesi`) ON DELETE CASCADE)
ERROR - 2025-08-12 14:46:57 --> Cannot add or update a child row: a foreign key constraint fails (`olimpiade`.`jawaban`, CONSTRAINT `jawaban_ibfk_1` FOREIGN KEY (`id_sesi`) REFERENCES `sesi_ujian` (`id_sesi`) ON DELETE CASCADE)
ERROR - 2025-08-12 14:46:57 --> Cannot add or update a child row: a foreign key constraint fails (`olimpiade`.`jawaban`, CONSTRAINT `jawaban_ibfk_1` FOREIGN KEY (`id_sesi`) REFERENCES `sesi_ujian` (`id_sesi`) ON DELETE CASCADE)
ERROR - 2025-08-12 14:46:57 --> Cannot add or update a child row: a foreign key constraint fails (`olimpiade`.`jawaban`, CONSTRAINT `jawaban_ibfk_1` FOREIGN KEY (`id_sesi`) REFERENCES `sesi_ujian` (`id_sesi`) ON DELETE CASCADE)
ERROR - 2025-08-12 14:46:58 --> Cannot add or update a child row: a foreign key constraint fails (`olimpiade`.`jawaban`, CONSTRAINT `jawaban_ibfk_1` FOREIGN KEY (`id_sesi`) REFERENCES `sesi_ujian` (`id_sesi`) ON DELETE CASCADE)
ERROR - 2025-08-12 14:46:58 --> Cannot add or update a child row: a foreign key constraint fails (`olimpiade`.`jawaban`, CONSTRAINT `jawaban_ibfk_1` FOREIGN KEY (`id_sesi`) REFERENCES `sesi_ujian` (`id_sesi`) ON DELETE CASCADE)
ERROR - 2025-08-12 14:46:58 --> Cannot add or update a child row: a foreign key constraint fails (`olimpiade`.`jawaban`, CONSTRAINT `jawaban_ibfk_1` FOREIGN KEY (`id_sesi`) REFERENCES `sesi_ujian` (`id_sesi`) ON DELETE CASCADE)
ERROR - 2025-08-12 14:46:58 --> Cannot add or update a child row: a foreign key constraint fails (`olimpiade`.`jawaban`, CONSTRAINT `jawaban_ibfk_1` FOREIGN KEY (`id_sesi`) REFERENCES `sesi_ujian` (`id_sesi`) ON DELETE CASCADE)
ERROR - 2025-08-12 14:46:58 --> Cannot add or update a child row: a foreign key constraint fails (`olimpiade`.`jawaban`, CONSTRAINT `jawaban_ibfk_1` FOREIGN KEY (`id_sesi`) REFERENCES `sesi_ujian` (`id_sesi`) ON DELETE CASCADE)
ERROR - 2025-08-12 14:46:58 --> Cannot add or update a child row: a foreign key constraint fails (`olimpiade`.`jawaban`, CONSTRAINT `jawaban_ibfk_1` FOREIGN KEY (`id_sesi`) REFERENCES `sesi_ujian` (`id_sesi`) ON DELETE CASCADE)
ERROR - 2025-08-12 14:46:59 --> Cannot add or update a child row: a foreign key constraint fails (`olimpiade`.`jawaban`, CONSTRAINT `jawaban_ibfk_1` FOREIGN KEY (`id_sesi`) REFERENCES `sesi_ujian` (`id_sesi`) ON DELETE CASCADE)
ERROR - 2025-08-12 14:46:59 --> Cannot add or update a child row: a foreign key constraint fails (`olimpiade`.`jawaban`, CONSTRAINT `jawaban_ibfk_1` FOREIGN KEY (`id_sesi`) REFERENCES `sesi_ujian` (`id_sesi`) ON DELETE CASCADE)
ERROR - 2025-08-12 14:46:59 --> Cannot add or update a child row: a foreign key constraint fails (`olimpiade`.`jawaban`, CONSTRAINT `jawaban_ibfk_1` FOREIGN KEY (`id_sesi`) REFERENCES `sesi_ujian` (`id_sesi`) ON DELETE CASCADE)
ERROR - 2025-08-12 14:46:59 --> Cannot add or update a child row: a foreign key constraint fails (`olimpiade`.`jawaban`, CONSTRAINT `jawaban_ibfk_1` FOREIGN KEY (`id_sesi`) REFERENCES `sesi_ujian` (`id_sesi`) ON DELETE CASCADE)
ERROR - 2025-08-12 14:46:59 --> Cannot add or update a child row: a foreign key constraint fails (`olimpiade`.`jawaban`, CONSTRAINT `jawaban_ibfk_1` FOREIGN KEY (`id_sesi`) REFERENCES `sesi_ujian` (`id_sesi`) ON DELETE CASCADE)
ERROR - 2025-08-12 14:46:59 --> Cannot add or update a child row: a foreign key constraint fails (`olimpiade`.`jawaban`, CONSTRAINT `jawaban_ibfk_1` FOREIGN KEY (`id_sesi`) REFERENCES `sesi_ujian` (`id_sesi`) ON DELETE CASCADE)
ERROR - 2025-08-12 14:46:59 --> Cannot add or update a child row: a foreign key constraint fails (`olimpiade`.`jawaban`, CONSTRAINT `jawaban_ibfk_1` FOREIGN KEY (`id_sesi`) REFERENCES `sesi_ujian` (`id_sesi`) ON DELETE CASCADE)
ERROR - 2025-08-12 14:47:00 --> Cannot add or update a child row: a foreign key constraint fails (`olimpiade`.`jawaban`, CONSTRAINT `jawaban_ibfk_1` FOREIGN KEY (`id_sesi`) REFERENCES `sesi_ujian` (`id_sesi`) ON DELETE CASCADE)
ERROR - 2025-08-12 14:47:00 --> Cannot add or update a child row: a foreign key constraint fails (`olimpiade`.`jawaban`, CONSTRAINT `jawaban_ibfk_1` FOREIGN KEY (`id_sesi`) REFERENCES `sesi_ujian` (`id_sesi`) ON DELETE CASCADE)
ERROR - 2025-08-12 14:47:00 --> Cannot add or update a child row: a foreign key constraint fails (`olimpiade`.`jawaban`, CONSTRAINT `jawaban_ibfk_1` FOREIGN KEY (`id_sesi`) REFERENCES `sesi_ujian` (`id_sesi`) ON DELETE CASCADE)
ERROR - 2025-08-12 14:47:00 --> Cannot add or update a child row: a foreign key constraint fails (`olimpiade`.`jawaban`, CONSTRAINT `jawaban_ibfk_1` FOREIGN KEY (`id_sesi`) REFERENCES `sesi_ujian` (`id_sesi`) ON DELETE CASCADE)
ERROR - 2025-08-12 14:47:00 --> Cannot add or update a child row: a foreign key constraint fails (`olimpiade`.`jawaban`, CONSTRAINT `jawaban_ibfk_1` FOREIGN KEY (`id_sesi`) REFERENCES `sesi_ujian` (`id_sesi`) ON DELETE CASCADE)
ERROR - 2025-08-12 14:47:00 --> Cannot add or update a child row: a foreign key constraint fails (`olimpiade`.`jawaban`, CONSTRAINT `jawaban_ibfk_1` FOREIGN KEY (`id_sesi`) REFERENCES `sesi_ujian` (`id_sesi`) ON DELETE CASCADE)
ERROR - 2025-08-12 14:47:01 --> Cannot add or update a child row: a foreign key constraint fails (`olimpiade`.`jawaban`, CONSTRAINT `jawaban_ibfk_1` FOREIGN KEY (`id_sesi`) REFERENCES `sesi_ujian` (`id_sesi`) ON DELETE CASCADE)
ERROR - 2025-08-12 14:47:01 --> Cannot add or update a child row: a foreign key constraint fails (`olimpiade`.`jawaban`, CONSTRAINT `jawaban_ibfk_1` FOREIGN KEY (`id_sesi`) REFERENCES `sesi_ujian` (`id_sesi`) ON DELETE CASCADE)
ERROR - 2025-08-12 14:47:01 --> Cannot add or update a child row: a foreign key constraint fails (`olimpiade`.`jawaban`, CONSTRAINT `jawaban_ibfk_1` FOREIGN KEY (`id_sesi`) REFERENCES `sesi_ujian` (`id_sesi`) ON DELETE CASCADE)
ERROR - 2025-08-12 14:47:01 --> Cannot add or update a child row: a foreign key constraint fails (`olimpiade`.`jawaban`, CONSTRAINT `jawaban_ibfk_1` FOREIGN KEY (`id_sesi`) REFERENCES `sesi_ujian` (`id_sesi`) ON DELETE CASCADE)
ERROR - 2025-08-12 14:47:01 --> Cannot add or update a child row: a foreign key constraint fails (`olimpiade`.`jawaban`, CONSTRAINT `jawaban_ibfk_1` FOREIGN KEY (`id_sesi`) REFERENCES `sesi_ujian` (`id_sesi`) ON DELETE CASCADE)
ERROR - 2025-08-12 14:47:01 --> Cannot add or update a child row: a foreign key constraint fails (`olimpiade`.`jawaban`, CONSTRAINT `jawaban_ibfk_1` FOREIGN KEY (`id_sesi`) REFERENCES `sesi_ujian` (`id_sesi`) ON DELETE CASCADE)
ERROR - 2025-08-12 14:47:02 --> Cannot add or update a child row: a foreign key constraint fails (`olimpiade`.`jawaban`, CONSTRAINT `jawaban_ibfk_1` FOREIGN KEY (`id_sesi`) REFERENCES `sesi_ujian` (`id_sesi`) ON DELETE CASCADE)
ERROR - 2025-08-12 14:47:02 --> Cannot add or update a child row: a foreign key constraint fails (`olimpiade`.`jawaban`, CONSTRAINT `jawaban_ibfk_1` FOREIGN KEY (`id_sesi`) REFERENCES `sesi_ujian` (`id_sesi`) ON DELETE CASCADE)
ERROR - 2025-08-12 14:47:02 --> Cannot add or update a child row: a foreign key constraint fails (`olimpiade`.`jawaban`, CONSTRAINT `jawaban_ibfk_1` FOREIGN KEY (`id_sesi`) REFERENCES `sesi_ujian` (`id_sesi`) ON DELETE CASCADE)
ERROR - 2025-08-12 14:47:02 --> Cannot add or update a child row: a foreign key constraint fails (`olimpiade`.`jawaban`, CONSTRAINT `jawaban_ibfk_1` FOREIGN KEY (`id_sesi`) REFERENCES `sesi_ujian` (`id_sesi`) ON DELETE CASCADE)
ERROR - 2025-08-12 14:47:02 --> Cannot add or update a child row: a foreign key constraint fails (`olimpiade`.`jawaban`, CONSTRAINT `jawaban_ibfk_1` FOREIGN KEY (`id_sesi`) REFERENCES `sesi_ujian` (`id_sesi`) ON DELETE CASCADE)
ERROR - 2025-08-12 14:47:03 --> Cannot add or update a child row: a foreign key constraint fails (`olimpiade`.`jawaban`, CONSTRAINT `jawaban_ibfk_1` FOREIGN KEY (`id_sesi`) REFERENCES `sesi_ujian` (`id_sesi`) ON DELETE CASCADE)
ERROR - 2025-08-12 14:47:03 --> Cannot add or update a child row: a foreign key constraint fails (`olimpiade`.`jawaban`, CONSTRAINT `jawaban_ibfk_1` FOREIGN KEY (`id_sesi`) REFERENCES `sesi_ujian` (`id_sesi`) ON DELETE CASCADE)
ERROR - 2025-08-12 14:47:03 --> Cannot add or update a child row: a foreign key constraint fails (`olimpiade`.`jawaban`, CONSTRAINT `jawaban_ibfk_1` FOREIGN KEY (`id_sesi`) REFERENCES `sesi_ujian` (`id_sesi`) ON DELETE CASCADE)
ERROR - 2025-08-12 14:47:03 --> Cannot add or update a child row: a foreign key constraint fails (`olimpiade`.`jawaban`, CONSTRAINT `jawaban_ibfk_1` FOREIGN KEY (`id_sesi`) REFERENCES `sesi_ujian` (`id_sesi`) ON DELETE CASCADE)
ERROR - 2025-08-12 14:47:03 --> Cannot add or update a child row: a foreign key constraint fails (`olimpiade`.`jawaban`, CONSTRAINT `jawaban_ibfk_1` FOREIGN KEY (`id_sesi`) REFERENCES `sesi_ujian` (`id_sesi`) ON DELETE CASCADE)
ERROR - 2025-08-12 14:47:03 --> Cannot add or update a child row: a foreign key constraint fails (`olimpiade`.`jawaban`, CONSTRAINT `jawaban_ibfk_1` FOREIGN KEY (`id_sesi`) REFERENCES `sesi_ujian` (`id_sesi`) ON DELETE CASCADE)
ERROR - 2025-08-12 14:47:03 --> Cannot add or update a child row: a foreign key constraint fails (`olimpiade`.`jawaban`, CONSTRAINT `jawaban_ibfk_1` FOREIGN KEY (`id_sesi`) REFERENCES `sesi_ujian` (`id_sesi`) ON DELETE CASCADE)
ERROR - 2025-08-12 14:47:04 --> Cannot add or update a child row: a foreign key constraint fails (`olimpiade`.`jawaban`, CONSTRAINT `jawaban_ibfk_1` FOREIGN KEY (`id_sesi`) REFERENCES `sesi_ujian` (`id_sesi`) ON DELETE CASCADE)
ERROR - 2025-08-12 14:47:04 --> Cannot add or update a child row: a foreign key constraint fails (`olimpiade`.`jawaban`, CONSTRAINT `jawaban_ibfk_1` FOREIGN KEY (`id_sesi`) REFERENCES `sesi_ujian` (`id_sesi`) ON DELETE CASCADE)
ERROR - 2025-08-12 14:47:04 --> Cannot add or update a child row: a foreign key constraint fails (`olimpiade`.`jawaban`, CONSTRAINT `jawaban_ibfk_1` FOREIGN KEY (`id_sesi`) REFERENCES `sesi_ujian` (`id_sesi`) ON DELETE CASCADE)
ERROR - 2025-08-12 14:47:04 --> Cannot add or update a child row: a foreign key constraint fails (`olimpiade`.`jawaban`, CONSTRAINT `jawaban_ibfk_1` FOREIGN KEY (`id_sesi`) REFERENCES `sesi_ujian` (`id_sesi`) ON DELETE CASCADE)
ERROR - 2025-08-12 14:47:04 --> Cannot add or update a child row: a foreign key constraint fails (`olimpiade`.`jawaban`, CONSTRAINT `jawaban_ibfk_1` FOREIGN KEY (`id_sesi`) REFERENCES `sesi_ujian` (`id_sesi`) ON DELETE CASCADE)
ERROR - 2025-08-12 14:47:04 --> Cannot add or update a child row: a foreign key constraint fails (`olimpiade`.`jawaban`, CONSTRAINT `jawaban_ibfk_1` FOREIGN KEY (`id_sesi`) REFERENCES `sesi_ujian` (`id_sesi`) ON DELETE CASCADE)
ERROR - 2025-08-12 14:47:05 --> Cannot add or update a child row: a foreign key constraint fails (`olimpiade`.`jawaban`, CONSTRAINT `jawaban_ibfk_1` FOREIGN KEY (`id_sesi`) REFERENCES `sesi_ujian` (`id_sesi`) ON DELETE CASCADE)
ERROR - 2025-08-12 14:47:05 --> Cannot add or update a child row: a foreign key constraint fails (`olimpiade`.`jawaban`, CONSTRAINT `jawaban_ibfk_1` FOREIGN KEY (`id_sesi`) REFERENCES `sesi_ujian` (`id_sesi`) ON DELETE CASCADE)
ERROR - 2025-08-12 14:47:05 --> Cannot add or update a child row: a foreign key constraint fails (`olimpiade`.`jawaban`, CONSTRAINT `jawaban_ibfk_1` FOREIGN KEY (`id_sesi`) REFERENCES `sesi_ujian` (`id_sesi`) ON DELETE CASCADE)
ERROR - 2025-08-12 14:47:05 --> Cannot add or update a child row: a foreign key constraint fails (`olimpiade`.`jawaban`, CONSTRAINT `jawaban_ibfk_1` FOREIGN KEY (`id_sesi`) REFERENCES `sesi_ujian` (`id_sesi`) ON DELETE CASCADE)
ERROR - 2025-08-12 14:47:05 --> Cannot add or update a child row: a foreign key constraint fails (`olimpiade`.`jawaban`, CONSTRAINT `jawaban_ibfk_1` FOREIGN KEY (`id_sesi`) REFERENCES `sesi_ujian` (`id_sesi`) ON DELETE CASCADE)
ERROR - 2025-08-12 14:47:05 --> Cannot add or update a child row: a foreign key constraint fails (`olimpiade`.`jawaban`, CONSTRAINT `jawaban_ibfk_1` FOREIGN KEY (`id_sesi`) REFERENCES `sesi_ujian` (`id_sesi`) ON DELETE CASCADE)
ERROR - 2025-08-12 14:47:06 --> Cannot add or update a child row: a foreign key constraint fails (`olimpiade`.`jawaban`, CONSTRAINT `jawaban_ibfk_1` FOREIGN KEY (`id_sesi`) REFERENCES `sesi_ujian` (`id_sesi`) ON DELETE CASCADE)
ERROR - 2025-08-12 14:47:06 --> Cannot add or update a child row: a foreign key constraint fails (`olimpiade`.`jawaban`, CONSTRAINT `jawaban_ibfk_1` FOREIGN KEY (`id_sesi`) REFERENCES `sesi_ujian` (`id_sesi`) ON DELETE CASCADE)
ERROR - 2025-08-12 14:47:06 --> Cannot add or update a child row: a foreign key constraint fails (`olimpiade`.`jawaban`, CONSTRAINT `jawaban_ibfk_1` FOREIGN KEY (`id_sesi`) REFERENCES `sesi_ujian` (`id_sesi`) ON DELETE CASCADE)
ERROR - 2025-08-12 14:47:06 --> Cannot add or update a child row: a foreign key constraint fails (`olimpiade`.`jawaban`, CONSTRAINT `jawaban_ibfk_1` FOREIGN KEY (`id_sesi`) REFERENCES `sesi_ujian` (`id_sesi`) ON DELETE CASCADE)
ERROR - 2025-08-12 14:47:06 --> Cannot add or update a child row: a foreign key constraint fails (`olimpiade`.`jawaban`, CONSTRAINT `jawaban_ibfk_1` FOREIGN KEY (`id_sesi`) REFERENCES `sesi_ujian` (`id_sesi`) ON DELETE CASCADE)
ERROR - 2025-08-12 14:47:06 --> Cannot add or update a child row: a foreign key constraint fails (`olimpiade`.`jawaban`, CONSTRAINT `jawaban_ibfk_1` FOREIGN KEY (`id_sesi`) REFERENCES `sesi_ujian` (`id_sesi`) ON DELETE CASCADE)
ERROR - 2025-08-12 14:47:07 --> Cannot add or update a child row: a foreign key constraint fails (`olimpiade`.`jawaban`, CONSTRAINT `jawaban_ibfk_1` FOREIGN KEY (`id_sesi`) REFERENCES `sesi_ujian` (`id_sesi`) ON DELETE CASCADE)
ERROR - 2025-08-12 14:47:07 --> Cannot add or update a child row: a foreign key constraint fails (`olimpiade`.`jawaban`, CONSTRAINT `jawaban_ibfk_1` FOREIGN KEY (`id_sesi`) REFERENCES `sesi_ujian` (`id_sesi`) ON DELETE CASCADE)
ERROR - 2025-08-12 14:47:07 --> Cannot add or update a child row: a foreign key constraint fails (`olimpiade`.`jawaban`, CONSTRAINT `jawaban_ibfk_1` FOREIGN KEY (`id_sesi`) REFERENCES `sesi_ujian` (`id_sesi`) ON DELETE CASCADE)
ERROR - 2025-08-12 14:47:07 --> Cannot add or update a child row: a foreign key constraint fails (`olimpiade`.`jawaban`, CONSTRAINT `jawaban_ibfk_1` FOREIGN KEY (`id_sesi`) REFERENCES `sesi_ujian` (`id_sesi`) ON DELETE CASCADE)
ERROR - 2025-08-12 14:47:07 --> Cannot add or update a child row: a foreign key constraint fails (`olimpiade`.`jawaban`, CONSTRAINT `jawaban_ibfk_1` FOREIGN KEY (`id_sesi`) REFERENCES `sesi_ujian` (`id_sesi`) ON DELETE CASCADE)
ERROR - 2025-08-12 14:47:07 --> Cannot add or update a child row: a foreign key constraint fails (`olimpiade`.`jawaban`, CONSTRAINT `jawaban_ibfk_1` FOREIGN KEY (`id_sesi`) REFERENCES `sesi_ujian` (`id_sesi`) ON DELETE CASCADE)
ERROR - 2025-08-12 14:47:07 --> Cannot add or update a child row: a foreign key constraint fails (`olimpiade`.`jawaban`, CONSTRAINT `jawaban_ibfk_1` FOREIGN KEY (`id_sesi`) REFERENCES `sesi_ujian` (`id_sesi`) ON DELETE CASCADE)
ERROR - 2025-08-12 14:47:08 --> Cannot add or update a child row: a foreign key constraint fails (`olimpiade`.`jawaban`, CONSTRAINT `jawaban_ibfk_1` FOREIGN KEY (`id_sesi`) REFERENCES `sesi_ujian` (`id_sesi`) ON DELETE CASCADE)
ERROR - 2025-08-12 14:47:08 --> Cannot add or update a child row: a foreign key constraint fails (`olimpiade`.`jawaban`, CONSTRAINT `jawaban_ibfk_1` FOREIGN KEY (`id_sesi`) REFERENCES `sesi_ujian` (`id_sesi`) ON DELETE CASCADE)
ERROR - 2025-08-12 14:47:08 --> Cannot add or update a child row: a foreign key constraint fails (`olimpiade`.`jawaban`, CONSTRAINT `jawaban_ibfk_1` FOREIGN KEY (`id_sesi`) REFERENCES `sesi_ujian` (`id_sesi`) ON DELETE CASCADE)
ERROR - 2025-08-12 14:47:08 --> Cannot add or update a child row: a foreign key constraint fails (`olimpiade`.`jawaban`, CONSTRAINT `jawaban_ibfk_1` FOREIGN KEY (`id_sesi`) REFERENCES `sesi_ujian` (`id_sesi`) ON DELETE CASCADE)
ERROR - 2025-08-12 14:47:08 --> Cannot add or update a child row: a foreign key constraint fails (`olimpiade`.`jawaban`, CONSTRAINT `jawaban_ibfk_1` FOREIGN KEY (`id_sesi`) REFERENCES `sesi_ujian` (`id_sesi`) ON DELETE CASCADE)
ERROR - 2025-08-12 14:47:09 --> Cannot add or update a child row: a foreign key constraint fails (`olimpiade`.`jawaban`, CONSTRAINT `jawaban_ibfk_1` FOREIGN KEY (`id_sesi`) REFERENCES `sesi_ujian` (`id_sesi`) ON DELETE CASCADE)
ERROR - 2025-08-12 14:47:09 --> Cannot add or update a child row: a foreign key constraint fails (`olimpiade`.`jawaban`, CONSTRAINT `jawaban_ibfk_1` FOREIGN KEY (`id_sesi`) REFERENCES `sesi_ujian` (`id_sesi`) ON DELETE CASCADE)
ERROR - 2025-08-12 14:47:09 --> Cannot add or update a child row: a foreign key constraint fails (`olimpiade`.`jawaban`, CONSTRAINT `jawaban_ibfk_1` FOREIGN KEY (`id_sesi`) REFERENCES `sesi_ujian` (`id_sesi`) ON DELETE CASCADE)
ERROR - 2025-08-12 14:47:09 --> Cannot add or update a child row: a foreign key constraint fails (`olimpiade`.`jawaban`, CONSTRAINT `jawaban_ibfk_1` FOREIGN KEY (`id_sesi`) REFERENCES `sesi_ujian` (`id_sesi`) ON DELETE CASCADE)
ERROR - 2025-08-12 14:47:09 --> Cannot add or update a child row: a foreign key constraint fails (`olimpiade`.`jawaban`, CONSTRAINT `jawaban_ibfk_1` FOREIGN KEY (`id_sesi`) REFERENCES `sesi_ujian` (`id_sesi`) ON DELETE CASCADE)
ERROR - 2025-08-12 14:47:09 --> Cannot add or update a child row: a foreign key constraint fails (`olimpiade`.`jawaban`, CONSTRAINT `jawaban_ibfk_1` FOREIGN KEY (`id_sesi`) REFERENCES `sesi_ujian` (`id_sesi`) ON DELETE CASCADE)
ERROR - 2025-08-12 14:47:10 --> Cannot add or update a child row: a foreign key constraint fails (`olimpiade`.`jawaban`, CONSTRAINT `jawaban_ibfk_1` FOREIGN KEY (`id_sesi`) REFERENCES `sesi_ujian` (`id_sesi`) ON DELETE CASCADE)
ERROR - 2025-08-12 14:47:10 --> Cannot add or update a child row: a foreign key constraint fails (`olimpiade`.`jawaban`, CONSTRAINT `jawaban_ibfk_1` FOREIGN KEY (`id_sesi`) REFERENCES `sesi_ujian` (`id_sesi`) ON DELETE CASCADE)
ERROR - 2025-08-12 14:47:10 --> Cannot add or update a child row: a foreign key constraint fails (`olimpiade`.`jawaban`, CONSTRAINT `jawaban_ibfk_1` FOREIGN KEY (`id_sesi`) REFERENCES `sesi_ujian` (`id_sesi`) ON DELETE CASCADE)
ERROR - 2025-08-12 14:47:10 --> Cannot add or update a child row: a foreign key constraint fails (`olimpiade`.`jawaban`, CONSTRAINT `jawaban_ibfk_1` FOREIGN KEY (`id_sesi`) REFERENCES `sesi_ujian` (`id_sesi`) ON DELETE CASCADE)
ERROR - 2025-08-12 14:47:10 --> Cannot add or update a child row: a foreign key constraint fails (`olimpiade`.`jawaban`, CONSTRAINT `jawaban_ibfk_1` FOREIGN KEY (`id_sesi`) REFERENCES `sesi_ujian` (`id_sesi`) ON DELETE CASCADE)
ERROR - 2025-08-12 14:47:10 --> Cannot add or update a child row: a foreign key constraint fails (`olimpiade`.`jawaban`, CONSTRAINT `jawaban_ibfk_1` FOREIGN KEY (`id_sesi`) REFERENCES `sesi_ujian` (`id_sesi`) ON DELETE CASCADE)
ERROR - 2025-08-12 14:47:11 --> Cannot add or update a child row: a foreign key constraint fails (`olimpiade`.`jawaban`, CONSTRAINT `jawaban_ibfk_1` FOREIGN KEY (`id_sesi`) REFERENCES `sesi_ujian` (`id_sesi`) ON DELETE CASCADE)
ERROR - 2025-08-12 14:47:11 --> Cannot add or update a child row: a foreign key constraint fails (`olimpiade`.`jawaban`, CONSTRAINT `jawaban_ibfk_1` FOREIGN KEY (`id_sesi`) REFERENCES `sesi_ujian` (`id_sesi`) ON DELETE CASCADE)
ERROR - 2025-08-12 14:47:11 --> Cannot add or update a child row: a foreign key constraint fails (`olimpiade`.`jawaban`, CONSTRAINT `jawaban_ibfk_1` FOREIGN KEY (`id_sesi`) REFERENCES `sesi_ujian` (`id_sesi`) ON DELETE CASCADE)
ERROR - 2025-08-12 14:47:11 --> Cannot add or update a child row: a foreign key constraint fails (`olimpiade`.`jawaban`, CONSTRAINT `jawaban_ibfk_1` FOREIGN KEY (`id_sesi`) REFERENCES `sesi_ujian` (`id_sesi`) ON DELETE CASCADE)
ERROR - 2025-08-12 14:47:11 --> Cannot add or update a child row: a foreign key constraint fails (`olimpiade`.`jawaban`, CONSTRAINT `jawaban_ibfk_1` FOREIGN KEY (`id_sesi`) REFERENCES `sesi_ujian` (`id_sesi`) ON DELETE CASCADE)
ERROR - 2025-08-12 14:47:11 --> Cannot add or update a child row: a foreign key constraint fails (`olimpiade`.`jawaban`, CONSTRAINT `jawaban_ibfk_1` FOREIGN KEY (`id_sesi`) REFERENCES `sesi_ujian` (`id_sesi`) ON DELETE CASCADE)
ERROR - 2025-08-12 14:47:12 --> Cannot add or update a child row: a foreign key constraint fails (`olimpiade`.`jawaban`, CONSTRAINT `jawaban_ibfk_1` FOREIGN KEY (`id_sesi`) REFERENCES `sesi_ujian` (`id_sesi`) ON DELETE CASCADE)
ERROR - 2025-08-12 14:47:12 --> Cannot add or update a child row: a foreign key constraint fails (`olimpiade`.`jawaban`, CONSTRAINT `jawaban_ibfk_1` FOREIGN KEY (`id_sesi`) REFERENCES `sesi_ujian` (`id_sesi`) ON DELETE CASCADE)
ERROR - 2025-08-12 14:47:12 --> Cannot add or update a child row: a foreign key constraint fails (`olimpiade`.`jawaban`, CONSTRAINT `jawaban_ibfk_1` FOREIGN KEY (`id_sesi`) REFERENCES `sesi_ujian` (`id_sesi`) ON DELETE CASCADE)
ERROR - 2025-08-12 14:47:12 --> Cannot add or update a child row: a foreign key constraint fails (`olimpiade`.`jawaban`, CONSTRAINT `jawaban_ibfk_1` FOREIGN KEY (`id_sesi`) REFERENCES `sesi_ujian` (`id_sesi`) ON DELETE CASCADE)
ERROR - 2025-08-12 14:47:12 --> Cannot add or update a child row: a foreign key constraint fails (`olimpiade`.`jawaban`, CONSTRAINT `jawaban_ibfk_1` FOREIGN KEY (`id_sesi`) REFERENCES `sesi_ujian` (`id_sesi`) ON DELETE CASCADE)
ERROR - 2025-08-12 14:47:13 --> Cannot add or update a child row: a foreign key constraint fails (`olimpiade`.`jawaban`, CONSTRAINT `jawaban_ibfk_1` FOREIGN KEY (`id_sesi`) REFERENCES `sesi_ujian` (`id_sesi`) ON DELETE CASCADE)
ERROR - 2025-08-12 14:47:13 --> Cannot add or update a child row: a foreign key constraint fails (`olimpiade`.`jawaban`, CONSTRAINT `jawaban_ibfk_1` FOREIGN KEY (`id_sesi`) REFERENCES `sesi_ujian` (`id_sesi`) ON DELETE CASCADE)
ERROR - 2025-08-12 14:47:13 --> Cannot add or update a child row: a foreign key constraint fails (`olimpiade`.`jawaban`, CONSTRAINT `jawaban_ibfk_1` FOREIGN KEY (`id_sesi`) REFERENCES `sesi_ujian` (`id_sesi`) ON DELETE CASCADE)
ERROR - 2025-08-12 14:47:13 --> Cannot add or update a child row: a foreign key constraint fails (`olimpiade`.`jawaban`, CONSTRAINT `jawaban_ibfk_1` FOREIGN KEY (`id_sesi`) REFERENCES `sesi_ujian` (`id_sesi`) ON DELETE CASCADE)
ERROR - 2025-08-12 14:47:14 --> Cannot add or update a child row: a foreign key constraint fails (`olimpiade`.`jawaban`, CONSTRAINT `jawaban_ibfk_1` FOREIGN KEY (`id_sesi`) REFERENCES `sesi_ujian` (`id_sesi`) ON DELETE CASCADE)
ERROR - 2025-08-12 14:49:38 --> Column 'id_sesi' cannot be null
ERROR - 2025-08-12 14:49:39 --> Column 'id_sesi' cannot be null
ERROR - 2025-08-12 14:49:39 --> Column 'id_sesi' cannot be null
ERROR - 2025-08-12 14:49:39 --> Column 'id_sesi' cannot be null
ERROR - 2025-08-12 15:32:46 --> Table 'olimpiade.sesi' doesn't exist
CRITICAL - 2025-08-12 15:32:46 --> Call to a member function getRow() on bool
#0 C:\Users\7U400.COM\Music\event\system\CodeIgniter.php(832): App\Controllers\Welcome->index()
#1 C:\Users\7U400.COM\Music\event\system\CodeIgniter.php(419): CodeIgniter\CodeIgniter->runController(Object(App\Controllers\Welcome))
#2 C:\Users\7U400.COM\Music\event\system\CodeIgniter.php(326): CodeIgniter\CodeIgniter->handleRequest(NULL, Object(Config\Cache), false)
#3 C:\Users\7U400.COM\Music\event\public\index.php(37): CodeIgniter\CodeIgniter->run()
#4 C:\Users\7U400.COM\Music\event\system\Commands\Server\rewrite.php(43): require_once('C:\\Users\\7U400....')
#5 {main}
CRITICAL - 2025-08-12 15:32:46 --> Uncaught ErrorException: file_get_contents(C:\Users\7U400.COM\Music\event\app\Views\errors\html\debug.js): Failed to open stream: No such file or directory in C:\Users\7U400.COM\Music\event\app\Views\errors\html\error_exception.php:19
Stack trace:
#0 [internal function]: CodeIgniter\Debug\Exceptions->errorHandler(2, 'file_get_conten...', 'C:\\Users\\7U400....', 19)
#1 C:\Users\7U400.COM\Music\event\app\Views\errors\html\error_exception.php(19): file_get_contents('C:\\Users\\7U400....')
#2 C:\Users\7U400.COM\Music\event\system\Debug\Exceptions.php(234): include('C:\\Users\\7U400....')
#3 C:\Users\7U400.COM\Music\event\system\Debug\Exceptions.php(237): CodeIgniter\Debug\Exceptions->CodeIgniter\Debug\{closure}()
#4 C:\Users\7U400.COM\Music\event\system\Debug\Exceptions.php(121): CodeIgniter\Debug\Exceptions->render(Object(Error), 500)
#5 [internal function]: CodeIgniter\Debug\Exceptions->exceptionHandler(Object(Error))
#6 {main}
  thrown
#0 [internal function]: CodeIgniter\Debug\Exceptions->shutdownHandler()
#1 {main}
