CRITICAL - 2025-07-01 01:46:38 --> Invalid file: register_view.php
#0 J:\My Drive\bukanotaa\system\View\View.php(198): CodeIgniter\Exceptions\FrameworkException::forInvalidFile('register_view.p...')
#1 J:\My Drive\bukanotaa\system\Common.php(1089): CodeIgniter\View\View->render('register_view', Array, true)
#2 J:\My Drive\bukanotaa\app\Controllers\register.php(13): view('register_view')
#3 J:\My Drive\bukanotaa\system\CodeIgniter.php(832): App\Controllers\Register->index()
#4 J:\My Drive\bukanotaa\system\CodeIgniter.php(419): CodeIgniter\CodeIgniter->runController(Object(App\Controllers\Register))
#5 J:\My Drive\bukanotaa\system\CodeIgniter.php(326): CodeIgniter\CodeIgniter->handleRequest(NULL, Object(Config\Cache), false)
#6 J:\My Drive\bukanotaa\public\index.php(37): CodeIgniter\CodeIgniter->run()
#7 J:\My Drive\bukanotaa\system\Commands\Server\rewrite.php(43): require_once('J:\\My Drive\\buk...')
#8 {main}
CRITICAL - 2025-07-01 01:46:39 --> Uncaught ErrorException: file_get_contents(J:\My Drive\bukanotaa\app\Views\errors\html\debug.js): Failed to open stream: No such file or directory in J:\My Drive\bukanotaa\app\Views\errors\html\error_exception.php:19
Stack trace:
#0 [internal function]: CodeIgniter\Debug\Exceptions->errorHandler(2, 'file_get_conten...', 'J:\\My Drive\\buk...', 19)
#1 J:\My Drive\bukanotaa\app\Views\errors\html\error_exception.php(19): file_get_contents('J:\\My Drive\\buk...')
#2 J:\My Drive\bukanotaa\system\Debug\Exceptions.php(234): include('J:\\My Drive\\buk...')
#3 J:\My Drive\bukanotaa\system\Debug\Exceptions.php(237): CodeIgniter\Debug\Exceptions->CodeIgniter\Debug\{closure}()
#4 J:\My Drive\bukanotaa\system\Debug\Exceptions.php(121): CodeIgniter\Debug\Exceptions->render(Object(CodeIgniter\View\Exceptions\ViewException), 500)
#5 [internal function]: CodeIgniter\Debug\Exceptions->exceptionHandler(Object(CodeIgniter\View\Exceptions\ViewException))
#6 {main}
  thrown
#0 [internal function]: CodeIgniter\Debug\Exceptions->shutdownHandler()
#1 {main}
CRITICAL - 2025-07-01 03:26:40 --> Class "App\Models\ProvinsiModel" not found
#0 J:\My Drive\bukanotaa\system\CodeIgniter.php(832): App\Controllers\RegisterController->index()
#1 J:\My Drive\bukanotaa\system\CodeIgniter.php(419): CodeIgniter\CodeIgniter->runController(Object(App\Controllers\RegisterController))
#2 J:\My Drive\bukanotaa\system\CodeIgniter.php(326): CodeIgniter\CodeIgniter->handleRequest(NULL, Object(Config\Cache), false)
#3 J:\My Drive\bukanotaa\public\index.php(37): CodeIgniter\CodeIgniter->run()
#4 J:\My Drive\bukanotaa\system\Commands\Server\rewrite.php(43): require_once('J:\\My Drive\\buk...')
#5 {main}
CRITICAL - 2025-07-01 03:26:40 --> Uncaught ErrorException: file_get_contents(J:\My Drive\bukanotaa\app\Views\errors\html\debug.js): Failed to open stream: No such file or directory in J:\My Drive\bukanotaa\app\Views\errors\html\error_exception.php:19
Stack trace:
#0 [internal function]: CodeIgniter\Debug\Exceptions->errorHandler(2, 'file_get_conten...', 'J:\\My Drive\\buk...', 19)
#1 J:\My Drive\bukanotaa\app\Views\errors\html\error_exception.php(19): file_get_contents('J:\\My Drive\\buk...')
#2 J:\My Drive\bukanotaa\system\Debug\Exceptions.php(234): include('J:\\My Drive\\buk...')
#3 J:\My Drive\bukanotaa\system\Debug\Exceptions.php(237): CodeIgniter\Debug\Exceptions->CodeIgniter\Debug\{closure}()
#4 J:\My Drive\bukanotaa\system\Debug\Exceptions.php(121): CodeIgniter\Debug\Exceptions->render(Object(Error), 500)
#5 [internal function]: CodeIgniter\Debug\Exceptions->exceptionHandler(Object(Error))
#6 {main}
  thrown
#0 [internal function]: CodeIgniter\Debug\Exceptions->shutdownHandler()
#1 {main}
CRITICAL - 2025-07-01 03:26:43 --> Class "App\Models\ProvinsiModel" not found
#0 J:\My Drive\bukanotaa\system\CodeIgniter.php(832): App\Controllers\RegisterController->index()
#1 J:\My Drive\bukanotaa\system\CodeIgniter.php(419): CodeIgniter\CodeIgniter->runController(Object(App\Controllers\RegisterController))
#2 J:\My Drive\bukanotaa\system\CodeIgniter.php(326): CodeIgniter\CodeIgniter->handleRequest(NULL, Object(Config\Cache), false)
#3 J:\My Drive\bukanotaa\public\index.php(37): CodeIgniter\CodeIgniter->run()
#4 J:\My Drive\bukanotaa\system\Commands\Server\rewrite.php(43): require_once('J:\\My Drive\\buk...')
#5 {main}
CRITICAL - 2025-07-01 03:26:43 --> Uncaught ErrorException: file_get_contents(J:\My Drive\bukanotaa\app\Views\errors\html\debug.js): Failed to open stream: No such file or directory in J:\My Drive\bukanotaa\app\Views\errors\html\error_exception.php:19
Stack trace:
#0 [internal function]: CodeIgniter\Debug\Exceptions->errorHandler(2, 'file_get_conten...', 'J:\\My Drive\\buk...', 19)
#1 J:\My Drive\bukanotaa\app\Views\errors\html\error_exception.php(19): file_get_contents('J:\\My Drive\\buk...')
#2 J:\My Drive\bukanotaa\system\Debug\Exceptions.php(234): include('J:\\My Drive\\buk...')
#3 J:\My Drive\bukanotaa\system\Debug\Exceptions.php(237): CodeIgniter\Debug\Exceptions->CodeIgniter\Debug\{closure}()
#4 J:\My Drive\bukanotaa\system\Debug\Exceptions.php(121): CodeIgniter\Debug\Exceptions->render(Object(Error), 500)
#5 [internal function]: CodeIgniter\Debug\Exceptions->exceptionHandler(Object(Error))
#6 {main}
  thrown
#0 [internal function]: CodeIgniter\Debug\Exceptions->shutdownHandler()
#1 {main}
CRITICAL - 2025-07-01 03:32:17 --> Class "App\Models\ProvinsiModel" not found
#0 J:\My Drive\bukanotaa\system\CodeIgniter.php(832): App\Controllers\RegisterController->index()
#1 J:\My Drive\bukanotaa\system\CodeIgniter.php(419): CodeIgniter\CodeIgniter->runController(Object(App\Controllers\RegisterController))
#2 J:\My Drive\bukanotaa\system\CodeIgniter.php(326): CodeIgniter\CodeIgniter->handleRequest(NULL, Object(Config\Cache), false)
#3 J:\My Drive\bukanotaa\public\index.php(37): CodeIgniter\CodeIgniter->run()
#4 J:\My Drive\bukanotaa\system\Commands\Server\rewrite.php(43): require_once('J:\\My Drive\\buk...')
#5 {main}
CRITICAL - 2025-07-01 03:32:17 --> Uncaught ErrorException: file_get_contents(J:\My Drive\bukanotaa\app\Views\errors\html\debug.js): Failed to open stream: No such file or directory in J:\My Drive\bukanotaa\app\Views\errors\html\error_exception.php:19
Stack trace:
#0 [internal function]: CodeIgniter\Debug\Exceptions->errorHandler(2, 'file_get_conten...', 'J:\\My Drive\\buk...', 19)
#1 J:\My Drive\bukanotaa\app\Views\errors\html\error_exception.php(19): file_get_contents('J:\\My Drive\\buk...')
#2 J:\My Drive\bukanotaa\system\Debug\Exceptions.php(234): include('J:\\My Drive\\buk...')
#3 J:\My Drive\bukanotaa\system\Debug\Exceptions.php(237): CodeIgniter\Debug\Exceptions->CodeIgniter\Debug\{closure}()
#4 J:\My Drive\bukanotaa\system\Debug\Exceptions.php(121): CodeIgniter\Debug\Exceptions->render(Object(Error), 500)
#5 [internal function]: CodeIgniter\Debug\Exceptions->exceptionHandler(Object(Error))
#6 {main}
  thrown
#0 [internal function]: CodeIgniter\Debug\Exceptions->shutdownHandler()
#1 {main}
CRITICAL - 2025-07-01 03:32:20 --> Class "App\Models\ProvinsiModel" not found
#0 J:\My Drive\bukanotaa\system\CodeIgniter.php(832): App\Controllers\RegisterController->index()
#1 J:\My Drive\bukanotaa\system\CodeIgniter.php(419): CodeIgniter\CodeIgniter->runController(Object(App\Controllers\RegisterController))
#2 J:\My Drive\bukanotaa\system\CodeIgniter.php(326): CodeIgniter\CodeIgniter->handleRequest(NULL, Object(Config\Cache), false)
#3 J:\My Drive\bukanotaa\public\index.php(37): CodeIgniter\CodeIgniter->run()
#4 J:\My Drive\bukanotaa\system\Commands\Server\rewrite.php(43): require_once('J:\\My Drive\\buk...')
#5 {main}
CRITICAL - 2025-07-01 03:32:20 --> Uncaught ErrorException: file_get_contents(J:\My Drive\bukanotaa\app\Views\errors\html\debug.js): Failed to open stream: No such file or directory in J:\My Drive\bukanotaa\app\Views\errors\html\error_exception.php:19
Stack trace:
#0 [internal function]: CodeIgniter\Debug\Exceptions->errorHandler(2, 'file_get_conten...', 'J:\\My Drive\\buk...', 19)
#1 J:\My Drive\bukanotaa\app\Views\errors\html\error_exception.php(19): file_get_contents('J:\\My Drive\\buk...')
#2 J:\My Drive\bukanotaa\system\Debug\Exceptions.php(234): include('J:\\My Drive\\buk...')
#3 J:\My Drive\bukanotaa\system\Debug\Exceptions.php(237): CodeIgniter\Debug\Exceptions->CodeIgniter\Debug\{closure}()
#4 J:\My Drive\bukanotaa\system\Debug\Exceptions.php(121): CodeIgniter\Debug\Exceptions->render(Object(Error), 500)
#5 [internal function]: CodeIgniter\Debug\Exceptions->exceptionHandler(Object(Error))
#6 {main}
  thrown
#0 [internal function]: CodeIgniter\Debug\Exceptions->shutdownHandler()
#1 {main}
CRITICAL - 2025-07-01 03:33:28 --> Class "App\Models\ProvinsiModel" not found
#0 J:\My Drive\bukanotaa\system\CodeIgniter.php(832): App\Controllers\RegisterController->index()
#1 J:\My Drive\bukanotaa\system\CodeIgniter.php(419): CodeIgniter\CodeIgniter->runController(Object(App\Controllers\RegisterController))
#2 J:\My Drive\bukanotaa\system\CodeIgniter.php(326): CodeIgniter\CodeIgniter->handleRequest(NULL, Object(Config\Cache), false)
#3 J:\My Drive\bukanotaa\public\index.php(37): CodeIgniter\CodeIgniter->run()
#4 J:\My Drive\bukanotaa\system\Commands\Server\rewrite.php(43): require_once('J:\\My Drive\\buk...')
#5 {main}
CRITICAL - 2025-07-01 03:33:29 --> Uncaught ErrorException: file_get_contents(J:\My Drive\bukanotaa\app\Views\errors\html\debug.js): Failed to open stream: No such file or directory in J:\My Drive\bukanotaa\app\Views\errors\html\error_exception.php:19
Stack trace:
#0 [internal function]: CodeIgniter\Debug\Exceptions->errorHandler(2, 'file_get_conten...', 'J:\\My Drive\\buk...', 19)
#1 J:\My Drive\bukanotaa\app\Views\errors\html\error_exception.php(19): file_get_contents('J:\\My Drive\\buk...')
#2 J:\My Drive\bukanotaa\system\Debug\Exceptions.php(234): include('J:\\My Drive\\buk...')
#3 J:\My Drive\bukanotaa\system\Debug\Exceptions.php(237): CodeIgniter\Debug\Exceptions->CodeIgniter\Debug\{closure}()
#4 J:\My Drive\bukanotaa\system\Debug\Exceptions.php(121): CodeIgniter\Debug\Exceptions->render(Object(Error), 500)
#5 [internal function]: CodeIgniter\Debug\Exceptions->exceptionHandler(Object(Error))
#6 {main}
  thrown
#0 [internal function]: CodeIgniter\Debug\Exceptions->shutdownHandler()
#1 {main}
CRITICAL - 2025-07-01 03:45:28 --> Class "App\Models\ProvinsiModel" not found
#0 I:\My Drive\bukanotaa\system\CodeIgniter.php(832): App\Controllers\RegisterController->index()
#1 I:\My Drive\bukanotaa\system\CodeIgniter.php(419): CodeIgniter\CodeIgniter->runController(Object(App\Controllers\RegisterController))
#2 I:\My Drive\bukanotaa\system\CodeIgniter.php(326): CodeIgniter\CodeIgniter->handleRequest(NULL, Object(Config\Cache), false)
#3 I:\My Drive\bukanotaa\public\index.php(37): CodeIgniter\CodeIgniter->run()
#4 I:\My Drive\bukanotaa\system\Commands\Server\rewrite.php(43): require_once('I:\\My Drive\\buk...')
#5 {main}
CRITICAL - 2025-07-01 03:45:29 --> Uncaught ErrorException: file_get_contents(I:\My Drive\bukanotaa\app\Views\errors\html\debug.js): Failed to open stream: No such file or directory in I:\My Drive\bukanotaa\app\Views\errors\html\error_exception.php:19
Stack trace:
#0 [internal function]: CodeIgniter\Debug\Exceptions->errorHandler(2, 'file_get_conten...', 'I:\\My Drive\\buk...', 19)
#1 I:\My Drive\bukanotaa\app\Views\errors\html\error_exception.php(19): file_get_contents('I:\\My Drive\\buk...')
#2 I:\My Drive\bukanotaa\system\Debug\Exceptions.php(234): include('I:\\My Drive\\buk...')
#3 I:\My Drive\bukanotaa\system\Debug\Exceptions.php(237): CodeIgniter\Debug\Exceptions->CodeIgniter\Debug\{closure}()
#4 I:\My Drive\bukanotaa\system\Debug\Exceptions.php(121): CodeIgniter\Debug\Exceptions->render(Object(Error), 500)
#5 [internal function]: CodeIgniter\Debug\Exceptions->exceptionHandler(Object(Error))
#6 {main}
  thrown
#0 [internal function]: CodeIgniter\Debug\Exceptions->shutdownHandler()
#1 {main}
CRITICAL - 2025-07-01 04:22:01 --> syntax error, unexpected token "?"
#0 I:\My Drive\bukanotaa\system\View\View.php(213): CodeIgniter\View\View->CodeIgniter\View\{closure}()
#1 I:\My Drive\bukanotaa\system\Common.php(1089): CodeIgniter\View\View->render('harga_view', Array, true)
#2 I:\My Drive\bukanotaa\app\Controllers\harga.php(9): view('harga_view')
#3 I:\My Drive\bukanotaa\system\CodeIgniter.php(832): App\Controllers\Harga->index()
#4 I:\My Drive\bukanotaa\system\CodeIgniter.php(419): CodeIgniter\CodeIgniter->runController(Object(App\Controllers\Harga))
#5 I:\My Drive\bukanotaa\system\CodeIgniter.php(326): CodeIgniter\CodeIgniter->handleRequest(NULL, Object(Config\Cache), false)
#6 I:\My Drive\bukanotaa\public\index.php(37): CodeIgniter\CodeIgniter->run()
#7 I:\My Drive\bukanotaa\system\Commands\Server\rewrite.php(43): require_once('I:\\My Drive\\buk...')
#8 {main}
CRITICAL - 2025-07-01 04:22:01 --> Uncaught ErrorException: file_get_contents(I:\My Drive\bukanotaa\app\Views\errors\html\debug.js): Failed to open stream: No such file or directory in I:\My Drive\bukanotaa\app\Views\errors\html\error_exception.php:19
Stack trace:
#0 [internal function]: CodeIgniter\Debug\Exceptions->errorHandler(2, 'file_get_conten...', 'I:\\My Drive\\buk...', 19)
#1 I:\My Drive\bukanotaa\app\Views\errors\html\error_exception.php(19): file_get_contents('I:\\My Drive\\buk...')
#2 I:\My Drive\bukanotaa\system\Debug\Exceptions.php(234): include('I:\\My Drive\\buk...')
#3 I:\My Drive\bukanotaa\system\Debug\Exceptions.php(237): CodeIgniter\Debug\Exceptions->CodeIgniter\Debug\{closure}()
#4 I:\My Drive\bukanotaa\system\Debug\Exceptions.php(121): CodeIgniter\Debug\Exceptions->render(Object(ParseError), 500)
#5 [internal function]: CodeIgniter\Debug\Exceptions->exceptionHandler(Object(ParseError))
#6 {main}
  thrown
#0 [internal function]: CodeIgniter\Debug\Exceptions->shutdownHandler()
#1 {main}
CRITICAL - 2025-07-01 04:22:36 --> syntax error, unexpected double-quoted string " class=", expecting "," or ";"
#0 I:\My Drive\bukanotaa\system\View\View.php(213): CodeIgniter\View\View->CodeIgniter\View\{closure}()
#1 I:\My Drive\bukanotaa\system\Common.php(1089): CodeIgniter\View\View->render('harga_view', Array, true)
#2 I:\My Drive\bukanotaa\app\Controllers\harga.php(9): view('harga_view')
#3 I:\My Drive\bukanotaa\system\CodeIgniter.php(832): App\Controllers\Harga->index()
#4 I:\My Drive\bukanotaa\system\CodeIgniter.php(419): CodeIgniter\CodeIgniter->runController(Object(App\Controllers\Harga))
#5 I:\My Drive\bukanotaa\system\CodeIgniter.php(326): CodeIgniter\CodeIgniter->handleRequest(NULL, Object(Config\Cache), false)
#6 I:\My Drive\bukanotaa\public\index.php(37): CodeIgniter\CodeIgniter->run()
#7 I:\My Drive\bukanotaa\system\Commands\Server\rewrite.php(43): require_once('I:\\My Drive\\buk...')
#8 {main}
CRITICAL - 2025-07-01 04:22:36 --> Uncaught ErrorException: file_get_contents(I:\My Drive\bukanotaa\app\Views\errors\html\debug.js): Failed to open stream: No such file or directory in I:\My Drive\bukanotaa\app\Views\errors\html\error_exception.php:19
Stack trace:
#0 [internal function]: CodeIgniter\Debug\Exceptions->errorHandler(2, 'file_get_conten...', 'I:\\My Drive\\buk...', 19)
#1 I:\My Drive\bukanotaa\app\Views\errors\html\error_exception.php(19): file_get_contents('I:\\My Drive\\buk...')
#2 I:\My Drive\bukanotaa\system\Debug\Exceptions.php(234): include('I:\\My Drive\\buk...')
#3 I:\My Drive\bukanotaa\system\Debug\Exceptions.php(237): CodeIgniter\Debug\Exceptions->CodeIgniter\Debug\{closure}()
#4 I:\My Drive\bukanotaa\system\Debug\Exceptions.php(121): CodeIgniter\Debug\Exceptions->render(Object(ParseError), 500)
#5 [internal function]: CodeIgniter\Debug\Exceptions->exceptionHandler(Object(ParseError))
#6 {main}
  thrown
#0 [internal function]: CodeIgniter\Debug\Exceptions->shutdownHandler()
#1 {main}
CRITICAL - 2025-07-01 04:22:39 --> syntax error, unexpected double-quoted string " class=", expecting "," or ";"
#0 I:\My Drive\bukanotaa\system\View\View.php(213): CodeIgniter\View\View->CodeIgniter\View\{closure}()
#1 I:\My Drive\bukanotaa\system\Common.php(1089): CodeIgniter\View\View->render('harga_view', Array, true)
#2 I:\My Drive\bukanotaa\app\Controllers\harga.php(9): view('harga_view')
#3 I:\My Drive\bukanotaa\system\CodeIgniter.php(832): App\Controllers\Harga->index()
#4 I:\My Drive\bukanotaa\system\CodeIgniter.php(419): CodeIgniter\CodeIgniter->runController(Object(App\Controllers\Harga))
#5 I:\My Drive\bukanotaa\system\CodeIgniter.php(326): CodeIgniter\CodeIgniter->handleRequest(NULL, Object(Config\Cache), false)
#6 I:\My Drive\bukanotaa\public\index.php(37): CodeIgniter\CodeIgniter->run()
#7 I:\My Drive\bukanotaa\system\Commands\Server\rewrite.php(43): require_once('I:\\My Drive\\buk...')
#8 {main}
CRITICAL - 2025-07-01 04:22:39 --> Uncaught ErrorException: file_get_contents(I:\My Drive\bukanotaa\app\Views\errors\html\debug.js): Failed to open stream: No such file or directory in I:\My Drive\bukanotaa\app\Views\errors\html\error_exception.php:19
Stack trace:
#0 [internal function]: CodeIgniter\Debug\Exceptions->errorHandler(2, 'file_get_conten...', 'I:\\My Drive\\buk...', 19)
#1 I:\My Drive\bukanotaa\app\Views\errors\html\error_exception.php(19): file_get_contents('I:\\My Drive\\buk...')
#2 I:\My Drive\bukanotaa\system\Debug\Exceptions.php(234): include('I:\\My Drive\\buk...')
#3 I:\My Drive\bukanotaa\system\Debug\Exceptions.php(237): CodeIgniter\Debug\Exceptions->CodeIgniter\Debug\{closure}()
#4 I:\My Drive\bukanotaa\system\Debug\Exceptions.php(121): CodeIgniter\Debug\Exceptions->render(Object(ParseError), 500)
#5 [internal function]: CodeIgniter\Debug\Exceptions->exceptionHandler(Object(ParseError))
#6 {main}
  thrown
#0 [internal function]: CodeIgniter\Debug\Exceptions->shutdownHandler()
#1 {main}
CRITICAL - 2025-07-01 04:39:04 --> Class "App\Models\RegisterModel" not found
#0 I:\My Drive\bukanotaa\system\CodeIgniter.php(809): App\Controllers\Register->__construct()
#1 I:\My Drive\bukanotaa\system\CodeIgniter.php(410): CodeIgniter\CodeIgniter->createController()
#2 I:\My Drive\bukanotaa\system\CodeIgniter.php(326): CodeIgniter\CodeIgniter->handleRequest(NULL, Object(Config\Cache), false)
#3 I:\My Drive\bukanotaa\public\index.php(37): CodeIgniter\CodeIgniter->run()
#4 I:\My Drive\bukanotaa\system\Commands\Server\rewrite.php(43): require_once('I:\\My Drive\\buk...')
#5 {main}
CRITICAL - 2025-07-01 04:39:04 --> Uncaught ErrorException: file_get_contents(I:\My Drive\bukanotaa\app\Views\errors\html\debug.js): Failed to open stream: No such file or directory in I:\My Drive\bukanotaa\app\Views\errors\html\error_exception.php:19
Stack trace:
#0 [internal function]: CodeIgniter\Debug\Exceptions->errorHandler(2, 'file_get_conten...', 'I:\\My Drive\\buk...', 19)
#1 I:\My Drive\bukanotaa\app\Views\errors\html\error_exception.php(19): file_get_contents('I:\\My Drive\\buk...')
#2 I:\My Drive\bukanotaa\system\Debug\Exceptions.php(234): include('I:\\My Drive\\buk...')
#3 I:\My Drive\bukanotaa\system\Debug\Exceptions.php(237): CodeIgniter\Debug\Exceptions->CodeIgniter\Debug\{closure}()
#4 I:\My Drive\bukanotaa\system\Debug\Exceptions.php(121): CodeIgniter\Debug\Exceptions->render(Object(Error), 500)
#5 [internal function]: CodeIgniter\Debug\Exceptions->exceptionHandler(Object(Error))
#6 {main}
  thrown
#0 [internal function]: CodeIgniter\Debug\Exceptions->shutdownHandler()
#1 {main}
CRITICAL - 2025-07-01 04:39:25 --> Class "App\Models\RegisterModel" not found
#0 I:\My Drive\bukanotaa\system\CodeIgniter.php(809): App\Controllers\Register->__construct()
#1 I:\My Drive\bukanotaa\system\CodeIgniter.php(410): CodeIgniter\CodeIgniter->createController()
#2 I:\My Drive\bukanotaa\system\CodeIgniter.php(326): CodeIgniter\CodeIgniter->handleRequest(NULL, Object(Config\Cache), false)
#3 I:\My Drive\bukanotaa\public\index.php(37): CodeIgniter\CodeIgniter->run()
#4 I:\My Drive\bukanotaa\system\Commands\Server\rewrite.php(43): require_once('I:\\My Drive\\buk...')
#5 {main}
CRITICAL - 2025-07-01 04:39:25 --> Uncaught ErrorException: file_get_contents(I:\My Drive\bukanotaa\app\Views\errors\html\debug.js): Failed to open stream: No such file or directory in I:\My Drive\bukanotaa\app\Views\errors\html\error_exception.php:19
Stack trace:
#0 [internal function]: CodeIgniter\Debug\Exceptions->errorHandler(2, 'file_get_conten...', 'I:\\My Drive\\buk...', 19)
#1 I:\My Drive\bukanotaa\app\Views\errors\html\error_exception.php(19): file_get_contents('I:\\My Drive\\buk...')
#2 I:\My Drive\bukanotaa\system\Debug\Exceptions.php(234): include('I:\\My Drive\\buk...')
#3 I:\My Drive\bukanotaa\system\Debug\Exceptions.php(237): CodeIgniter\Debug\Exceptions->CodeIgniter\Debug\{closure}()
#4 I:\My Drive\bukanotaa\system\Debug\Exceptions.php(121): CodeIgniter\Debug\Exceptions->render(Object(Error), 500)
#5 [internal function]: CodeIgniter\Debug\Exceptions->exceptionHandler(Object(Error))
#6 {main}
  thrown
#0 [internal function]: CodeIgniter\Debug\Exceptions->shutdownHandler()
#1 {main}
CRITICAL - 2025-07-01 04:39:48 --> Class "App\Models\RegisterModel" not found
#0 I:\My Drive\bukanotaa\system\CodeIgniter.php(809): App\Controllers\Register->__construct()
#1 I:\My Drive\bukanotaa\system\CodeIgniter.php(410): CodeIgniter\CodeIgniter->createController()
#2 I:\My Drive\bukanotaa\system\CodeIgniter.php(326): CodeIgniter\CodeIgniter->handleRequest(NULL, Object(Config\Cache), false)
#3 I:\My Drive\bukanotaa\public\index.php(37): CodeIgniter\CodeIgniter->run()
#4 I:\My Drive\bukanotaa\system\Commands\Server\rewrite.php(43): require_once('I:\\My Drive\\buk...')
#5 {main}
CRITICAL - 2025-07-01 04:39:48 --> Uncaught ErrorException: file_get_contents(I:\My Drive\bukanotaa\app\Views\errors\html\debug.js): Failed to open stream: No such file or directory in I:\My Drive\bukanotaa\app\Views\errors\html\error_exception.php:19
Stack trace:
#0 [internal function]: CodeIgniter\Debug\Exceptions->errorHandler(2, 'file_get_conten...', 'I:\\My Drive\\buk...', 19)
#1 I:\My Drive\bukanotaa\app\Views\errors\html\error_exception.php(19): file_get_contents('I:\\My Drive\\buk...')
#2 I:\My Drive\bukanotaa\system\Debug\Exceptions.php(234): include('I:\\My Drive\\buk...')
#3 I:\My Drive\bukanotaa\system\Debug\Exceptions.php(237): CodeIgniter\Debug\Exceptions->CodeIgniter\Debug\{closure}()
#4 I:\My Drive\bukanotaa\system\Debug\Exceptions.php(121): CodeIgniter\Debug\Exceptions->render(Object(Error), 500)
#5 [internal function]: CodeIgniter\Debug\Exceptions->exceptionHandler(Object(Error))
#6 {main}
  thrown
#0 [internal function]: CodeIgniter\Debug\Exceptions->shutdownHandler()
#1 {main}
CRITICAL - 2025-07-01 04:43:43 --> Class "App\Models\RegisterModel" not found
#0 I:\My Drive\bukanotaa\system\CodeIgniter.php(809): App\Controllers\Register->__construct()
#1 I:\My Drive\bukanotaa\system\CodeIgniter.php(410): CodeIgniter\CodeIgniter->createController()
#2 I:\My Drive\bukanotaa\system\CodeIgniter.php(326): CodeIgniter\CodeIgniter->handleRequest(NULL, Object(Config\Cache), false)
#3 I:\My Drive\bukanotaa\public\index.php(37): CodeIgniter\CodeIgniter->run()
#4 I:\My Drive\bukanotaa\system\Commands\Server\rewrite.php(43): require_once('I:\\My Drive\\buk...')
#5 {main}
CRITICAL - 2025-07-01 04:43:43 --> Uncaught ErrorException: file_get_contents(I:\My Drive\bukanotaa\app\Views\errors\html\debug.js): Failed to open stream: No such file or directory in I:\My Drive\bukanotaa\app\Views\errors\html\error_exception.php:19
Stack trace:
#0 [internal function]: CodeIgniter\Debug\Exceptions->errorHandler(2, 'file_get_conten...', 'I:\\My Drive\\buk...', 19)
#1 I:\My Drive\bukanotaa\app\Views\errors\html\error_exception.php(19): file_get_contents('I:\\My Drive\\buk...')
#2 I:\My Drive\bukanotaa\system\Debug\Exceptions.php(234): include('I:\\My Drive\\buk...')
#3 I:\My Drive\bukanotaa\system\Debug\Exceptions.php(237): CodeIgniter\Debug\Exceptions->CodeIgniter\Debug\{closure}()
#4 I:\My Drive\bukanotaa\system\Debug\Exceptions.php(121): CodeIgniter\Debug\Exceptions->render(Object(Error), 500)
#5 [internal function]: CodeIgniter\Debug\Exceptions->exceptionHandler(Object(Error))
#6 {main}
  thrown
#0 [internal function]: CodeIgniter\Debug\Exceptions->shutdownHandler()
#1 {main}
CRITICAL - 2025-07-01 04:43:48 --> Class "App\Models\RegisterModel" not found
#0 I:\My Drive\bukanotaa\system\CodeIgniter.php(809): App\Controllers\Register->__construct()
#1 I:\My Drive\bukanotaa\system\CodeIgniter.php(410): CodeIgniter\CodeIgniter->createController()
#2 I:\My Drive\bukanotaa\system\CodeIgniter.php(326): CodeIgniter\CodeIgniter->handleRequest(NULL, Object(Config\Cache), false)
#3 I:\My Drive\bukanotaa\public\index.php(37): CodeIgniter\CodeIgniter->run()
#4 I:\My Drive\bukanotaa\system\Commands\Server\rewrite.php(43): require_once('I:\\My Drive\\buk...')
#5 {main}
CRITICAL - 2025-07-01 04:43:48 --> Uncaught ErrorException: file_get_contents(I:\My Drive\bukanotaa\app\Views\errors\html\debug.js): Failed to open stream: No such file or directory in I:\My Drive\bukanotaa\app\Views\errors\html\error_exception.php:19
Stack trace:
#0 [internal function]: CodeIgniter\Debug\Exceptions->errorHandler(2, 'file_get_conten...', 'I:\\My Drive\\buk...', 19)
#1 I:\My Drive\bukanotaa\app\Views\errors\html\error_exception.php(19): file_get_contents('I:\\My Drive\\buk...')
#2 I:\My Drive\bukanotaa\system\Debug\Exceptions.php(234): include('I:\\My Drive\\buk...')
#3 I:\My Drive\bukanotaa\system\Debug\Exceptions.php(237): CodeIgniter\Debug\Exceptions->CodeIgniter\Debug\{closure}()
#4 I:\My Drive\bukanotaa\system\Debug\Exceptions.php(121): CodeIgniter\Debug\Exceptions->render(Object(Error), 500)
#5 [internal function]: CodeIgniter\Debug\Exceptions->exceptionHandler(Object(Error))
#6 {main}
  thrown
#0 [internal function]: CodeIgniter\Debug\Exceptions->shutdownHandler()
#1 {main}
CRITICAL - 2025-07-01 04:44:10 --> Class "App\Models\RegisterModel" not found
#0 I:\My Drive\bukanotaa\system\CodeIgniter.php(809): App\Controllers\Register->__construct()
#1 I:\My Drive\bukanotaa\system\CodeIgniter.php(410): CodeIgniter\CodeIgniter->createController()
#2 I:\My Drive\bukanotaa\system\CodeIgniter.php(326): CodeIgniter\CodeIgniter->handleRequest(NULL, Object(Config\Cache), false)
#3 I:\My Drive\bukanotaa\public\index.php(37): CodeIgniter\CodeIgniter->run()
#4 I:\My Drive\bukanotaa\system\Commands\Server\rewrite.php(43): require_once('I:\\My Drive\\buk...')
#5 {main}
CRITICAL - 2025-07-01 04:44:10 --> Uncaught ErrorException: file_get_contents(I:\My Drive\bukanotaa\app\Views\errors\html\debug.js): Failed to open stream: No such file or directory in I:\My Drive\bukanotaa\app\Views\errors\html\error_exception.php:19
Stack trace:
#0 [internal function]: CodeIgniter\Debug\Exceptions->errorHandler(2, 'file_get_conten...', 'I:\\My Drive\\buk...', 19)
#1 I:\My Drive\bukanotaa\app\Views\errors\html\error_exception.php(19): file_get_contents('I:\\My Drive\\buk...')
#2 I:\My Drive\bukanotaa\system\Debug\Exceptions.php(234): include('I:\\My Drive\\buk...')
#3 I:\My Drive\bukanotaa\system\Debug\Exceptions.php(237): CodeIgniter\Debug\Exceptions->CodeIgniter\Debug\{closure}()
#4 I:\My Drive\bukanotaa\system\Debug\Exceptions.php(121): CodeIgniter\Debug\Exceptions->render(Object(Error), 500)
#5 [internal function]: CodeIgniter\Debug\Exceptions->exceptionHandler(Object(Error))
#6 {main}
  thrown
#0 [internal function]: CodeIgniter\Debug\Exceptions->shutdownHandler()
#1 {main}
CRITICAL - 2025-07-01 04:47:38 --> Class "App\Models\RegisterModel" not found
#0 I:\My Drive\bukanotaa\system\CodeIgniter.php(809): App\Controllers\Register->__construct()
#1 I:\My Drive\bukanotaa\system\CodeIgniter.php(410): CodeIgniter\CodeIgniter->createController()
#2 I:\My Drive\bukanotaa\system\CodeIgniter.php(326): CodeIgniter\CodeIgniter->handleRequest(NULL, Object(Config\Cache), false)
#3 I:\My Drive\bukanotaa\public\index.php(37): CodeIgniter\CodeIgniter->run()
#4 I:\My Drive\bukanotaa\system\Commands\Server\rewrite.php(43): require_once('I:\\My Drive\\buk...')
#5 {main}
CRITICAL - 2025-07-01 04:47:38 --> Uncaught ErrorException: file_get_contents(I:\My Drive\bukanotaa\app\Views\errors\html\debug.js): Failed to open stream: No such file or directory in I:\My Drive\bukanotaa\app\Views\errors\html\error_exception.php:19
Stack trace:
#0 [internal function]: CodeIgniter\Debug\Exceptions->errorHandler(2, 'file_get_conten...', 'I:\\My Drive\\buk...', 19)
#1 I:\My Drive\bukanotaa\app\Views\errors\html\error_exception.php(19): file_get_contents('I:\\My Drive\\buk...')
#2 I:\My Drive\bukanotaa\system\Debug\Exceptions.php(234): include('I:\\My Drive\\buk...')
#3 I:\My Drive\bukanotaa\system\Debug\Exceptions.php(237): CodeIgniter\Debug\Exceptions->CodeIgniter\Debug\{closure}()
#4 I:\My Drive\bukanotaa\system\Debug\Exceptions.php(121): CodeIgniter\Debug\Exceptions->render(Object(Error), 500)
#5 [internal function]: CodeIgniter\Debug\Exceptions->exceptionHandler(Object(Error))
#6 {main}
  thrown
#0 [internal function]: CodeIgniter\Debug\Exceptions->shutdownHandler()
#1 {main}
CRITICAL - 2025-07-01 04:47:45 --> Class "App\Models\RegisterModel" not found
#0 I:\My Drive\bukanotaa\system\CodeIgniter.php(809): App\Controllers\Register->__construct()
#1 I:\My Drive\bukanotaa\system\CodeIgniter.php(410): CodeIgniter\CodeIgniter->createController()
#2 I:\My Drive\bukanotaa\system\CodeIgniter.php(326): CodeIgniter\CodeIgniter->handleRequest(NULL, Object(Config\Cache), false)
#3 I:\My Drive\bukanotaa\public\index.php(37): CodeIgniter\CodeIgniter->run()
#4 I:\My Drive\bukanotaa\system\Commands\Server\rewrite.php(43): require_once('I:\\My Drive\\buk...')
#5 {main}
CRITICAL - 2025-07-01 04:47:45 --> Uncaught ErrorException: file_get_contents(I:\My Drive\bukanotaa\app\Views\errors\html\debug.js): Failed to open stream: No such file or directory in I:\My Drive\bukanotaa\app\Views\errors\html\error_exception.php:19
Stack trace:
#0 [internal function]: CodeIgniter\Debug\Exceptions->errorHandler(2, 'file_get_conten...', 'I:\\My Drive\\buk...', 19)
#1 I:\My Drive\bukanotaa\app\Views\errors\html\error_exception.php(19): file_get_contents('I:\\My Drive\\buk...')
#2 I:\My Drive\bukanotaa\system\Debug\Exceptions.php(234): include('I:\\My Drive\\buk...')
#3 I:\My Drive\bukanotaa\system\Debug\Exceptions.php(237): CodeIgniter\Debug\Exceptions->CodeIgniter\Debug\{closure}()
#4 I:\My Drive\bukanotaa\system\Debug\Exceptions.php(121): CodeIgniter\Debug\Exceptions->render(Object(Error), 500)
#5 [internal function]: CodeIgniter\Debug\Exceptions->exceptionHandler(Object(Error))
#6 {main}
  thrown
#0 [internal function]: CodeIgniter\Debug\Exceptions->shutdownHandler()
#1 {main}
CRITICAL - 2025-07-01 04:50:08 --> Class "App\Models\RegisterModel" not found
#0 I:\My Drive\bukanotaa\system\CodeIgniter.php(809): App\Controllers\Register->__construct()
#1 I:\My Drive\bukanotaa\system\CodeIgniter.php(410): CodeIgniter\CodeIgniter->createController()
#2 I:\My Drive\bukanotaa\system\CodeIgniter.php(326): CodeIgniter\CodeIgniter->handleRequest(NULL, Object(Config\Cache), false)
#3 I:\My Drive\bukanotaa\public\index.php(37): CodeIgniter\CodeIgniter->run()
#4 I:\My Drive\bukanotaa\system\Commands\Server\rewrite.php(43): require_once('I:\\My Drive\\buk...')
#5 {main}
CRITICAL - 2025-07-01 04:50:08 --> Uncaught ErrorException: file_get_contents(I:\My Drive\bukanotaa\app\Views\errors\html\debug.js): Failed to open stream: No such file or directory in I:\My Drive\bukanotaa\app\Views\errors\html\error_exception.php:19
Stack trace:
#0 [internal function]: CodeIgniter\Debug\Exceptions->errorHandler(2, 'file_get_conten...', 'I:\\My Drive\\buk...', 19)
#1 I:\My Drive\bukanotaa\app\Views\errors\html\error_exception.php(19): file_get_contents('I:\\My Drive\\buk...')
#2 I:\My Drive\bukanotaa\system\Debug\Exceptions.php(234): include('I:\\My Drive\\buk...')
#3 I:\My Drive\bukanotaa\system\Debug\Exceptions.php(237): CodeIgniter\Debug\Exceptions->CodeIgniter\Debug\{closure}()
#4 I:\My Drive\bukanotaa\system\Debug\Exceptions.php(121): CodeIgniter\Debug\Exceptions->render(Object(Error), 500)
#5 [internal function]: CodeIgniter\Debug\Exceptions->exceptionHandler(Object(Error))
#6 {main}
  thrown
#0 [internal function]: CodeIgniter\Debug\Exceptions->shutdownHandler()
#1 {main}
