ERROR - 2025-05-10 09:29:20 --> Table 'yeoman.log' doesn't exist
CRITICAL - 2025-05-10 09:29:20 --> Argument 2 passed to view() must be of the type array, null given, called in I:\My Drive\YEOMAN\app\Controllers\admin.php on line 32
#0 I:\My Drive\YEOMAN\app\Controllers\admin.php(32): view('admin/header', NULL, Array)
#1 I:\My Drive\YEOMAN\system\CodeIgniter.php(832): App\Controllers\admin->index()
#2 I:\My Drive\YEOMAN\system\CodeIgniter.php(419): CodeIgniter\CodeIgniter->runController(Object(App\Controllers\admin))
#3 I:\My Drive\YEOMAN\system\CodeIgniter.php(326): CodeIgniter\CodeIgniter->handleRequest(NULL, Object(Config\Cache), false)
#4 I:\My Drive\YEOMAN\public\index.php(37): CodeIgniter\CodeIgniter->run()
#5 I:\My Drive\YEOMAN\system\Commands\Server\rewrite.php(43): require_once('I:\\My Drive\\YEO...')
#6 {main}
CRITICAL - 2025-05-10 09:32:09 --> Argument 2 passed to view() must be of the type array, null given, called in I:\My Drive\YEOMAN\app\Controllers\admin.php on line 32
#0 I:\My Drive\YEOMAN\app\Controllers\admin.php(32): view('admin/header', NULL, Array)
#1 I:\My Drive\YEOMAN\system\CodeIgniter.php(832): App\Controllers\admin->index()
#2 I:\My Drive\YEOMAN\system\CodeIgniter.php(419): CodeIgniter\CodeIgniter->runController(Object(App\Controllers\admin))
#3 I:\My Drive\YEOMAN\system\CodeIgniter.php(326): CodeIgniter\CodeIgniter->handleRequest(NULL, Object(Config\Cache), false)
#4 I:\My Drive\YEOMAN\public\index.php(37): CodeIgniter\CodeIgniter->run()
#5 I:\My Drive\YEOMAN\system\Commands\Server\rewrite.php(43): require_once('I:\\My Drive\\YEO...')
#6 {main}
CRITICAL - 2025-05-10 09:32:46 --> Argument 2 passed to view() must be of the type array, null given, called in I:\My Drive\YEOMAN\app\Controllers\admin.php on line 32
#0 I:\My Drive\YEOMAN\app\Controllers\admin.php(32): view('admin/header', NULL, Array)
#1 I:\My Drive\YEOMAN\system\CodeIgniter.php(832): App\Controllers\admin->index()
#2 I:\My Drive\YEOMAN\system\CodeIgniter.php(419): CodeIgniter\CodeIgniter->runController(Object(App\Controllers\admin))
#3 I:\My Drive\YEOMAN\system\CodeIgniter.php(326): CodeIgniter\CodeIgniter->handleRequest(NULL, Object(Config\Cache), false)
#4 I:\My Drive\YEOMAN\public\index.php(37): CodeIgniter\CodeIgniter->run()
#5 I:\My Drive\YEOMAN\system\Commands\Server\rewrite.php(43): require_once('I:\\My Drive\\YEO...')
#6 {main}
CRITICAL - 2025-05-10 09:32:55 --> Argument 2 passed to view() must be of the type array, null given, called in I:\My Drive\YEOMAN\app\Controllers\admin.php on line 32
#0 I:\My Drive\YEOMAN\app\Controllers\admin.php(32): view('admin/header', NULL, Array)
#1 I:\My Drive\YEOMAN\system\CodeIgniter.php(832): App\Controllers\admin->index()
#2 I:\My Drive\YEOMAN\system\CodeIgniter.php(419): CodeIgniter\CodeIgniter->runController(Object(App\Controllers\admin))
#3 I:\My Drive\YEOMAN\system\CodeIgniter.php(326): CodeIgniter\CodeIgniter->handleRequest(NULL, Object(Config\Cache), false)
#4 I:\My Drive\YEOMAN\public\index.php(37): CodeIgniter\CodeIgniter->run()
#5 I:\My Drive\YEOMAN\system\Commands\Server\rewrite.php(43): require_once('I:\\My Drive\\YEO...')
#6 {main}
CRITICAL - 2025-05-10 09:34:41 --> Argument 2 passed to view() must be of the type array, null given, called in I:\My Drive\YEOMAN\app\Controllers\admin.php on line 32
#0 I:\My Drive\YEOMAN\app\Controllers\admin.php(32): view('admin/header', NULL, Array)
#1 I:\My Drive\YEOMAN\system\CodeIgniter.php(832): App\Controllers\admin->index()
#2 I:\My Drive\YEOMAN\system\CodeIgniter.php(419): CodeIgniter\CodeIgniter->runController(Object(App\Controllers\admin))
#3 I:\My Drive\YEOMAN\system\CodeIgniter.php(326): CodeIgniter\CodeIgniter->handleRequest(NULL, Object(Config\Cache), false)
#4 I:\My Drive\YEOMAN\public\index.php(37): CodeIgniter\CodeIgniter->run()
#5 I:\My Drive\YEOMAN\system\Commands\Server\rewrite.php(43): require_once('I:\\My Drive\\YEO...')
#6 {main}
CRITICAL - 2025-05-10 10:03:10 --> Argument 2 passed to view() must be of the type array, null given, called in I:\My Drive\YEOMAN\app\Controllers\Home.php on line 728
#0 I:\My Drive\YEOMAN\app\Controllers\Home.php(728): view('admin/header', NULL, Array)
#1 I:\My Drive\YEOMAN\system\CodeIgniter.php(832): App\Controllers\Home->dihapus_petugas()
#2 I:\My Drive\YEOMAN\system\CodeIgniter.php(419): CodeIgniter\CodeIgniter->runController(Object(App\Controllers\Home))
#3 I:\My Drive\YEOMAN\system\CodeIgniter.php(326): CodeIgniter\CodeIgniter->handleRequest(NULL, Object(Config\Cache), false)
#4 I:\My Drive\YEOMAN\public\index.php(37): CodeIgniter\CodeIgniter->run()
#5 I:\My Drive\YEOMAN\system\Commands\Server\rewrite.php(43): require_once('I:\\My Drive\\YEO...')
#6 {main}
CRITICAL - 2025-05-10 10:04:59 --> Argument 2 passed to view() must be of the type array, null given, called in I:\My Drive\YEOMAN\app\Controllers\Home.php on line 730
#0 I:\My Drive\YEOMAN\app\Controllers\Home.php(730): view('admin/header', NULL, Array)
#1 I:\My Drive\YEOMAN\system\CodeIgniter.php(832): App\Controllers\Home->dihapus_petugas()
#2 I:\My Drive\YEOMAN\system\CodeIgniter.php(419): CodeIgniter\CodeIgniter->runController(Object(App\Controllers\Home))
#3 I:\My Drive\YEOMAN\system\CodeIgniter.php(326): CodeIgniter\CodeIgniter->handleRequest(NULL, Object(Config\Cache), false)
#4 I:\My Drive\YEOMAN\public\index.php(37): CodeIgniter\CodeIgniter->run()
#5 I:\My Drive\YEOMAN\system\Commands\Server\rewrite.php(43): require_once('I:\\My Drive\\YEO...')
#6 {main}
CRITICAL - 2025-05-10 10:05:35 --> Call to a member function getWhere() on null
#0 I:\My Drive\YEOMAN\system\CodeIgniter.php(832): App\Controllers\Home->dihapus_petugas()
#1 I:\My Drive\YEOMAN\system\CodeIgniter.php(419): CodeIgniter\CodeIgniter->runController(Object(App\Controllers\Home))
#2 I:\My Drive\YEOMAN\system\CodeIgniter.php(326): CodeIgniter\CodeIgniter->handleRequest(NULL, Object(Config\Cache), false)
#3 I:\My Drive\YEOMAN\public\index.php(37): CodeIgniter\CodeIgniter->run()
#4 I:\My Drive\YEOMAN\system\Commands\Server\rewrite.php(43): require_once('I:\\My Drive\\YEO...')
#5 {main}
CRITICAL - 2025-05-10 10:05:57 --> Call to a member function getWhere() on null
#0 I:\My Drive\YEOMAN\system\CodeIgniter.php(832): App\Controllers\Home->dihapus_petugas()
#1 I:\My Drive\YEOMAN\system\CodeIgniter.php(419): CodeIgniter\CodeIgniter->runController(Object(App\Controllers\Home))
#2 I:\My Drive\YEOMAN\system\CodeIgniter.php(326): CodeIgniter\CodeIgniter->handleRequest(NULL, Object(Config\Cache), false)
#3 I:\My Drive\YEOMAN\public\index.php(37): CodeIgniter\CodeIgniter->run()
#4 I:\My Drive\YEOMAN\system\Commands\Server\rewrite.php(43): require_once('I:\\My Drive\\YEO...')
#5 {main}
CRITICAL - 2025-05-10 10:25:13 --> Class 'App\Controllers\M_belajar' not found
#0 I:\My Drive\YEOMAN\system\CodeIgniter.php(832): App\Controllers\Pemasangan->dihapus_pemasangan()
#1 I:\My Drive\YEOMAN\system\CodeIgniter.php(419): CodeIgniter\CodeIgniter->runController(Object(App\Controllers\Pemasangan))
#2 I:\My Drive\YEOMAN\system\CodeIgniter.php(326): CodeIgniter\CodeIgniter->handleRequest(NULL, Object(Config\Cache), false)
#3 I:\My Drive\YEOMAN\public\index.php(37): CodeIgniter\CodeIgniter->run()
#4 I:\My Drive\YEOMAN\system\Commands\Server\rewrite.php(43): require_once('I:\\My Drive\\YEO...')
#5 {main}
