CRITICAL - 2025-06-26 02:21:21 --> syntax error, unexpected token "<", expecting end of file
#0 G:\My Drive\YEOMAN\system\Router\Router.php(175): CodeIgniter\Router\Router->autoRoute('dashboard/dashb...')
#1 G:\My Drive\YEOMAN\system\CodeIgniter.php(726): CodeIgniter\Router\Router->handle('dashboard/dashb...')
#2 G:\My Drive\YEOMAN\system\CodeIgniter.php(368): CodeIgniter\CodeIgniter->tryToRouteIt(Object(CodeIgniter\Router\RouteCollection))
#3 G:\My Drive\YEOMAN\system\CodeIgniter.php(326): CodeIgniter\CodeIgniter->handleRequest(NULL, Object(Config\Cache), false)
#4 G:\My Drive\YEOMAN\public\index.php(37): CodeIgniter\CodeIgniter->run()
#5 G:\My Drive\YEOMAN\system\Commands\Server\rewrite.php(43): require_once('G:\\My Drive\\YEO...')
#6 {main}
CRITICAL - 2025-06-26 02:21:26 --> syntax error, unexpected token "<", expecting end of file
#0 G:\My Drive\YEOMAN\system\Router\Router.php(175): CodeIgniter\Router\Router->autoRoute('dashboard/dashb...')
#1 G:\My Drive\YEOMAN\system\CodeIgniter.php(726): CodeIgniter\Router\Router->handle('dashboard/dashb...')
#2 G:\My Drive\YEOMAN\system\CodeIgniter.php(368): CodeIgniter\CodeIgniter->tryToRouteIt(Object(CodeIgniter\Router\RouteCollection))
#3 G:\My Drive\YEOMAN\system\CodeIgniter.php(326): CodeIgniter\CodeIgniter->handleRequest(NULL, Object(Config\Cache), false)
#4 G:\My Drive\YEOMAN\public\index.php(37): CodeIgniter\CodeIgniter->run()
#5 G:\My Drive\YEOMAN\system\Commands\Server\rewrite.php(43): require_once('G:\\My Drive\\YEO...')
#6 {main}
CRITICAL - 2025-06-26 02:22:05 --> syntax error, unexpected token "<", expecting end of file
#0 G:\My Drive\YEOMAN\system\Router\Router.php(175): CodeIgniter\Router\Router->autoRoute('dashboard')
#1 G:\My Drive\YEOMAN\system\CodeIgniter.php(726): CodeIgniter\Router\Router->handle('dashboard')
#2 G:\My Drive\YEOMAN\system\CodeIgniter.php(368): CodeIgniter\CodeIgniter->tryToRouteIt(Object(CodeIgniter\Router\RouteCollection))
#3 G:\My Drive\YEOMAN\system\CodeIgniter.php(326): CodeIgniter\CodeIgniter->handleRequest(NULL, Object(Config\Cache), false)
#4 G:\My Drive\YEOMAN\public\index.php(37): CodeIgniter\CodeIgniter->run()
#5 G:\My Drive\YEOMAN\system\Commands\Server\rewrite.php(43): require_once('G:\\My Drive\\YEO...')
#6 {main}
CRITICAL - 2025-06-26 02:22:31 --> syntax error, unexpected token "<", expecting end of file
#0 G:\My Drive\YEOMAN\system\Router\Router.php(175): CodeIgniter\Router\Router->autoRoute('dashboard/dashb...')
#1 G:\My Drive\YEOMAN\system\CodeIgniter.php(726): CodeIgniter\Router\Router->handle('dashboard/dashb...')
#2 G:\My Drive\YEOMAN\system\CodeIgniter.php(368): CodeIgniter\CodeIgniter->tryToRouteIt(Object(CodeIgniter\Router\RouteCollection))
#3 G:\My Drive\YEOMAN\system\CodeIgniter.php(326): CodeIgniter\CodeIgniter->handleRequest(NULL, Object(Config\Cache), false)
#4 G:\My Drive\YEOMAN\public\index.php(37): CodeIgniter\CodeIgniter->run()
#5 G:\My Drive\YEOMAN\system\Commands\Server\rewrite.php(43): require_once('G:\\My Drive\\YEO...')
#6 {main}
CRITICAL - 2025-06-26 02:22:34 --> syntax error, unexpected token "<", expecting end of file
#0 G:\My Drive\YEOMAN\system\Router\Router.php(175): CodeIgniter\Router\Router->autoRoute('dashboard/dashb...')
#1 G:\My Drive\YEOMAN\system\CodeIgniter.php(726): CodeIgniter\Router\Router->handle('dashboard/dashb...')
#2 G:\My Drive\YEOMAN\system\CodeIgniter.php(368): CodeIgniter\CodeIgniter->tryToRouteIt(Object(CodeIgniter\Router\RouteCollection))
#3 G:\My Drive\YEOMAN\system\CodeIgniter.php(326): CodeIgniter\CodeIgniter->handleRequest(NULL, Object(Config\Cache), false)
#4 G:\My Drive\YEOMAN\public\index.php(37): CodeIgniter\CodeIgniter->run()
#5 G:\My Drive\YEOMAN\system\Commands\Server\rewrite.php(43): require_once('G:\\My Drive\\YEO...')
#6 {main}
CRITICAL - 2025-06-26 02:45:09 --> syntax error, unexpected token "<", expecting end of file
#0 I:\My Drive\YEOMAN\system\Router\Router.php(175): CodeIgniter\Router\Router->autoRoute('dashboard')
#1 I:\My Drive\YEOMAN\system\CodeIgniter.php(726): CodeIgniter\Router\Router->handle('dashboard')
#2 I:\My Drive\YEOMAN\system\CodeIgniter.php(368): CodeIgniter\CodeIgniter->tryToRouteIt(Object(CodeIgniter\Router\RouteCollection))
#3 I:\My Drive\YEOMAN\system\CodeIgniter.php(326): CodeIgniter\CodeIgniter->handleRequest(NULL, Object(Config\Cache), false)
#4 I:\My Drive\YEOMAN\public\index.php(37): CodeIgniter\CodeIgniter->run()
#5 I:\My Drive\YEOMAN\system\Commands\Server\rewrite.php(43): require_once('I:\\My Drive\\YEO...')
#6 {main}
CRITICAL - 2025-06-26 02:45:13 --> syntax error, unexpected token "<", expecting end of file
#0 I:\My Drive\YEOMAN\system\Router\Router.php(175): CodeIgniter\Router\Router->autoRoute('dashboard')
#1 I:\My Drive\YEOMAN\system\CodeIgniter.php(726): CodeIgniter\Router\Router->handle('dashboard')
#2 I:\My Drive\YEOMAN\system\CodeIgniter.php(368): CodeIgniter\CodeIgniter->tryToRouteIt(Object(CodeIgniter\Router\RouteCollection))
#3 I:\My Drive\YEOMAN\system\CodeIgniter.php(326): CodeIgniter\CodeIgniter->handleRequest(NULL, Object(Config\Cache), false)
#4 I:\My Drive\YEOMAN\public\index.php(37): CodeIgniter\CodeIgniter->run()
#5 I:\My Drive\YEOMAN\system\Commands\Server\rewrite.php(43): require_once('I:\\My Drive\\YEO...')
#6 {main}
