CRITICAL - 2025-06-01 03:06:47 --> Undefined property: stdClass::$id_detail
#0 K:\My Drive\YEOMAN\app\Views\pemesanan.php(74): CodeIgniter\Debug\Exceptions->errorHandler(2, 'Undefined prope...', 'K:\\My Drive\\YEO...', 74)
#1 K:\My Drive\YEOMAN\system\View\View.php(210): include('K:\\My Drive\\YEO...')
#2 K:\My Drive\YEOMAN\system\View\View.php(213): CodeIgniter\View\View->CodeIgniter\View\{closure}()
#3 K:\My Drive\YEOMAN\system\Common.php(1089): CodeIgniter\View\View->render('pemesanan', Array, true)
#4 K:\My Drive\YEOMAN\app\Controllers\Home.php(370): view('pemesanan', Array)
#5 K:\My Drive\YEOMAN\system\CodeIgniter.php(832): App\Controllers\Home->pemesanan()
#6 K:\My Drive\YEOMAN\system\CodeIgniter.php(419): CodeIgniter\CodeIgniter->runController(Object(App\Controllers\Home))
#7 K:\My Drive\YEOMAN\system\CodeIgniter.php(326): CodeIgniter\CodeIgniter->handleRequest(NULL, Object(Config\Cache), false)
#8 K:\My Drive\YEOMAN\public\index.php(37): CodeIgniter\CodeIgniter->run()
#9 K:\My Drive\YEOMAN\system\Commands\Server\rewrite.php(43): require_once('K:\\My Drive\\YEO...')
#10 {main}
ERROR - 2025-06-01 05:30:13 --> Unknown column 'pembayaran.id_detail' in 'on clause'
CRITICAL - 2025-06-01 05:30:13 --> Call to a member function getResultArray() on bool
#0 K:\My Drive\YEOMAN\system\CodeIgniter.php(832): App\Controllers\Home->pembayaran()
#1 K:\My Drive\YEOMAN\system\CodeIgniter.php(419): CodeIgniter\CodeIgniter->runController(Object(App\Controllers\Home))
#2 K:\My Drive\YEOMAN\system\CodeIgniter.php(326): CodeIgniter\CodeIgniter->handleRequest(NULL, Object(Config\Cache), false)
#3 K:\My Drive\YEOMAN\public\index.php(37): CodeIgniter\CodeIgniter->run()
#4 K:\My Drive\YEOMAN\system\Commands\Server\rewrite.php(43): require_once('K:\\My Drive\\YEO...')
#5 {main}
ERROR - 2025-06-01 05:31:18 --> Unknown column 'pemesanan.id_detail' in 'on clause'
CRITICAL - 2025-06-01 05:31:18 --> Call to a member function getResultArray() on bool
#0 K:\My Drive\YEOMAN\system\CodeIgniter.php(832): App\Controllers\Home->pembayaran()
#1 K:\My Drive\YEOMAN\system\CodeIgniter.php(419): CodeIgniter\CodeIgniter->runController(Object(App\Controllers\Home))
#2 K:\My Drive\YEOMAN\system\CodeIgniter.php(326): CodeIgniter\CodeIgniter->handleRequest(NULL, Object(Config\Cache), false)
#3 K:\My Drive\YEOMAN\public\index.php(37): CodeIgniter\CodeIgniter->run()
#4 K:\My Drive\YEOMAN\system\Commands\Server\rewrite.php(43): require_once('K:\\My Drive\\YEO...')
#5 {main}
ERROR - 2025-06-01 05:47:32 --> Unknown column 'p.id_detail' in 'on clause'
CRITICAL - 2025-06-01 05:47:32 --> Call to a member function getResultArray() on bool
#0 K:\My Drive\YEOMAN\app\Controllers\Keuangan.php(630): App\Models\M_keuangan->getPenjualan('2025-04-13', '2025-06-01')
#1 K:\My Drive\YEOMAN\system\CodeIgniter.php(832): App\Controllers\Keuangan->penjualan()
#2 K:\My Drive\YEOMAN\system\CodeIgniter.php(419): CodeIgniter\CodeIgniter->runController(Object(App\Controllers\Keuangan))
#3 K:\My Drive\YEOMAN\system\CodeIgniter.php(326): CodeIgniter\CodeIgniter->handleRequest(NULL, Object(Config\Cache), false)
#4 K:\My Drive\YEOMAN\public\index.php(37): CodeIgniter\CodeIgniter->run()
#5 K:\My Drive\YEOMAN\system\Commands\Server\rewrite.php(43): require_once('K:\\My Drive\\YEO...')
#6 {main}
ERROR - 2025-06-01 05:48:27 --> Unknown column 'p.id_detail' in 'on clause'
CRITICAL - 2025-06-01 05:48:27 --> Call to a member function getResultArray() on bool
#0 K:\My Drive\YEOMAN\app\Controllers\Keuangan.php(630): App\Models\M_keuangan->getPenjualan('2025-04-13', '2025-06-01')
#1 K:\My Drive\YEOMAN\system\CodeIgniter.php(832): App\Controllers\Keuangan->penjualan()
#2 K:\My Drive\YEOMAN\system\CodeIgniter.php(419): CodeIgniter\CodeIgniter->runController(Object(App\Controllers\Keuangan))
#3 K:\My Drive\YEOMAN\system\CodeIgniter.php(326): CodeIgniter\CodeIgniter->handleRequest(NULL, Object(Config\Cache), false)
#4 K:\My Drive\YEOMAN\public\index.php(37): CodeIgniter\CodeIgniter->run()
#5 K:\My Drive\YEOMAN\system\Commands\Server\rewrite.php(43): require_once('K:\\My Drive\\YEO...')
#6 {main}
ERROR - 2025-06-01 05:48:37 --> Unknown column 'p.id_detail' in 'on clause'
CRITICAL - 2025-06-01 05:48:37 --> Call to a member function getResultArray() on bool
#0 K:\My Drive\YEOMAN\app\Controllers\Keuangan.php(630): App\Models\M_keuangan->getPenjualan('2025-04-13', '2025-06-01')
#1 K:\My Drive\YEOMAN\system\CodeIgniter.php(832): App\Controllers\Keuangan->penjualan()
#2 K:\My Drive\YEOMAN\system\CodeIgniter.php(419): CodeIgniter\CodeIgniter->runController(Object(App\Controllers\Keuangan))
#3 K:\My Drive\YEOMAN\system\CodeIgniter.php(326): CodeIgniter\CodeIgniter->handleRequest(NULL, Object(Config\Cache), false)
#4 K:\My Drive\YEOMAN\public\index.php(37): CodeIgniter\CodeIgniter->run()
#5 K:\My Drive\YEOMAN\system\Commands\Server\rewrite.php(43): require_once('K:\\My Drive\\YEO...')
#6 {main}
ERROR - 2025-06-01 05:53:14 --> Unknown column 'p.id_detail' in 'on clause'
CRITICAL - 2025-06-01 05:53:14 --> Call to a member function getResultArray() on bool
#0 K:\My Drive\YEOMAN\app\Controllers\Keuangan.php(630): App\Models\M_keuangan->getPenjualan('2025-04-13', '2025-06-01')
#1 K:\My Drive\YEOMAN\system\CodeIgniter.php(832): App\Controllers\Keuangan->penjualan()
#2 K:\My Drive\YEOMAN\system\CodeIgniter.php(419): CodeIgniter\CodeIgniter->runController(Object(App\Controllers\Keuangan))
#3 K:\My Drive\YEOMAN\system\CodeIgniter.php(326): CodeIgniter\CodeIgniter->handleRequest(NULL, Object(Config\Cache), false)
#4 K:\My Drive\YEOMAN\public\index.php(37): CodeIgniter\CodeIgniter->run()
#5 K:\My Drive\YEOMAN\system\Commands\Server\rewrite.php(43): require_once('K:\\My Drive\\YEO...')
#6 {main}
ERROR - 2025-06-01 06:32:09 --> Error connecting to the database: Unknown database 'ynn'
CRITICAL - 2025-06-01 06:32:09 --> Unable to connect to the database.
Main connection [MySQLi]: Unknown database 'ynn'
#0 J:\My Drive\YEOMAN\system\Database\BaseConnection.php(577): CodeIgniter\Database\BaseConnection->initialize()
#1 J:\My Drive\YEOMAN\system\Database\BaseBuilder.php(1455): CodeIgniter\Database\BaseConnection->query('SELECT *\nFROM `...', Array, false)
#2 J:\My Drive\YEOMAN\app\Models\Yeoman.php(73): CodeIgniter\Database\BaseBuilder->get()
#3 J:\My Drive\YEOMAN\app\Controllers\Home.php(28): App\Models\Yeoman->getWebDetails()
#4 J:\My Drive\YEOMAN\system\CodeIgniter.php(809): App\Controllers\Home->__construct()
#5 J:\My Drive\YEOMAN\system\CodeIgniter.php(410): CodeIgniter\CodeIgniter->createController()
#6 J:\My Drive\YEOMAN\system\CodeIgniter.php(326): CodeIgniter\CodeIgniter->handleRequest(NULL, Object(Config\Cache), false)
#7 J:\My Drive\YEOMAN\public\index.php(37): CodeIgniter\CodeIgniter->run()
#8 {main}
ERROR - 2025-06-01 06:34:24 --> Unknown column 'stok' in 'field list'
ERROR - 2025-06-01 06:34:24 --> Unknown column 'stok' in 'field list'
ERROR - 2025-06-01 06:39:16 --> Unknown column 'p.id_detail' in 'on clause'
CRITICAL - 2025-06-01 06:39:17 --> Call to a member function getResultArray() on bool
#0 K:\My Drive\YEOMAN\app\Controllers\Keuangan.php(630): App\Models\M_keuangan->getPenjualan('2025-04-13', '2025-06-01')
#1 K:\My Drive\YEOMAN\system\CodeIgniter.php(832): App\Controllers\Keuangan->penjualan()
#2 K:\My Drive\YEOMAN\system\CodeIgniter.php(419): CodeIgniter\CodeIgniter->runController(Object(App\Controllers\Keuangan))
#3 K:\My Drive\YEOMAN\system\CodeIgniter.php(326): CodeIgniter\CodeIgniter->handleRequest(NULL, Object(Config\Cache), false)
#4 K:\My Drive\YEOMAN\public\index.php(37): CodeIgniter\CodeIgniter->run()
#5 K:\My Drive\YEOMAN\system\Commands\Server\rewrite.php(43): require_once('K:\\My Drive\\YEO...')
#6 {main}
CRITICAL - 2025-06-01 06:44:09 --> Undefined array key "modal"
#0 K:\My Drive\YEOMAN\app\Controllers\Keuangan.php(705): CodeIgniter\Debug\Exceptions->errorHandler(2, 'Undefined array...', 'K:\\My Drive\\YEO...', 705)
#1 K:\My Drive\YEOMAN\system\CodeIgniter.php(832): App\Controllers\Keuangan->exportPenjualanExcel()
#2 K:\My Drive\YEOMAN\system\CodeIgniter.php(419): CodeIgniter\CodeIgniter->runController(Object(App\Controllers\Keuangan))
#3 K:\My Drive\YEOMAN\system\CodeIgniter.php(326): CodeIgniter\CodeIgniter->handleRequest(NULL, Object(Config\Cache), false)
#4 K:\My Drive\YEOMAN\public\index.php(37): CodeIgniter\CodeIgniter->run()
#5 K:\My Drive\YEOMAN\system\Commands\Server\rewrite.php(43): require_once('K:\\My Drive\\YEO...')
#6 {main}
CRITICAL - 2025-06-01 06:44:14 --> Undefined array key "modal"
#0 K:\My Drive\YEOMAN\app\Controllers\Keuangan.php(705): CodeIgniter\Debug\Exceptions->errorHandler(2, 'Undefined array...', 'K:\\My Drive\\YEO...', 705)
#1 K:\My Drive\YEOMAN\system\CodeIgniter.php(832): App\Controllers\Keuangan->exportPenjualanExcel()
#2 K:\My Drive\YEOMAN\system\CodeIgniter.php(419): CodeIgniter\CodeIgniter->runController(Object(App\Controllers\Keuangan))
#3 K:\My Drive\YEOMAN\system\CodeIgniter.php(326): CodeIgniter\CodeIgniter->handleRequest(NULL, Object(Config\Cache), false)
#4 K:\My Drive\YEOMAN\public\index.php(37): CodeIgniter\CodeIgniter->run()
#5 K:\My Drive\YEOMAN\system\Commands\Server\rewrite.php(43): require_once('K:\\My Drive\\YEO...')
#6 {main}
CRITICAL - 2025-06-01 06:44:22 --> Undefined array key "modal"
#0 K:\My Drive\YEOMAN\app\Controllers\Keuangan.php(705): CodeIgniter\Debug\Exceptions->errorHandler(2, 'Undefined array...', 'K:\\My Drive\\YEO...', 705)
#1 K:\My Drive\YEOMAN\system\CodeIgniter.php(832): App\Controllers\Keuangan->exportPenjualanExcel()
#2 K:\My Drive\YEOMAN\system\CodeIgniter.php(419): CodeIgniter\CodeIgniter->runController(Object(App\Controllers\Keuangan))
#3 K:\My Drive\YEOMAN\system\CodeIgniter.php(326): CodeIgniter\CodeIgniter->handleRequest(NULL, Object(Config\Cache), false)
#4 K:\My Drive\YEOMAN\public\index.php(37): CodeIgniter\CodeIgniter->run()
#5 K:\My Drive\YEOMAN\system\Commands\Server\rewrite.php(43): require_once('K:\\My Drive\\YEO...')
#6 {main}
CRITICAL - 2025-06-01 06:44:28 --> Undefined array key "modal"
#0 K:\My Drive\YEOMAN\app\Controllers\Keuangan.php(705): CodeIgniter\Debug\Exceptions->errorHandler(2, 'Undefined array...', 'K:\\My Drive\\YEO...', 705)
#1 K:\My Drive\YEOMAN\system\CodeIgniter.php(832): App\Controllers\Keuangan->exportPenjualanExcel()
#2 K:\My Drive\YEOMAN\system\CodeIgniter.php(419): CodeIgniter\CodeIgniter->runController(Object(App\Controllers\Keuangan))
#3 K:\My Drive\YEOMAN\system\CodeIgniter.php(326): CodeIgniter\CodeIgniter->handleRequest(NULL, Object(Config\Cache), false)
#4 K:\My Drive\YEOMAN\public\index.php(37): CodeIgniter\CodeIgniter->run()
#5 K:\My Drive\YEOMAN\system\Commands\Server\rewrite.php(43): require_once('K:\\My Drive\\YEO...')
#6 {main}
CRITICAL - 2025-06-01 06:45:39 --> Undefined array key "modal"
#0 K:\My Drive\YEOMAN\app\Controllers\Keuangan.php(704): CodeIgniter\Debug\Exceptions->errorHandler(2, 'Undefined array...', 'K:\\My Drive\\YEO...', 704)
#1 K:\My Drive\YEOMAN\system\CodeIgniter.php(832): App\Controllers\Keuangan->exportPenjualanExcel()
#2 K:\My Drive\YEOMAN\system\CodeIgniter.php(419): CodeIgniter\CodeIgniter->runController(Object(App\Controllers\Keuangan))
#3 K:\My Drive\YEOMAN\system\CodeIgniter.php(326): CodeIgniter\CodeIgniter->handleRequest(NULL, Object(Config\Cache), false)
#4 K:\My Drive\YEOMAN\public\index.php(37): CodeIgniter\CodeIgniter->run()
#5 K:\My Drive\YEOMAN\system\Commands\Server\rewrite.php(43): require_once('K:\\My Drive\\YEO...')
#6 {main}
CRITICAL - 2025-06-01 06:56:52 --> Undefined property: stdClass::$stok_produk
#0 J:\My Drive\YEOMAN\app\Views\produk.php(109): CodeIgniter\Debug\Exceptions->errorHandler(2, 'Undefined prope...', 'J:\\My Drive\\YEO...', 109)
#1 J:\My Drive\YEOMAN\system\View\View.php(210): include('J:\\My Drive\\YEO...')
#2 J:\My Drive\YEOMAN\system\View\View.php(213): CodeIgniter\View\View->CodeIgniter\View\{closure}()
#3 J:\My Drive\YEOMAN\system\Common.php(1089): CodeIgniter\View\View->render('produk', Array, true)
#4 J:\My Drive\YEOMAN\app\Controllers\Produk.php(62): view('produk', Array)
#5 J:\My Drive\YEOMAN\system\CodeIgniter.php(832): App\Controllers\Produk->produk()
#6 J:\My Drive\YEOMAN\system\CodeIgniter.php(419): CodeIgniter\CodeIgniter->runController(Object(App\Controllers\Produk))
#7 J:\My Drive\YEOMAN\system\CodeIgniter.php(326): CodeIgniter\CodeIgniter->handleRequest(NULL, Object(Config\Cache), false)
#8 J:\My Drive\YEOMAN\public\index.php(37): CodeIgniter\CodeIgniter->run()
#9 J:\My Drive\YEOMAN\system\Commands\Server\rewrite.php(43): require_once('J:\\My Drive\\YEO...')
#10 {main}
CRITICAL - 2025-06-01 06:58:48 --> You must set the database table to be used with your query.
#0 J:\My Drive\YEOMAN\system\Model.php(545): CodeIgniter\Database\BaseConnection->table(NULL)
#1 J:\My Drive\YEOMAN\system\Model.php(722): CodeIgniter\Model->builder()
#2 J:\My Drive\YEOMAN\app\Controllers\Home.php(390): CodeIgniter\Model->__call('tampilCustom', Array)
#3 J:\My Drive\YEOMAN\system\CodeIgniter.php(832): App\Controllers\Home->inputpemesanan()
#4 J:\My Drive\YEOMAN\system\CodeIgniter.php(419): CodeIgniter\CodeIgniter->runController(Object(App\Controllers\Home))
#5 J:\My Drive\YEOMAN\system\CodeIgniter.php(326): CodeIgniter\CodeIgniter->handleRequest(NULL, Object(Config\Cache), false)
#6 J:\My Drive\YEOMAN\public\index.php(37): CodeIgniter\CodeIgniter->run()
#7 J:\My Drive\YEOMAN\system\Commands\Server\rewrite.php(43): require_once('J:\\My Drive\\YEO...')
#8 {main}
CRITICAL - 2025-06-01 07:28:33 --> Undefined array key "daftar_produk"
#0 J:\My Drive\YEOMAN\app\Views\pembayaran.php(98): CodeIgniter\Debug\Exceptions->errorHandler(2, 'Undefined array...', 'J:\\My Drive\\YEO...', 98)
#1 J:\My Drive\YEOMAN\system\View\View.php(210): include('J:\\My Drive\\YEO...')
#2 J:\My Drive\YEOMAN\system\View\View.php(213): CodeIgniter\View\View->CodeIgniter\View\{closure}()
#3 J:\My Drive\YEOMAN\system\Common.php(1089): CodeIgniter\View\View->render('pembayaran', Array, true)
#4 J:\My Drive\YEOMAN\app\Controllers\Home.php(90): view('pembayaran', Array)
#5 J:\My Drive\YEOMAN\system\CodeIgniter.php(832): App\Controllers\Home->pembayaran()
#6 J:\My Drive\YEOMAN\system\CodeIgniter.php(419): CodeIgniter\CodeIgniter->runController(Object(App\Controllers\Home))
#7 J:\My Drive\YEOMAN\system\CodeIgniter.php(326): CodeIgniter\CodeIgniter->handleRequest(NULL, Object(Config\Cache), false)
#8 J:\My Drive\YEOMAN\public\index.php(37): CodeIgniter\CodeIgniter->run()
#9 J:\My Drive\YEOMAN\system\Commands\Server\rewrite.php(43): require_once('J:\\My Drive\\YEO...')
#10 {main}
ERROR - 2025-06-01 07:28:51 --> Unknown column 'pemesanan.metode_pembayaran' in 'field list'
CRITICAL - 2025-06-01 07:28:51 --> Call to a member function getResultArray() on bool
#0 J:\My Drive\YEOMAN\system\CodeIgniter.php(832): App\Controllers\Home->pembayaran()
#1 J:\My Drive\YEOMAN\system\CodeIgniter.php(419): CodeIgniter\CodeIgniter->runController(Object(App\Controllers\Home))
#2 J:\My Drive\YEOMAN\system\CodeIgniter.php(326): CodeIgniter\CodeIgniter->handleRequest(NULL, Object(Config\Cache), false)
#3 J:\My Drive\YEOMAN\public\index.php(37): CodeIgniter\CodeIgniter->run()
#4 J:\My Drive\YEOMAN\system\Commands\Server\rewrite.php(43): require_once('J:\\My Drive\\YEO...')
#5 {main}
CRITICAL - 2025-06-01 07:29:31 --> Undefined variable $db
#0 J:\My Drive\YEOMAN\app\Views\pembayaran.php(195): CodeIgniter\Debug\Exceptions->errorHandler(2, 'Undefined varia...', 'J:\\My Drive\\YEO...', 195)
#1 J:\My Drive\YEOMAN\system\View\View.php(210): include('J:\\My Drive\\YEO...')
#2 J:\My Drive\YEOMAN\system\View\View.php(213): CodeIgniter\View\View->CodeIgniter\View\{closure}()
#3 J:\My Drive\YEOMAN\system\Common.php(1089): CodeIgniter\View\View->render('pembayaran', Array, true)
#4 J:\My Drive\YEOMAN\app\Controllers\Home.php(88): view('pembayaran', Array)
#5 J:\My Drive\YEOMAN\system\CodeIgniter.php(832): App\Controllers\Home->pembayaran()
#6 J:\My Drive\YEOMAN\system\CodeIgniter.php(419): CodeIgniter\CodeIgniter->runController(Object(App\Controllers\Home))
#7 J:\My Drive\YEOMAN\system\CodeIgniter.php(326): CodeIgniter\CodeIgniter->handleRequest(NULL, Object(Config\Cache), false)
#8 J:\My Drive\YEOMAN\public\index.php(37): CodeIgniter\CodeIgniter->run()
#9 J:\My Drive\YEOMAN\system\Commands\Server\rewrite.php(43): require_once('J:\\My Drive\\YEO...')
#10 {main}
CRITICAL - 2025-06-01 07:37:05 --> Undefined variable $db
#0 J:\My Drive\YEOMAN\app\Controllers\Home.php(51): CodeIgniter\Debug\Exceptions->errorHandler(2, 'Undefined varia...', 'J:\\My Drive\\YEO...', 51)
#1 J:\My Drive\YEOMAN\system\CodeIgniter.php(832): App\Controllers\Home->pembayaran()
#2 J:\My Drive\YEOMAN\system\CodeIgniter.php(419): CodeIgniter\CodeIgniter->runController(Object(App\Controllers\Home))
#3 J:\My Drive\YEOMAN\system\CodeIgniter.php(326): CodeIgniter\CodeIgniter->handleRequest(NULL, Object(Config\Cache), false)
#4 J:\My Drive\YEOMAN\public\index.php(37): CodeIgniter\CodeIgniter->run()
#5 J:\My Drive\YEOMAN\system\Commands\Server\rewrite.php(43): require_once('J:\\My Drive\\YEO...')
#6 {main}
ERROR - 2025-06-01 07:38:29 --> Unknown column 'pelanggan.id_user' in 'on clause'
CRITICAL - 2025-06-01 07:38:30 --> Call to a member function getResultArray() on bool
#0 J:\My Drive\YEOMAN\system\CodeIgniter.php(832): App\Controllers\Home->pembayaran()
#1 J:\My Drive\YEOMAN\system\CodeIgniter.php(419): CodeIgniter\CodeIgniter->runController(Object(App\Controllers\Home))
#2 J:\My Drive\YEOMAN\system\CodeIgniter.php(326): CodeIgniter\CodeIgniter->handleRequest(NULL, Object(Config\Cache), false)
#3 J:\My Drive\YEOMAN\public\index.php(37): CodeIgniter\CodeIgniter->run()
#4 J:\My Drive\YEOMAN\system\Commands\Server\rewrite.php(43): require_once('J:\\My Drive\\YEO...')
#5 {main}
CRITICAL - 2025-06-01 07:39:15 --> Undefined variable $builder
#0 J:\My Drive\YEOMAN\app\Controllers\Home.php(74): CodeIgniter\Debug\Exceptions->errorHandler(2, 'Undefined varia...', 'J:\\My Drive\\YEO...', 74)
#1 J:\My Drive\YEOMAN\system\CodeIgniter.php(832): App\Controllers\Home->pembayaran()
#2 J:\My Drive\YEOMAN\system\CodeIgniter.php(419): CodeIgniter\CodeIgniter->runController(Object(App\Controllers\Home))
#3 J:\My Drive\YEOMAN\system\CodeIgniter.php(326): CodeIgniter\CodeIgniter->handleRequest(NULL, Object(Config\Cache), false)
#4 J:\My Drive\YEOMAN\public\index.php(37): CodeIgniter\CodeIgniter->run()
#5 J:\My Drive\YEOMAN\system\Commands\Server\rewrite.php(43): require_once('J:\\My Drive\\YEO...')
#6 {main}
CRITICAL - 2025-06-01 08:03:24 --> Cannot use object of type stdClass as array
#0 J:\My Drive\YEOMAN\system\View\View.php(210): include()
#1 J:\My Drive\YEOMAN\system\View\View.php(213): CodeIgniter\View\View->CodeIgniter\View\{closure}()
#2 J:\My Drive\YEOMAN\system\Common.php(1089): CodeIgniter\View\View->render('edit_psg', Array, true)
#3 J:\My Drive\YEOMAN\app\Controllers\Pemasangan.php(85): view('edit_psg', Array)
#4 J:\My Drive\YEOMAN\system\CodeIgniter.php(832): App\Controllers\Pemasangan->edit_pemasangan('56')
#5 J:\My Drive\YEOMAN\system\CodeIgniter.php(419): CodeIgniter\CodeIgniter->runController(Object(App\Controllers\Pemasangan))
#6 J:\My Drive\YEOMAN\system\CodeIgniter.php(326): CodeIgniter\CodeIgniter->handleRequest(NULL, Object(Config\Cache), false)
#7 J:\My Drive\YEOMAN\public\index.php(37): CodeIgniter\CodeIgniter->run()
#8 J:\My Drive\YEOMAN\system\Commands\Server\rewrite.php(43): require_once('J:\\My Drive\\YEO...')
#9 {main}
CRITICAL - 2025-06-01 08:08:47 --> Undefined variable $pemesanan
#0 J:\My Drive\YEOMAN\app\Controllers\Pemasangan.php(192): CodeIgniter\Debug\Exceptions->errorHandler(2, 'Undefined varia...', 'J:\\My Drive\\YEO...', 192)
#1 J:\My Drive\YEOMAN\system\CodeIgniter.php(832): App\Controllers\Pemasangan->tpemasangan()
#2 J:\My Drive\YEOMAN\system\CodeIgniter.php(419): CodeIgniter\CodeIgniter->runController(Object(App\Controllers\Pemasangan))
#3 J:\My Drive\YEOMAN\system\CodeIgniter.php(326): CodeIgniter\CodeIgniter->handleRequest(NULL, Object(Config\Cache), false)
#4 J:\My Drive\YEOMAN\public\index.php(37): CodeIgniter\CodeIgniter->run()
#5 J:\My Drive\YEOMAN\system\Commands\Server\rewrite.php(43): require_once('J:\\My Drive\\YEO...')
#6 {main}
CRITICAL - 2025-06-01 08:11:19 --> Undefined variable $pemesanan
#0 J:\My Drive\YEOMAN\app\Controllers\Pemasangan.php(192): CodeIgniter\Debug\Exceptions->errorHandler(2, 'Undefined varia...', 'J:\\My Drive\\YEO...', 192)
#1 J:\My Drive\YEOMAN\system\CodeIgniter.php(832): App\Controllers\Pemasangan->tpemasangan()
#2 J:\My Drive\YEOMAN\system\CodeIgniter.php(419): CodeIgniter\CodeIgniter->runController(Object(App\Controllers\Pemasangan))
#3 J:\My Drive\YEOMAN\system\CodeIgniter.php(326): CodeIgniter\CodeIgniter->handleRequest(NULL, Object(Config\Cache), false)
#4 J:\My Drive\YEOMAN\public\index.php(37): CodeIgniter\CodeIgniter->run()
#5 J:\My Drive\YEOMAN\system\Commands\Server\rewrite.php(43): require_once('J:\\My Drive\\YEO...')
#6 {main}
CRITICAL - 2025-06-01 08:19:30 --> Cannot use object of type stdClass as array
#0 J:\My Drive\YEOMAN\system\CodeIgniter.php(832): App\Controllers\Pemasangan->tpemasangan()
#1 J:\My Drive\YEOMAN\system\CodeIgniter.php(419): CodeIgniter\CodeIgniter->runController(Object(App\Controllers\Pemasangan))
#2 J:\My Drive\YEOMAN\system\CodeIgniter.php(326): CodeIgniter\CodeIgniter->handleRequest(NULL, Object(Config\Cache), false)
#3 J:\My Drive\YEOMAN\public\index.php(37): CodeIgniter\CodeIgniter->run()
#4 J:\My Drive\YEOMAN\system\Commands\Server\rewrite.php(43): require_once('J:\\My Drive\\YEO...')
#5 {main}
CRITICAL - 2025-06-01 10:15:46 --> Maximum execution time of 60 seconds exceeded
#0 [internal function]: CodeIgniter\Debug\Exceptions->shutdownHandler()
#1 {main}
CRITICAL - 2025-06-01 10:30:46 --> Cannot use object of type stdClass as array
#0 J:\My Drive\YEOMAN\system\CodeIgniter.php(832): App\Controllers\Pemasangan->tpemasangan()
#1 J:\My Drive\YEOMAN\system\CodeIgniter.php(419): CodeIgniter\CodeIgniter->runController(Object(App\Controllers\Pemasangan))
#2 J:\My Drive\YEOMAN\system\CodeIgniter.php(326): CodeIgniter\CodeIgniter->handleRequest(NULL, Object(Config\Cache), false)
#3 J:\My Drive\YEOMAN\public\index.php(37): CodeIgniter\CodeIgniter->run()
#4 J:\My Drive\YEOMAN\system\Commands\Server\rewrite.php(43): require_once('J:\\My Drive\\YEO...')
#5 {main}
ERROR - 2025-06-01 10:31:32 --> Unknown column 'stok_produk' in 'field list'
CRITICAL - 2025-06-01 11:09:47 --> Cannot use object of type stdClass as array
#0 J:\My Drive\YEOMAN\system\View\View.php(210): include()
#1 J:\My Drive\YEOMAN\system\View\View.php(213): CodeIgniter\View\View->CodeIgniter\View\{closure}()
#2 J:\My Drive\YEOMAN\system\Common.php(1089): CodeIgniter\View\View->render('edit_psg', Array, true)
#3 J:\My Drive\YEOMAN\app\Controllers\Pemasangan.php(85): view('edit_psg', Array)
#4 J:\My Drive\YEOMAN\system\CodeIgniter.php(832): App\Controllers\Pemasangan->edit_pemasangan('62')
#5 J:\My Drive\YEOMAN\system\CodeIgniter.php(419): CodeIgniter\CodeIgniter->runController(Object(App\Controllers\Pemasangan))
#6 J:\My Drive\YEOMAN\system\CodeIgniter.php(326): CodeIgniter\CodeIgniter->handleRequest(NULL, Object(Config\Cache), false)
#7 J:\My Drive\YEOMAN\public\index.php(37): CodeIgniter\CodeIgniter->run()
#8 J:\My Drive\YEOMAN\system\Commands\Server\rewrite.php(43): require_once('J:\\My Drive\\YEO...')
#9 {main}
CRITICAL - 2025-06-01 11:33:34 --> Cannot use object of type stdClass as array
#0 J:\My Drive\YEOMAN\system\View\View.php(210): include()
#1 J:\My Drive\YEOMAN\system\View\View.php(213): CodeIgniter\View\View->CodeIgniter\View\{closure}()
#2 J:\My Drive\YEOMAN\system\Common.php(1089): CodeIgniter\View\View->render('edit_psg', Array, true)
#3 J:\My Drive\YEOMAN\app\Controllers\Pemasangan.php(85): view('edit_psg', Array)
#4 J:\My Drive\YEOMAN\system\CodeIgniter.php(832): App\Controllers\Pemasangan->edit_pemasangan('62')
#5 J:\My Drive\YEOMAN\system\CodeIgniter.php(419): CodeIgniter\CodeIgniter->runController(Object(App\Controllers\Pemasangan))
#6 J:\My Drive\YEOMAN\system\CodeIgniter.php(326): CodeIgniter\CodeIgniter->handleRequest(NULL, Object(Config\Cache), false)
#7 J:\My Drive\YEOMAN\public\index.php(37): CodeIgniter\CodeIgniter->run()
#8 J:\My Drive\YEOMAN\system\Commands\Server\rewrite.php(43): require_once('J:\\My Drive\\YEO...')
#9 {main}
CRITICAL - 2025-06-01 11:36:54 --> Cannot use object of type stdClass as array
#0 J:\My Drive\YEOMAN\system\View\View.php(210): include()
#1 J:\My Drive\YEOMAN\system\View\View.php(213): CodeIgniter\View\View->CodeIgniter\View\{closure}()
#2 J:\My Drive\YEOMAN\system\Common.php(1089): CodeIgniter\View\View->render('edit_psg', Array, true)
#3 J:\My Drive\YEOMAN\app\Controllers\Pemasangan.php(85): view('edit_psg', Array)
#4 J:\My Drive\YEOMAN\system\CodeIgniter.php(832): App\Controllers\Pemasangan->edit_pemasangan('62')
#5 J:\My Drive\YEOMAN\system\CodeIgniter.php(419): CodeIgniter\CodeIgniter->runController(Object(App\Controllers\Pemasangan))
#6 J:\My Drive\YEOMAN\system\CodeIgniter.php(326): CodeIgniter\CodeIgniter->handleRequest(NULL, Object(Config\Cache), false)
#7 J:\My Drive\YEOMAN\public\index.php(37): CodeIgniter\CodeIgniter->run()
#8 J:\My Drive\YEOMAN\system\Commands\Server\rewrite.php(43): require_once('J:\\My Drive\\YEO...')
#9 {main}
CRITICAL - 2025-06-01 11:43:52 --> Cannot use object of type stdClass as array
#0 J:\My Drive\YEOMAN\system\View\View.php(210): include()
#1 J:\My Drive\YEOMAN\system\View\View.php(213): CodeIgniter\View\View->CodeIgniter\View\{closure}()
#2 J:\My Drive\YEOMAN\system\Common.php(1089): CodeIgniter\View\View->render('edit_psg', Array, true)
#3 J:\My Drive\YEOMAN\app\Controllers\Pemasangan.php(85): view('edit_psg', Array)
#4 J:\My Drive\YEOMAN\system\CodeIgniter.php(832): App\Controllers\Pemasangan->edit_pemasangan('62')
#5 J:\My Drive\YEOMAN\system\CodeIgniter.php(419): CodeIgniter\CodeIgniter->runController(Object(App\Controllers\Pemasangan))
#6 J:\My Drive\YEOMAN\system\CodeIgniter.php(326): CodeIgniter\CodeIgniter->handleRequest(NULL, Object(Config\Cache), false)
#7 J:\My Drive\YEOMAN\public\index.php(37): CodeIgniter\CodeIgniter->run()
#8 J:\My Drive\YEOMAN\system\Commands\Server\rewrite.php(43): require_once('J:\\My Drive\\YEO...')
#9 {main}
CRITICAL - 2025-06-01 11:44:35 --> Attempt to read property "id_produk" on array
#0 J:\My Drive\YEOMAN\app\Views\edit_psg.php(48): CodeIgniter\Debug\Exceptions->errorHandler(2, 'Attempt to read...', 'J:\\My Drive\\YEO...', 48)
#1 J:\My Drive\YEOMAN\system\View\View.php(210): include('J:\\My Drive\\YEO...')
#2 J:\My Drive\YEOMAN\system\View\View.php(213): CodeIgniter\View\View->CodeIgniter\View\{closure}()
#3 J:\My Drive\YEOMAN\system\Common.php(1089): CodeIgniter\View\View->render('edit_psg', Array, true)
#4 J:\My Drive\YEOMAN\app\Controllers\Pemasangan.php(85): view('edit_psg', Array)
#5 J:\My Drive\YEOMAN\system\CodeIgniter.php(832): App\Controllers\Pemasangan->edit_pemasangan('62')
#6 J:\My Drive\YEOMAN\system\CodeIgniter.php(419): CodeIgniter\CodeIgniter->runController(Object(App\Controllers\Pemasangan))
#7 J:\My Drive\YEOMAN\system\CodeIgniter.php(326): CodeIgniter\CodeIgniter->handleRequest(NULL, Object(Config\Cache), false)
#8 J:\My Drive\YEOMAN\public\index.php(37): CodeIgniter\CodeIgniter->run()
#9 J:\My Drive\YEOMAN\system\Commands\Server\rewrite.php(43): require_once('J:\\My Drive\\YEO...')
#10 {main}
CRITICAL - 2025-06-01 11:45:29 --> Cannot use object of type stdClass as array
#0 J:\My Drive\YEOMAN\system\View\View.php(210): include()
#1 J:\My Drive\YEOMAN\system\View\View.php(213): CodeIgniter\View\View->CodeIgniter\View\{closure}()
#2 J:\My Drive\YEOMAN\system\Common.php(1089): CodeIgniter\View\View->render('edit_psg', Array, true)
#3 J:\My Drive\YEOMAN\app\Controllers\Pemasangan.php(85): view('edit_psg', Array)
#4 J:\My Drive\YEOMAN\system\CodeIgniter.php(832): App\Controllers\Pemasangan->edit_pemasangan('62')
#5 J:\My Drive\YEOMAN\system\CodeIgniter.php(419): CodeIgniter\CodeIgniter->runController(Object(App\Controllers\Pemasangan))
#6 J:\My Drive\YEOMAN\system\CodeIgniter.php(326): CodeIgniter\CodeIgniter->handleRequest(NULL, Object(Config\Cache), false)
#7 J:\My Drive\YEOMAN\public\index.php(37): CodeIgniter\CodeIgniter->run()
#8 J:\My Drive\YEOMAN\system\Commands\Server\rewrite.php(43): require_once('J:\\My Drive\\YEO...')
#9 {main}
CRITICAL - 2025-06-01 11:46:25 --> Cannot use object of type stdClass as array
#0 J:\My Drive\YEOMAN\system\View\View.php(210): include()
#1 J:\My Drive\YEOMAN\system\View\View.php(213): CodeIgniter\View\View->CodeIgniter\View\{closure}()
#2 J:\My Drive\YEOMAN\system\Common.php(1089): CodeIgniter\View\View->render('edit_psg', Array, true)
#3 J:\My Drive\YEOMAN\app\Controllers\Pemasangan.php(85): view('edit_psg', Array)
#4 J:\My Drive\YEOMAN\system\CodeIgniter.php(832): App\Controllers\Pemasangan->edit_pemasangan('62')
#5 J:\My Drive\YEOMAN\system\CodeIgniter.php(419): CodeIgniter\CodeIgniter->runController(Object(App\Controllers\Pemasangan))
#6 J:\My Drive\YEOMAN\system\CodeIgniter.php(326): CodeIgniter\CodeIgniter->handleRequest(NULL, Object(Config\Cache), false)
#7 J:\My Drive\YEOMAN\public\index.php(37): CodeIgniter\CodeIgniter->run()
#8 J:\My Drive\YEOMAN\system\Commands\Server\rewrite.php(43): require_once('J:\\My Drive\\YEO...')
#9 {main}
CRITICAL - 2025-06-01 11:47:13 --> Cannot use object of type stdClass as array
#0 J:\My Drive\YEOMAN\system\View\View.php(210): include()
#1 J:\My Drive\YEOMAN\system\View\View.php(213): CodeIgniter\View\View->CodeIgniter\View\{closure}()
#2 J:\My Drive\YEOMAN\system\Common.php(1089): CodeIgniter\View\View->render('edit_psg', Array, true)
#3 J:\My Drive\YEOMAN\app\Controllers\Pemasangan.php(87): view('edit_psg', Array)
#4 J:\My Drive\YEOMAN\system\CodeIgniter.php(832): App\Controllers\Pemasangan->edit_pemasangan('62')
#5 J:\My Drive\YEOMAN\system\CodeIgniter.php(419): CodeIgniter\CodeIgniter->runController(Object(App\Controllers\Pemasangan))
#6 J:\My Drive\YEOMAN\system\CodeIgniter.php(326): CodeIgniter\CodeIgniter->handleRequest(NULL, Object(Config\Cache), false)
#7 J:\My Drive\YEOMAN\public\index.php(37): CodeIgniter\CodeIgniter->run()
#8 J:\My Drive\YEOMAN\system\Commands\Server\rewrite.php(43): require_once('J:\\My Drive\\YEO...')
#9 {main}
CRITICAL - 2025-06-01 11:48:56 --> Cannot use object of type stdClass as array
#0 J:\My Drive\YEOMAN\system\View\View.php(210): include()
#1 J:\My Drive\YEOMAN\system\View\View.php(213): CodeIgniter\View\View->CodeIgniter\View\{closure}()
#2 J:\My Drive\YEOMAN\system\Common.php(1089): CodeIgniter\View\View->render('edit_psg', Array, true)
#3 J:\My Drive\YEOMAN\app\Controllers\Pemasangan.php(87): view('edit_psg', Array)
#4 J:\My Drive\YEOMAN\system\CodeIgniter.php(832): App\Controllers\Pemasangan->edit_pemasangan('62')
#5 J:\My Drive\YEOMAN\system\CodeIgniter.php(419): CodeIgniter\CodeIgniter->runController(Object(App\Controllers\Pemasangan))
#6 J:\My Drive\YEOMAN\system\CodeIgniter.php(326): CodeIgniter\CodeIgniter->handleRequest(NULL, Object(Config\Cache), false)
#7 J:\My Drive\YEOMAN\public\index.php(37): CodeIgniter\CodeIgniter->run()
#8 J:\My Drive\YEOMAN\system\Commands\Server\rewrite.php(43): require_once('J:\\My Drive\\YEO...')
#9 {main}
ERROR - 2025-06-01 21:53:40 --> Error connecting to the database: No connection could be made because the target machine actively refused it
CRITICAL - 2025-06-01 21:53:41 --> Unable to connect to the database.
Main connection [MySQLi]: No connection could be made because the target machine actively refused it
#0 K:\My Drive\YEOMAN\system\Database\BaseConnection.php(577): CodeIgniter\Database\BaseConnection->initialize()
#1 K:\My Drive\YEOMAN\system\Database\BaseBuilder.php(1588): CodeIgniter\Database\BaseConnection->query('SELECT *\nFROM `...', Array, false)
#2 K:\My Drive\YEOMAN\app\Models\Yeoman.php(46): CodeIgniter\Database\BaseBuilder->getWhere(Array)
#3 K:\My Drive\YEOMAN\app\Controllers\Login.php(67): App\Models\Yeoman->getWhere('user', Array)
#4 K:\My Drive\YEOMAN\system\CodeIgniter.php(832): App\Controllers\Login->aksi_login()
#5 K:\My Drive\YEOMAN\system\CodeIgniter.php(419): CodeIgniter\CodeIgniter->runController(Object(App\Controllers\Login))
#6 K:\My Drive\YEOMAN\system\CodeIgniter.php(326): CodeIgniter\CodeIgniter->handleRequest(NULL, Object(Config\Cache), false)
#7 K:\My Drive\YEOMAN\public\index.php(37): CodeIgniter\CodeIgniter->run()
#8 K:\My Drive\YEOMAN\system\Commands\Server\rewrite.php(43): require_once('K:\\My Drive\\YEO...')
#9 {main}
