ERROR - 2025-10-07 10:15:52 --> Error connecting to the database: Access denied for user '****'@'localhost' (using password: YES)
CRITICAL - 2025-10-07 10:15:52 --> Unable to connect to the database.
Main connection [MySQLi]: Access denied for user '****'@'localhost' (using password: YES)
#0 C:\Users\7U400.COM\Documents\kas\system\Database\BaseConnection.php(577): CodeIgniter\Database\BaseConnection->initialize()
#1 C:\Users\7U400.COM\Documents\kas\system\Database\BaseBuilder.php(1455): CodeIgniter\Database\BaseConnection->query('SELECT *\nFROM `...', Array, false)
#2 C:\Users\7U400.COM\Documents\kas\app\Models\Kas\M_belajar.php(16): CodeIgniter\Database\BaseBuilder->get()
#3 C:\Users\7U400.COM\Documents\kas\app\Controllers\Kas\Dashboard.php(24): App\Models\Kas\M_belajar->settings()
#4 C:\Users\7U400.COM\Documents\kas\system\CodeIgniter.php(832): App\Controllers\Kas\Dashboard->index()
#5 C:\Users\7U400.COM\Documents\kas\system\CodeIgniter.php(419): CodeIgniter\CodeIgniter->runController(Object(App\Controllers\Kas\Dashboard))
#6 C:\Users\7U400.COM\Documents\kas\system\CodeIgniter.php(326): CodeIgniter\CodeIgniter->handleRequest(NULL, Object(Config\Cache), false)
#7 C:\Users\7U400.COM\Documents\kas\public\index.php(37): CodeIgniter\CodeIgniter->run()
#8 C:\Users\7U400.COM\Documents\kas\system\Commands\Server\rewrite.php(43): require_once('C:\\Users\\7U400....')
#9 {main}
ERROR - 2025-10-07 10:16:44 --> Error connecting to the database: Access denied for user '****'@'localhost' (using password: YES)
CRITICAL - 2025-10-07 10:16:44 --> Unable to connect to the database.
Main connection [MySQLi]: Access denied for user '****'@'localhost' (using password: YES)
#0 C:\Users\7U400.COM\Documents\kas\system\Database\BaseConnection.php(577): CodeIgniter\Database\BaseConnection->initialize()
#1 C:\Users\7U400.COM\Documents\kas\system\Database\BaseBuilder.php(1455): CodeIgniter\Database\BaseConnection->query('SELECT *\nFROM `...', Array, false)
#2 C:\Users\7U400.COM\Documents\kas\app\Models\Kas\M_belajar.php(16): CodeIgniter\Database\BaseBuilder->get()
#3 C:\Users\7U400.COM\Documents\kas\app\Controllers\Kas\Dashboard.php(24): App\Models\Kas\M_belajar->settings()
#4 C:\Users\7U400.COM\Documents\kas\system\CodeIgniter.php(832): App\Controllers\Kas\Dashboard->index()
#5 C:\Users\7U400.COM\Documents\kas\system\CodeIgniter.php(419): CodeIgniter\CodeIgniter->runController(Object(App\Controllers\Kas\Dashboard))
#6 C:\Users\7U400.COM\Documents\kas\system\CodeIgniter.php(326): CodeIgniter\CodeIgniter->handleRequest(NULL, Object(Config\Cache), false)
#7 C:\Users\7U400.COM\Documents\kas\public\index.php(37): CodeIgniter\CodeIgniter->run()
#8 C:\Users\7U400.COM\Documents\kas\system\Commands\Server\rewrite.php(43): require_once('C:\\Users\\7U400....')
#9 {main}
CRITICAL - 2025-10-07 14:39:32 --> You must set the database table to be used with your query.
#0 C:\Users\7U400.COM\Documents\kas\system\Model.php(545): CodeIgniter\Database\BaseConnection->table(NULL)
#1 C:\Users\7U400.COM\Documents\kas\system\Model.php(722): CodeIgniter\Model->builder()
#2 C:\Users\7U400.COM\Documents\kas\app\Controllers\Kas\Kota.php(28): CodeIgniter\Model->__call('kota', Array)
#3 C:\Users\7U400.COM\Documents\kas\system\CodeIgniter.php(832): App\Controllers\Kas\Kota->index()
#4 C:\Users\7U400.COM\Documents\kas\system\CodeIgniter.php(419): CodeIgniter\CodeIgniter->runController(Object(App\Controllers\Kas\Kota))
#5 C:\Users\7U400.COM\Documents\kas\system\CodeIgniter.php(326): CodeIgniter\CodeIgniter->handleRequest(NULL, Object(Config\Cache), false)
#6 C:\Users\7U400.COM\Documents\kas\public\index.php(37): CodeIgniter\CodeIgniter->run()
#7 C:\Users\7U400.COM\Documents\kas\system\Commands\Server\rewrite.php(43): require_once('C:\\Users\\7U400....')
#8 {main}
CRITICAL - 2025-10-07 14:40:21 --> You must set the database table to be used with your query.
#0 C:\Users\7U400.COM\Documents\kas\system\Model.php(545): CodeIgniter\Database\BaseConnection->table(NULL)
#1 C:\Users\7U400.COM\Documents\kas\system\Model.php(722): CodeIgniter\Model->builder()
#2 C:\Users\7U400.COM\Documents\kas\app\Controllers\Kas\Kota.php(28): CodeIgniter\Model->__call('kota', Array)
#3 C:\Users\7U400.COM\Documents\kas\system\CodeIgniter.php(832): App\Controllers\Kas\Kota->index()
#4 C:\Users\7U400.COM\Documents\kas\system\CodeIgniter.php(419): CodeIgniter\CodeIgniter->runController(Object(App\Controllers\Kas\Kota))
#5 C:\Users\7U400.COM\Documents\kas\system\CodeIgniter.php(326): CodeIgniter\CodeIgniter->handleRequest(NULL, Object(Config\Cache), false)
#6 C:\Users\7U400.COM\Documents\kas\public\index.php(37): CodeIgniter\CodeIgniter->run()
#7 C:\Users\7U400.COM\Documents\kas\system\Commands\Server\rewrite.php(43): require_once('C:\\Users\\7U400....')
#8 {main}
CRITICAL - 2025-10-07 14:40:26 --> You must set the database table to be used with your query.
#0 C:\Users\7U400.COM\Documents\kas\system\Model.php(545): CodeIgniter\Database\BaseConnection->table(NULL)
#1 C:\Users\7U400.COM\Documents\kas\system\Model.php(722): CodeIgniter\Model->builder()
#2 C:\Users\7U400.COM\Documents\kas\app\Controllers\Kas\Kota.php(28): CodeIgniter\Model->__call('kota', Array)
#3 C:\Users\7U400.COM\Documents\kas\system\CodeIgniter.php(832): App\Controllers\Kas\Kota->index()
#4 C:\Users\7U400.COM\Documents\kas\system\CodeIgniter.php(419): CodeIgniter\CodeIgniter->runController(Object(App\Controllers\Kas\Kota))
#5 C:\Users\7U400.COM\Documents\kas\system\CodeIgniter.php(326): CodeIgniter\CodeIgniter->handleRequest(NULL, Object(Config\Cache), false)
#6 C:\Users\7U400.COM\Documents\kas\public\index.php(37): CodeIgniter\CodeIgniter->run()
#7 C:\Users\7U400.COM\Documents\kas\system\Commands\Server\rewrite.php(43): require_once('C:\\Users\\7U400....')
#8 {main}
CRITICAL - 2025-10-07 14:40:28 --> You must set the database table to be used with your query.
#0 C:\Users\7U400.COM\Documents\kas\system\Model.php(545): CodeIgniter\Database\BaseConnection->table(NULL)
#1 C:\Users\7U400.COM\Documents\kas\system\Model.php(722): CodeIgniter\Model->builder()
#2 C:\Users\7U400.COM\Documents\kas\app\Controllers\Kas\Kota.php(28): CodeIgniter\Model->__call('kota', Array)
#3 C:\Users\7U400.COM\Documents\kas\system\CodeIgniter.php(832): App\Controllers\Kas\Kota->index()
#4 C:\Users\7U400.COM\Documents\kas\system\CodeIgniter.php(419): CodeIgniter\CodeIgniter->runController(Object(App\Controllers\Kas\Kota))
#5 C:\Users\7U400.COM\Documents\kas\system\CodeIgniter.php(326): CodeIgniter\CodeIgniter->handleRequest(NULL, Object(Config\Cache), false)
#6 C:\Users\7U400.COM\Documents\kas\public\index.php(37): CodeIgniter\CodeIgniter->run()
#7 C:\Users\7U400.COM\Documents\kas\system\Commands\Server\rewrite.php(43): require_once('C:\\Users\\7U400....')
#8 {main}
CRITICAL - 2025-10-07 14:40:48 --> You must set the database table to be used with your query.
#0 C:\Users\7U400.COM\Documents\kas\system\Model.php(545): CodeIgniter\Database\BaseConnection->table(NULL)
#1 C:\Users\7U400.COM\Documents\kas\system\Model.php(722): CodeIgniter\Model->builder()
#2 C:\Users\7U400.COM\Documents\kas\app\Controllers\Kas\Kota.php(49): CodeIgniter\Model->__call('kotadelete', Array)
#3 C:\Users\7U400.COM\Documents\kas\system\CodeIgniter.php(832): App\Controllers\Kas\Kota->deleted()
#4 C:\Users\7U400.COM\Documents\kas\system\CodeIgniter.php(419): CodeIgniter\CodeIgniter->runController(Object(App\Controllers\Kas\Kota))
#5 C:\Users\7U400.COM\Documents\kas\system\CodeIgniter.php(326): CodeIgniter\CodeIgniter->handleRequest(NULL, Object(Config\Cache), false)
#6 C:\Users\7U400.COM\Documents\kas\public\index.php(37): CodeIgniter\CodeIgniter->run()
#7 C:\Users\7U400.COM\Documents\kas\system\Commands\Server\rewrite.php(43): require_once('C:\\Users\\7U400....')
#8 {main}
CRITICAL - 2025-10-07 14:41:06 --> You must set the database table to be used with your query.
#0 C:\Users\7U400.COM\Documents\kas\system\Model.php(545): CodeIgniter\Database\BaseConnection->table(NULL)
#1 C:\Users\7U400.COM\Documents\kas\system\Model.php(722): CodeIgniter\Model->builder()
#2 C:\Users\7U400.COM\Documents\kas\app\Controllers\Kas\Kota.php(49): CodeIgniter\Model->__call('kotadelete', Array)
#3 C:\Users\7U400.COM\Documents\kas\system\CodeIgniter.php(832): App\Controllers\Kas\Kota->deleted()
#4 C:\Users\7U400.COM\Documents\kas\system\CodeIgniter.php(419): CodeIgniter\CodeIgniter->runController(Object(App\Controllers\Kas\Kota))
#5 C:\Users\7U400.COM\Documents\kas\system\CodeIgniter.php(326): CodeIgniter\CodeIgniter->handleRequest(NULL, Object(Config\Cache), false)
#6 C:\Users\7U400.COM\Documents\kas\public\index.php(37): CodeIgniter\CodeIgniter->run()
#7 C:\Users\7U400.COM\Documents\kas\system\Commands\Server\rewrite.php(43): require_once('C:\\Users\\7U400....')
#8 {main}
CRITICAL - 2025-10-07 14:41:06 --> You must set the database table to be used with your query.
#0 C:\Users\7U400.COM\Documents\kas\system\Model.php(545): CodeIgniter\Database\BaseConnection->table(NULL)
#1 C:\Users\7U400.COM\Documents\kas\system\Model.php(722): CodeIgniter\Model->builder()
#2 C:\Users\7U400.COM\Documents\kas\app\Controllers\Kas\Kota.php(28): CodeIgniter\Model->__call('kota', Array)
#3 C:\Users\7U400.COM\Documents\kas\system\CodeIgniter.php(832): App\Controllers\Kas\Kota->index()
#4 C:\Users\7U400.COM\Documents\kas\system\CodeIgniter.php(419): CodeIgniter\CodeIgniter->runController(Object(App\Controllers\Kas\Kota))
#5 C:\Users\7U400.COM\Documents\kas\system\CodeIgniter.php(326): CodeIgniter\CodeIgniter->handleRequest(NULL, Object(Config\Cache), false)
#6 C:\Users\7U400.COM\Documents\kas\public\index.php(37): CodeIgniter\CodeIgniter->run()
#7 C:\Users\7U400.COM\Documents\kas\system\Commands\Server\rewrite.php(43): require_once('C:\\Users\\7U400....')
#8 {main}
CRITICAL - 2025-10-07 14:41:07 --> You must set the database table to be used with your query.
#0 C:\Users\7U400.COM\Documents\kas\system\Model.php(545): CodeIgniter\Database\BaseConnection->table(NULL)
#1 C:\Users\7U400.COM\Documents\kas\system\Model.php(722): CodeIgniter\Model->builder()
#2 C:\Users\7U400.COM\Documents\kas\app\Controllers\Kas\Kota.php(28): CodeIgniter\Model->__call('kota', Array)
#3 C:\Users\7U400.COM\Documents\kas\system\CodeIgniter.php(832): App\Controllers\Kas\Kota->index()
#4 C:\Users\7U400.COM\Documents\kas\system\CodeIgniter.php(419): CodeIgniter\CodeIgniter->runController(Object(App\Controllers\Kas\Kota))
#5 C:\Users\7U400.COM\Documents\kas\system\CodeIgniter.php(326): CodeIgniter\CodeIgniter->handleRequest(NULL, Object(Config\Cache), false)
#6 C:\Users\7U400.COM\Documents\kas\public\index.php(37): CodeIgniter\CodeIgniter->run()
#7 C:\Users\7U400.COM\Documents\kas\system\Commands\Server\rewrite.php(43): require_once('C:\\Users\\7U400....')
#8 {main}
CRITICAL - 2025-10-07 14:41:08 --> You must set the database table to be used with your query.
#0 C:\Users\7U400.COM\Documents\kas\system\Model.php(545): CodeIgniter\Database\BaseConnection->table(NULL)
#1 C:\Users\7U400.COM\Documents\kas\system\Model.php(722): CodeIgniter\Model->builder()
#2 C:\Users\7U400.COM\Documents\kas\app\Controllers\Kas\Kota.php(28): CodeIgniter\Model->__call('kota', Array)
#3 C:\Users\7U400.COM\Documents\kas\system\CodeIgniter.php(832): App\Controllers\Kas\Kota->index()
#4 C:\Users\7U400.COM\Documents\kas\system\CodeIgniter.php(419): CodeIgniter\CodeIgniter->runController(Object(App\Controllers\Kas\Kota))
#5 C:\Users\7U400.COM\Documents\kas\system\CodeIgniter.php(326): CodeIgniter\CodeIgniter->handleRequest(NULL, Object(Config\Cache), false)
#6 C:\Users\7U400.COM\Documents\kas\public\index.php(37): CodeIgniter\CodeIgniter->run()
#7 C:\Users\7U400.COM\Documents\kas\system\Commands\Server\rewrite.php(43): require_once('C:\\Users\\7U400....')
#8 {main}
CRITICAL - 2025-10-07 14:42:27 --> Undefined variable $ibadah
#0 C:\Users\7U400.COM\Documents\kas\app\Views\kas\cabang\inputcabang.php(10): CodeIgniter\Debug\Exceptions->errorHandler(2, 'Undefined varia...', 'C:\\Users\\7U400....', 10)
#1 C:\Users\7U400.COM\Documents\kas\system\View\View.php(210): include('C:\\Users\\7U400....')
#2 C:\Users\7U400.COM\Documents\kas\system\View\View.php(213): CodeIgniter\View\View->CodeIgniter\View\{closure}()
#3 C:\Users\7U400.COM\Documents\kas\system\Common.php(1089): CodeIgniter\View\View->render('kas/cabang/inpu...', Array, true)
#4 C:\Users\7U400.COM\Documents\kas\app\Controllers\Kas\Cabang.php(158): view('kas/cabang/inpu...', Array)
#5 C:\Users\7U400.COM\Documents\kas\system\CodeIgniter.php(832): App\Controllers\Kas\Cabang->input()
#6 C:\Users\7U400.COM\Documents\kas\system\CodeIgniter.php(419): CodeIgniter\CodeIgniter->runController(Object(App\Controllers\Kas\Cabang))
#7 C:\Users\7U400.COM\Documents\kas\system\CodeIgniter.php(326): CodeIgniter\CodeIgniter->handleRequest(NULL, Object(Config\Cache), false)
#8 C:\Users\7U400.COM\Documents\kas\public\index.php(37): CodeIgniter\CodeIgniter->run()
#9 C:\Users\7U400.COM\Documents\kas\system\Commands\Server\rewrite.php(43): require_once('C:\\Users\\7U400....')
#10 {main}
CRITICAL - 2025-10-07 14:43:55 --> Undefined variable $ibadah
#0 C:\Users\7U400.COM\Documents\kas\app\Views\kas\cabang\inputcabang.php(10): CodeIgniter\Debug\Exceptions->errorHandler(2, 'Undefined varia...', 'C:\\Users\\7U400....', 10)
#1 C:\Users\7U400.COM\Documents\kas\system\View\View.php(210): include('C:\\Users\\7U400....')
#2 C:\Users\7U400.COM\Documents\kas\system\View\View.php(213): CodeIgniter\View\View->CodeIgniter\View\{closure}()
#3 C:\Users\7U400.COM\Documents\kas\system\Common.php(1089): CodeIgniter\View\View->render('kas/cabang/inpu...', Array, true)
#4 C:\Users\7U400.COM\Documents\kas\app\Controllers\Kas\Cabang.php(158): view('kas/cabang/inpu...', Array)
#5 C:\Users\7U400.COM\Documents\kas\system\CodeIgniter.php(832): App\Controllers\Kas\Cabang->input()
#6 C:\Users\7U400.COM\Documents\kas\system\CodeIgniter.php(419): CodeIgniter\CodeIgniter->runController(Object(App\Controllers\Kas\Cabang))
#7 C:\Users\7U400.COM\Documents\kas\system\CodeIgniter.php(326): CodeIgniter\CodeIgniter->handleRequest(NULL, Object(Config\Cache), false)
#8 C:\Users\7U400.COM\Documents\kas\public\index.php(37): CodeIgniter\CodeIgniter->run()
#9 C:\Users\7U400.COM\Documents\kas\system\Commands\Server\rewrite.php(43): require_once('C:\\Users\\7U400....')
#10 {main}
CRITICAL - 2025-10-07 14:44:10 --> Undefined variable $kota
#0 C:\Users\7U400.COM\Documents\kas\app\Views\kas\cabang\inputcabang.php(20): CodeIgniter\Debug\Exceptions->errorHandler(2, 'Undefined varia...', 'C:\\Users\\7U400....', 20)
#1 C:\Users\7U400.COM\Documents\kas\system\View\View.php(210): include('C:\\Users\\7U400....')
#2 C:\Users\7U400.COM\Documents\kas\system\View\View.php(213): CodeIgniter\View\View->CodeIgniter\View\{closure}()
#3 C:\Users\7U400.COM\Documents\kas\system\Common.php(1089): CodeIgniter\View\View->render('kas/cabang/inpu...', Array, true)
#4 C:\Users\7U400.COM\Documents\kas\app\Controllers\Kas\Cabang.php(158): view('kas/cabang/inpu...', Array)
#5 C:\Users\7U400.COM\Documents\kas\system\CodeIgniter.php(832): App\Controllers\Kas\Cabang->input()
#6 C:\Users\7U400.COM\Documents\kas\system\CodeIgniter.php(419): CodeIgniter\CodeIgniter->runController(Object(App\Controllers\Kas\Cabang))
#7 C:\Users\7U400.COM\Documents\kas\system\CodeIgniter.php(326): CodeIgniter\CodeIgniter->handleRequest(NULL, Object(Config\Cache), false)
#8 C:\Users\7U400.COM\Documents\kas\public\index.php(37): CodeIgniter\CodeIgniter->run()
#9 C:\Users\7U400.COM\Documents\kas\system\Commands\Server\rewrite.php(43): require_once('C:\\Users\\7U400....')
#10 {main}
CRITICAL - 2025-10-07 14:46:07 --> Undefined array key "keterangan"
#0 C:\Users\7U400.COM\Documents\kas\app\Controllers\Kas\Cabang.php(180): CodeIgniter\Debug\Exceptions->errorHandler(2, 'Undefined array...', 'C:\\Users\\7U400....', 180)
#1 C:\Users\7U400.COM\Documents\kas\system\CodeIgniter.php(832): App\Controllers\Kas\Cabang->inputsave()
#2 C:\Users\7U400.COM\Documents\kas\system\CodeIgniter.php(419): CodeIgniter\CodeIgniter->runController(Object(App\Controllers\Kas\Cabang))
#3 C:\Users\7U400.COM\Documents\kas\system\CodeIgniter.php(326): CodeIgniter\CodeIgniter->handleRequest(NULL, Object(Config\Cache), false)
#4 C:\Users\7U400.COM\Documents\kas\public\index.php(37): CodeIgniter\CodeIgniter->run()
#5 C:\Users\7U400.COM\Documents\kas\system\Commands\Server\rewrite.php(43): require_once('C:\\Users\\7U400....')
#6 {main}
CRITICAL - 2025-10-07 14:50:19 --> Undefined array key "nama"
#0 C:\Users\7U400.COM\Documents\kas\app\Controllers\Kas\Cabang.php(108): CodeIgniter\Debug\Exceptions->errorHandler(2, 'Undefined array...', 'C:\\Users\\7U400....', 108)
#1 C:\Users\7U400.COM\Documents\kas\system\CodeIgniter.php(832): App\Controllers\Kas\Cabang->editsave()
#2 C:\Users\7U400.COM\Documents\kas\system\CodeIgniter.php(419): CodeIgniter\CodeIgniter->runController(Object(App\Controllers\Kas\Cabang))
#3 C:\Users\7U400.COM\Documents\kas\system\CodeIgniter.php(326): CodeIgniter\CodeIgniter->handleRequest(NULL, Object(Config\Cache), false)
#4 C:\Users\7U400.COM\Documents\kas\public\index.php(37): CodeIgniter\CodeIgniter->run()
#5 C:\Users\7U400.COM\Documents\kas\system\Commands\Server\rewrite.php(43): require_once('C:\\Users\\7U400....')
#6 {main}
CRITICAL - 2025-10-07 15:02:44 --> Undefined variable $rumahIbadah
#0 C:\Users\7U400.COM\Documents\kas\app\Views\kas\dashboard.php(68): CodeIgniter\Debug\Exceptions->errorHandler(2, 'Undefined varia...', 'C:\\Users\\7U400....', 68)
#1 C:\Users\7U400.COM\Documents\kas\system\View\View.php(210): include('C:\\Users\\7U400....')
#2 C:\Users\7U400.COM\Documents\kas\system\View\View.php(213): CodeIgniter\View\View->CodeIgniter\View\{closure}()
#3 C:\Users\7U400.COM\Documents\kas\system\Common.php(1089): CodeIgniter\View\View->render('kas/dashboard', Array, true)
#4 C:\Users\7U400.COM\Documents\kas\app\Controllers\Kas\Dashboard.php(120): view('kas/dashboard', Array)
#5 C:\Users\7U400.COM\Documents\kas\system\CodeIgniter.php(832): App\Controllers\Kas\Dashboard->index()
#6 C:\Users\7U400.COM\Documents\kas\system\CodeIgniter.php(419): CodeIgniter\CodeIgniter->runController(Object(App\Controllers\Kas\Dashboard))
#7 C:\Users\7U400.COM\Documents\kas\system\CodeIgniter.php(326): CodeIgniter\CodeIgniter->handleRequest(NULL, Object(Config\Cache), false)
#8 C:\Users\7U400.COM\Documents\kas\public\index.php(37): CodeIgniter\CodeIgniter->run()
#9 C:\Users\7U400.COM\Documents\kas\system\Commands\Server\rewrite.php(43): require_once('C:\\Users\\7U400....')
#10 {main}
CRITICAL - 2025-10-07 15:08:22 --> Undefined variable $rumahIbadah
#0 C:\Users\7U400.COM\Documents\kas\app\Views\kas\dashboard.php(70): CodeIgniter\Debug\Exceptions->errorHandler(2, 'Undefined varia...', 'C:\\Users\\7U400....', 70)
#1 C:\Users\7U400.COM\Documents\kas\system\View\View.php(210): include('C:\\Users\\7U400....')
#2 C:\Users\7U400.COM\Documents\kas\system\View\View.php(213): CodeIgniter\View\View->CodeIgniter\View\{closure}()
#3 C:\Users\7U400.COM\Documents\kas\system\Common.php(1089): CodeIgniter\View\View->render('kas/dashboard', Array, true)
#4 C:\Users\7U400.COM\Documents\kas\app\Controllers\Kas\Dashboard.php(120): view('kas/dashboard', Array)
#5 C:\Users\7U400.COM\Documents\kas\system\CodeIgniter.php(832): App\Controllers\Kas\Dashboard->index()
#6 C:\Users\7U400.COM\Documents\kas\system\CodeIgniter.php(419): CodeIgniter\CodeIgniter->runController(Object(App\Controllers\Kas\Dashboard))
#7 C:\Users\7U400.COM\Documents\kas\system\CodeIgniter.php(326): CodeIgniter\CodeIgniter->handleRequest(NULL, Object(Config\Cache), false)
#8 C:\Users\7U400.COM\Documents\kas\public\index.php(37): CodeIgniter\CodeIgniter->run()
#9 C:\Users\7U400.COM\Documents\kas\system\Commands\Server\rewrite.php(43): require_once('C:\\Users\\7U400....')
#10 {main}
CRITICAL - 2025-10-07 15:13:19 --> Undefined variable $rumahIbadah
#0 C:\Users\7U400.COM\Documents\kas\app\Views\kas\dashboard.php(70): CodeIgniter\Debug\Exceptions->errorHandler(2, 'Undefined varia...', 'C:\\Users\\7U400....', 70)
#1 C:\Users\7U400.COM\Documents\kas\system\View\View.php(210): include('C:\\Users\\7U400....')
#2 C:\Users\7U400.COM\Documents\kas\system\View\View.php(213): CodeIgniter\View\View->CodeIgniter\View\{closure}()
#3 C:\Users\7U400.COM\Documents\kas\system\Common.php(1089): CodeIgniter\View\View->render('kas/dashboard', Array, true)
#4 C:\Users\7U400.COM\Documents\kas\app\Controllers\Kas\Dashboard.php(120): view('kas/dashboard', Array)
#5 C:\Users\7U400.COM\Documents\kas\system\CodeIgniter.php(832): App\Controllers\Kas\Dashboard->index()
#6 C:\Users\7U400.COM\Documents\kas\system\CodeIgniter.php(419): CodeIgniter\CodeIgniter->runController(Object(App\Controllers\Kas\Dashboard))
#7 C:\Users\7U400.COM\Documents\kas\system\CodeIgniter.php(326): CodeIgniter\CodeIgniter->handleRequest(NULL, Object(Config\Cache), false)
#8 C:\Users\7U400.COM\Documents\kas\public\index.php(37): CodeIgniter\CodeIgniter->run()
#9 C:\Users\7U400.COM\Documents\kas\system\Commands\Server\rewrite.php(43): require_once('C:\\Users\\7U400....')
#10 {main}
ERROR - 2025-10-07 15:13:45 --> Unknown column 'deleted_at' in 'where clause'
CRITICAL - 2025-10-07 15:13:45 --> Call to a member function getResultArray() on bool
#0 C:\Users\7U400.COM\Documents\kas\system\CodeIgniter.php(832): App\Controllers\Kas\Dashboard->index()
#1 C:\Users\7U400.COM\Documents\kas\system\CodeIgniter.php(419): CodeIgniter\CodeIgniter->runController(Object(App\Controllers\Kas\Dashboard))
#2 C:\Users\7U400.COM\Documents\kas\system\CodeIgniter.php(326): CodeIgniter\CodeIgniter->handleRequest(NULL, Object(Config\Cache), false)
#3 C:\Users\7U400.COM\Documents\kas\public\index.php(37): CodeIgniter\CodeIgniter->run()
#4 C:\Users\7U400.COM\Documents\kas\system\Commands\Server\rewrite.php(43): require_once('C:\\Users\\7U400....')
#5 {main}
ERROR - 2025-10-07 15:13:58 --> Unknown column 'deleted_at' in 'where clause'
CRITICAL - 2025-10-07 15:13:58 --> Call to a member function getResultArray() on bool
#0 C:\Users\7U400.COM\Documents\kas\system\CodeIgniter.php(832): App\Controllers\Kas\Dashboard->index()
#1 C:\Users\7U400.COM\Documents\kas\system\CodeIgniter.php(419): CodeIgniter\CodeIgniter->runController(Object(App\Controllers\Kas\Dashboard))
#2 C:\Users\7U400.COM\Documents\kas\system\CodeIgniter.php(326): CodeIgniter\CodeIgniter->handleRequest(NULL, Object(Config\Cache), false)
#3 C:\Users\7U400.COM\Documents\kas\public\index.php(37): CodeIgniter\CodeIgniter->run()
#4 C:\Users\7U400.COM\Documents\kas\system\Commands\Server\rewrite.php(43): require_once('C:\\Users\\7U400....')
#5 {main}
CRITICAL - 2025-10-07 15:14:01 --> Undefined variable $rumahIbadah
#0 C:\Users\7U400.COM\Documents\kas\app\Views\kas\dashboard.php(70): CodeIgniter\Debug\Exceptions->errorHandler(2, 'Undefined varia...', 'C:\\Users\\7U400....', 70)
#1 C:\Users\7U400.COM\Documents\kas\system\View\View.php(210): include('C:\\Users\\7U400....')
#2 C:\Users\7U400.COM\Documents\kas\system\View\View.php(213): CodeIgniter\View\View->CodeIgniter\View\{closure}()
#3 C:\Users\7U400.COM\Documents\kas\system\Common.php(1089): CodeIgniter\View\View->render('kas/dashboard', Array, true)
#4 C:\Users\7U400.COM\Documents\kas\app\Controllers\Kas\Dashboard.php(120): view('kas/dashboard', Array)
#5 C:\Users\7U400.COM\Documents\kas\system\CodeIgniter.php(832): App\Controllers\Kas\Dashboard->index()
#6 C:\Users\7U400.COM\Documents\kas\system\CodeIgniter.php(419): CodeIgniter\CodeIgniter->runController(Object(App\Controllers\Kas\Dashboard))
#7 C:\Users\7U400.COM\Documents\kas\system\CodeIgniter.php(326): CodeIgniter\CodeIgniter->handleRequest(NULL, Object(Config\Cache), false)
#8 C:\Users\7U400.COM\Documents\kas\public\index.php(37): CodeIgniter\CodeIgniter->run()
#9 C:\Users\7U400.COM\Documents\kas\system\Commands\Server\rewrite.php(43): require_once('C:\\Users\\7U400....')
#10 {main}
ERROR - 2025-10-07 15:48:44 --> Unknown column 'rumah.id_rumah' in 'on clause'
CRITICAL - 2025-10-07 15:48:44 --> Call to a member function getResult() on bool
#0 C:\Users\7U400.COM\Documents\kas\app\Controllers\Kas\Kategori.php(28): App\Models\Kas\M_belajar->kategori()
#1 C:\Users\7U400.COM\Documents\kas\system\CodeIgniter.php(832): App\Controllers\Kas\Kategori->index()
#2 C:\Users\7U400.COM\Documents\kas\system\CodeIgniter.php(419): CodeIgniter\CodeIgniter->runController(Object(App\Controllers\Kas\Kategori))
#3 C:\Users\7U400.COM\Documents\kas\system\CodeIgniter.php(326): CodeIgniter\CodeIgniter->handleRequest(NULL, Object(Config\Cache), false)
#4 C:\Users\7U400.COM\Documents\kas\public\index.php(37): CodeIgniter\CodeIgniter->run()
#5 C:\Users\7U400.COM\Documents\kas\system\Commands\Server\rewrite.php(43): require_once('C:\\Users\\7U400....')
#6 {main}
ERROR - 2025-10-07 15:49:04 --> Unknown column 'rumah.id_rumah' in 'on clause'
CRITICAL - 2025-10-07 15:49:04 --> Call to a member function getResult() on bool
#0 C:\Users\7U400.COM\Documents\kas\app\Controllers\Kas\Kategori.php(28): App\Models\Kas\M_belajar->kategori()
#1 C:\Users\7U400.COM\Documents\kas\system\CodeIgniter.php(832): App\Controllers\Kas\Kategori->index()
#2 C:\Users\7U400.COM\Documents\kas\system\CodeIgniter.php(419): CodeIgniter\CodeIgniter->runController(Object(App\Controllers\Kas\Kategori))
#3 C:\Users\7U400.COM\Documents\kas\system\CodeIgniter.php(326): CodeIgniter\CodeIgniter->handleRequest(NULL, Object(Config\Cache), false)
#4 C:\Users\7U400.COM\Documents\kas\public\index.php(37): CodeIgniter\CodeIgniter->run()
#5 C:\Users\7U400.COM\Documents\kas\system\Commands\Server\rewrite.php(43): require_once('C:\\Users\\7U400....')
#6 {main}
ERROR - 2025-10-07 15:49:06 --> Unknown column 'rumah.id_rumah' in 'on clause'
CRITICAL - 2025-10-07 15:49:06 --> Call to a member function getResult() on bool
#0 C:\Users\7U400.COM\Documents\kas\app\Controllers\Kas\Kategori.php(28): App\Models\Kas\M_belajar->kategori()
#1 C:\Users\7U400.COM\Documents\kas\system\CodeIgniter.php(832): App\Controllers\Kas\Kategori->index()
#2 C:\Users\7U400.COM\Documents\kas\system\CodeIgniter.php(419): CodeIgniter\CodeIgniter->runController(Object(App\Controllers\Kas\Kategori))
#3 C:\Users\7U400.COM\Documents\kas\system\CodeIgniter.php(326): CodeIgniter\CodeIgniter->handleRequest(NULL, Object(Config\Cache), false)
#4 C:\Users\7U400.COM\Documents\kas\public\index.php(37): CodeIgniter\CodeIgniter->run()
#5 C:\Users\7U400.COM\Documents\kas\system\Commands\Server\rewrite.php(43): require_once('C:\\Users\\7U400....')
#6 {main}
ERROR - 2025-10-07 15:49:08 --> Unknown column 'rumah.id_rumah' in 'on clause'
CRITICAL - 2025-10-07 15:49:08 --> Call to a member function getResult() on bool
#0 C:\Users\7U400.COM\Documents\kas\app\Controllers\Kas\Kategori.php(28): App\Models\Kas\M_belajar->kategori()
#1 C:\Users\7U400.COM\Documents\kas\system\CodeIgniter.php(832): App\Controllers\Kas\Kategori->index()
#2 C:\Users\7U400.COM\Documents\kas\system\CodeIgniter.php(419): CodeIgniter\CodeIgniter->runController(Object(App\Controllers\Kas\Kategori))
#3 C:\Users\7U400.COM\Documents\kas\system\CodeIgniter.php(326): CodeIgniter\CodeIgniter->handleRequest(NULL, Object(Config\Cache), false)
#4 C:\Users\7U400.COM\Documents\kas\public\index.php(37): CodeIgniter\CodeIgniter->run()
#5 C:\Users\7U400.COM\Documents\kas\system\Commands\Server\rewrite.php(43): require_once('C:\\Users\\7U400....')
#6 {main}
ERROR - 2025-10-07 15:49:37 --> Unknown column 'rumah.id_rumah' in 'on clause'
CRITICAL - 2025-10-07 15:49:37 --> Call to a member function getResult() on bool
#0 C:\Users\7U400.COM\Documents\kas\app\Controllers\Kas\Kategori.php(28): App\Models\Kas\M_belajar->kategori()
#1 C:\Users\7U400.COM\Documents\kas\system\CodeIgniter.php(832): App\Controllers\Kas\Kategori->index()
#2 C:\Users\7U400.COM\Documents\kas\system\CodeIgniter.php(419): CodeIgniter\CodeIgniter->runController(Object(App\Controllers\Kas\Kategori))
#3 C:\Users\7U400.COM\Documents\kas\system\CodeIgniter.php(326): CodeIgniter\CodeIgniter->handleRequest(NULL, Object(Config\Cache), false)
#4 C:\Users\7U400.COM\Documents\kas\public\index.php(37): CodeIgniter\CodeIgniter->run()
#5 C:\Users\7U400.COM\Documents\kas\system\Commands\Server\rewrite.php(43): require_once('C:\\Users\\7U400....')
#6 {main}
ERROR - 2025-10-07 15:50:04 --> Unknown column 'rumah.id_rumah' in 'on clause'
CRITICAL - 2025-10-07 15:50:04 --> Call to a member function getResult() on bool
#0 C:\Users\7U400.COM\Documents\kas\app\Controllers\Kas\Kategori.php(28): App\Models\Kas\M_belajar->kategori()
#1 C:\Users\7U400.COM\Documents\kas\system\CodeIgniter.php(832): App\Controllers\Kas\Kategori->index()
#2 C:\Users\7U400.COM\Documents\kas\system\CodeIgniter.php(419): CodeIgniter\CodeIgniter->runController(Object(App\Controllers\Kas\Kategori))
#3 C:\Users\7U400.COM\Documents\kas\system\CodeIgniter.php(326): CodeIgniter\CodeIgniter->handleRequest(NULL, Object(Config\Cache), false)
#4 C:\Users\7U400.COM\Documents\kas\public\index.php(37): CodeIgniter\CodeIgniter->run()
#5 C:\Users\7U400.COM\Documents\kas\system\Commands\Server\rewrite.php(43): require_once('C:\\Users\\7U400....')
#6 {main}
CRITICAL - 2025-10-07 15:51:17 --> Too few arguments to function App\Models\Kas\M_belajar::jkategori(), 0 passed in C:\Users\7U400.COM\Documents\kas\app\Controllers\Kas\Kategori.php on line 73 and exactly 1 expected
#0 C:\Users\7U400.COM\Documents\kas\app\Controllers\Kas\Kategori.php(73): App\Models\Kas\M_belajar->jkategori()
#1 C:\Users\7U400.COM\Documents\kas\system\CodeIgniter.php(832): App\Controllers\Kas\Kategori->edit('1')
#2 C:\Users\7U400.COM\Documents\kas\system\CodeIgniter.php(419): CodeIgniter\CodeIgniter->runController(Object(App\Controllers\Kas\Kategori))
#3 C:\Users\7U400.COM\Documents\kas\system\CodeIgniter.php(326): CodeIgniter\CodeIgniter->handleRequest(NULL, Object(Config\Cache), false)
#4 C:\Users\7U400.COM\Documents\kas\public\index.php(37): CodeIgniter\CodeIgniter->run()
#5 C:\Users\7U400.COM\Documents\kas\system\Commands\Server\rewrite.php(43): require_once('C:\\Users\\7U400....')
#6 {main}
CRITICAL - 2025-10-07 15:52:17 --> Attempt to read property "id_rumah" on array
#0 C:\Users\7U400.COM\Documents\kas\app\Views\kas\kategori\editkategori.php(26): CodeIgniter\Debug\Exceptions->errorHandler(2, 'Attempt to read...', 'C:\\Users\\7U400....', 26)
#1 C:\Users\7U400.COM\Documents\kas\system\View\View.php(210): include('C:\\Users\\7U400....')
#2 C:\Users\7U400.COM\Documents\kas\system\View\View.php(213): CodeIgniter\View\View->CodeIgniter\View\{closure}()
#3 C:\Users\7U400.COM\Documents\kas\system\Common.php(1089): CodeIgniter\View\View->render('kas/kategori/ed...', Array, true)
#4 C:\Users\7U400.COM\Documents\kas\app\Controllers\Kas\Kategori.php(85): view('kas/kategori/ed...', Array)
#5 C:\Users\7U400.COM\Documents\kas\system\CodeIgniter.php(832): App\Controllers\Kas\Kategori->edit('1')
#6 C:\Users\7U400.COM\Documents\kas\system\CodeIgniter.php(419): CodeIgniter\CodeIgniter->runController(Object(App\Controllers\Kas\Kategori))
#7 C:\Users\7U400.COM\Documents\kas\system\CodeIgniter.php(326): CodeIgniter\CodeIgniter->handleRequest(NULL, Object(Config\Cache), false)
#8 C:\Users\7U400.COM\Documents\kas\public\index.php(37): CodeIgniter\CodeIgniter->run()
#9 C:\Users\7U400.COM\Documents\kas\system\Commands\Server\rewrite.php(43): require_once('C:\\Users\\7U400....')
#10 {main}
CRITICAL - 2025-10-07 16:31:57 --> Undefined property: stdClass::$nama
#0 C:\Users\7U400.COM\Documents\kas\app\Views\kas\transaksi\transaksi.php(46): CodeIgniter\Debug\Exceptions->errorHandler(2, 'Undefined prope...', 'C:\\Users\\7U400....', 46)
#1 C:\Users\7U400.COM\Documents\kas\system\View\View.php(210): include('C:\\Users\\7U400....')
#2 C:\Users\7U400.COM\Documents\kas\system\View\View.php(213): CodeIgniter\View\View->CodeIgniter\View\{closure}()
#3 C:\Users\7U400.COM\Documents\kas\system\Common.php(1089): CodeIgniter\View\View->render('kas/transaksi/t...', Array, true)
#4 C:\Users\7U400.COM\Documents\kas\app\Controllers\Kas\Transaksi.php(39): view('kas/transaksi/t...', Array)
#5 C:\Users\7U400.COM\Documents\kas\system\CodeIgniter.php(832): App\Controllers\Kas\Transaksi->index()
#6 C:\Users\7U400.COM\Documents\kas\system\CodeIgniter.php(419): CodeIgniter\CodeIgniter->runController(Object(App\Controllers\Kas\Transaksi))
#7 C:\Users\7U400.COM\Documents\kas\system\CodeIgniter.php(326): CodeIgniter\CodeIgniter->handleRequest(NULL, Object(Config\Cache), false)
#8 C:\Users\7U400.COM\Documents\kas\public\index.php(37): CodeIgniter\CodeIgniter->run()
#9 C:\Users\7U400.COM\Documents\kas\system\Commands\Server\rewrite.php(43): require_once('C:\\Users\\7U400....')
#10 {main}
CRITICAL - 2025-10-07 16:32:39 --> Attempt to read property "id_rumah" on array
#0 C:\Users\7U400.COM\Documents\kas\app\Views\kas\transaksi\edittransaksi.php(10): CodeIgniter\Debug\Exceptions->errorHandler(2, 'Attempt to read...', 'C:\\Users\\7U400....', 10)
#1 C:\Users\7U400.COM\Documents\kas\system\View\View.php(210): include('C:\\Users\\7U400....')
#2 C:\Users\7U400.COM\Documents\kas\system\View\View.php(213): CodeIgniter\View\View->CodeIgniter\View\{closure}()
#3 C:\Users\7U400.COM\Documents\kas\system\Common.php(1089): CodeIgniter\View\View->render('kas/transaksi/e...', Array, true)
#4 C:\Users\7U400.COM\Documents\kas\app\Controllers\Kas\Transaksi.php(89): view('kas/transaksi/e...', Array)
#5 C:\Users\7U400.COM\Documents\kas\system\CodeIgniter.php(832): App\Controllers\Kas\Transaksi->edit('1')
#6 C:\Users\7U400.COM\Documents\kas\system\CodeIgniter.php(419): CodeIgniter\CodeIgniter->runController(Object(App\Controllers\Kas\Transaksi))
#7 C:\Users\7U400.COM\Documents\kas\system\CodeIgniter.php(326): CodeIgniter\CodeIgniter->handleRequest(NULL, Object(Config\Cache), false)
#8 C:\Users\7U400.COM\Documents\kas\public\index.php(37): CodeIgniter\CodeIgniter->run()
#9 C:\Users\7U400.COM\Documents\kas\system\Commands\Server\rewrite.php(43): require_once('C:\\Users\\7U400....')
#10 {main}
CRITICAL - 2025-10-07 21:19:03 --> Attempt to read property "id_rumah" on array
#0 C:\Users\7U400.COM\Documents\kas\app\Views\kas\transaksi\edittransaksi.php(10): CodeIgniter\Debug\Exceptions->errorHandler(2, 'Attempt to read...', 'C:\\Users\\7U400....', 10)
#1 C:\Users\7U400.COM\Documents\kas\system\View\View.php(210): include('C:\\Users\\7U400....')
#2 C:\Users\7U400.COM\Documents\kas\system\View\View.php(213): CodeIgniter\View\View->CodeIgniter\View\{closure}()
#3 C:\Users\7U400.COM\Documents\kas\system\Common.php(1089): CodeIgniter\View\View->render('kas/transaksi/e...', Array, true)
#4 C:\Users\7U400.COM\Documents\kas\app\Controllers\Kas\Transaksi.php(89): view('kas/transaksi/e...', Array)
#5 C:\Users\7U400.COM\Documents\kas\system\CodeIgniter.php(832): App\Controllers\Kas\Transaksi->edit('1')
#6 C:\Users\7U400.COM\Documents\kas\system\CodeIgniter.php(419): CodeIgniter\CodeIgniter->runController(Object(App\Controllers\Kas\Transaksi))
#7 C:\Users\7U400.COM\Documents\kas\system\CodeIgniter.php(326): CodeIgniter\CodeIgniter->handleRequest(NULL, Object(Config\Cache), false)
#8 C:\Users\7U400.COM\Documents\kas\public\index.php(37): CodeIgniter\CodeIgniter->run()
#9 C:\Users\7U400.COM\Documents\kas\system\Commands\Server\rewrite.php(43): require_once('C:\\Users\\7U400....')
#10 {main}
CRITICAL - 2025-10-07 21:20:26 --> Attempt to read property "id_rumah" on array
#0 C:\Users\7U400.COM\Documents\kas\app\Views\kas\transaksi\edittransaksi.php(9): CodeIgniter\Debug\Exceptions->errorHandler(2, 'Attempt to read...', 'C:\\Users\\7U400....', 9)
#1 C:\Users\7U400.COM\Documents\kas\system\View\View.php(210): include('C:\\Users\\7U400....')
#2 C:\Users\7U400.COM\Documents\kas\system\View\View.php(213): CodeIgniter\View\View->CodeIgniter\View\{closure}()
#3 C:\Users\7U400.COM\Documents\kas\system\Common.php(1089): CodeIgniter\View\View->render('kas/transaksi/e...', Array, true)
#4 C:\Users\7U400.COM\Documents\kas\app\Controllers\Kas\Transaksi.php(89): view('kas/transaksi/e...', Array)
#5 C:\Users\7U400.COM\Documents\kas\system\CodeIgniter.php(832): App\Controllers\Kas\Transaksi->edit('1')
#6 C:\Users\7U400.COM\Documents\kas\system\CodeIgniter.php(419): CodeIgniter\CodeIgniter->runController(Object(App\Controllers\Kas\Transaksi))
#7 C:\Users\7U400.COM\Documents\kas\system\CodeIgniter.php(326): CodeIgniter\CodeIgniter->handleRequest(NULL, Object(Config\Cache), false)
#8 C:\Users\7U400.COM\Documents\kas\public\index.php(37): CodeIgniter\CodeIgniter->run()
#9 C:\Users\7U400.COM\Documents\kas\system\Commands\Server\rewrite.php(43): require_once('C:\\Users\\7U400....')
#10 {main}
CRITICAL - 2025-10-07 21:20:34 --> Attempt to read property "id_rumah" on array
#0 C:\Users\7U400.COM\Documents\kas\app\Views\kas\transaksi\edittransaksi.php(9): CodeIgniter\Debug\Exceptions->errorHandler(2, 'Attempt to read...', 'C:\\Users\\7U400....', 9)
#1 C:\Users\7U400.COM\Documents\kas\system\View\View.php(210): include('C:\\Users\\7U400....')
#2 C:\Users\7U400.COM\Documents\kas\system\View\View.php(213): CodeIgniter\View\View->CodeIgniter\View\{closure}()
#3 C:\Users\7U400.COM\Documents\kas\system\Common.php(1089): CodeIgniter\View\View->render('kas/transaksi/e...', Array, true)
#4 C:\Users\7U400.COM\Documents\kas\app\Controllers\Kas\Transaksi.php(89): view('kas/transaksi/e...', Array)
#5 C:\Users\7U400.COM\Documents\kas\system\CodeIgniter.php(832): App\Controllers\Kas\Transaksi->edit('1')
#6 C:\Users\7U400.COM\Documents\kas\system\CodeIgniter.php(419): CodeIgniter\CodeIgniter->runController(Object(App\Controllers\Kas\Transaksi))
#7 C:\Users\7U400.COM\Documents\kas\system\CodeIgniter.php(326): CodeIgniter\CodeIgniter->handleRequest(NULL, Object(Config\Cache), false)
#8 C:\Users\7U400.COM\Documents\kas\public\index.php(37): CodeIgniter\CodeIgniter->run()
#9 C:\Users\7U400.COM\Documents\kas\system\Commands\Server\rewrite.php(43): require_once('C:\\Users\\7U400....')
#10 {main}
CRITICAL - 2025-10-07 21:20:35 --> Attempt to read property "id_rumah" on array
#0 C:\Users\7U400.COM\Documents\kas\app\Views\kas\transaksi\edittransaksi.php(9): CodeIgniter\Debug\Exceptions->errorHandler(2, 'Attempt to read...', 'C:\\Users\\7U400....', 9)
#1 C:\Users\7U400.COM\Documents\kas\system\View\View.php(210): include('C:\\Users\\7U400....')
#2 C:\Users\7U400.COM\Documents\kas\system\View\View.php(213): CodeIgniter\View\View->CodeIgniter\View\{closure}()
#3 C:\Users\7U400.COM\Documents\kas\system\Common.php(1089): CodeIgniter\View\View->render('kas/transaksi/e...', Array, true)
#4 C:\Users\7U400.COM\Documents\kas\app\Controllers\Kas\Transaksi.php(89): view('kas/transaksi/e...', Array)
#5 C:\Users\7U400.COM\Documents\kas\system\CodeIgniter.php(832): App\Controllers\Kas\Transaksi->edit('1')
#6 C:\Users\7U400.COM\Documents\kas\system\CodeIgniter.php(419): CodeIgniter\CodeIgniter->runController(Object(App\Controllers\Kas\Transaksi))
#7 C:\Users\7U400.COM\Documents\kas\system\CodeIgniter.php(326): CodeIgniter\CodeIgniter->handleRequest(NULL, Object(Config\Cache), false)
#8 C:\Users\7U400.COM\Documents\kas\public\index.php(37): CodeIgniter\CodeIgniter->run()
#9 C:\Users\7U400.COM\Documents\kas\system\Commands\Server\rewrite.php(43): require_once('C:\\Users\\7U400....')
#10 {main}
CRITICAL - 2025-10-07 21:22:30 --> Attempt to read property "id_rumah" on array
#0 C:\Users\7U400.COM\Documents\kas\app\Views\kas\transaksi\edittransaksi.php(9): CodeIgniter\Debug\Exceptions->errorHandler(2, 'Attempt to read...', 'C:\\Users\\7U400....', 9)
#1 C:\Users\7U400.COM\Documents\kas\system\View\View.php(210): include('C:\\Users\\7U400....')
#2 C:\Users\7U400.COM\Documents\kas\system\View\View.php(213): CodeIgniter\View\View->CodeIgniter\View\{closure}()
#3 C:\Users\7U400.COM\Documents\kas\system\Common.php(1089): CodeIgniter\View\View->render('kas/transaksi/e...', Array, true)
#4 C:\Users\7U400.COM\Documents\kas\app\Controllers\Kas\Transaksi.php(88): view('kas/transaksi/e...', Array)
#5 C:\Users\7U400.COM\Documents\kas\system\CodeIgniter.php(832): App\Controllers\Kas\Transaksi->edit('1')
#6 C:\Users\7U400.COM\Documents\kas\system\CodeIgniter.php(419): CodeIgniter\CodeIgniter->runController(Object(App\Controllers\Kas\Transaksi))
#7 C:\Users\7U400.COM\Documents\kas\system\CodeIgniter.php(326): CodeIgniter\CodeIgniter->handleRequest(NULL, Object(Config\Cache), false)
#8 C:\Users\7U400.COM\Documents\kas\public\index.php(37): CodeIgniter\CodeIgniter->run()
#9 C:\Users\7U400.COM\Documents\kas\system\Commands\Server\rewrite.php(43): require_once('C:\\Users\\7U400....')
#10 {main}
ERROR - 2025-10-07 21:55:47 --> Column 'deleted_at' in where clause is ambiguous
CRITICAL - 2025-10-07 21:55:47 --> Call to a member function getResultArray() on bool
#0 C:\Users\7U400.COM\Documents\kas\system\CodeIgniter.php(832): App\Controllers\Kas\Dashboard->index()
#1 C:\Users\7U400.COM\Documents\kas\system\CodeIgniter.php(419): CodeIgniter\CodeIgniter->runController(Object(App\Controllers\Kas\Dashboard))
#2 C:\Users\7U400.COM\Documents\kas\system\CodeIgniter.php(326): CodeIgniter\CodeIgniter->handleRequest(NULL, Object(Config\Cache), false)
#3 C:\Users\7U400.COM\Documents\kas\public\index.php(37): CodeIgniter\CodeIgniter->run()
#4 C:\Users\7U400.COM\Documents\kas\system\Commands\Server\rewrite.php(43): require_once('C:\\Users\\7U400....')
#5 {main}
ERROR - 2025-10-07 21:55:50 --> Column 'deleted_at' in where clause is ambiguous
CRITICAL - 2025-10-07 21:55:50 --> Call to a member function getResultArray() on bool
#0 C:\Users\7U400.COM\Documents\kas\system\CodeIgniter.php(832): App\Controllers\Kas\Dashboard->index()
#1 C:\Users\7U400.COM\Documents\kas\system\CodeIgniter.php(419): CodeIgniter\CodeIgniter->runController(Object(App\Controllers\Kas\Dashboard))
#2 C:\Users\7U400.COM\Documents\kas\system\CodeIgniter.php(326): CodeIgniter\CodeIgniter->handleRequest(NULL, Object(Config\Cache), false)
#3 C:\Users\7U400.COM\Documents\kas\public\index.php(37): CodeIgniter\CodeIgniter->run()
#4 C:\Users\7U400.COM\Documents\kas\system\Commands\Server\rewrite.php(43): require_once('C:\\Users\\7U400....')
#5 {main}
