ERROR - 2025-06-30 04:03:02 --> Error connecting to the database: No connection could be made because the target machine actively refused it
CRITICAL - 2025-06-30 04:03:02 --> Unable to connect to the database.
Main connection [MySQLi]: No connection could be made because the target machine actively refused it
#0 J:\My Drive\bukanotaa\system\Database\BaseConnection.php(577): CodeIgniter\Database\BaseConnection->initialize()
#1 J:\My Drive\bukanotaa\system\Database\BaseBuilder.php(1455): CodeIgniter\Database\BaseConnection->query('SELECT 1\nFROM `...', Array, false)
#2 J:\My Drive\bukanotaa\system\Validation\Rules.php(142): CodeIgniter\Database\BaseBuilder->get()
#3 J:\My Drive\bukanotaa\system\Validation\Validation.php(292): CodeIgniter\Validation\Rules->is_unique('selliennalinedw...', 'email', Array, NULL)
#4 J:\My Drive\bukanotaa\system\Validation\Validation.php(157): CodeIgniter\Validation\Validation->processRules('email', 'email', 'selliennalinedw...', Array, Array)
#5 J:\My Drive\bukanotaa\system\Controller.php(160): CodeIgniter\Validation\Validation->run()
#6 J:\My Drive\bukanotaa\app\Controllers\Register.php(17): CodeIgniter\Controller->validate(Array)
#7 J:\My Drive\bukanotaa\system\CodeIgniter.php(832): App\Controllers\Register->submit()
#8 J:\My Drive\bukanotaa\system\CodeIgniter.php(419): CodeIgniter\CodeIgniter->runController(Object(App\Controllers\Register))
#9 J:\My Drive\bukanotaa\system\CodeIgniter.php(326): CodeIgniter\CodeIgniter->handleRequest(NULL, Object(Config\Cache), false)
#10 J:\My Drive\bukanotaa\public\index.php(37): CodeIgniter\CodeIgniter->run()
#11 J:\My Drive\bukanotaa\system\Commands\Server\rewrite.php(43): require_once('J:\\My Drive\\buk...')
#12 {main}
CRITICAL - 2025-06-30 04:03:03 --> Uncaught ErrorException: file_get_contents(J:\My Drive\bukanotaa\app\Views\errors\html\debug.js): Failed to open stream: No such file or directory in J:\My Drive\bukanotaa\app\Views\errors\html\error_exception.php:19
Stack trace:
#0 [internal function]: CodeIgniter\Debug\Exceptions->errorHandler(2, 'file_get_conten...', 'J:\\My Drive\\buk...', 19)
#1 J:\My Drive\bukanotaa\app\Views\errors\html\error_exception.php(19): file_get_contents('J:\\My Drive\\buk...')
#2 J:\My Drive\bukanotaa\system\Debug\Exceptions.php(234): include('J:\\My Drive\\buk...')
#3 J:\My Drive\bukanotaa\system\Debug\Exceptions.php(237): CodeIgniter\Debug\Exceptions->CodeIgniter\Debug\{closure}()
#4 J:\My Drive\bukanotaa\system\Debug\Exceptions.php(121): CodeIgniter\Debug\Exceptions->render(Object(CodeIgniter\Database\Exceptions\DatabaseException), 500)
#5 [internal function]: CodeIgniter\Debug\Exceptions->exceptionHandler(Object(CodeIgniter\Database\Exceptions\DatabaseException))
#6 {main}
  thrown
#0 [internal function]: CodeIgniter\Debug\Exceptions->shutdownHandler()
#1 {main}
ERROR - 2025-06-30 04:03:11 --> Error connecting to the database: No connection could be made because the target machine actively refused it
CRITICAL - 2025-06-30 04:03:11 --> Unable to connect to the database.
Main connection [MySQLi]: No connection could be made because the target machine actively refused it
#0 J:\My Drive\bukanotaa\system\Database\BaseConnection.php(577): CodeIgniter\Database\BaseConnection->initialize()
#1 J:\My Drive\bukanotaa\system\Database\BaseBuilder.php(1455): CodeIgniter\Database\BaseConnection->query('SELECT 1\nFROM `...', Array, false)
#2 J:\My Drive\bukanotaa\system\Validation\Rules.php(142): CodeIgniter\Database\BaseBuilder->get()
#3 J:\My Drive\bukanotaa\system\Validation\Validation.php(292): CodeIgniter\Validation\Rules->is_unique('selliennalinedw...', 'email', Array, NULL)
#4 J:\My Drive\bukanotaa\system\Validation\Validation.php(157): CodeIgniter\Validation\Validation->processRules('email', 'email', 'selliennalinedw...', Array, Array)
#5 J:\My Drive\bukanotaa\system\Controller.php(160): CodeIgniter\Validation\Validation->run()
#6 J:\My Drive\bukanotaa\app\Controllers\Register.php(17): CodeIgniter\Controller->validate(Array)
#7 J:\My Drive\bukanotaa\system\CodeIgniter.php(832): App\Controllers\Register->submit()
#8 J:\My Drive\bukanotaa\system\CodeIgniter.php(419): CodeIgniter\CodeIgniter->runController(Object(App\Controllers\Register))
#9 J:\My Drive\bukanotaa\system\CodeIgniter.php(326): CodeIgniter\CodeIgniter->handleRequest(NULL, Object(Config\Cache), false)
#10 J:\My Drive\bukanotaa\public\index.php(37): CodeIgniter\CodeIgniter->run()
#11 J:\My Drive\bukanotaa\system\Commands\Server\rewrite.php(43): require_once('J:\\My Drive\\buk...')
#12 {main}
CRITICAL - 2025-06-30 04:03:11 --> Uncaught ErrorException: file_get_contents(J:\My Drive\bukanotaa\app\Views\errors\html\debug.js): Failed to open stream: No such file or directory in J:\My Drive\bukanotaa\app\Views\errors\html\error_exception.php:19
Stack trace:
#0 [internal function]: CodeIgniter\Debug\Exceptions->errorHandler(2, 'file_get_conten...', 'J:\\My Drive\\buk...', 19)
#1 J:\My Drive\bukanotaa\app\Views\errors\html\error_exception.php(19): file_get_contents('J:\\My Drive\\buk...')
#2 J:\My Drive\bukanotaa\system\Debug\Exceptions.php(234): include('J:\\My Drive\\buk...')
#3 J:\My Drive\bukanotaa\system\Debug\Exceptions.php(237): CodeIgniter\Debug\Exceptions->CodeIgniter\Debug\{closure}()
#4 J:\My Drive\bukanotaa\system\Debug\Exceptions.php(121): CodeIgniter\Debug\Exceptions->render(Object(CodeIgniter\Database\Exceptions\DatabaseException), 500)
#5 [internal function]: CodeIgniter\Debug\Exceptions->exceptionHandler(Object(CodeIgniter\Database\Exceptions\DatabaseException))
#6 {main}
  thrown
#0 [internal function]: CodeIgniter\Debug\Exceptions->shutdownHandler()
#1 {main}
ERROR - 2025-06-30 04:03:19 --> Error connecting to the database: No connection could be made because the target machine actively refused it
CRITICAL - 2025-06-30 04:03:19 --> Unable to connect to the database.
Main connection [MySQLi]: No connection could be made because the target machine actively refused it
#0 J:\My Drive\bukanotaa\system\Database\BaseConnection.php(577): CodeIgniter\Database\BaseConnection->initialize()
#1 J:\My Drive\bukanotaa\system\Database\BaseBuilder.php(1455): CodeIgniter\Database\BaseConnection->query('SELECT 1\nFROM `...', Array, false)
#2 J:\My Drive\bukanotaa\system\Validation\Rules.php(142): CodeIgniter\Database\BaseBuilder->get()
#3 J:\My Drive\bukanotaa\system\Validation\Validation.php(292): CodeIgniter\Validation\Rules->is_unique('selliennalinedw...', 'email', Array, NULL)
#4 J:\My Drive\bukanotaa\system\Validation\Validation.php(157): CodeIgniter\Validation\Validation->processRules('email', 'email', 'selliennalinedw...', Array, Array)
#5 J:\My Drive\bukanotaa\system\Controller.php(160): CodeIgniter\Validation\Validation->run()
#6 J:\My Drive\bukanotaa\app\Controllers\Register.php(17): CodeIgniter\Controller->validate(Array)
#7 J:\My Drive\bukanotaa\system\CodeIgniter.php(832): App\Controllers\Register->submit()
#8 J:\My Drive\bukanotaa\system\CodeIgniter.php(419): CodeIgniter\CodeIgniter->runController(Object(App\Controllers\Register))
#9 J:\My Drive\bukanotaa\system\CodeIgniter.php(326): CodeIgniter\CodeIgniter->handleRequest(NULL, Object(Config\Cache), false)
#10 J:\My Drive\bukanotaa\public\index.php(37): CodeIgniter\CodeIgniter->run()
#11 J:\My Drive\bukanotaa\system\Commands\Server\rewrite.php(43): require_once('J:\\My Drive\\buk...')
#12 {main}
CRITICAL - 2025-06-30 04:03:19 --> Uncaught ErrorException: file_get_contents(J:\My Drive\bukanotaa\app\Views\errors\html\debug.js): Failed to open stream: No such file or directory in J:\My Drive\bukanotaa\app\Views\errors\html\error_exception.php:19
Stack trace:
#0 [internal function]: CodeIgniter\Debug\Exceptions->errorHandler(2, 'file_get_conten...', 'J:\\My Drive\\buk...', 19)
#1 J:\My Drive\bukanotaa\app\Views\errors\html\error_exception.php(19): file_get_contents('J:\\My Drive\\buk...')
#2 J:\My Drive\bukanotaa\system\Debug\Exceptions.php(234): include('J:\\My Drive\\buk...')
#3 J:\My Drive\bukanotaa\system\Debug\Exceptions.php(237): CodeIgniter\Debug\Exceptions->CodeIgniter\Debug\{closure}()
#4 J:\My Drive\bukanotaa\system\Debug\Exceptions.php(121): CodeIgniter\Debug\Exceptions->render(Object(CodeIgniter\Database\Exceptions\DatabaseException), 500)
#5 [internal function]: CodeIgniter\Debug\Exceptions->exceptionHandler(Object(CodeIgniter\Database\Exceptions\DatabaseException))
#6 {main}
  thrown
#0 [internal function]: CodeIgniter\Debug\Exceptions->shutdownHandler()
#1 {main}
ERROR - 2025-06-30 04:03:28 --> Error connecting to the database: No connection could be made because the target machine actively refused it
CRITICAL - 2025-06-30 04:03:28 --> Unable to connect to the database.
Main connection [MySQLi]: No connection could be made because the target machine actively refused it
#0 J:\My Drive\bukanotaa\system\Database\BaseConnection.php(577): CodeIgniter\Database\BaseConnection->initialize()
#1 J:\My Drive\bukanotaa\system\Database\BaseBuilder.php(1455): CodeIgniter\Database\BaseConnection->query('SELECT 1\nFROM `...', Array, false)
#2 J:\My Drive\bukanotaa\system\Validation\Rules.php(142): CodeIgniter\Database\BaseBuilder->get()
#3 J:\My Drive\bukanotaa\system\Validation\Validation.php(292): CodeIgniter\Validation\Rules->is_unique('selliennalinedw...', 'email', Array, NULL)
#4 J:\My Drive\bukanotaa\system\Validation\Validation.php(157): CodeIgniter\Validation\Validation->processRules('email', 'email', 'selliennalinedw...', Array, Array)
#5 J:\My Drive\bukanotaa\system\Controller.php(160): CodeIgniter\Validation\Validation->run()
#6 J:\My Drive\bukanotaa\app\Controllers\Register.php(17): CodeIgniter\Controller->validate(Array)
#7 J:\My Drive\bukanotaa\system\CodeIgniter.php(832): App\Controllers\Register->submit()
#8 J:\My Drive\bukanotaa\system\CodeIgniter.php(419): CodeIgniter\CodeIgniter->runController(Object(App\Controllers\Register))
#9 J:\My Drive\bukanotaa\system\CodeIgniter.php(326): CodeIgniter\CodeIgniter->handleRequest(NULL, Object(Config\Cache), false)
#10 J:\My Drive\bukanotaa\public\index.php(37): CodeIgniter\CodeIgniter->run()
#11 J:\My Drive\bukanotaa\system\Commands\Server\rewrite.php(43): require_once('J:\\My Drive\\buk...')
#12 {main}
CRITICAL - 2025-06-30 04:03:28 --> Uncaught ErrorException: file_get_contents(J:\My Drive\bukanotaa\app\Views\errors\html\debug.js): Failed to open stream: No such file or directory in J:\My Drive\bukanotaa\app\Views\errors\html\error_exception.php:19
Stack trace:
#0 [internal function]: CodeIgniter\Debug\Exceptions->errorHandler(2, 'file_get_conten...', 'J:\\My Drive\\buk...', 19)
#1 J:\My Drive\bukanotaa\app\Views\errors\html\error_exception.php(19): file_get_contents('J:\\My Drive\\buk...')
#2 J:\My Drive\bukanotaa\system\Debug\Exceptions.php(234): include('J:\\My Drive\\buk...')
#3 J:\My Drive\bukanotaa\system\Debug\Exceptions.php(237): CodeIgniter\Debug\Exceptions->CodeIgniter\Debug\{closure}()
#4 J:\My Drive\bukanotaa\system\Debug\Exceptions.php(121): CodeIgniter\Debug\Exceptions->render(Object(CodeIgniter\Database\Exceptions\DatabaseException), 500)
#5 [internal function]: CodeIgniter\Debug\Exceptions->exceptionHandler(Object(CodeIgniter\Database\Exceptions\DatabaseException))
#6 {main}
  thrown
#0 [internal function]: CodeIgniter\Debug\Exceptions->shutdownHandler()
#1 {main}
ERROR - 2025-06-30 04:03:37 --> Error connecting to the database: No connection could be made because the target machine actively refused it
CRITICAL - 2025-06-30 04:03:37 --> Unable to connect to the database.
Main connection [MySQLi]: No connection could be made because the target machine actively refused it
#0 J:\My Drive\bukanotaa\system\Database\BaseConnection.php(577): CodeIgniter\Database\BaseConnection->initialize()
#1 J:\My Drive\bukanotaa\system\Database\BaseBuilder.php(1455): CodeIgniter\Database\BaseConnection->query('SELECT 1\nFROM `...', Array, false)
#2 J:\My Drive\bukanotaa\system\Validation\Rules.php(142): CodeIgniter\Database\BaseBuilder->get()
#3 J:\My Drive\bukanotaa\system\Validation\Validation.php(292): CodeIgniter\Validation\Rules->is_unique('selliennalinedw...', 'email', Array, NULL)
#4 J:\My Drive\bukanotaa\system\Validation\Validation.php(157): CodeIgniter\Validation\Validation->processRules('email', 'email', 'selliennalinedw...', Array, Array)
#5 J:\My Drive\bukanotaa\system\Controller.php(160): CodeIgniter\Validation\Validation->run()
#6 J:\My Drive\bukanotaa\app\Controllers\Register.php(17): CodeIgniter\Controller->validate(Array)
#7 J:\My Drive\bukanotaa\system\CodeIgniter.php(832): App\Controllers\Register->submit()
#8 J:\My Drive\bukanotaa\system\CodeIgniter.php(419): CodeIgniter\CodeIgniter->runController(Object(App\Controllers\Register))
#9 J:\My Drive\bukanotaa\system\CodeIgniter.php(326): CodeIgniter\CodeIgniter->handleRequest(NULL, Object(Config\Cache), false)
#10 J:\My Drive\bukanotaa\public\index.php(37): CodeIgniter\CodeIgniter->run()
#11 J:\My Drive\bukanotaa\system\Commands\Server\rewrite.php(43): require_once('J:\\My Drive\\buk...')
#12 {main}
CRITICAL - 2025-06-30 04:03:37 --> Uncaught ErrorException: file_get_contents(J:\My Drive\bukanotaa\app\Views\errors\html\debug.js): Failed to open stream: No such file or directory in J:\My Drive\bukanotaa\app\Views\errors\html\error_exception.php:19
Stack trace:
#0 [internal function]: CodeIgniter\Debug\Exceptions->errorHandler(2, 'file_get_conten...', 'J:\\My Drive\\buk...', 19)
#1 J:\My Drive\bukanotaa\app\Views\errors\html\error_exception.php(19): file_get_contents('J:\\My Drive\\buk...')
#2 J:\My Drive\bukanotaa\system\Debug\Exceptions.php(234): include('J:\\My Drive\\buk...')
#3 J:\My Drive\bukanotaa\system\Debug\Exceptions.php(237): CodeIgniter\Debug\Exceptions->CodeIgniter\Debug\{closure}()
#4 J:\My Drive\bukanotaa\system\Debug\Exceptions.php(121): CodeIgniter\Debug\Exceptions->render(Object(CodeIgniter\Database\Exceptions\DatabaseException), 500)
#5 [internal function]: CodeIgniter\Debug\Exceptions->exceptionHandler(Object(CodeIgniter\Database\Exceptions\DatabaseException))
#6 {main}
  thrown
#0 [internal function]: CodeIgniter\Debug\Exceptions->shutdownHandler()
#1 {main}
ERROR - 2025-06-30 04:03:45 --> Error connecting to the database: No connection could be made because the target machine actively refused it
CRITICAL - 2025-06-30 04:03:45 --> Unable to connect to the database.
Main connection [MySQLi]: No connection could be made because the target machine actively refused it
#0 J:\My Drive\bukanotaa\system\Database\BaseConnection.php(577): CodeIgniter\Database\BaseConnection->initialize()
#1 J:\My Drive\bukanotaa\system\Database\BaseBuilder.php(1455): CodeIgniter\Database\BaseConnection->query('SELECT 1\nFROM `...', Array, false)
#2 J:\My Drive\bukanotaa\system\Validation\Rules.php(142): CodeIgniter\Database\BaseBuilder->get()
#3 J:\My Drive\bukanotaa\system\Validation\Validation.php(292): CodeIgniter\Validation\Rules->is_unique('selliennalinedw...', 'email', Array, NULL)
#4 J:\My Drive\bukanotaa\system\Validation\Validation.php(157): CodeIgniter\Validation\Validation->processRules('email', 'email', 'selliennalinedw...', Array, Array)
#5 J:\My Drive\bukanotaa\system\Controller.php(160): CodeIgniter\Validation\Validation->run()
#6 J:\My Drive\bukanotaa\app\Controllers\Register.php(17): CodeIgniter\Controller->validate(Array)
#7 J:\My Drive\bukanotaa\system\CodeIgniter.php(832): App\Controllers\Register->submit()
#8 J:\My Drive\bukanotaa\system\CodeIgniter.php(419): CodeIgniter\CodeIgniter->runController(Object(App\Controllers\Register))
#9 J:\My Drive\bukanotaa\system\CodeIgniter.php(326): CodeIgniter\CodeIgniter->handleRequest(NULL, Object(Config\Cache), false)
#10 J:\My Drive\bukanotaa\public\index.php(37): CodeIgniter\CodeIgniter->run()
#11 J:\My Drive\bukanotaa\system\Commands\Server\rewrite.php(43): require_once('J:\\My Drive\\buk...')
#12 {main}
CRITICAL - 2025-06-30 04:03:45 --> Uncaught ErrorException: file_get_contents(J:\My Drive\bukanotaa\app\Views\errors\html\debug.js): Failed to open stream: No such file or directory in J:\My Drive\bukanotaa\app\Views\errors\html\error_exception.php:19
Stack trace:
#0 [internal function]: CodeIgniter\Debug\Exceptions->errorHandler(2, 'file_get_conten...', 'J:\\My Drive\\buk...', 19)
#1 J:\My Drive\bukanotaa\app\Views\errors\html\error_exception.php(19): file_get_contents('J:\\My Drive\\buk...')
#2 J:\My Drive\bukanotaa\system\Debug\Exceptions.php(234): include('J:\\My Drive\\buk...')
#3 J:\My Drive\bukanotaa\system\Debug\Exceptions.php(237): CodeIgniter\Debug\Exceptions->CodeIgniter\Debug\{closure}()
#4 J:\My Drive\bukanotaa\system\Debug\Exceptions.php(121): CodeIgniter\Debug\Exceptions->render(Object(CodeIgniter\Database\Exceptions\DatabaseException), 500)
#5 [internal function]: CodeIgniter\Debug\Exceptions->exceptionHandler(Object(CodeIgniter\Database\Exceptions\DatabaseException))
#6 {main}
  thrown
#0 [internal function]: CodeIgniter\Debug\Exceptions->shutdownHandler()
#1 {main}
ERROR - 2025-06-30 04:04:11 --> Error connecting to the database: No connection could be made because the target machine actively refused it
CRITICAL - 2025-06-30 04:04:11 --> Unable to connect to the database.
Main connection [MySQLi]: No connection could be made because the target machine actively refused it
#0 J:\My Drive\bukanotaa\system\Database\BaseConnection.php(577): CodeIgniter\Database\BaseConnection->initialize()
#1 J:\My Drive\bukanotaa\system\Database\BaseBuilder.php(1455): CodeIgniter\Database\BaseConnection->query('SELECT 1\nFROM `...', Array, false)
#2 J:\My Drive\bukanotaa\system\Validation\Rules.php(142): CodeIgniter\Database\BaseBuilder->get()
#3 J:\My Drive\bukanotaa\system\Validation\Validation.php(292): CodeIgniter\Validation\Rules->is_unique('selliennalinedw...', 'email', Array, NULL)
#4 J:\My Drive\bukanotaa\system\Validation\Validation.php(157): CodeIgniter\Validation\Validation->processRules('email', 'email', 'selliennalinedw...', Array, Array)
#5 J:\My Drive\bukanotaa\system\Controller.php(160): CodeIgniter\Validation\Validation->run()
#6 J:\My Drive\bukanotaa\app\Controllers\Register.php(17): CodeIgniter\Controller->validate(Array)
#7 J:\My Drive\bukanotaa\system\CodeIgniter.php(832): App\Controllers\Register->submit()
#8 J:\My Drive\bukanotaa\system\CodeIgniter.php(419): CodeIgniter\CodeIgniter->runController(Object(App\Controllers\Register))
#9 J:\My Drive\bukanotaa\system\CodeIgniter.php(326): CodeIgniter\CodeIgniter->handleRequest(NULL, Object(Config\Cache), false)
#10 J:\My Drive\bukanotaa\public\index.php(37): CodeIgniter\CodeIgniter->run()
#11 J:\My Drive\bukanotaa\system\Commands\Server\rewrite.php(43): require_once('J:\\My Drive\\buk...')
#12 {main}
CRITICAL - 2025-06-30 04:04:11 --> Uncaught ErrorException: file_get_contents(J:\My Drive\bukanotaa\app\Views\errors\html\debug.js): Failed to open stream: No such file or directory in J:\My Drive\bukanotaa\app\Views\errors\html\error_exception.php:19
Stack trace:
#0 [internal function]: CodeIgniter\Debug\Exceptions->errorHandler(2, 'file_get_conten...', 'J:\\My Drive\\buk...', 19)
#1 J:\My Drive\bukanotaa\app\Views\errors\html\error_exception.php(19): file_get_contents('J:\\My Drive\\buk...')
#2 J:\My Drive\bukanotaa\system\Debug\Exceptions.php(234): include('J:\\My Drive\\buk...')
#3 J:\My Drive\bukanotaa\system\Debug\Exceptions.php(237): CodeIgniter\Debug\Exceptions->CodeIgniter\Debug\{closure}()
#4 J:\My Drive\bukanotaa\system\Debug\Exceptions.php(121): CodeIgniter\Debug\Exceptions->render(Object(CodeIgniter\Database\Exceptions\DatabaseException), 500)
#5 [internal function]: CodeIgniter\Debug\Exceptions->exceptionHandler(Object(CodeIgniter\Database\Exceptions\DatabaseException))
#6 {main}
  thrown
#0 [internal function]: CodeIgniter\Debug\Exceptions->shutdownHandler()
#1 {main}
ERROR - 2025-06-30 04:04:19 --> Error connecting to the database: No connection could be made because the target machine actively refused it
CRITICAL - 2025-06-30 04:04:19 --> Unable to connect to the database.
Main connection [MySQLi]: No connection could be made because the target machine actively refused it
#0 J:\My Drive\bukanotaa\system\Database\BaseConnection.php(577): CodeIgniter\Database\BaseConnection->initialize()
#1 J:\My Drive\bukanotaa\system\Database\BaseBuilder.php(1455): CodeIgniter\Database\BaseConnection->query('SELECT 1\nFROM `...', Array, false)
#2 J:\My Drive\bukanotaa\system\Validation\Rules.php(142): CodeIgniter\Database\BaseBuilder->get()
#3 J:\My Drive\bukanotaa\system\Validation\Validation.php(292): CodeIgniter\Validation\Rules->is_unique('selliennalinedw...', 'email', Array, NULL)
#4 J:\My Drive\bukanotaa\system\Validation\Validation.php(157): CodeIgniter\Validation\Validation->processRules('email', 'email', 'selliennalinedw...', Array, Array)
#5 J:\My Drive\bukanotaa\system\Controller.php(160): CodeIgniter\Validation\Validation->run()
#6 J:\My Drive\bukanotaa\app\Controllers\Register.php(17): CodeIgniter\Controller->validate(Array)
#7 J:\My Drive\bukanotaa\system\CodeIgniter.php(832): App\Controllers\Register->submit()
#8 J:\My Drive\bukanotaa\system\CodeIgniter.php(419): CodeIgniter\CodeIgniter->runController(Object(App\Controllers\Register))
#9 J:\My Drive\bukanotaa\system\CodeIgniter.php(326): CodeIgniter\CodeIgniter->handleRequest(NULL, Object(Config\Cache), false)
#10 J:\My Drive\bukanotaa\public\index.php(37): CodeIgniter\CodeIgniter->run()
#11 J:\My Drive\bukanotaa\system\Commands\Server\rewrite.php(43): require_once('J:\\My Drive\\buk...')
#12 {main}
CRITICAL - 2025-06-30 04:04:19 --> Uncaught ErrorException: file_get_contents(J:\My Drive\bukanotaa\app\Views\errors\html\debug.js): Failed to open stream: No such file or directory in J:\My Drive\bukanotaa\app\Views\errors\html\error_exception.php:19
Stack trace:
#0 [internal function]: CodeIgniter\Debug\Exceptions->errorHandler(2, 'file_get_conten...', 'J:\\My Drive\\buk...', 19)
#1 J:\My Drive\bukanotaa\app\Views\errors\html\error_exception.php(19): file_get_contents('J:\\My Drive\\buk...')
#2 J:\My Drive\bukanotaa\system\Debug\Exceptions.php(234): include('J:\\My Drive\\buk...')
#3 J:\My Drive\bukanotaa\system\Debug\Exceptions.php(237): CodeIgniter\Debug\Exceptions->CodeIgniter\Debug\{closure}()
#4 J:\My Drive\bukanotaa\system\Debug\Exceptions.php(121): CodeIgniter\Debug\Exceptions->render(Object(CodeIgniter\Database\Exceptions\DatabaseException), 500)
#5 [internal function]: CodeIgniter\Debug\Exceptions->exceptionHandler(Object(CodeIgniter\Database\Exceptions\DatabaseException))
#6 {main}
  thrown
#0 [internal function]: CodeIgniter\Debug\Exceptions->shutdownHandler()
#1 {main}
ERROR - 2025-06-30 04:04:27 --> Error connecting to the database: No connection could be made because the target machine actively refused it
CRITICAL - 2025-06-30 04:04:27 --> Unable to connect to the database.
Main connection [MySQLi]: No connection could be made because the target machine actively refused it
#0 J:\My Drive\bukanotaa\system\Database\BaseConnection.php(577): CodeIgniter\Database\BaseConnection->initialize()
#1 J:\My Drive\bukanotaa\system\Database\BaseBuilder.php(1455): CodeIgniter\Database\BaseConnection->query('SELECT 1\nFROM `...', Array, false)
#2 J:\My Drive\bukanotaa\system\Validation\Rules.php(142): CodeIgniter\Database\BaseBuilder->get()
#3 J:\My Drive\bukanotaa\system\Validation\Validation.php(292): CodeIgniter\Validation\Rules->is_unique('selliennalinedw...', 'email', Array, NULL)
#4 J:\My Drive\bukanotaa\system\Validation\Validation.php(157): CodeIgniter\Validation\Validation->processRules('email', 'email', 'selliennalinedw...', Array, Array)
#5 J:\My Drive\bukanotaa\system\Controller.php(160): CodeIgniter\Validation\Validation->run()
#6 J:\My Drive\bukanotaa\app\Controllers\Register.php(17): CodeIgniter\Controller->validate(Array)
#7 J:\My Drive\bukanotaa\system\CodeIgniter.php(832): App\Controllers\Register->submit()
#8 J:\My Drive\bukanotaa\system\CodeIgniter.php(419): CodeIgniter\CodeIgniter->runController(Object(App\Controllers\Register))
#9 J:\My Drive\bukanotaa\system\CodeIgniter.php(326): CodeIgniter\CodeIgniter->handleRequest(NULL, Object(Config\Cache), false)
#10 J:\My Drive\bukanotaa\public\index.php(37): CodeIgniter\CodeIgniter->run()
#11 J:\My Drive\bukanotaa\system\Commands\Server\rewrite.php(43): require_once('J:\\My Drive\\buk...')
#12 {main}
CRITICAL - 2025-06-30 04:04:27 --> Uncaught ErrorException: file_get_contents(J:\My Drive\bukanotaa\app\Views\errors\html\debug.js): Failed to open stream: No such file or directory in J:\My Drive\bukanotaa\app\Views\errors\html\error_exception.php:19
Stack trace:
#0 [internal function]: CodeIgniter\Debug\Exceptions->errorHandler(2, 'file_get_conten...', 'J:\\My Drive\\buk...', 19)
#1 J:\My Drive\bukanotaa\app\Views\errors\html\error_exception.php(19): file_get_contents('J:\\My Drive\\buk...')
#2 J:\My Drive\bukanotaa\system\Debug\Exceptions.php(234): include('J:\\My Drive\\buk...')
#3 J:\My Drive\bukanotaa\system\Debug\Exceptions.php(237): CodeIgniter\Debug\Exceptions->CodeIgniter\Debug\{closure}()
#4 J:\My Drive\bukanotaa\system\Debug\Exceptions.php(121): CodeIgniter\Debug\Exceptions->render(Object(CodeIgniter\Database\Exceptions\DatabaseException), 500)
#5 [internal function]: CodeIgniter\Debug\Exceptions->exceptionHandler(Object(CodeIgniter\Database\Exceptions\DatabaseException))
#6 {main}
  thrown
#0 [internal function]: CodeIgniter\Debug\Exceptions->shutdownHandler()
#1 {main}
ERROR - 2025-06-30 04:04:35 --> Error connecting to the database: No connection could be made because the target machine actively refused it
CRITICAL - 2025-06-30 04:04:35 --> Unable to connect to the database.
Main connection [MySQLi]: No connection could be made because the target machine actively refused it
#0 J:\My Drive\bukanotaa\system\Database\BaseConnection.php(577): CodeIgniter\Database\BaseConnection->initialize()
#1 J:\My Drive\bukanotaa\system\Database\BaseBuilder.php(1455): CodeIgniter\Database\BaseConnection->query('SELECT 1\nFROM `...', Array, false)
#2 J:\My Drive\bukanotaa\system\Validation\Rules.php(142): CodeIgniter\Database\BaseBuilder->get()
#3 J:\My Drive\bukanotaa\system\Validation\Validation.php(292): CodeIgniter\Validation\Rules->is_unique('selliennalinedw...', 'email', Array, NULL)
#4 J:\My Drive\bukanotaa\system\Validation\Validation.php(157): CodeIgniter\Validation\Validation->processRules('email', 'email', 'selliennalinedw...', Array, Array)
#5 J:\My Drive\bukanotaa\system\Controller.php(160): CodeIgniter\Validation\Validation->run()
#6 J:\My Drive\bukanotaa\app\Controllers\Register.php(17): CodeIgniter\Controller->validate(Array)
#7 J:\My Drive\bukanotaa\system\CodeIgniter.php(832): App\Controllers\Register->submit()
#8 J:\My Drive\bukanotaa\system\CodeIgniter.php(419): CodeIgniter\CodeIgniter->runController(Object(App\Controllers\Register))
#9 J:\My Drive\bukanotaa\system\CodeIgniter.php(326): CodeIgniter\CodeIgniter->handleRequest(NULL, Object(Config\Cache), false)
#10 J:\My Drive\bukanotaa\public\index.php(37): CodeIgniter\CodeIgniter->run()
#11 J:\My Drive\bukanotaa\system\Commands\Server\rewrite.php(43): require_once('J:\\My Drive\\buk...')
#12 {main}
CRITICAL - 2025-06-30 04:04:36 --> Uncaught ErrorException: file_get_contents(J:\My Drive\bukanotaa\app\Views\errors\html\debug.js): Failed to open stream: No such file or directory in J:\My Drive\bukanotaa\app\Views\errors\html\error_exception.php:19
Stack trace:
#0 [internal function]: CodeIgniter\Debug\Exceptions->errorHandler(2, 'file_get_conten...', 'J:\\My Drive\\buk...', 19)
#1 J:\My Drive\bukanotaa\app\Views\errors\html\error_exception.php(19): file_get_contents('J:\\My Drive\\buk...')
#2 J:\My Drive\bukanotaa\system\Debug\Exceptions.php(234): include('J:\\My Drive\\buk...')
#3 J:\My Drive\bukanotaa\system\Debug\Exceptions.php(237): CodeIgniter\Debug\Exceptions->CodeIgniter\Debug\{closure}()
#4 J:\My Drive\bukanotaa\system\Debug\Exceptions.php(121): CodeIgniter\Debug\Exceptions->render(Object(CodeIgniter\Database\Exceptions\DatabaseException), 500)
#5 [internal function]: CodeIgniter\Debug\Exceptions->exceptionHandler(Object(CodeIgniter\Database\Exceptions\DatabaseException))
#6 {main}
  thrown
#0 [internal function]: CodeIgniter\Debug\Exceptions->shutdownHandler()
#1 {main}
CRITICAL - 2025-06-30 21:32:15 --> syntax error, unexpected token "?"
#0 J:\My Drive\bukanotaa\system\View\View.php(213): CodeIgniter\View\View->CodeIgniter\View\{closure}()
#1 J:\My Drive\bukanotaa\system\Common.php(1089): CodeIgniter\View\View->render('harga_view', Array, true)
#2 J:\My Drive\bukanotaa\app\Controllers\harga.php(9): view('harga_view')
#3 J:\My Drive\bukanotaa\system\CodeIgniter.php(832): App\Controllers\Harga->index()
#4 J:\My Drive\bukanotaa\system\CodeIgniter.php(419): CodeIgniter\CodeIgniter->runController(Object(App\Controllers\Harga))
#5 J:\My Drive\bukanotaa\system\CodeIgniter.php(326): CodeIgniter\CodeIgniter->handleRequest(NULL, Object(Config\Cache), false)
#6 J:\My Drive\bukanotaa\public\index.php(37): CodeIgniter\CodeIgniter->run()
#7 J:\My Drive\bukanotaa\system\Commands\Server\rewrite.php(43): require_once('J:\\My Drive\\buk...')
#8 {main}
CRITICAL - 2025-06-30 21:32:15 --> Uncaught ErrorException: file_get_contents(J:\My Drive\bukanotaa\app\Views\errors\html\debug.js): Failed to open stream: No such file or directory in J:\My Drive\bukanotaa\app\Views\errors\html\error_exception.php:19
Stack trace:
#0 [internal function]: CodeIgniter\Debug\Exceptions->errorHandler(2, 'file_get_conten...', 'J:\\My Drive\\buk...', 19)
#1 J:\My Drive\bukanotaa\app\Views\errors\html\error_exception.php(19): file_get_contents('J:\\My Drive\\buk...')
#2 J:\My Drive\bukanotaa\system\Debug\Exceptions.php(234): include('J:\\My Drive\\buk...')
#3 J:\My Drive\bukanotaa\system\Debug\Exceptions.php(237): CodeIgniter\Debug\Exceptions->CodeIgniter\Debug\{closure}()
#4 J:\My Drive\bukanotaa\system\Debug\Exceptions.php(121): CodeIgniter\Debug\Exceptions->render(Object(ParseError), 500)
#5 [internal function]: CodeIgniter\Debug\Exceptions->exceptionHandler(Object(ParseError))
#6 {main}
  thrown
#0 [internal function]: CodeIgniter\Debug\Exceptions->shutdownHandler()
#1 {main}
CRITICAL - 2025-06-30 21:32:30 --> syntax error, unexpected token "?"
#0 J:\My Drive\bukanotaa\system\View\View.php(213): CodeIgniter\View\View->CodeIgniter\View\{closure}()
#1 J:\My Drive\bukanotaa\system\Common.php(1089): CodeIgniter\View\View->render('harga_view', Array, true)
#2 J:\My Drive\bukanotaa\app\Controllers\harga.php(9): view('harga_view')
#3 J:\My Drive\bukanotaa\system\CodeIgniter.php(832): App\Controllers\Harga->index()
#4 J:\My Drive\bukanotaa\system\CodeIgniter.php(419): CodeIgniter\CodeIgniter->runController(Object(App\Controllers\Harga))
#5 J:\My Drive\bukanotaa\system\CodeIgniter.php(326): CodeIgniter\CodeIgniter->handleRequest(NULL, Object(Config\Cache), false)
#6 J:\My Drive\bukanotaa\public\index.php(37): CodeIgniter\CodeIgniter->run()
#7 J:\My Drive\bukanotaa\system\Commands\Server\rewrite.php(43): require_once('J:\\My Drive\\buk...')
#8 {main}
CRITICAL - 2025-06-30 21:32:31 --> Uncaught ErrorException: file_get_contents(J:\My Drive\bukanotaa\app\Views\errors\html\debug.js): Failed to open stream: No such file or directory in J:\My Drive\bukanotaa\app\Views\errors\html\error_exception.php:19
Stack trace:
#0 [internal function]: CodeIgniter\Debug\Exceptions->errorHandler(2, 'file_get_conten...', 'J:\\My Drive\\buk...', 19)
#1 J:\My Drive\bukanotaa\app\Views\errors\html\error_exception.php(19): file_get_contents('J:\\My Drive\\buk...')
#2 J:\My Drive\bukanotaa\system\Debug\Exceptions.php(234): include('J:\\My Drive\\buk...')
#3 J:\My Drive\bukanotaa\system\Debug\Exceptions.php(237): CodeIgniter\Debug\Exceptions->CodeIgniter\Debug\{closure}()
#4 J:\My Drive\bukanotaa\system\Debug\Exceptions.php(121): CodeIgniter\Debug\Exceptions->render(Object(ParseError), 500)
#5 [internal function]: CodeIgniter\Debug\Exceptions->exceptionHandler(Object(ParseError))
#6 {main}
  thrown
#0 [internal function]: CodeIgniter\Debug\Exceptions->shutdownHandler()
#1 {main}
CRITICAL - 2025-06-30 21:32:35 --> syntax error, unexpected token "?"
#0 J:\My Drive\bukanotaa\system\View\View.php(213): CodeIgniter\View\View->CodeIgniter\View\{closure}()
#1 J:\My Drive\bukanotaa\system\Common.php(1089): CodeIgniter\View\View->render('harga_view', Array, true)
#2 J:\My Drive\bukanotaa\app\Controllers\harga.php(9): view('harga_view')
#3 J:\My Drive\bukanotaa\system\CodeIgniter.php(832): App\Controllers\Harga->index()
#4 J:\My Drive\bukanotaa\system\CodeIgniter.php(419): CodeIgniter\CodeIgniter->runController(Object(App\Controllers\Harga))
#5 J:\My Drive\bukanotaa\system\CodeIgniter.php(326): CodeIgniter\CodeIgniter->handleRequest(NULL, Object(Config\Cache), false)
#6 J:\My Drive\bukanotaa\public\index.php(37): CodeIgniter\CodeIgniter->run()
#7 J:\My Drive\bukanotaa\system\Commands\Server\rewrite.php(43): require_once('J:\\My Drive\\buk...')
#8 {main}
CRITICAL - 2025-06-30 21:32:35 --> Uncaught ErrorException: file_get_contents(J:\My Drive\bukanotaa\app\Views\errors\html\debug.js): Failed to open stream: No such file or directory in J:\My Drive\bukanotaa\app\Views\errors\html\error_exception.php:19
Stack trace:
#0 [internal function]: CodeIgniter\Debug\Exceptions->errorHandler(2, 'file_get_conten...', 'J:\\My Drive\\buk...', 19)
#1 J:\My Drive\bukanotaa\app\Views\errors\html\error_exception.php(19): file_get_contents('J:\\My Drive\\buk...')
#2 J:\My Drive\bukanotaa\system\Debug\Exceptions.php(234): include('J:\\My Drive\\buk...')
#3 J:\My Drive\bukanotaa\system\Debug\Exceptions.php(237): CodeIgniter\Debug\Exceptions->CodeIgniter\Debug\{closure}()
#4 J:\My Drive\bukanotaa\system\Debug\Exceptions.php(121): CodeIgniter\Debug\Exceptions->render(Object(ParseError), 500)
#5 [internal function]: CodeIgniter\Debug\Exceptions->exceptionHandler(Object(ParseError))
#6 {main}
  thrown
#0 [internal function]: CodeIgniter\Debug\Exceptions->shutdownHandler()
#1 {main}
CRITICAL - 2025-06-30 21:32:40 --> syntax error, unexpected token "?"
#0 J:\My Drive\bukanotaa\system\View\View.php(213): CodeIgniter\View\View->CodeIgniter\View\{closure}()
#1 J:\My Drive\bukanotaa\system\Common.php(1089): CodeIgniter\View\View->render('harga_view', Array, true)
#2 J:\My Drive\bukanotaa\app\Controllers\harga.php(9): view('harga_view')
#3 J:\My Drive\bukanotaa\system\CodeIgniter.php(832): App\Controllers\Harga->index()
#4 J:\My Drive\bukanotaa\system\CodeIgniter.php(419): CodeIgniter\CodeIgniter->runController(Object(App\Controllers\Harga))
#5 J:\My Drive\bukanotaa\system\CodeIgniter.php(326): CodeIgniter\CodeIgniter->handleRequest(NULL, Object(Config\Cache), false)
#6 J:\My Drive\bukanotaa\public\index.php(37): CodeIgniter\CodeIgniter->run()
#7 J:\My Drive\bukanotaa\system\Commands\Server\rewrite.php(43): require_once('J:\\My Drive\\buk...')
#8 {main}
CRITICAL - 2025-06-30 21:32:40 --> Uncaught ErrorException: file_get_contents(J:\My Drive\bukanotaa\app\Views\errors\html\debug.js): Failed to open stream: No such file or directory in J:\My Drive\bukanotaa\app\Views\errors\html\error_exception.php:19
Stack trace:
#0 [internal function]: CodeIgniter\Debug\Exceptions->errorHandler(2, 'file_get_conten...', 'J:\\My Drive\\buk...', 19)
#1 J:\My Drive\bukanotaa\app\Views\errors\html\error_exception.php(19): file_get_contents('J:\\My Drive\\buk...')
#2 J:\My Drive\bukanotaa\system\Debug\Exceptions.php(234): include('J:\\My Drive\\buk...')
#3 J:\My Drive\bukanotaa\system\Debug\Exceptions.php(237): CodeIgniter\Debug\Exceptions->CodeIgniter\Debug\{closure}()
#4 J:\My Drive\bukanotaa\system\Debug\Exceptions.php(121): CodeIgniter\Debug\Exceptions->render(Object(ParseError), 500)
#5 [internal function]: CodeIgniter\Debug\Exceptions->exceptionHandler(Object(ParseError))
#6 {main}
  thrown
#0 [internal function]: CodeIgniter\Debug\Exceptions->shutdownHandler()
#1 {main}
CRITICAL - 2025-06-30 21:32:46 --> syntax error, unexpected token "?"
#0 J:\My Drive\bukanotaa\system\View\View.php(213): CodeIgniter\View\View->CodeIgniter\View\{closure}()
#1 J:\My Drive\bukanotaa\system\Common.php(1089): CodeIgniter\View\View->render('harga_view', Array, true)
#2 J:\My Drive\bukanotaa\app\Controllers\harga.php(9): view('harga_view')
#3 J:\My Drive\bukanotaa\system\CodeIgniter.php(832): App\Controllers\Harga->index()
#4 J:\My Drive\bukanotaa\system\CodeIgniter.php(419): CodeIgniter\CodeIgniter->runController(Object(App\Controllers\Harga))
#5 J:\My Drive\bukanotaa\system\CodeIgniter.php(326): CodeIgniter\CodeIgniter->handleRequest(NULL, Object(Config\Cache), false)
#6 J:\My Drive\bukanotaa\public\index.php(37): CodeIgniter\CodeIgniter->run()
#7 J:\My Drive\bukanotaa\system\Commands\Server\rewrite.php(43): require_once('J:\\My Drive\\buk...')
#8 {main}
CRITICAL - 2025-06-30 21:32:47 --> Uncaught ErrorException: file_get_contents(J:\My Drive\bukanotaa\app\Views\errors\html\debug.js): Failed to open stream: No such file or directory in J:\My Drive\bukanotaa\app\Views\errors\html\error_exception.php:19
Stack trace:
#0 [internal function]: CodeIgniter\Debug\Exceptions->errorHandler(2, 'file_get_conten...', 'J:\\My Drive\\buk...', 19)
#1 J:\My Drive\bukanotaa\app\Views\errors\html\error_exception.php(19): file_get_contents('J:\\My Drive\\buk...')
#2 J:\My Drive\bukanotaa\system\Debug\Exceptions.php(234): include('J:\\My Drive\\buk...')
#3 J:\My Drive\bukanotaa\system\Debug\Exceptions.php(237): CodeIgniter\Debug\Exceptions->CodeIgniter\Debug\{closure}()
#4 J:\My Drive\bukanotaa\system\Debug\Exceptions.php(121): CodeIgniter\Debug\Exceptions->render(Object(ParseError), 500)
#5 [internal function]: CodeIgniter\Debug\Exceptions->exceptionHandler(Object(ParseError))
#6 {main}
  thrown
#0 [internal function]: CodeIgniter\Debug\Exceptions->shutdownHandler()
#1 {main}
CRITICAL - 2025-06-30 21:32:51 --> syntax error, unexpected token "?"
#0 J:\My Drive\bukanotaa\system\View\View.php(213): CodeIgniter\View\View->CodeIgniter\View\{closure}()
#1 J:\My Drive\bukanotaa\system\Common.php(1089): CodeIgniter\View\View->render('harga_view', Array, true)
#2 J:\My Drive\bukanotaa\app\Controllers\harga.php(9): view('harga_view')
#3 J:\My Drive\bukanotaa\system\CodeIgniter.php(832): App\Controllers\Harga->index()
#4 J:\My Drive\bukanotaa\system\CodeIgniter.php(419): CodeIgniter\CodeIgniter->runController(Object(App\Controllers\Harga))
#5 J:\My Drive\bukanotaa\system\CodeIgniter.php(326): CodeIgniter\CodeIgniter->handleRequest(NULL, Object(Config\Cache), false)
#6 J:\My Drive\bukanotaa\public\index.php(37): CodeIgniter\CodeIgniter->run()
#7 J:\My Drive\bukanotaa\system\Commands\Server\rewrite.php(43): require_once('J:\\My Drive\\buk...')
#8 {main}
CRITICAL - 2025-06-30 21:32:52 --> Uncaught ErrorException: file_get_contents(J:\My Drive\bukanotaa\app\Views\errors\html\debug.js): Failed to open stream: No such file or directory in J:\My Drive\bukanotaa\app\Views\errors\html\error_exception.php:19
Stack trace:
#0 [internal function]: CodeIgniter\Debug\Exceptions->errorHandler(2, 'file_get_conten...', 'J:\\My Drive\\buk...', 19)
#1 J:\My Drive\bukanotaa\app\Views\errors\html\error_exception.php(19): file_get_contents('J:\\My Drive\\buk...')
#2 J:\My Drive\bukanotaa\system\Debug\Exceptions.php(234): include('J:\\My Drive\\buk...')
#3 J:\My Drive\bukanotaa\system\Debug\Exceptions.php(237): CodeIgniter\Debug\Exceptions->CodeIgniter\Debug\{closure}()
#4 J:\My Drive\bukanotaa\system\Debug\Exceptions.php(121): CodeIgniter\Debug\Exceptions->render(Object(ParseError), 500)
#5 [internal function]: CodeIgniter\Debug\Exceptions->exceptionHandler(Object(ParseError))
#6 {main}
  thrown
#0 [internal function]: CodeIgniter\Debug\Exceptions->shutdownHandler()
#1 {main}
CRITICAL - 2025-06-30 21:34:59 --> syntax error, unexpected token "?"
#0 G:\My Drive\bukanotaa\system\View\View.php(213): CodeIgniter\View\View->CodeIgniter\View\{closure}()
#1 G:\My Drive\bukanotaa\system\Common.php(1089): CodeIgniter\View\View->render('harga_view', Array, true)
#2 G:\My Drive\bukanotaa\app\Controllers\harga.php(9): view('harga_view')
#3 G:\My Drive\bukanotaa\system\CodeIgniter.php(832): App\Controllers\Harga->index()
#4 G:\My Drive\bukanotaa\system\CodeIgniter.php(419): CodeIgniter\CodeIgniter->runController(Object(App\Controllers\Harga))
#5 G:\My Drive\bukanotaa\system\CodeIgniter.php(326): CodeIgniter\CodeIgniter->handleRequest(NULL, Object(Config\Cache), false)
#6 G:\My Drive\bukanotaa\public\index.php(37): CodeIgniter\CodeIgniter->run()
#7 G:\My Drive\bukanotaa\system\Commands\Server\rewrite.php(43): require_once('G:\\My Drive\\buk...')
#8 {main}
CRITICAL - 2025-06-30 21:35:03 --> Uncaught ErrorException: file_get_contents(G:\My Drive\bukanotaa\app\Views\errors\html\debug.js): Failed to open stream: No such file or directory in G:\My Drive\bukanotaa\app\Views\errors\html\error_exception.php:19
Stack trace:
#0 [internal function]: CodeIgniter\Debug\Exceptions->errorHandler(2, 'file_get_conten...', 'G:\\My Drive\\buk...', 19)
#1 G:\My Drive\bukanotaa\app\Views\errors\html\error_exception.php(19): file_get_contents('G:\\My Drive\\buk...')
#2 G:\My Drive\bukanotaa\system\Debug\Exceptions.php(234): include('G:\\My Drive\\buk...')
#3 G:\My Drive\bukanotaa\system\Debug\Exceptions.php(237): CodeIgniter\Debug\Exceptions->CodeIgniter\Debug\{closure}()
#4 G:\My Drive\bukanotaa\system\Debug\Exceptions.php(121): CodeIgniter\Debug\Exceptions->render(Object(ParseError), 500)
#5 [internal function]: CodeIgniter\Debug\Exceptions->exceptionHandler(Object(ParseError))
#6 {main}
  thrown
#0 [internal function]: CodeIgniter\Debug\Exceptions->shutdownHandler()
#1 {main}
CRITICAL - 2025-06-30 21:39:29 --> syntax error, unexpected token "?"
#0 G:\My Drive\bukanotaa\system\View\View.php(213): CodeIgniter\View\View->CodeIgniter\View\{closure}()
#1 G:\My Drive\bukanotaa\system\Common.php(1089): CodeIgniter\View\View->render('harga_view', Array, true)
#2 G:\My Drive\bukanotaa\app\Controllers\harga.php(9): view('harga_view')
#3 G:\My Drive\bukanotaa\system\CodeIgniter.php(832): App\Controllers\Harga->index()
#4 G:\My Drive\bukanotaa\system\CodeIgniter.php(419): CodeIgniter\CodeIgniter->runController(Object(App\Controllers\Harga))
#5 G:\My Drive\bukanotaa\system\CodeIgniter.php(326): CodeIgniter\CodeIgniter->handleRequest(NULL, Object(Config\Cache), false)
#6 G:\My Drive\bukanotaa\public\index.php(37): CodeIgniter\CodeIgniter->run()
#7 G:\My Drive\bukanotaa\system\Commands\Server\rewrite.php(43): require_once('G:\\My Drive\\buk...')
#8 {main}
CRITICAL - 2025-06-30 21:39:29 --> Uncaught ErrorException: file_get_contents(G:\My Drive\bukanotaa\app\Views\errors\html\debug.js): Failed to open stream: No such file or directory in G:\My Drive\bukanotaa\app\Views\errors\html\error_exception.php:19
Stack trace:
#0 [internal function]: CodeIgniter\Debug\Exceptions->errorHandler(2, 'file_get_conten...', 'G:\\My Drive\\buk...', 19)
#1 G:\My Drive\bukanotaa\app\Views\errors\html\error_exception.php(19): file_get_contents('G:\\My Drive\\buk...')
#2 G:\My Drive\bukanotaa\system\Debug\Exceptions.php(234): include('G:\\My Drive\\buk...')
#3 G:\My Drive\bukanotaa\system\Debug\Exceptions.php(237): CodeIgniter\Debug\Exceptions->CodeIgniter\Debug\{closure}()
#4 G:\My Drive\bukanotaa\system\Debug\Exceptions.php(121): CodeIgniter\Debug\Exceptions->render(Object(ParseError), 500)
#5 [internal function]: CodeIgniter\Debug\Exceptions->exceptionHandler(Object(ParseError))
#6 {main}
  thrown
#0 [internal function]: CodeIgniter\Debug\Exceptions->shutdownHandler()
#1 {main}
CRITICAL - 2025-06-30 21:41:46 --> syntax error, unexpected token "?"
#0 G:\My Drive\bukanotaa\system\View\View.php(213): CodeIgniter\View\View->CodeIgniter\View\{closure}()
#1 G:\My Drive\bukanotaa\system\Common.php(1089): CodeIgniter\View\View->render('harga_view', Array, true)
#2 G:\My Drive\bukanotaa\app\Controllers\harga.php(9): view('harga_view')
#3 G:\My Drive\bukanotaa\system\CodeIgniter.php(832): App\Controllers\Harga->index()
#4 G:\My Drive\bukanotaa\system\CodeIgniter.php(419): CodeIgniter\CodeIgniter->runController(Object(App\Controllers\Harga))
#5 G:\My Drive\bukanotaa\system\CodeIgniter.php(326): CodeIgniter\CodeIgniter->handleRequest(NULL, Object(Config\Cache), false)
#6 G:\My Drive\bukanotaa\public\index.php(37): CodeIgniter\CodeIgniter->run()
#7 G:\My Drive\bukanotaa\system\Commands\Server\rewrite.php(43): require_once('G:\\My Drive\\buk...')
#8 {main}
CRITICAL - 2025-06-30 21:41:46 --> Uncaught ErrorException: file_get_contents(G:\My Drive\bukanotaa\app\Views\errors\html\debug.js): Failed to open stream: No such file or directory in G:\My Drive\bukanotaa\app\Views\errors\html\error_exception.php:19
Stack trace:
#0 [internal function]: CodeIgniter\Debug\Exceptions->errorHandler(2, 'file_get_conten...', 'G:\\My Drive\\buk...', 19)
#1 G:\My Drive\bukanotaa\app\Views\errors\html\error_exception.php(19): file_get_contents('G:\\My Drive\\buk...')
#2 G:\My Drive\bukanotaa\system\Debug\Exceptions.php(234): include('G:\\My Drive\\buk...')
#3 G:\My Drive\bukanotaa\system\Debug\Exceptions.php(237): CodeIgniter\Debug\Exceptions->CodeIgniter\Debug\{closure}()
#4 G:\My Drive\bukanotaa\system\Debug\Exceptions.php(121): CodeIgniter\Debug\Exceptions->render(Object(ParseError), 500)
#5 [internal function]: CodeIgniter\Debug\Exceptions->exceptionHandler(Object(ParseError))
#6 {main}
  thrown
#0 [internal function]: CodeIgniter\Debug\Exceptions->shutdownHandler()
#1 {main}
CRITICAL - 2025-06-30 21:43:27 --> syntax error, unexpected token "?"
#0 G:\My Drive\bukanotaa\system\View\View.php(213): CodeIgniter\View\View->CodeIgniter\View\{closure}()
#1 G:\My Drive\bukanotaa\system\Common.php(1089): CodeIgniter\View\View->render('harga_view', Array, true)
#2 G:\My Drive\bukanotaa\app\Controllers\harga.php(9): view('harga_view')
#3 G:\My Drive\bukanotaa\system\CodeIgniter.php(832): App\Controllers\Harga->index()
#4 G:\My Drive\bukanotaa\system\CodeIgniter.php(419): CodeIgniter\CodeIgniter->runController(Object(App\Controllers\Harga))
#5 G:\My Drive\bukanotaa\system\CodeIgniter.php(326): CodeIgniter\CodeIgniter->handleRequest(NULL, Object(Config\Cache), false)
#6 G:\My Drive\bukanotaa\public\index.php(37): CodeIgniter\CodeIgniter->run()
#7 G:\My Drive\bukanotaa\system\Commands\Server\rewrite.php(43): require_once('G:\\My Drive\\buk...')
#8 {main}
CRITICAL - 2025-06-30 21:43:27 --> Uncaught ErrorException: file_get_contents(G:\My Drive\bukanotaa\app\Views\errors\html\debug.js): Failed to open stream: No such file or directory in G:\My Drive\bukanotaa\app\Views\errors\html\error_exception.php:19
Stack trace:
#0 [internal function]: CodeIgniter\Debug\Exceptions->errorHandler(2, 'file_get_conten...', 'G:\\My Drive\\buk...', 19)
#1 G:\My Drive\bukanotaa\app\Views\errors\html\error_exception.php(19): file_get_contents('G:\\My Drive\\buk...')
#2 G:\My Drive\bukanotaa\system\Debug\Exceptions.php(234): include('G:\\My Drive\\buk...')
#3 G:\My Drive\bukanotaa\system\Debug\Exceptions.php(237): CodeIgniter\Debug\Exceptions->CodeIgniter\Debug\{closure}()
#4 G:\My Drive\bukanotaa\system\Debug\Exceptions.php(121): CodeIgniter\Debug\Exceptions->render(Object(ParseError), 500)
#5 [internal function]: CodeIgniter\Debug\Exceptions->exceptionHandler(Object(ParseError))
#6 {main}
  thrown
#0 [internal function]: CodeIgniter\Debug\Exceptions->shutdownHandler()
#1 {main}
CRITICAL - 2025-06-30 21:44:07 --> syntax error, unexpected token "?"
#0 G:\My Drive\bukanotaa\system\View\View.php(213): CodeIgniter\View\View->CodeIgniter\View\{closure}()
#1 G:\My Drive\bukanotaa\system\Common.php(1089): CodeIgniter\View\View->render('harga_view', Array, true)
#2 G:\My Drive\bukanotaa\app\Controllers\harga.php(9): view('harga_view')
#3 G:\My Drive\bukanotaa\system\CodeIgniter.php(832): App\Controllers\Harga->index()
#4 G:\My Drive\bukanotaa\system\CodeIgniter.php(419): CodeIgniter\CodeIgniter->runController(Object(App\Controllers\Harga))
#5 G:\My Drive\bukanotaa\system\CodeIgniter.php(326): CodeIgniter\CodeIgniter->handleRequest(NULL, Object(Config\Cache), false)
#6 G:\My Drive\bukanotaa\public\index.php(37): CodeIgniter\CodeIgniter->run()
#7 G:\My Drive\bukanotaa\system\Commands\Server\rewrite.php(43): require_once('G:\\My Drive\\buk...')
#8 {main}
CRITICAL - 2025-06-30 21:44:08 --> Uncaught ErrorException: file_get_contents(G:\My Drive\bukanotaa\app\Views\errors\html\debug.js): Failed to open stream: No such file or directory in G:\My Drive\bukanotaa\app\Views\errors\html\error_exception.php:19
Stack trace:
#0 [internal function]: CodeIgniter\Debug\Exceptions->errorHandler(2, 'file_get_conten...', 'G:\\My Drive\\buk...', 19)
#1 G:\My Drive\bukanotaa\app\Views\errors\html\error_exception.php(19): file_get_contents('G:\\My Drive\\buk...')
#2 G:\My Drive\bukanotaa\system\Debug\Exceptions.php(234): include('G:\\My Drive\\buk...')
#3 G:\My Drive\bukanotaa\system\Debug\Exceptions.php(237): CodeIgniter\Debug\Exceptions->CodeIgniter\Debug\{closure}()
#4 G:\My Drive\bukanotaa\system\Debug\Exceptions.php(121): CodeIgniter\Debug\Exceptions->render(Object(ParseError), 500)
#5 [internal function]: CodeIgniter\Debug\Exceptions->exceptionHandler(Object(ParseError))
#6 {main}
  thrown
#0 [internal function]: CodeIgniter\Debug\Exceptions->shutdownHandler()
#1 {main}
CRITICAL - 2025-06-30 21:45:19 --> syntax error, unexpected token "?"
#0 G:\My Drive\bukanotaa\system\View\View.php(213): CodeIgniter\View\View->CodeIgniter\View\{closure}()
#1 G:\My Drive\bukanotaa\system\Common.php(1089): CodeIgniter\View\View->render('harga_view', Array, true)
#2 G:\My Drive\bukanotaa\app\Controllers\harga.php(9): view('harga_view')
#3 G:\My Drive\bukanotaa\system\CodeIgniter.php(832): App\Controllers\Harga->index()
#4 G:\My Drive\bukanotaa\system\CodeIgniter.php(419): CodeIgniter\CodeIgniter->runController(Object(App\Controllers\Harga))
#5 G:\My Drive\bukanotaa\system\CodeIgniter.php(326): CodeIgniter\CodeIgniter->handleRequest(NULL, Object(Config\Cache), false)
#6 G:\My Drive\bukanotaa\public\index.php(37): CodeIgniter\CodeIgniter->run()
#7 G:\My Drive\bukanotaa\system\Commands\Server\rewrite.php(43): require_once('G:\\My Drive\\buk...')
#8 {main}
CRITICAL - 2025-06-30 21:45:19 --> Uncaught ErrorException: file_get_contents(G:\My Drive\bukanotaa\app\Views\errors\html\debug.js): Failed to open stream: No such file or directory in G:\My Drive\bukanotaa\app\Views\errors\html\error_exception.php:19
Stack trace:
#0 [internal function]: CodeIgniter\Debug\Exceptions->errorHandler(2, 'file_get_conten...', 'G:\\My Drive\\buk...', 19)
#1 G:\My Drive\bukanotaa\app\Views\errors\html\error_exception.php(19): file_get_contents('G:\\My Drive\\buk...')
#2 G:\My Drive\bukanotaa\system\Debug\Exceptions.php(234): include('G:\\My Drive\\buk...')
#3 G:\My Drive\bukanotaa\system\Debug\Exceptions.php(237): CodeIgniter\Debug\Exceptions->CodeIgniter\Debug\{closure}()
#4 G:\My Drive\bukanotaa\system\Debug\Exceptions.php(121): CodeIgniter\Debug\Exceptions->render(Object(ParseError), 500)
#5 [internal function]: CodeIgniter\Debug\Exceptions->exceptionHandler(Object(ParseError))
#6 {main}
  thrown
#0 [internal function]: CodeIgniter\Debug\Exceptions->shutdownHandler()
#1 {main}
CRITICAL - 2025-06-30 21:58:40 --> file_get_contents(users.json): Failed to open stream: No such file or directory
#0 [internal function]: CodeIgniter\Debug\Exceptions->errorHandler(2, 'file_get_conten...', 'J:\\My Drive\\buk...', 9)
#1 J:\My Drive\bukanotaa\app\Controllers\login.php(9): file_get_contents('users.json')
#2 J:\My Drive\bukanotaa\system\Router\Router.php(518): include_once('J:\\My Drive\\buk...')
#3 J:\My Drive\bukanotaa\system\Router\Router.php(175): CodeIgniter\Router\Router->autoRoute('login')
#4 J:\My Drive\bukanotaa\system\CodeIgniter.php(726): CodeIgniter\Router\Router->handle('login')
#5 J:\My Drive\bukanotaa\system\CodeIgniter.php(368): CodeIgniter\CodeIgniter->tryToRouteIt(Object(CodeIgniter\Router\RouteCollection))
#6 J:\My Drive\bukanotaa\system\CodeIgniter.php(326): CodeIgniter\CodeIgniter->handleRequest(NULL, Object(Config\Cache), false)
#7 J:\My Drive\bukanotaa\public\index.php(37): CodeIgniter\CodeIgniter->run()
#8 J:\My Drive\bukanotaa\system\Commands\Server\rewrite.php(43): require_once('J:\\My Drive\\buk...')
#9 {main}
CRITICAL - 2025-06-30 21:58:41 --> Uncaught ErrorException: file_get_contents(J:\My Drive\bukanotaa\app\Views\errors\html\debug.js): Failed to open stream: No such file or directory in J:\My Drive\bukanotaa\app\Views\errors\html\error_exception.php:19
Stack trace:
#0 [internal function]: CodeIgniter\Debug\Exceptions->errorHandler(2, 'file_get_conten...', 'J:\\My Drive\\buk...', 19)
#1 J:\My Drive\bukanotaa\app\Views\errors\html\error_exception.php(19): file_get_contents('J:\\My Drive\\buk...')
#2 J:\My Drive\bukanotaa\system\Debug\Exceptions.php(234): include('J:\\My Drive\\buk...')
#3 J:\My Drive\bukanotaa\system\Debug\Exceptions.php(237): CodeIgniter\Debug\Exceptions->CodeIgniter\Debug\{closure}()
#4 J:\My Drive\bukanotaa\system\Debug\Exceptions.php(121): CodeIgniter\Debug\Exceptions->render(Object(ErrorException), 500)
#5 [internal function]: CodeIgniter\Debug\Exceptions->exceptionHandler(Object(ErrorException))
#6 {main}
  thrown
#0 [internal function]: CodeIgniter\Debug\Exceptions->shutdownHandler()
#1 {main}
CRITICAL - 2025-06-30 22:48:23 --> syntax error, unexpected identifier "", expecting "," or ";"
#0 I:\My Drive\bukanotaa\system\View\View.php(213): CodeIgniter\View\View->CodeIgniter\View\{closure}()
#1 I:\My Drive\bukanotaa\system\Common.php(1089): CodeIgniter\View\View->render('landingpage', Array, true)
#2 I:\My Drive\bukanotaa\app\Controllers\Landing.php(9): view('landingpage')
#3 I:\My Drive\bukanotaa\system\CodeIgniter.php(832): App\Controllers\Landing->index()
#4 I:\My Drive\bukanotaa\system\CodeIgniter.php(419): CodeIgniter\CodeIgniter->runController(Object(App\Controllers\Landing))
#5 I:\My Drive\bukanotaa\system\CodeIgniter.php(326): CodeIgniter\CodeIgniter->handleRequest(NULL, Object(Config\Cache), false)
#6 I:\My Drive\bukanotaa\public\index.php(37): CodeIgniter\CodeIgniter->run()
#7 I:\My Drive\bukanotaa\system\Commands\Server\rewrite.php(43): require_once('I:\\My Drive\\buk...')
#8 {main}
CRITICAL - 2025-06-30 22:48:25 --> Uncaught ErrorException: file_get_contents(I:\My Drive\bukanotaa\app\Views\errors\html\debug.js): Failed to open stream: No such file or directory in I:\My Drive\bukanotaa\app\Views\errors\html\error_exception.php:19
Stack trace:
#0 [internal function]: CodeIgniter\Debug\Exceptions->errorHandler(2, 'file_get_conten...', 'I:\\My Drive\\buk...', 19)
#1 I:\My Drive\bukanotaa\app\Views\errors\html\error_exception.php(19): file_get_contents('I:\\My Drive\\buk...')
#2 I:\My Drive\bukanotaa\system\Debug\Exceptions.php(234): include('I:\\My Drive\\buk...')
#3 I:\My Drive\bukanotaa\system\Debug\Exceptions.php(237): CodeIgniter\Debug\Exceptions->CodeIgniter\Debug\{closure}()
#4 I:\My Drive\bukanotaa\system\Debug\Exceptions.php(121): CodeIgniter\Debug\Exceptions->render(Object(ParseError), 500)
#5 [internal function]: CodeIgniter\Debug\Exceptions->exceptionHandler(Object(ParseError))
#6 {main}
  thrown
#0 [internal function]: CodeIgniter\Debug\Exceptions->shutdownHandler()
#1 {main}
