ERROR - 2025-06-08 01:15:28 --> Column 'id_produk' cannot be null
ERROR - 2025-06-08 01:15:28 --> Column 'id_produk' cannot be null
CRITICAL - 2025-06-08 01:41:34 --> Call to undefined function App\Controllers\parse_rupiah()
#0 J:\My Drive\YEOMAN\system\CodeIgniter.php(832): App\Controllers\Pemasangan->update_pemasangan('1')
#1 J:\My Drive\YEOMAN\system\CodeIgniter.php(419): CodeIgniter\CodeIgniter->runController(Object(App\Controllers\Pemasangan))
#2 J:\My Drive\YEOMAN\system\CodeIgniter.php(326): CodeIgniter\CodeIgniter->handleRequest(NULL, Object(Config\Cache), false)
#3 J:\My Drive\YEOMAN\public\index.php(37): CodeIgniter\CodeIgniter->run()
#4 J:\My Drive\YEOMAN\system\Commands\Server\rewrite.php(43): require_once('J:\\My Drive\\YEO...')
#5 {main}
ERROR - 2025-06-08 05:44:33 --> Error connecting to the database: No connection could be made because the target machine actively refused it
CRITICAL - 2025-06-08 05:44:33 --> Unable to connect to the database.
Main connection [MySQLi]: No connection could be made because the target machine actively refused it
#0 J:\My Drive\YEOMAN\system\Database\BaseConnection.php(577): CodeIgniter\Database\BaseConnection->initialize()
#1 J:\My Drive\YEOMAN\system\Database\BaseBuilder.php(1455): CodeIgniter\Database\BaseConnection->query('SELECT *\nFROM `...', Array, false)
#2 J:\My Drive\YEOMAN\app\Models\Yeoman.php(73): CodeIgniter\Database\BaseBuilder->get()
#3 J:\My Drive\YEOMAN\app\Controllers\Home.php(28): App\Models\Yeoman->getWebDetails()
#4 J:\My Drive\YEOMAN\system\CodeIgniter.php(809): App\Controllers\Home->__construct()
#5 J:\My Drive\YEOMAN\system\CodeIgniter.php(410): CodeIgniter\CodeIgniter->createController()
#6 J:\My Drive\YEOMAN\system\CodeIgniter.php(326): CodeIgniter\CodeIgniter->handleRequest(NULL, Object(Config\Cache), false)
#7 J:\My Drive\YEOMAN\public\index.php(37): CodeIgniter\CodeIgniter->run()
#8 {main}
ERROR - 2025-06-08 05:44:40 --> Error connecting to the database: No connection could be made because the target machine actively refused it
CRITICAL - 2025-06-08 05:44:40 --> Unable to connect to the database.
Main connection [MySQLi]: No connection could be made because the target machine actively refused it
#0 J:\My Drive\YEOMAN\system\Database\BaseConnection.php(577): CodeIgniter\Database\BaseConnection->initialize()
#1 J:\My Drive\YEOMAN\system\Database\BaseBuilder.php(1455): CodeIgniter\Database\BaseConnection->query('SELECT *\nFROM `...', Array, false)
#2 J:\My Drive\YEOMAN\app\Models\Yeoman.php(73): CodeIgniter\Database\BaseBuilder->get()
#3 J:\My Drive\YEOMAN\app\Controllers\Home.php(28): App\Models\Yeoman->getWebDetails()
#4 J:\My Drive\YEOMAN\system\CodeIgniter.php(809): App\Controllers\Home->__construct()
#5 J:\My Drive\YEOMAN\system\CodeIgniter.php(410): CodeIgniter\CodeIgniter->createController()
#6 J:\My Drive\YEOMAN\system\CodeIgniter.php(326): CodeIgniter\CodeIgniter->handleRequest(NULL, Object(Config\Cache), false)
#7 J:\My Drive\YEOMAN\public\index.php(37): CodeIgniter\CodeIgniter->run()
#8 {main}
ERROR - 2025-06-08 06:00:29 --> Unknown column 'ptp harga' in 'field list'
CRITICAL - 2025-06-08 06:00:29 --> Call to a member function getResult() on bool
#0 J:\My Drive\YEOMAN\app\Controllers\Pemasangan.php(35): App\Models\M_pemasangan->getProdukTambahanByPemasangan('1')
#1 J:\My Drive\YEOMAN\system\CodeIgniter.php(832): App\Controllers\Pemasangan->tabel_pemasangan()
#2 J:\My Drive\YEOMAN\system\CodeIgniter.php(419): CodeIgniter\CodeIgniter->runController(Object(App\Controllers\Pemasangan))
#3 J:\My Drive\YEOMAN\system\CodeIgniter.php(326): CodeIgniter\CodeIgniter->handleRequest(NULL, Object(Config\Cache), false)
#4 J:\My Drive\YEOMAN\public\index.php(37): CodeIgniter\CodeIgniter->run()
#5 J:\My Drive\YEOMAN\system\Commands\Server\rewrite.php(43): require_once('J:\\My Drive\\YEO...')
#6 {main}
CRITICAL - 2025-06-08 07:23:40 --> Undefined variable $insertData
#0 J:\My Drive\YEOMAN\app\Controllers\Pemasangan.php(219): CodeIgniter\Debug\Exceptions->errorHandler(2, 'Undefined varia...', 'J:\\My Drive\\YEO...', 219)
#1 J:\My Drive\YEOMAN\system\CodeIgniter.php(832): App\Controllers\Pemasangan->tpemasangan()
#2 J:\My Drive\YEOMAN\system\CodeIgniter.php(419): CodeIgniter\CodeIgniter->runController(Object(App\Controllers\Pemasangan))
#3 J:\My Drive\YEOMAN\system\CodeIgniter.php(326): CodeIgniter\CodeIgniter->handleRequest(NULL, Object(Config\Cache), false)
#4 J:\My Drive\YEOMAN\public\index.php(37): CodeIgniter\CodeIgniter->run()
#5 J:\My Drive\YEOMAN\system\Commands\Server\rewrite.php(43): require_once('J:\\My Drive\\YEO...')
#6 {main}
ERROR - 2025-06-08 07:34:06 --> Unknown column 'pemesanan.jumlah_produk' in 'field list'
CRITICAL - 2025-06-08 07:34:06 --> Call to a member function getResult() on bool
#0 J:\My Drive\YEOMAN\app\Controllers\Pemasangan.php(525): App\Models\M_pemasangan->getDeletedPemasangan()
#1 J:\My Drive\YEOMAN\system\CodeIgniter.php(832): App\Controllers\Pemasangan->dihapus_pemasangan()
#2 J:\My Drive\YEOMAN\system\CodeIgniter.php(419): CodeIgniter\CodeIgniter->runController(Object(App\Controllers\Pemasangan))
#3 J:\My Drive\YEOMAN\system\CodeIgniter.php(326): CodeIgniter\CodeIgniter->handleRequest(NULL, Object(Config\Cache), false)
#4 J:\My Drive\YEOMAN\public\index.php(37): CodeIgniter\CodeIgniter->run()
#5 J:\My Drive\YEOMAN\system\Commands\Server\rewrite.php(43): require_once('J:\\My Drive\\YEO...')
#6 {main}
CRITICAL - 2025-06-08 07:36:30 --> Undefined property: stdClass::$nama_produk
#0 J:\My Drive\YEOMAN\app\Views\pemasangan1.php(38): CodeIgniter\Debug\Exceptions->errorHandler(2, 'Undefined prope...', 'J:\\My Drive\\YEO...', 38)
#1 J:\My Drive\YEOMAN\system\View\View.php(210): include('J:\\My Drive\\YEO...')
#2 J:\My Drive\YEOMAN\system\View\View.php(213): CodeIgniter\View\View->CodeIgniter\View\{closure}()
#3 J:\My Drive\YEOMAN\system\Common.php(1089): CodeIgniter\View\View->render('pemasangan1', Array, true)
#4 J:\My Drive\YEOMAN\app\Controllers\Pemasangan.php(530): view('pemasangan1', Array)
#5 J:\My Drive\YEOMAN\system\CodeIgniter.php(832): App\Controllers\Pemasangan->dihapus_pemasangan()
#6 J:\My Drive\YEOMAN\system\CodeIgniter.php(419): CodeIgniter\CodeIgniter->runController(Object(App\Controllers\Pemasangan))
#7 J:\My Drive\YEOMAN\system\CodeIgniter.php(326): CodeIgniter\CodeIgniter->handleRequest(NULL, Object(Config\Cache), false)
#8 J:\My Drive\YEOMAN\public\index.php(37): CodeIgniter\CodeIgniter->run()
#9 J:\My Drive\YEOMAN\system\Commands\Server\rewrite.php(43): require_once('J:\\My Drive\\YEO...')
#10 {main}
CRITICAL - 2025-06-08 07:39:52 --> Call to undefined function App\Controllers\cleanRupiah()
#0 J:\My Drive\YEOMAN\system\CodeIgniter.php(832): App\Controllers\Pemasangan->tpemasangan()
#1 J:\My Drive\YEOMAN\system\CodeIgniter.php(419): CodeIgniter\CodeIgniter->runController(Object(App\Controllers\Pemasangan))
#2 J:\My Drive\YEOMAN\system\CodeIgniter.php(326): CodeIgniter\CodeIgniter->handleRequest(NULL, Object(Config\Cache), false)
#3 J:\My Drive\YEOMAN\public\index.php(37): CodeIgniter\CodeIgniter->run()
#4 J:\My Drive\YEOMAN\system\Commands\Server\rewrite.php(43): require_once('J:\\My Drive\\YEO...')
#5 {main}
CRITICAL - 2025-06-08 07:40:55 --> Call to undefined function App\Controllers\cleanRupiah()
#0 J:\My Drive\YEOMAN\system\CodeIgniter.php(832): App\Controllers\Pemasangan->tpemasangan()
#1 J:\My Drive\YEOMAN\system\CodeIgniter.php(419): CodeIgniter\CodeIgniter->runController(Object(App\Controllers\Pemasangan))
#2 J:\My Drive\YEOMAN\system\CodeIgniter.php(326): CodeIgniter\CodeIgniter->handleRequest(NULL, Object(Config\Cache), false)
#3 J:\My Drive\YEOMAN\public\index.php(37): CodeIgniter\CodeIgniter->run()
#4 J:\My Drive\YEOMAN\system\Commands\Server\rewrite.php(43): require_once('J:\\My Drive\\YEO...')
#5 {main}
CRITICAL - 2025-06-08 07:57:07 --> Call to undefined method App\Models\M_produk_tambahan::getProdukTambahanById
#0 J:\My Drive\YEOMAN\app\Controllers\Pemasangan.php(68): CodeIgniter\Model->__call('getProdukTambah...', Array)
#1 J:\My Drive\YEOMAN\system\CodeIgniter.php(832): App\Controllers\Pemasangan->edit_pemasangan('6')
#2 J:\My Drive\YEOMAN\system\CodeIgniter.php(419): CodeIgniter\CodeIgniter->runController(Object(App\Controllers\Pemasangan))
#3 J:\My Drive\YEOMAN\system\CodeIgniter.php(326): CodeIgniter\CodeIgniter->handleRequest(NULL, Object(Config\Cache), false)
#4 J:\My Drive\YEOMAN\public\index.php(37): CodeIgniter\CodeIgniter->run()
#5 J:\My Drive\YEOMAN\system\Commands\Server\rewrite.php(43): require_once('J:\\My Drive\\YEO...')
#6 {main}
CRITICAL - 2025-06-08 07:57:57 --> Undefined variable $produkTambahan
#0 J:\My Drive\YEOMAN\app\Views\edit_psg.php(322): CodeIgniter\Debug\Exceptions->errorHandler(2, 'Undefined varia...', 'J:\\My Drive\\YEO...', 322)
#1 J:\My Drive\YEOMAN\system\View\View.php(210): include('J:\\My Drive\\YEO...')
#2 J:\My Drive\YEOMAN\system\View\View.php(213): CodeIgniter\View\View->CodeIgniter\View\{closure}()
#3 J:\My Drive\YEOMAN\system\Common.php(1089): CodeIgniter\View\View->render('edit_psg', Array, true)
#4 J:\My Drive\YEOMAN\app\Controllers\Pemasangan.php(79): view('edit_psg', Array)
#5 J:\My Drive\YEOMAN\system\CodeIgniter.php(832): App\Controllers\Pemasangan->edit_pemasangan('6')
#6 J:\My Drive\YEOMAN\system\CodeIgniter.php(419): CodeIgniter\CodeIgniter->runController(Object(App\Controllers\Pemasangan))
#7 J:\My Drive\YEOMAN\system\CodeIgniter.php(326): CodeIgniter\CodeIgniter->handleRequest(NULL, Object(Config\Cache), false)
#8 J:\My Drive\YEOMAN\public\index.php(37): CodeIgniter\CodeIgniter->run()
#9 J:\My Drive\YEOMAN\system\Commands\Server\rewrite.php(43): require_once('J:\\My Drive\\YEO...')
#10 {main}
CRITICAL - 2025-06-08 07:58:14 --> Undefined variable $produk_tambahan
#0 J:\My Drive\YEOMAN\app\Controllers\Pemasangan.php(83): CodeIgniter\Debug\Exceptions->errorHandler(2, 'Undefined varia...', 'J:\\My Drive\\YEO...', 83)
#1 J:\My Drive\YEOMAN\system\CodeIgniter.php(832): App\Controllers\Pemasangan->edit_pemasangan('6')
#2 J:\My Drive\YEOMAN\system\CodeIgniter.php(419): CodeIgniter\CodeIgniter->runController(Object(App\Controllers\Pemasangan))
#3 J:\My Drive\YEOMAN\system\CodeIgniter.php(326): CodeIgniter\CodeIgniter->handleRequest(NULL, Object(Config\Cache), false)
#4 J:\My Drive\YEOMAN\public\index.php(37): CodeIgniter\CodeIgniter->run()
#5 J:\My Drive\YEOMAN\system\Commands\Server\rewrite.php(43): require_once('J:\\My Drive\\YEO...')
#6 {main}
CRITICAL - 2025-06-08 07:58:30 --> Undefined variable $produkTambahan
#0 J:\My Drive\YEOMAN\app\Views\edit_psg.php(322): CodeIgniter\Debug\Exceptions->errorHandler(2, 'Undefined varia...', 'J:\\My Drive\\YEO...', 322)
#1 J:\My Drive\YEOMAN\system\View\View.php(210): include('J:\\My Drive\\YEO...')
#2 J:\My Drive\YEOMAN\system\View\View.php(213): CodeIgniter\View\View->CodeIgniter\View\{closure}()
#3 J:\My Drive\YEOMAN\system\Common.php(1089): CodeIgniter\View\View->render('edit_psg', Array, true)
#4 J:\My Drive\YEOMAN\app\Controllers\Pemasangan.php(79): view('edit_psg', Array)
#5 J:\My Drive\YEOMAN\system\CodeIgniter.php(832): App\Controllers\Pemasangan->edit_pemasangan('6')
#6 J:\My Drive\YEOMAN\system\CodeIgniter.php(419): CodeIgniter\CodeIgniter->runController(Object(App\Controllers\Pemasangan))
#7 J:\My Drive\YEOMAN\system\CodeIgniter.php(326): CodeIgniter\CodeIgniter->handleRequest(NULL, Object(Config\Cache), false)
#8 J:\My Drive\YEOMAN\public\index.php(37): CodeIgniter\CodeIgniter->run()
#9 J:\My Drive\YEOMAN\system\Commands\Server\rewrite.php(43): require_once('J:\\My Drive\\YEO...')
#10 {main}
CRITICAL - 2025-06-08 07:59:57 --> Undefined variable $produk_tambahan
#0 J:\My Drive\YEOMAN\app\Controllers\Pemasangan.php(83): CodeIgniter\Debug\Exceptions->errorHandler(2, 'Undefined varia...', 'J:\\My Drive\\YEO...', 83)
#1 J:\My Drive\YEOMAN\system\CodeIgniter.php(832): App\Controllers\Pemasangan->edit_pemasangan('6')
#2 J:\My Drive\YEOMAN\system\CodeIgniter.php(419): CodeIgniter\CodeIgniter->runController(Object(App\Controllers\Pemasangan))
#3 J:\My Drive\YEOMAN\system\CodeIgniter.php(326): CodeIgniter\CodeIgniter->handleRequest(NULL, Object(Config\Cache), false)
#4 J:\My Drive\YEOMAN\public\index.php(37): CodeIgniter\CodeIgniter->run()
#5 J:\My Drive\YEOMAN\system\Commands\Server\rewrite.php(43): require_once('J:\\My Drive\\YEO...')
#6 {main}
CRITICAL - 2025-06-08 08:05:09 --> Undefined variable $produkTambahan
#0 J:\My Drive\YEOMAN\app\Views\edit_psg.php(70): CodeIgniter\Debug\Exceptions->errorHandler(2, 'Undefined varia...', 'J:\\My Drive\\YEO...', 70)
#1 J:\My Drive\YEOMAN\system\View\View.php(210): include('J:\\My Drive\\YEO...')
#2 J:\My Drive\YEOMAN\system\View\View.php(213): CodeIgniter\View\View->CodeIgniter\View\{closure}()
#3 J:\My Drive\YEOMAN\system\Common.php(1089): CodeIgniter\View\View->render('edit_psg', Array, true)
#4 J:\My Drive\YEOMAN\app\Controllers\Pemasangan.php(79): view('edit_psg', Array)
#5 J:\My Drive\YEOMAN\system\CodeIgniter.php(832): App\Controllers\Pemasangan->edit_pemasangan('6')
#6 J:\My Drive\YEOMAN\system\CodeIgniter.php(419): CodeIgniter\CodeIgniter->runController(Object(App\Controllers\Pemasangan))
#7 J:\My Drive\YEOMAN\system\CodeIgniter.php(326): CodeIgniter\CodeIgniter->handleRequest(NULL, Object(Config\Cache), false)
#8 J:\My Drive\YEOMAN\public\index.php(37): CodeIgniter\CodeIgniter->run()
#9 J:\My Drive\YEOMAN\system\Commands\Server\rewrite.php(43): require_once('J:\\My Drive\\YEO...')
#10 {main}
CRITICAL - 2025-06-08 08:09:43 --> Undefined variable $produkOptionsHTML
#0 J:\My Drive\YEOMAN\app\Views\edit_psg.php(72): CodeIgniter\Debug\Exceptions->errorHandler(2, 'Undefined varia...', 'J:\\My Drive\\YEO...', 72)
#1 J:\My Drive\YEOMAN\system\View\View.php(210): include('J:\\My Drive\\YEO...')
#2 J:\My Drive\YEOMAN\system\View\View.php(213): CodeIgniter\View\View->CodeIgniter\View\{closure}()
#3 J:\My Drive\YEOMAN\system\Common.php(1089): CodeIgniter\View\View->render('edit_psg', Array, true)
#4 J:\My Drive\YEOMAN\app\Controllers\Pemasangan.php(79): view('edit_psg', Array)
#5 J:\My Drive\YEOMAN\system\CodeIgniter.php(832): App\Controllers\Pemasangan->edit_pemasangan('6')
#6 J:\My Drive\YEOMAN\system\CodeIgniter.php(419): CodeIgniter\CodeIgniter->runController(Object(App\Controllers\Pemasangan))
#7 J:\My Drive\YEOMAN\system\CodeIgniter.php(326): CodeIgniter\CodeIgniter->handleRequest(NULL, Object(Config\Cache), false)
#8 J:\My Drive\YEOMAN\public\index.php(37): CodeIgniter\CodeIgniter->run()
#9 J:\My Drive\YEOMAN\system\Commands\Server\rewrite.php(43): require_once('J:\\My Drive\\YEO...')
#10 {main}
CRITICAL - 2025-06-08 08:25:39 --> syntax error, unexpected single-quoted string "</pre>"
#0 J:\My Drive\YEOMAN\system\Router\Router.php(175): CodeIgniter\Router\Router->autoRoute('produk/edit_pro...')
#1 J:\My Drive\YEOMAN\system\CodeIgniter.php(726): CodeIgniter\Router\Router->handle('produk/edit_pro...')
#2 J:\My Drive\YEOMAN\system\CodeIgniter.php(368): CodeIgniter\CodeIgniter->tryToRouteIt(Object(CodeIgniter\Router\RouteCollection))
#3 J:\My Drive\YEOMAN\system\CodeIgniter.php(326): CodeIgniter\CodeIgniter->handleRequest(NULL, Object(Config\Cache), false)
#4 J:\My Drive\YEOMAN\public\index.php(37): CodeIgniter\CodeIgniter->run()
#5 J:\My Drive\YEOMAN\system\Commands\Server\rewrite.php(43): require_once('J:\\My Drive\\YEO...')
#6 {main}
