ERROR - 2025-08-21 11:28:15 --> Error connecting to the database: Access denied for user '****'@'localhost' (using password: YES)
CRITICAL - 2025-08-21 11:28:15 --> Unable to connect to the database.
Main connection [MySQLi]: Access denied for user '****'@'localhost' (using password: YES)
#0 /home/permat43/mey.rplsph.my.id/hello/system/Database/BaseConnection.php(577): CodeIgniter\Database\BaseConnection->initialize()
#1 /home/permat43/mey.rplsph.my.id/hello/system/Database/BaseBuilder.php(1588): CodeIgniter\Database\BaseConnection->query()
#2 /home/permat43/mey.rplsph.my.id/hello/app/Models/Olimpiade/M_belajar.php(410): CodeIgniter\Database\BaseBuilder->getWhere()
#3 /home/permat43/mey.rplsph.my.id/hello/app/Controllers/Olimpiade/Login.php(55): App\Models\Olimpiade\M_belajar->getWhere()
#4 /home/permat43/mey.rplsph.my.id/hello/system/CodeIgniter.php(832): App\Controllers\Olimpiade\Login->aksi_login()
#5 /home/permat43/mey.rplsph.my.id/hello/system/CodeIgniter.php(419): CodeIgniter\CodeIgniter->runController()
#6 /home/permat43/mey.rplsph.my.id/hello/system/CodeIgniter.php(326): CodeIgniter\CodeIgniter->handleRequest()
#7 /home/permat43/mey.rplsph.my.id/index.php(37): CodeIgniter\CodeIgniter->run()
#8 {main}
ERROR - 2025-08-21 11:29:55 --> Error connecting to the database: Access denied for user '****'@'localhost' (using password: YES)
CRITICAL - 2025-08-21 11:29:55 --> Unable to connect to the database.
Main connection [MySQLi]: Access denied for user '****'@'localhost' (using password: YES)
#0 /home/permat43/mey.rplsph.my.id/hello/system/Database/BaseConnection.php(577): CodeIgniter\Database\BaseConnection->initialize()
#1 /home/permat43/mey.rplsph.my.id/hello/system/Database/BaseBuilder.php(1588): CodeIgniter\Database\BaseConnection->query()
#2 /home/permat43/mey.rplsph.my.id/hello/app/Models/Olimpiade/M_belajar.php(410): CodeIgniter\Database\BaseBuilder->getWhere()
#3 /home/permat43/mey.rplsph.my.id/hello/app/Controllers/Olimpiade/Login.php(55): App\Models\Olimpiade\M_belajar->getWhere()
#4 /home/permat43/mey.rplsph.my.id/hello/system/CodeIgniter.php(832): App\Controllers\Olimpiade\Login->aksi_login()
#5 /home/permat43/mey.rplsph.my.id/hello/system/CodeIgniter.php(419): CodeIgniter\CodeIgniter->runController()
#6 /home/permat43/mey.rplsph.my.id/hello/system/CodeIgniter.php(326): CodeIgniter\CodeIgniter->handleRequest()
#7 /home/permat43/mey.rplsph.my.id/index.php(37): CodeIgniter\CodeIgniter->run()
#8 {main}
ERROR - 2025-08-21 11:30:09 --> Error connecting to the database: Access denied for user '****'@'localhost' (using password: YES)
CRITICAL - 2025-08-21 11:30:09 --> Unable to connect to the database.
Main connection [MySQLi]: Access denied for user '****'@'localhost' (using password: YES)
#0 /home/permat43/mey.rplsph.my.id/hello/system/Database/BaseConnection.php(577): CodeIgniter\Database\BaseConnection->initialize()
#1 /home/permat43/mey.rplsph.my.id/hello/system/Database/BaseBuilder.php(1588): CodeIgniter\Database\BaseConnection->query()
#2 /home/permat43/mey.rplsph.my.id/hello/app/Models/Olimpiade/M_belajar.php(410): CodeIgniter\Database\BaseBuilder->getWhere()
#3 /home/permat43/mey.rplsph.my.id/hello/app/Controllers/Olimpiade/Login.php(55): App\Models\Olimpiade\M_belajar->getWhere()
#4 /home/permat43/mey.rplsph.my.id/hello/system/CodeIgniter.php(832): App\Controllers\Olimpiade\Login->aksi_login()
#5 /home/permat43/mey.rplsph.my.id/hello/system/CodeIgniter.php(419): CodeIgniter\CodeIgniter->runController()
#6 /home/permat43/mey.rplsph.my.id/hello/system/CodeIgniter.php(326): CodeIgniter\CodeIgniter->handleRequest()
#7 /home/permat43/mey.rplsph.my.id/index.php(37): CodeIgniter\CodeIgniter->run()
#8 {main}
ERROR - 2025-08-21 11:30:29 --> Error connecting to the database: Access denied for user '****'@'localhost' (using password: YES)
CRITICAL - 2025-08-21 11:30:29 --> Unable to connect to the database.
Main connection [MySQLi]: Access denied for user '****'@'localhost' (using password: YES)
#0 /home/permat43/mey.rplsph.my.id/hello/system/Database/BaseConnection.php(577): CodeIgniter\Database\BaseConnection->initialize()
#1 /home/permat43/mey.rplsph.my.id/hello/system/Database/BaseBuilder.php(1588): CodeIgniter\Database\BaseConnection->query()
#2 /home/permat43/mey.rplsph.my.id/hello/app/Models/Olimpiade/M_belajar.php(410): CodeIgniter\Database\BaseBuilder->getWhere()
#3 /home/permat43/mey.rplsph.my.id/hello/app/Controllers/Olimpiade/Login.php(55): App\Models\Olimpiade\M_belajar->getWhere()
#4 /home/permat43/mey.rplsph.my.id/hello/system/CodeIgniter.php(832): App\Controllers\Olimpiade\Login->aksi_login()
#5 /home/permat43/mey.rplsph.my.id/hello/system/CodeIgniter.php(419): CodeIgniter\CodeIgniter->runController()
#6 /home/permat43/mey.rplsph.my.id/hello/system/CodeIgniter.php(326): CodeIgniter\CodeIgniter->handleRequest()
#7 /home/permat43/mey.rplsph.my.id/index.php(37): CodeIgniter\CodeIgniter->run()
#8 {main}
ERROR - 2025-08-21 11:31:56 --> Error connecting to the database: Access denied for user '****'@'localhost' (using password: YES)
CRITICAL - 2025-08-21 11:31:56 --> Unable to connect to the database.
Main connection [MySQLi]: Access denied for user '****'@'localhost' (using password: YES)
#0 /home/permat43/mey.rplsph.my.id/hello/system/Database/BaseConnection.php(577): CodeIgniter\Database\BaseConnection->initialize()
#1 /home/permat43/mey.rplsph.my.id/hello/system/Database/BaseBuilder.php(1588): CodeIgniter\Database\BaseConnection->query()
#2 /home/permat43/mey.rplsph.my.id/hello/app/Models/Olimpiade/M_belajar.php(410): CodeIgniter\Database\BaseBuilder->getWhere()
#3 /home/permat43/mey.rplsph.my.id/hello/app/Controllers/Olimpiade/Login.php(55): App\Models\Olimpiade\M_belajar->getWhere()
#4 /home/permat43/mey.rplsph.my.id/hello/system/CodeIgniter.php(832): App\Controllers\Olimpiade\Login->aksi_login()
#5 /home/permat43/mey.rplsph.my.id/hello/system/CodeIgniter.php(419): CodeIgniter\CodeIgniter->runController()
#6 /home/permat43/mey.rplsph.my.id/hello/system/CodeIgniter.php(326): CodeIgniter\CodeIgniter->handleRequest()
#7 /home/permat43/mey.rplsph.my.id/index.php(37): CodeIgniter\CodeIgniter->run()
#8 {main}
ERROR - 2025-08-21 11:33:05 --> Error connecting to the database: Access denied for user '****'@'localhost' (using password: YES)
CRITICAL - 2025-08-21 11:33:05 --> Unable to connect to the database.
Main connection [MySQLi]: Access denied for user '****'@'localhost' (using password: YES)
#0 /home/permat43/mey.rplsph.my.id/hello/system/Database/BaseConnection.php(577): CodeIgniter\Database\BaseConnection->initialize()
#1 /home/permat43/mey.rplsph.my.id/hello/system/Database/BaseBuilder.php(1588): CodeIgniter\Database\BaseConnection->query()
#2 /home/permat43/mey.rplsph.my.id/hello/app/Models/Olimpiade/M_belajar.php(410): CodeIgniter\Database\BaseBuilder->getWhere()
#3 /home/permat43/mey.rplsph.my.id/hello/app/Controllers/Olimpiade/Login.php(55): App\Models\Olimpiade\M_belajar->getWhere()
#4 /home/permat43/mey.rplsph.my.id/hello/system/CodeIgniter.php(832): App\Controllers\Olimpiade\Login->aksi_login()
#5 /home/permat43/mey.rplsph.my.id/hello/system/CodeIgniter.php(419): CodeIgniter\CodeIgniter->runController()
#6 /home/permat43/mey.rplsph.my.id/hello/system/CodeIgniter.php(326): CodeIgniter\CodeIgniter->handleRequest()
#7 /home/permat43/mey.rplsph.my.id/index.php(37): CodeIgniter\CodeIgniter->run()
#8 {main}
CRITICAL - 2025-08-21 11:37:45 --> Undefined array key "g-recaptcha-response"
#0 /home/permat43/mey.rplsph.my.id/hello/app/Controllers/Olimpiade/Login.php(30): CodeIgniter\Debug\Exceptions->errorHandler()
#1 /home/permat43/mey.rplsph.my.id/hello/system/CodeIgniter.php(832): App\Controllers\Olimpiade\Login->aksi_login()
#2 /home/permat43/mey.rplsph.my.id/hello/system/CodeIgniter.php(419): CodeIgniter\CodeIgniter->runController()
#3 /home/permat43/mey.rplsph.my.id/hello/system/CodeIgniter.php(326): CodeIgniter\CodeIgniter->handleRequest()
#4 /home/permat43/mey.rplsph.my.id/index.php(37): CodeIgniter\CodeIgniter->run()
#5 {main}
CRITICAL - 2025-08-21 11:37:46 --> Undefined array key "g-recaptcha-response"
#0 /home/permat43/mey.rplsph.my.id/hello/app/Controllers/Olimpiade/Login.php(30): CodeIgniter\Debug\Exceptions->errorHandler()
#1 /home/permat43/mey.rplsph.my.id/hello/system/CodeIgniter.php(832): App\Controllers\Olimpiade\Login->aksi_login()
#2 /home/permat43/mey.rplsph.my.id/hello/system/CodeIgniter.php(419): CodeIgniter\CodeIgniter->runController()
#3 /home/permat43/mey.rplsph.my.id/hello/system/CodeIgniter.php(326): CodeIgniter\CodeIgniter->handleRequest()
#4 /home/permat43/mey.rplsph.my.id/index.php(37): CodeIgniter\CodeIgniter->run()
#5 {main}
CRITICAL - 2025-08-21 11:37:46 --> Undefined array key "g-recaptcha-response"
#0 /home/permat43/mey.rplsph.my.id/hello/app/Controllers/Olimpiade/Login.php(30): CodeIgniter\Debug\Exceptions->errorHandler()
#1 /home/permat43/mey.rplsph.my.id/hello/system/CodeIgniter.php(832): App\Controllers\Olimpiade\Login->aksi_login()
#2 /home/permat43/mey.rplsph.my.id/hello/system/CodeIgniter.php(419): CodeIgniter\CodeIgniter->runController()
#3 /home/permat43/mey.rplsph.my.id/hello/system/CodeIgniter.php(326): CodeIgniter\CodeIgniter->handleRequest()
#4 /home/permat43/mey.rplsph.my.id/index.php(37): CodeIgniter\CodeIgniter->run()
#5 {main}
CRITICAL - 2025-08-21 11:37:47 --> Undefined array key "g-recaptcha-response"
#0 /home/permat43/mey.rplsph.my.id/hello/app/Controllers/Olimpiade/Login.php(30): CodeIgniter\Debug\Exceptions->errorHandler()
#1 /home/permat43/mey.rplsph.my.id/hello/system/CodeIgniter.php(832): App\Controllers\Olimpiade\Login->aksi_login()
#2 /home/permat43/mey.rplsph.my.id/hello/system/CodeIgniter.php(419): CodeIgniter\CodeIgniter->runController()
#3 /home/permat43/mey.rplsph.my.id/hello/system/CodeIgniter.php(326): CodeIgniter\CodeIgniter->handleRequest()
#4 /home/permat43/mey.rplsph.my.id/index.php(37): CodeIgniter\CodeIgniter->run()
#5 {main}
CRITICAL - 2025-08-21 11:37:49 --> Undefined array key "g-recaptcha-response"
#0 /home/permat43/mey.rplsph.my.id/hello/app/Controllers/Olimpiade/Login.php(30): CodeIgniter\Debug\Exceptions->errorHandler()
#1 /home/permat43/mey.rplsph.my.id/hello/system/CodeIgniter.php(832): App\Controllers\Olimpiade\Login->aksi_login()
#2 /home/permat43/mey.rplsph.my.id/hello/system/CodeIgniter.php(419): CodeIgniter\CodeIgniter->runController()
#3 /home/permat43/mey.rplsph.my.id/hello/system/CodeIgniter.php(326): CodeIgniter\CodeIgniter->handleRequest()
#4 /home/permat43/mey.rplsph.my.id/index.php(37): CodeIgniter\CodeIgniter->run()
#5 {main}
CRITICAL - 2025-08-21 11:37:49 --> Undefined array key "g-recaptcha-response"
#0 /home/permat43/mey.rplsph.my.id/hello/app/Controllers/Olimpiade/Login.php(30): CodeIgniter\Debug\Exceptions->errorHandler()
#1 /home/permat43/mey.rplsph.my.id/hello/system/CodeIgniter.php(832): App\Controllers\Olimpiade\Login->aksi_login()
#2 /home/permat43/mey.rplsph.my.id/hello/system/CodeIgniter.php(419): CodeIgniter\CodeIgniter->runController()
#3 /home/permat43/mey.rplsph.my.id/hello/system/CodeIgniter.php(326): CodeIgniter\CodeIgniter->handleRequest()
#4 /home/permat43/mey.rplsph.my.id/index.php(37): CodeIgniter\CodeIgniter->run()
#5 {main}
ERROR - 2025-08-21 11:39:49 --> Duplicate entry 'lilalilul' for key 'username'
CRITICAL - 2025-08-21 13:56:03 --> Invalid file: olimpiade/token/form.php
#0 /home/permat43/mey.rplsph.my.id/hello/system/View/View.php(198): CodeIgniter\Exceptions\FrameworkException::forInvalidFile()
#1 /home/permat43/mey.rplsph.my.id/hello/system/Common.php(1089): CodeIgniter\View\View->render()
#2 /home/permat43/mey.rplsph.my.id/hello/app/Controllers/Olimpiade/Token.php(188): view()
#3 /home/permat43/mey.rplsph.my.id/hello/system/CodeIgniter.php(832): App\Controllers\Olimpiade\Token->edit()
#4 /home/permat43/mey.rplsph.my.id/hello/system/CodeIgniter.php(419): CodeIgniter\CodeIgniter->runController()
#5 /home/permat43/mey.rplsph.my.id/hello/system/CodeIgniter.php(326): CodeIgniter\CodeIgniter->handleRequest()
#6 /home/permat43/mey.rplsph.my.id/index.php(37): CodeIgniter\CodeIgniter->run()
#7 {main}
CRITICAL - 2025-08-21 13:56:12 --> Invalid file: olimpiade/token/form.php
#0 /home/permat43/mey.rplsph.my.id/hello/system/View/View.php(198): CodeIgniter\Exceptions\FrameworkException::forInvalidFile()
#1 /home/permat43/mey.rplsph.my.id/hello/system/Common.php(1089): CodeIgniter\View\View->render()
#2 /home/permat43/mey.rplsph.my.id/hello/app/Controllers/Olimpiade/Token.php(188): view()
#3 /home/permat43/mey.rplsph.my.id/hello/system/CodeIgniter.php(832): App\Controllers\Olimpiade\Token->edit()
#4 /home/permat43/mey.rplsph.my.id/hello/system/CodeIgniter.php(419): CodeIgniter\CodeIgniter->runController()
#5 /home/permat43/mey.rplsph.my.id/hello/system/CodeIgniter.php(326): CodeIgniter\CodeIgniter->handleRequest()
#6 /home/permat43/mey.rplsph.my.id/index.php(37): CodeIgniter\CodeIgniter->run()
#7 {main}
CRITICAL - 2025-08-21 13:56:16 --> Invalid file: olimpiade/token/form.php
#0 /home/permat43/mey.rplsph.my.id/hello/system/View/View.php(198): CodeIgniter\Exceptions\FrameworkException::forInvalidFile()
#1 /home/permat43/mey.rplsph.my.id/hello/system/Common.php(1089): CodeIgniter\View\View->render()
#2 /home/permat43/mey.rplsph.my.id/hello/app/Controllers/Olimpiade/Token.php(188): view()
#3 /home/permat43/mey.rplsph.my.id/hello/system/CodeIgniter.php(832): App\Controllers\Olimpiade\Token->edit()
#4 /home/permat43/mey.rplsph.my.id/hello/system/CodeIgniter.php(419): CodeIgniter\CodeIgniter->runController()
#5 /home/permat43/mey.rplsph.my.id/hello/system/CodeIgniter.php(326): CodeIgniter\CodeIgniter->handleRequest()
#6 /home/permat43/mey.rplsph.my.id/index.php(37): CodeIgniter\CodeIgniter->run()
#7 {main}
CRITICAL - 2025-08-21 13:56:18 --> Invalid file: olimpiade/token/form.php
#0 /home/permat43/mey.rplsph.my.id/hello/system/View/View.php(198): CodeIgniter\Exceptions\FrameworkException::forInvalidFile()
#1 /home/permat43/mey.rplsph.my.id/hello/system/Common.php(1089): CodeIgniter\View\View->render()
#2 /home/permat43/mey.rplsph.my.id/hello/app/Controllers/Olimpiade/Token.php(188): view()
#3 /home/permat43/mey.rplsph.my.id/hello/system/CodeIgniter.php(832): App\Controllers\Olimpiade\Token->edit()
#4 /home/permat43/mey.rplsph.my.id/hello/system/CodeIgniter.php(419): CodeIgniter\CodeIgniter->runController()
#5 /home/permat43/mey.rplsph.my.id/hello/system/CodeIgniter.php(326): CodeIgniter\CodeIgniter->handleRequest()
#6 /home/permat43/mey.rplsph.my.id/index.php(37): CodeIgniter\CodeIgniter->run()
#7 {main}
