ERROR - 2025-05-28 08:21:32 --> Table 'yn.web_detail' doesn't exist in engine
CRITICAL - 2025-05-28 08:21:32 --> Call to a member function getRowArray() on bool
#0 I:\My Drive\YEOMAN\app\Controllers\Home.php(28): App\Models\Yeoman->getWebDetails()
#1 I:\My Drive\YEOMAN\system\CodeIgniter.php(809): App\Controllers\Home->__construct()
#2 I:\My Drive\YEOMAN\system\CodeIgniter.php(410): CodeIgniter\CodeIgniter->createController()
#3 I:\My Drive\YEOMAN\system\CodeIgniter.php(326): CodeIgniter\CodeIgniter->handleRequest(NULL, Object(Config\Cache), false)
#4 I:\My Drive\YEOMAN\public\index.php(37): CodeIgniter\CodeIgniter->run()
#5 I:\My Drive\YEOMAN\system\Commands\Server\rewrite.php(43): require_once('I:\\My Drive\\YEO...')
#6 {main}
CRITICAL - 2025-05-28 23:26:22 --> Class "Dompdf\Dompdf\Options" not found
#0 J:\My Drive\YEOMAN\system\CodeIgniter.php(832): App\Controllers\Penawaran->cetakpdf('1')
#1 J:\My Drive\YEOMAN\system\CodeIgniter.php(419): CodeIgniter\CodeIgniter->runController(Object(App\Controllers\Penawaran))
#2 J:\My Drive\YEOMAN\system\CodeIgniter.php(326): CodeIgniter\CodeIgniter->handleRequest(NULL, Object(Config\Cache), false)
#3 J:\My Drive\YEOMAN\public\index.php(37): CodeIgniter\CodeIgniter->run()
#4 J:\My Drive\YEOMAN\system\Commands\Server\rewrite.php(43): require_once('J:\\My Drive\\YEO...')
#5 {main}
CRITICAL - 2025-05-28 23:28:48 --> Maximum execution time of 60 seconds exceeded
#0 [internal function]: CodeIgniter\Debug\Exceptions->shutdownHandler()
#1 {main}
CRITICAL - 2025-05-28 23:30:01 --> Maximum execution time of 60 seconds exceeded
#0 [internal function]: CodeIgniter\Debug\Exceptions->shutdownHandler()
#1 {main}
