CRITICAL - 2025-05-25 00:24:47 --> Undefined variable $id_pembayaran
#0 J:\My Drive\YEOMAN\app\Views\tpemasangan.php(10): CodeIgniter\Debug\Exceptions->errorHandler(2, 'Undefined varia...', 'J:\\My Drive\\YEO...', 10)
#1 J:\My Drive\YEOMAN\system\View\View.php(210): include('J:\\My Drive\\YEO...')
#2 J:\My Drive\YEOMAN\system\View\View.php(213): CodeIgniter\View\View->CodeIgniter\View\{closure}()
#3 J:\My Drive\YEOMAN\system\Common.php(1089): CodeIgniter\View\View->render('tpemasangan', Array, true)
#4 J:\My Drive\YEOMAN\app\Controllers\Pemasangan.php(156): view('tpemasangan', Array)
#5 J:\My Drive\YEOMAN\system\CodeIgniter.php(832): App\Controllers\Pemasangan->input_pemasangan()
#6 J:\My Drive\YEOMAN\system\CodeIgniter.php(419): CodeIgniter\CodeIgniter->runController(Object(App\Controllers\Pemasangan))
#7 J:\My Drive\YEOMAN\system\CodeIgniter.php(326): CodeIgniter\CodeIgniter->handleRequest(NULL, Object(Config\Cache), false)
#8 J:\My Drive\YEOMAN\public\index.php(37): CodeIgniter\CodeIgniter->run()
#9 J:\My Drive\YEOMAN\system\Commands\Server\rewrite.php(43): require_once('J:\\My Drive\\YEO...')
#10 {main}
ERROR - 2025-05-25 00:37:13 --> Unknown column 'deleted_at' in 'where clause'
CRITICAL - 2025-05-25 00:37:13 --> Call to a member function getResult() on bool
#0 J:\My Drive\YEOMAN\app\Controllers\Penawaran.php(16): App\Models\Yeoman->tampil('surat_penawaran', 'id_penawaran')
#1 J:\My Drive\YEOMAN\system\CodeIgniter.php(832): App\Controllers\Penawaran->index()
#2 J:\My Drive\YEOMAN\system\CodeIgniter.php(419): CodeIgniter\CodeIgniter->runController(Object(App\Controllers\Penawaran))
#3 J:\My Drive\YEOMAN\system\CodeIgniter.php(326): CodeIgniter\CodeIgniter->handleRequest(NULL, Object(Config\Cache), false)
#4 J:\My Drive\YEOMAN\public\index.php(37): CodeIgniter\CodeIgniter->run()
#5 J:\My Drive\YEOMAN\system\Commands\Server\rewrite.php(43): require_once('J:\\My Drive\\YEO...')
#6 {main}
ERROR - 2025-05-25 00:41:33 --> Unknown column 'deleted_at' in 'where clause'
CRITICAL - 2025-05-25 00:41:33 --> Call to a member function getResult() on bool
#0 J:\My Drive\YEOMAN\app\Controllers\Penawaran.php(16): App\Models\Yeoman->tampil('surat_penawaran', 'id_penawaran')
#1 J:\My Drive\YEOMAN\system\CodeIgniter.php(832): App\Controllers\Penawaran->index()
#2 J:\My Drive\YEOMAN\system\CodeIgniter.php(419): CodeIgniter\CodeIgniter->runController(Object(App\Controllers\Penawaran))
#3 J:\My Drive\YEOMAN\system\CodeIgniter.php(326): CodeIgniter\CodeIgniter->handleRequest(NULL, Object(Config\Cache), false)
#4 J:\My Drive\YEOMAN\public\index.php(37): CodeIgniter\CodeIgniter->run()
#5 J:\My Drive\YEOMAN\system\Commands\Server\rewrite.php(43): require_once('J:\\My Drive\\YEO...')
#6 {main}
CRITICAL - 2025-05-25 00:45:21 --> Invalid file: penawaran/penawaran.php
#0 J:\My Drive\YEOMAN\system\View\View.php(198): CodeIgniter\Exceptions\FrameworkException::forInvalidFile('penawaran/penaw...')
#1 J:\My Drive\YEOMAN\system\Common.php(1089): CodeIgniter\View\View->render('penawaran/penaw...', Array, true)
#2 J:\My Drive\YEOMAN\app\Controllers\Penawaran.php(37): view('penawaran/penaw...', Array)
#3 J:\My Drive\YEOMAN\system\CodeIgniter.php(832): App\Controllers\Penawaran->index()
#4 J:\My Drive\YEOMAN\system\CodeIgniter.php(419): CodeIgniter\CodeIgniter->runController(Object(App\Controllers\Penawaran))
#5 J:\My Drive\YEOMAN\system\CodeIgniter.php(326): CodeIgniter\CodeIgniter->handleRequest(NULL, Object(Config\Cache), false)
#6 J:\My Drive\YEOMAN\public\index.php(37): CodeIgniter\CodeIgniter->run()
#7 J:\My Drive\YEOMAN\system\Commands\Server\rewrite.php(43): require_once('J:\\My Drive\\YEO...')
#8 {main}
CRITICAL - 2025-05-25 01:37:06 --> array is not a valid rule.
#0 J:\My Drive\YEOMAN\system\Validation\Validation.php(300): CodeIgniter\Validation\Exceptions\ValidationException::forRuleNotFound('array')
#1 J:\My Drive\YEOMAN\system\Validation\Validation.php(157): CodeIgniter\Validation\Validation->processRules('produk', 'produk', Array, Array, Array)
#2 J:\My Drive\YEOMAN\system\Controller.php(160): CodeIgniter\Validation\Validation->run()
#3 J:\My Drive\YEOMAN\app\Controllers\Penawaran.php(72): CodeIgniter\Controller->validate(Array)
#4 J:\My Drive\YEOMAN\system\CodeIgniter.php(832): App\Controllers\Penawaran->simpan_penawaran()
#5 J:\My Drive\YEOMAN\system\CodeIgniter.php(419): CodeIgniter\CodeIgniter->runController(Object(App\Controllers\Penawaran))
#6 J:\My Drive\YEOMAN\system\CodeIgniter.php(326): CodeIgniter\CodeIgniter->handleRequest(NULL, Object(Config\Cache), false)
#7 J:\My Drive\YEOMAN\public\index.php(37): CodeIgniter\CodeIgniter->run()
#8 J:\My Drive\YEOMAN\system\Commands\Server\rewrite.php(43): require_once('J:\\My Drive\\YEO...')
#9 {main}
CRITICAL - 2025-05-25 01:56:47 --> Call to undefined function App\Controllers\rupiahToDecimal()
#0 J:\My Drive\YEOMAN\system\CodeIgniter.php(832): App\Controllers\Penawaran->simpan_penawaran()
#1 J:\My Drive\YEOMAN\system\CodeIgniter.php(419): CodeIgniter\CodeIgniter->runController(Object(App\Controllers\Penawaran))
#2 J:\My Drive\YEOMAN\system\CodeIgniter.php(326): CodeIgniter\CodeIgniter->handleRequest(NULL, Object(Config\Cache), false)
#3 J:\My Drive\YEOMAN\public\index.php(37): CodeIgniter\CodeIgniter->run()
#4 J:\My Drive\YEOMAN\system\Commands\Server\rewrite.php(43): require_once('J:\\My Drive\\YEO...')
#5 {main}
ERROR - 2025-05-25 02:06:46 --> Penawaran error: Undefined property: App\Controllers\Penawaran::$penawaranModel
ERROR - 2025-05-25 02:29:52 --> Unknown column 'penawaran_id' in 'where clause'
CRITICAL - 2025-05-25 02:29:52 --> Call to a member function getResult() on bool
#0 J:\My Drive\YEOMAN\system\BaseModel.php(584): CodeIgniter\Model->doFindAll(0, 0)
#1 J:\My Drive\YEOMAN\app\Controllers\Penawaran.php(159): CodeIgniter\BaseModel->findAll()
#2 J:\My Drive\YEOMAN\system\CodeIgniter.php(832): App\Controllers\Penawaran->cetakpdf('13')
#3 J:\My Drive\YEOMAN\system\CodeIgniter.php(419): CodeIgniter\CodeIgniter->runController(Object(App\Controllers\Penawaran))
#4 J:\My Drive\YEOMAN\system\CodeIgniter.php(326): CodeIgniter\CodeIgniter->handleRequest(NULL, Object(Config\Cache), false)
#5 J:\My Drive\YEOMAN\public\index.php(37): CodeIgniter\CodeIgniter->run()
#6 J:\My Drive\YEOMAN\system\Commands\Server\rewrite.php(43): require_once('J:\\My Drive\\YEO...')
#7 {main}
CRITICAL - 2025-05-25 02:30:41 --> Attempt to read property "no_penawaran" on array
#0 J:\My Drive\YEOMAN\app\Views\penawaran\cetak_pdf.php(99): CodeIgniter\Debug\Exceptions->errorHandler(2, 'Attempt to read...', 'J:\\My Drive\\YEO...', 99)
#1 J:\My Drive\YEOMAN\system\View\View.php(210): include('J:\\My Drive\\YEO...')
#2 J:\My Drive\YEOMAN\system\View\View.php(213): CodeIgniter\View\View->CodeIgniter\View\{closure}()
#3 J:\My Drive\YEOMAN\system\Common.php(1089): CodeIgniter\View\View->render('penawaran/cetak...', Array, true)
#4 J:\My Drive\YEOMAN\app\Controllers\Penawaran.php(166): view('penawaran/cetak...', Array)
#5 J:\My Drive\YEOMAN\system\CodeIgniter.php(832): App\Controllers\Penawaran->cetakpdf('13')
#6 J:\My Drive\YEOMAN\system\CodeIgniter.php(419): CodeIgniter\CodeIgniter->runController(Object(App\Controllers\Penawaran))
#7 J:\My Drive\YEOMAN\system\CodeIgniter.php(326): CodeIgniter\CodeIgniter->handleRequest(NULL, Object(Config\Cache), false)
#8 J:\My Drive\YEOMAN\public\index.php(37): CodeIgniter\CodeIgniter->run()
#9 J:\My Drive\YEOMAN\system\Commands\Server\rewrite.php(43): require_once('J:\\My Drive\\YEO...')
#10 {main}
CRITICAL - 2025-05-25 02:32:14 --> Undefined property: App\Controllers\Penawaran::$penawaranModel
#0 J:\My Drive\YEOMAN\app\Controllers\Penawaran.php(157): CodeIgniter\Debug\Exceptions->errorHandler(2, 'Undefined prope...', 'J:\\My Drive\\YEO...', 157)
#1 J:\My Drive\YEOMAN\system\CodeIgniter.php(832): App\Controllers\Penawaran->cetakpdf('13')
#2 J:\My Drive\YEOMAN\system\CodeIgniter.php(419): CodeIgniter\CodeIgniter->runController(Object(App\Controllers\Penawaran))
#3 J:\My Drive\YEOMAN\system\CodeIgniter.php(326): CodeIgniter\CodeIgniter->handleRequest(NULL, Object(Config\Cache), false)
#4 J:\My Drive\YEOMAN\public\index.php(37): CodeIgniter\CodeIgniter->run()
#5 J:\My Drive\YEOMAN\system\Commands\Server\rewrite.php(43): require_once('J:\\My Drive\\YEO...')
#6 {main}
CRITICAL - 2025-05-25 02:33:14 --> Attempt to read property "no_penawaran" on array
#0 J:\My Drive\YEOMAN\app\Views\penawaran\cetak_pdf.php(99): CodeIgniter\Debug\Exceptions->errorHandler(2, 'Attempt to read...', 'J:\\My Drive\\YEO...', 99)
#1 J:\My Drive\YEOMAN\system\View\View.php(210): include('J:\\My Drive\\YEO...')
#2 J:\My Drive\YEOMAN\system\View\View.php(213): CodeIgniter\View\View->CodeIgniter\View\{closure}()
#3 J:\My Drive\YEOMAN\system\Common.php(1089): CodeIgniter\View\View->render('penawaran/cetak...', Array, true)
#4 J:\My Drive\YEOMAN\app\Controllers\Penawaran.php(165): view('penawaran/cetak...', Array)
#5 J:\My Drive\YEOMAN\system\CodeIgniter.php(832): App\Controllers\Penawaran->cetakpdf('13')
#6 J:\My Drive\YEOMAN\system\CodeIgniter.php(419): CodeIgniter\CodeIgniter->runController(Object(App\Controllers\Penawaran))
#7 J:\My Drive\YEOMAN\system\CodeIgniter.php(326): CodeIgniter\CodeIgniter->handleRequest(NULL, Object(Config\Cache), false)
#8 J:\My Drive\YEOMAN\public\index.php(37): CodeIgniter\CodeIgniter->run()
#9 J:\My Drive\YEOMAN\system\Commands\Server\rewrite.php(43): require_once('J:\\My Drive\\YEO...')
#10 {main}
CRITICAL - 2025-05-25 02:35:16 --> syntax error, unexpected token "[", expecting identifier or variable or "{" or "$"
#0 J:\My Drive\YEOMAN\system\View\View.php(213): CodeIgniter\View\View->CodeIgniter\View\{closure}()
#1 J:\My Drive\YEOMAN\system\Common.php(1089): CodeIgniter\View\View->render('penawaran/cetak...', Array, true)
#2 J:\My Drive\YEOMAN\app\Controllers\Penawaran.php(165): view('penawaran/cetak...', Array)
#3 J:\My Drive\YEOMAN\system\CodeIgniter.php(832): App\Controllers\Penawaran->cetakpdf('13')
#4 J:\My Drive\YEOMAN\system\CodeIgniter.php(419): CodeIgniter\CodeIgniter->runController(Object(App\Controllers\Penawaran))
#5 J:\My Drive\YEOMAN\system\CodeIgniter.php(326): CodeIgniter\CodeIgniter->handleRequest(NULL, Object(Config\Cache), false)
#6 J:\My Drive\YEOMAN\public\index.php(37): CodeIgniter\CodeIgniter->run()
#7 J:\My Drive\YEOMAN\system\Commands\Server\rewrite.php(43): require_once('J:\\My Drive\\YEO...')
#8 {main}
CRITICAL - 2025-05-25 02:36:39 --> Class "Dompdf\Dompdf" not found
#0 J:\My Drive\YEOMAN\system\CodeIgniter.php(832): App\Controllers\Penawaran->cetakpdf('13')
#1 J:\My Drive\YEOMAN\system\CodeIgniter.php(419): CodeIgniter\CodeIgniter->runController(Object(App\Controllers\Penawaran))
#2 J:\My Drive\YEOMAN\system\CodeIgniter.php(326): CodeIgniter\CodeIgniter->handleRequest(NULL, Object(Config\Cache), false)
#3 J:\My Drive\YEOMAN\public\index.php(37): CodeIgniter\CodeIgniter->run()
#4 J:\My Drive\YEOMAN\system\Commands\Server\rewrite.php(43): require_once('J:\\My Drive\\YEO...')
#5 {main}
CRITICAL - 2025-05-25 02:38:25 --> Class "Dompdf\Dompdf" not found
#0 J:\My Drive\YEOMAN\system\CodeIgniter.php(832): App\Controllers\Penawaran->cetakpdf('13')
#1 J:\My Drive\YEOMAN\system\CodeIgniter.php(419): CodeIgniter\CodeIgniter->runController(Object(App\Controllers\Penawaran))
#2 J:\My Drive\YEOMAN\system\CodeIgniter.php(326): CodeIgniter\CodeIgniter->handleRequest(NULL, Object(Config\Cache), false)
#3 J:\My Drive\YEOMAN\public\index.php(37): CodeIgniter\CodeIgniter->run()
#4 J:\My Drive\YEOMAN\system\Commands\Server\rewrite.php(43): require_once('J:\\My Drive\\YEO...')
#5 {main}
ERROR - 2025-05-25 03:16:02 --> Error connecting to the database: Host 'localhost' is not allowed to connect to this MariaDB server
CRITICAL - 2025-05-25 03:16:02 --> Unable to connect to the database.
Main connection [MySQLi]: Host 'localhost' is not allowed to connect to this MariaDB server
#0 J:\My Drive\YEOMAN\system\Database\BaseConnection.php(577): CodeIgniter\Database\BaseConnection->initialize()
#1 J:\My Drive\YEOMAN\system\Database\BaseBuilder.php(1455): CodeIgniter\Database\BaseConnection->query('SELECT *\nFROM `...', Array, false)
#2 J:\My Drive\YEOMAN\system\Model.php(210): CodeIgniter\Database\BaseBuilder->get()
#3 J:\My Drive\YEOMAN\system\BaseModel.php(622): CodeIgniter\Model->doFirst()
#4 J:\My Drive\YEOMAN\app\Controllers\Penawaran.php(157): CodeIgniter\BaseModel->first()
#5 J:\My Drive\YEOMAN\system\CodeIgniter.php(832): App\Controllers\Penawaran->cetakpdf('13')
#6 J:\My Drive\YEOMAN\system\CodeIgniter.php(419): CodeIgniter\CodeIgniter->runController(Object(App\Controllers\Penawaran))
#7 J:\My Drive\YEOMAN\system\CodeIgniter.php(326): CodeIgniter\CodeIgniter->handleRequest(NULL, Object(Config\Cache), false)
#8 J:\My Drive\YEOMAN\public\index.php(37): CodeIgniter\CodeIgniter->run()
#9 J:\My Drive\YEOMAN\system\Commands\Server\rewrite.php(43): require_once('J:\\My Drive\\YEO...')
#10 {main}
ERROR - 2025-05-25 03:16:20 --> Error connecting to the database: Host 'localhost' is not allowed to connect to this MariaDB server
CRITICAL - 2025-05-25 03:16:20 --> Unable to connect to the database.
Main connection [MySQLi]: Host 'localhost' is not allowed to connect to this MariaDB server
#0 J:\My Drive\YEOMAN\system\Database\BaseConnection.php(577): CodeIgniter\Database\BaseConnection->initialize()
#1 J:\My Drive\YEOMAN\system\Database\BaseBuilder.php(1455): CodeIgniter\Database\BaseConnection->query('SELECT *\nFROM `...', Array, false)
#2 J:\My Drive\YEOMAN\app\Models\M_penawaran.php(16): CodeIgniter\Database\BaseBuilder->get()
#3 J:\My Drive\YEOMAN\app\Controllers\Penawaran.php(18): App\Models\M_penawaran->tampil('surat_penawaran', 'id_penawaran')
#4 J:\My Drive\YEOMAN\system\CodeIgniter.php(832): App\Controllers\Penawaran->index()
#5 J:\My Drive\YEOMAN\system\CodeIgniter.php(419): CodeIgniter\CodeIgniter->runController(Object(App\Controllers\Penawaran))
#6 J:\My Drive\YEOMAN\system\CodeIgniter.php(326): CodeIgniter\CodeIgniter->handleRequest(NULL, Object(Config\Cache), false)
#7 J:\My Drive\YEOMAN\public\index.php(37): CodeIgniter\CodeIgniter->run()
#8 J:\My Drive\YEOMAN\system\Commands\Server\rewrite.php(43): require_once('J:\\My Drive\\YEO...')
#9 {main}
ERROR - 2025-05-25 03:16:53 --> Error connecting to the database: Host 'localhost' is not allowed to connect to this MariaDB server
CRITICAL - 2025-05-25 03:16:53 --> Unable to connect to the database.
Main connection [MySQLi]: Host 'localhost' is not allowed to connect to this MariaDB server
#0 J:\My Drive\YEOMAN\system\Database\BaseConnection.php(577): CodeIgniter\Database\BaseConnection->initialize()
#1 J:\My Drive\YEOMAN\system\Database\BaseBuilder.php(1455): CodeIgniter\Database\BaseConnection->query('SELECT *\nFROM `...', Array, false)
#2 J:\My Drive\YEOMAN\app\Models\M_penawaran.php(16): CodeIgniter\Database\BaseBuilder->get()
#3 J:\My Drive\YEOMAN\app\Controllers\Penawaran.php(18): App\Models\M_penawaran->tampil('surat_penawaran', 'id_penawaran')
#4 J:\My Drive\YEOMAN\system\CodeIgniter.php(832): App\Controllers\Penawaran->index()
#5 J:\My Drive\YEOMAN\system\CodeIgniter.php(419): CodeIgniter\CodeIgniter->runController(Object(App\Controllers\Penawaran))
#6 J:\My Drive\YEOMAN\system\CodeIgniter.php(326): CodeIgniter\CodeIgniter->handleRequest(NULL, Object(Config\Cache), false)
#7 J:\My Drive\YEOMAN\public\index.php(37): CodeIgniter\CodeIgniter->run()
#8 J:\My Drive\YEOMAN\system\Commands\Server\rewrite.php(43): require_once('J:\\My Drive\\YEO...')
#9 {main}
ERROR - 2025-05-25 05:21:13 --> Table 'yn.surat_penawaran' doesn't exist
CRITICAL - 2025-05-25 05:21:13 --> Call to a member function getResult() on bool
#0 J:\My Drive\YEOMAN\app\Controllers\Penawaran.php(18): App\Models\M_penawaran->tampil('surat_penawaran', 'id_penawaran')
#1 J:\My Drive\YEOMAN\system\CodeIgniter.php(832): App\Controllers\Penawaran->index()
#2 J:\My Drive\YEOMAN\system\CodeIgniter.php(419): CodeIgniter\CodeIgniter->runController(Object(App\Controllers\Penawaran))
#3 J:\My Drive\YEOMAN\system\CodeIgniter.php(326): CodeIgniter\CodeIgniter->handleRequest(NULL, Object(Config\Cache), false)
#4 J:\My Drive\YEOMAN\public\index.php(37): CodeIgniter\CodeIgniter->run()
#5 J:\My Drive\YEOMAN\system\Commands\Server\rewrite.php(43): require_once('J:\\My Drive\\YEO...')
#6 {main}
ERROR - 2025-05-25 05:26:09 --> Table 'yn.surat_penawaran' doesn't exist
CRITICAL - 2025-05-25 05:26:09 --> Call to a member function getResult() on bool
#0 J:\My Drive\YEOMAN\app\Controllers\Penawaran.php(18): App\Models\M_penawaran->tampil('surat_penawaran', 'id_penawaran')
#1 J:\My Drive\YEOMAN\system\CodeIgniter.php(832): App\Controllers\Penawaran->index()
#2 J:\My Drive\YEOMAN\system\CodeIgniter.php(419): CodeIgniter\CodeIgniter->runController(Object(App\Controllers\Penawaran))
#3 J:\My Drive\YEOMAN\system\CodeIgniter.php(326): CodeIgniter\CodeIgniter->handleRequest(NULL, Object(Config\Cache), false)
#4 J:\My Drive\YEOMAN\public\index.php(37): CodeIgniter\CodeIgniter->run()
#5 J:\My Drive\YEOMAN\system\Commands\Server\rewrite.php(43): require_once('J:\\My Drive\\YEO...')
#6 {main}
ERROR - 2025-05-25 05:27:14 --> Unknown column 'created_by' in 'field list'
ERROR - 2025-05-25 05:27:14 --> Penawaran error: Gagal menyimpan data penawaran (insertPenawaran gagal).
CRITICAL - 2025-05-25 05:29:41 --> Attempt to read property "no_penawaran" on array
#0 J:\My Drive\YEOMAN\app\Controllers\Penawaran.php(172): CodeIgniter\Debug\Exceptions->errorHandler(2, 'Attempt to read...', 'J:\\My Drive\\YEO...', 172)
#1 J:\My Drive\YEOMAN\system\CodeIgniter.php(832): App\Controllers\Penawaran->cetakpdf('1')
#2 J:\My Drive\YEOMAN\system\CodeIgniter.php(419): CodeIgniter\CodeIgniter->runController(Object(App\Controllers\Penawaran))
#3 J:\My Drive\YEOMAN\system\CodeIgniter.php(326): CodeIgniter\CodeIgniter->handleRequest(NULL, Object(Config\Cache), false)
#4 J:\My Drive\YEOMAN\public\index.php(37): CodeIgniter\CodeIgniter->run()
#5 J:\My Drive\YEOMAN\system\Commands\Server\rewrite.php(43): require_once('J:\\My Drive\\YEO...')
#6 {main}
