CRITICAL - 2025-04-24 05:19:41 --> Invalid file: laporan_view.php
#0 K:\My Drive\YEOMAN\system\View\View.php(198): CodeIgniter\Exceptions\FrameworkException::forInvalidFile('laporan_view.ph...')
#1 K:\My Drive\YEOMAN\system\Common.php(1089): CodeIgniter\View\View->render('laporan_view', Array, true)
#2 K:\My Drive\YEOMAN\app\Controllers\Laporan.php(25): view('laporan_view', Array)
#3 K:\My Drive\YEOMAN\system\CodeIgniter.php(832): App\Controllers\Laporan->index()
#4 K:\My Drive\YEOMAN\system\CodeIgniter.php(419): CodeIgniter\CodeIgniter->runController(Object(App\Controllers\Laporan))
#5 K:\My Drive\YEOMAN\system\CodeIgniter.php(326): CodeIgniter\CodeIgniter->handleRequest(NULL, Object(Config\Cache), false)
#6 K:\My Drive\YEOMAN\public\index.php(37): CodeIgniter\CodeIgniter->run()
#7 K:\My Drive\YEOMAN\system\Commands\Server\rewrite.php(43): require_once('K:\\My Drive\\YEO...')
#8 {main}
CRITICAL - 2025-04-24 11:59:29 --> syntax error, unexpected ';', expecting ')'
#0 I:\My Drive\YEOMAN\system\Router\Router.php(175): CodeIgniter\Router\Router->autoRoute('admin')
#1 I:\My Drive\YEOMAN\system\CodeIgniter.php(726): CodeIgniter\Router\Router->handle('admin')
#2 I:\My Drive\YEOMAN\system\CodeIgniter.php(368): CodeIgniter\CodeIgniter->tryToRouteIt(Object(CodeIgniter\Router\RouteCollection))
#3 I:\My Drive\YEOMAN\system\CodeIgniter.php(326): CodeIgniter\CodeIgniter->handleRequest(NULL, Object(Config\Cache), false)
#4 I:\My Drive\YEOMAN\public\index.php(37): CodeIgniter\CodeIgniter->run()
#5 I:\My Drive\YEOMAN\system\Commands\Server\rewrite.php(43): require_once('I:\\My Drive\\YEO...')
#6 {main}
CRITICAL - 2025-04-24 11:59:35 --> syntax error, unexpected ';', expecting ')'
#0 I:\My Drive\YEOMAN\system\Router\Router.php(175): CodeIgniter\Router\Router->autoRoute('admin/setting')
#1 I:\My Drive\YEOMAN\system\CodeIgniter.php(726): CodeIgniter\Router\Router->handle('admin/setting')
#2 I:\My Drive\YEOMAN\system\CodeIgniter.php(368): CodeIgniter\CodeIgniter->tryToRouteIt(Object(CodeIgniter\Router\RouteCollection))
#3 I:\My Drive\YEOMAN\system\CodeIgniter.php(326): CodeIgniter\CodeIgniter->handleRequest(NULL, Object(Config\Cache), false)
#4 I:\My Drive\YEOMAN\public\index.php(37): CodeIgniter\CodeIgniter->run()
#5 I:\My Drive\YEOMAN\system\Commands\Server\rewrite.php(43): require_once('I:\\My Drive\\YEO...')
#6 {main}
ERROR - 2025-04-24 11:59:59 --> Unknown column 'deleted_at' in 'where clause'
CRITICAL - 2025-04-24 11:59:59 --> Call to a member function getRow() on bool
#0 I:\My Drive\YEOMAN\app\Controllers\admin.php(33): App\Models\Yeoman->tampil1('web_detail', 'id_detail')
#1 I:\My Drive\YEOMAN\system\CodeIgniter.php(832): App\Controllers\admin->setting()
#2 I:\My Drive\YEOMAN\system\CodeIgniter.php(419): CodeIgniter\CodeIgniter->runController(Object(App\Controllers\admin))
#3 I:\My Drive\YEOMAN\system\CodeIgniter.php(326): CodeIgniter\CodeIgniter->handleRequest(NULL, Object(Config\Cache), false)
#4 I:\My Drive\YEOMAN\public\index.php(37): CodeIgniter\CodeIgniter->run()
#5 I:\My Drive\YEOMAN\system\Commands\Server\rewrite.php(43): require_once('I:\\My Drive\\YEO...')
#6 {main}
CRITICAL - 2025-04-24 12:12:01 --> syntax error, unexpected 'public' (T_PUBLIC), expecting end of file
#0 I:\My Drive\YEOMAN\system\Router\Router.php(175): CodeIgniter\Router\Router->autoRoute('admin/setting')
#1 I:\My Drive\YEOMAN\system\CodeIgniter.php(726): CodeIgniter\Router\Router->handle('admin/setting')
#2 I:\My Drive\YEOMAN\system\CodeIgniter.php(368): CodeIgniter\CodeIgniter->tryToRouteIt(Object(CodeIgniter\Router\RouteCollection))
#3 I:\My Drive\YEOMAN\system\CodeIgniter.php(326): CodeIgniter\CodeIgniter->handleRequest(NULL, Object(Config\Cache), false)
#4 I:\My Drive\YEOMAN\public\index.php(37): CodeIgniter\CodeIgniter->run()
#5 I:\My Drive\YEOMAN\system\Commands\Server\rewrite.php(43): require_once('I:\\My Drive\\YEO...')
#6 {main}
CRITICAL - 2025-04-24 12:13:25 --> syntax error, unexpected 'public' (T_PUBLIC), expecting end of file
#0 I:\My Drive\YEOMAN\system\Router\Router.php(175): CodeIgniter\Router\Router->autoRoute('admin/setting')
#1 I:\My Drive\YEOMAN\system\CodeIgniter.php(726): CodeIgniter\Router\Router->handle('admin/setting')
#2 I:\My Drive\YEOMAN\system\CodeIgniter.php(368): CodeIgniter\CodeIgniter->tryToRouteIt(Object(CodeIgniter\Router\RouteCollection))
#3 I:\My Drive\YEOMAN\system\CodeIgniter.php(326): CodeIgniter\CodeIgniter->handleRequest(NULL, Object(Config\Cache), false)
#4 I:\My Drive\YEOMAN\public\index.php(37): CodeIgniter\CodeIgniter->run()
#5 I:\My Drive\YEOMAN\system\Commands\Server\rewrite.php(43): require_once('I:\\My Drive\\YEO...')
#6 {main}
CRITICAL - 2025-04-24 12:13:57 --> You must set the database table to be used with your query.
#0 I:\My Drive\YEOMAN\system\Model.php(545): CodeIgniter\Database\BaseConnection->table(NULL)
#1 I:\My Drive\YEOMAN\system\Model.php(722): CodeIgniter\Model->builder()
#2 I:\My Drive\YEOMAN\app\Controllers\admin.php(83): CodeIgniter\Model->__call('log_activity', Array)
#3 I:\My Drive\YEOMAN\system\CodeIgniter.php(832): App\Controllers\admin->update_setting()
#4 I:\My Drive\YEOMAN\system\CodeIgniter.php(419): CodeIgniter\CodeIgniter->runController(Object(App\Controllers\admin))
#5 I:\My Drive\YEOMAN\system\CodeIgniter.php(326): CodeIgniter\CodeIgniter->handleRequest(NULL, Object(Config\Cache), false)
#6 I:\My Drive\YEOMAN\public\index.php(37): CodeIgniter\CodeIgniter->run()
#7 I:\My Drive\YEOMAN\system\Commands\Server\rewrite.php(43): require_once('I:\\My Drive\\YEO...')
#8 {main}
CRITICAL - 2025-04-24 12:50:07 --> Call to a member function getWebDetails() on null
#0 I:\My Drive\YEOMAN\system\CodeIgniter.php(809): App\Controllers\Home->__construct()
#1 I:\My Drive\YEOMAN\system\CodeIgniter.php(410): CodeIgniter\CodeIgniter->createController()
#2 I:\My Drive\YEOMAN\system\CodeIgniter.php(326): CodeIgniter\CodeIgniter->handleRequest(NULL, Object(Config\Cache), false)
#3 I:\My Drive\YEOMAN\public\index.php(37): CodeIgniter\CodeIgniter->run()
#4 I:\My Drive\YEOMAN\system\Commands\Server\rewrite.php(43): require_once('I:\\My Drive\\YEO...')
#5 {main}
CRITICAL - 2025-04-24 12:50:42 --> Class 'App\Controllers\Yeoman' not found
#0 I:\My Drive\YEOMAN\system\CodeIgniter.php(809): App\Controllers\Home->__construct()
#1 I:\My Drive\YEOMAN\system\CodeIgniter.php(410): CodeIgniter\CodeIgniter->createController()
#2 I:\My Drive\YEOMAN\system\CodeIgniter.php(326): CodeIgniter\CodeIgniter->handleRequest(NULL, Object(Config\Cache), false)
#3 I:\My Drive\YEOMAN\public\index.php(37): CodeIgniter\CodeIgniter->run()
#4 I:\My Drive\YEOMAN\system\Commands\Server\rewrite.php(43): require_once('I:\\My Drive\\YEO...')
#5 {main}
