ERROR - 2025-09-10 19:08:40 --> Duplicate entry 'apel' for key 'username'
ERROR - 2025-09-10 19:22:14 --> Unknown column 'so.id_paket' in 'WHERE'
CRITICAL - 2025-09-10 19:22:14 --> Call to a member function getResult() on bool
#0 /home/permat43/mey.rplsph.my.id/hello/system/CodeIgniter.php(832): App\Controllers\Olimpiade\Riwayat->detail()
#1 /home/permat43/mey.rplsph.my.id/hello/system/CodeIgniter.php(419): CodeIgniter\CodeIgniter->runController()
#2 /home/permat43/mey.rplsph.my.id/hello/system/CodeIgniter.php(326): CodeIgniter\CodeIgniter->handleRequest()
#3 /home/permat43/mey.rplsph.my.id/index.php(37): CodeIgniter\CodeIgniter->run()
#4 {main}
ERROR - 2025-09-10 19:22:19 --> Unknown column 'so.id_paket' in 'WHERE'
CRITICAL - 2025-09-10 19:22:19 --> Call to a member function getResult() on bool
#0 /home/permat43/mey.rplsph.my.id/hello/system/CodeIgniter.php(832): App\Controllers\Olimpiade\Riwayat->detail()
#1 /home/permat43/mey.rplsph.my.id/hello/system/CodeIgniter.php(419): CodeIgniter\CodeIgniter->runController()
#2 /home/permat43/mey.rplsph.my.id/hello/system/CodeIgniter.php(326): CodeIgniter\CodeIgniter->handleRequest()
#3 /home/permat43/mey.rplsph.my.id/index.php(37): CodeIgniter\CodeIgniter->run()
#4 {main}
ERROR - 2025-09-10 19:22:33 --> Unknown column 'so.id_paket' in 'WHERE'
CRITICAL - 2025-09-10 19:22:33 --> Call to a member function getResult() on bool
#0 /home/permat43/mey.rplsph.my.id/hello/system/CodeIgniter.php(832): App\Controllers\Olimpiade\Riwayat->detail()
#1 /home/permat43/mey.rplsph.my.id/hello/system/CodeIgniter.php(419): CodeIgniter\CodeIgniter->runController()
#2 /home/permat43/mey.rplsph.my.id/hello/system/CodeIgniter.php(326): CodeIgniter\CodeIgniter->handleRequest()
#3 /home/permat43/mey.rplsph.my.id/index.php(37): CodeIgniter\CodeIgniter->run()
#4 {main}
ERROR - 2025-09-10 19:28:52 --> Unknown column 'so.id_paket' in 'ON'
CRITICAL - 2025-09-10 19:28:52 --> Call to a member function getResultArray() on bool
#0 /home/permat43/mey.rplsph.my.id/hello/system/CodeIgniter.php(832): App\Controllers\Olimpiade\Riwayat->pengerjaan()
#1 /home/permat43/mey.rplsph.my.id/hello/system/CodeIgniter.php(419): CodeIgniter\CodeIgniter->runController()
#2 /home/permat43/mey.rplsph.my.id/hello/system/CodeIgniter.php(326): CodeIgniter\CodeIgniter->handleRequest()
#3 /home/permat43/mey.rplsph.my.id/index.php(37): CodeIgniter\CodeIgniter->run()
#4 {main}
ERROR - 2025-09-10 19:29:11 --> Unknown column 'so.id_paket' in 'ON'
CRITICAL - 2025-09-10 19:29:11 --> Call to a member function getResultArray() on bool
#0 /home/permat43/mey.rplsph.my.id/hello/system/CodeIgniter.php(832): App\Controllers\Olimpiade\Riwayat->pengerjaan()
#1 /home/permat43/mey.rplsph.my.id/hello/system/CodeIgniter.php(419): CodeIgniter\CodeIgniter->runController()
#2 /home/permat43/mey.rplsph.my.id/hello/system/CodeIgniter.php(326): CodeIgniter\CodeIgniter->handleRequest()
#3 /home/permat43/mey.rplsph.my.id/index.php(37): CodeIgniter\CodeIgniter->run()
#4 {main}
ERROR - 2025-09-10 19:30:00 --> Unknown column 'so.id_paket' in 'ON'
CRITICAL - 2025-09-10 19:30:00 --> Call to a member function getResultArray() on bool
#0 /home/permat43/mey.rplsph.my.id/hello/system/CodeIgniter.php(832): App\Controllers\Olimpiade\Riwayat->pengerjaan()
#1 /home/permat43/mey.rplsph.my.id/hello/system/CodeIgniter.php(419): CodeIgniter\CodeIgniter->runController()
#2 /home/permat43/mey.rplsph.my.id/hello/system/CodeIgniter.php(326): CodeIgniter\CodeIgniter->handleRequest()
#3 /home/permat43/mey.rplsph.my.id/index.php(37): CodeIgniter\CodeIgniter->run()
#4 {main}
ERROR - 2025-09-10 19:34:01 --> Unknown column 'so.id_paket' in 'ON'
CRITICAL - 2025-09-10 19:34:01 --> Call to a member function getResultArray() on bool
#0 /home/permat43/mey.rplsph.my.id/hello/system/CodeIgniter.php(832): App\Controllers\Olimpiade\Riwayat->pengerjaan()
#1 /home/permat43/mey.rplsph.my.id/hello/system/CodeIgniter.php(419): CodeIgniter\CodeIgniter->runController()
#2 /home/permat43/mey.rplsph.my.id/hello/system/CodeIgniter.php(326): CodeIgniter\CodeIgniter->handleRequest()
#3 /home/permat43/mey.rplsph.my.id/index.php(37): CodeIgniter\CodeIgniter->run()
#4 {main}
CRITICAL - 2025-09-10 19:37:21 --> Undefined array key "created_at"
#0 /home/permat43/mey.rplsph.my.id/hello/app/Views/olimpiade/riwayat/riwayat.php(107): CodeIgniter\Debug\Exceptions->errorHandler()
#1 /home/permat43/mey.rplsph.my.id/hello/system/View/View.php(210): include('/home/permat43/...')
#2 /home/permat43/mey.rplsph.my.id/hello/system/View/View.php(213): CodeIgniter\View\View->CodeIgniter\View\{closure}()
#3 /home/permat43/mey.rplsph.my.id/hello/system/Common.php(1089): CodeIgniter\View\View->render()
#4 /home/permat43/mey.rplsph.my.id/hello/app/Controllers/Olimpiade/Riwayat.php(210): view()
#5 /home/permat43/mey.rplsph.my.id/hello/system/CodeIgniter.php(832): App\Controllers\Olimpiade\Riwayat->pengerjaan()
#6 /home/permat43/mey.rplsph.my.id/hello/system/CodeIgniter.php(419): CodeIgniter\CodeIgniter->runController()
#7 /home/permat43/mey.rplsph.my.id/hello/system/CodeIgniter.php(326): CodeIgniter\CodeIgniter->handleRequest()
#8 /home/permat43/mey.rplsph.my.id/index.php(37): CodeIgniter\CodeIgniter->run()
#9 {main}
CRITICAL - 2025-09-10 20:02:17 --> Undefined variable $data
#0 /home/permat43/mey.rplsph.my.id/hello/app/Views/olimpiade/pdf/hasilpribadi.php(15): CodeIgniter\Debug\Exceptions->errorHandler()
#1 /home/permat43/mey.rplsph.my.id/hello/system/View/View.php(210): include('/home/permat43/...')
#2 /home/permat43/mey.rplsph.my.id/hello/system/View/View.php(213): CodeIgniter\View\View->CodeIgniter\View\{closure}()
#3 /home/permat43/mey.rplsph.my.id/hello/system/Common.php(1089): CodeIgniter\View\View->render()
#4 /home/permat43/mey.rplsph.my.id/hello/app/Controllers/Olimpiade/Riwayat.php(389): view()
#5 /home/permat43/mey.rplsph.my.id/hello/system/CodeIgniter.php(832): App\Controllers\Olimpiade\Riwayat->cetakpdf()
#6 /home/permat43/mey.rplsph.my.id/hello/system/CodeIgniter.php(419): CodeIgniter\CodeIgniter->runController()
#7 /home/permat43/mey.rplsph.my.id/hello/system/CodeIgniter.php(326): CodeIgniter\CodeIgniter->handleRequest()
#8 /home/permat43/mey.rplsph.my.id/index.php(37): CodeIgniter\CodeIgniter->run()
#9 {main}
CRITICAL - 2025-09-10 20:07:03 --> Undefined array key "nama_mapel"
#0 /home/permat43/mey.rplsph.my.id/hello/app/Views/olimpiade/pdf/hasilpribadi.php(99): CodeIgniter\Debug\Exceptions->errorHandler()
#1 /home/permat43/mey.rplsph.my.id/hello/system/View/View.php(210): include('/home/permat43/...')
#2 /home/permat43/mey.rplsph.my.id/hello/system/View/View.php(213): CodeIgniter\View\View->CodeIgniter\View\{closure}()
#3 /home/permat43/mey.rplsph.my.id/hello/system/Common.php(1089): CodeIgniter\View\View->render()
#4 /home/permat43/mey.rplsph.my.id/hello/app/Controllers/Olimpiade/Riwayat.php(295): view()
#5 /home/permat43/mey.rplsph.my.id/hello/system/CodeIgniter.php(832): App\Controllers\Olimpiade\Riwayat->cetakpdf()
#6 /home/permat43/mey.rplsph.my.id/hello/system/CodeIgniter.php(419): CodeIgniter\CodeIgniter->runController()
#7 /home/permat43/mey.rplsph.my.id/hello/system/CodeIgniter.php(326): CodeIgniter\CodeIgniter->handleRequest()
#8 /home/permat43/mey.rplsph.my.id/index.php(37): CodeIgniter\CodeIgniter->run()
#9 {main}
CRITICAL - 2025-09-10 20:25:43 --> Undefined variable $hehe
#0 /home/permat43/mey.rplsph.my.id/hello/app/Controllers/Olimpiade/Olimpiade.php(21): CodeIgniter\Debug\Exceptions->errorHandler()
#1 /home/permat43/mey.rplsph.my.id/hello/system/CodeIgniter.php(832): App\Controllers\Olimpiade\Olimpiade->index()
#2 /home/permat43/mey.rplsph.my.id/hello/system/CodeIgniter.php(419): CodeIgniter\CodeIgniter->runController()
#3 /home/permat43/mey.rplsph.my.id/hello/system/CodeIgniter.php(326): CodeIgniter\CodeIgniter->handleRequest()
#4 /home/permat43/mey.rplsph.my.id/index.php(37): CodeIgniter\CodeIgniter->run()
#5 {main}
CRITICAL - 2025-09-10 20:25:46 --> Undefined variable $hehe
#0 /home/permat43/mey.rplsph.my.id/hello/app/Controllers/Olimpiade/Olimpiade.php(21): CodeIgniter\Debug\Exceptions->errorHandler()
#1 /home/permat43/mey.rplsph.my.id/hello/system/CodeIgniter.php(832): App\Controllers\Olimpiade\Olimpiade->index()
#2 /home/permat43/mey.rplsph.my.id/hello/system/CodeIgniter.php(419): CodeIgniter\CodeIgniter->runController()
#3 /home/permat43/mey.rplsph.my.id/hello/system/CodeIgniter.php(326): CodeIgniter\CodeIgniter->handleRequest()
#4 /home/permat43/mey.rplsph.my.id/index.php(37): CodeIgniter\CodeIgniter->run()
#5 {main}
CRITICAL - 2025-09-10 20:26:34 --> Undefined variable $hehe
#0 /home/permat43/mey.rplsph.my.id/hello/app/Controllers/Olimpiade/Olim.php(21): CodeIgniter\Debug\Exceptions->errorHandler()
#1 /home/permat43/mey.rplsph.my.id/hello/system/CodeIgniter.php(832): App\Controllers\Olimpiade\Olim->index()
#2 /home/permat43/mey.rplsph.my.id/hello/system/CodeIgniter.php(419): CodeIgniter\CodeIgniter->runController()
#3 /home/permat43/mey.rplsph.my.id/hello/system/CodeIgniter.php(326): CodeIgniter\CodeIgniter->handleRequest()
#4 /home/permat43/mey.rplsph.my.id/index.php(37): CodeIgniter\CodeIgniter->run()
#5 {main}
CRITICAL - 2025-09-10 20:27:08 --> Undefined variable $hehe
#0 /home/permat43/mey.rplsph.my.id/hello/app/Controllers/Olimpiade/Olim.php(21): CodeIgniter\Debug\Exceptions->errorHandler()
#1 /home/permat43/mey.rplsph.my.id/hello/system/CodeIgniter.php(832): App\Controllers\Olimpiade\Olim->index()
#2 /home/permat43/mey.rplsph.my.id/hello/system/CodeIgniter.php(419): CodeIgniter\CodeIgniter->runController()
#3 /home/permat43/mey.rplsph.my.id/hello/system/CodeIgniter.php(326): CodeIgniter\CodeIgniter->handleRequest()
#4 /home/permat43/mey.rplsph.my.id/index.php(37): CodeIgniter\CodeIgniter->run()
#5 {main}
CRITICAL - 2025-09-10 20:27:09 --> Undefined variable $hehe
#0 /home/permat43/mey.rplsph.my.id/hello/app/Controllers/Olimpiade/Olim.php(21): CodeIgniter\Debug\Exceptions->errorHandler()
#1 /home/permat43/mey.rplsph.my.id/hello/system/CodeIgniter.php(832): App\Controllers\Olimpiade\Olim->index()
#2 /home/permat43/mey.rplsph.my.id/hello/system/CodeIgniter.php(419): CodeIgniter\CodeIgniter->runController()
#3 /home/permat43/mey.rplsph.my.id/hello/system/CodeIgniter.php(326): CodeIgniter\CodeIgniter->handleRequest()
#4 /home/permat43/mey.rplsph.my.id/index.php(37): CodeIgniter\CodeIgniter->run()
#5 {main}
CRITICAL - 2025-09-10 20:27:10 --> Undefined variable $hehe
#0 /home/permat43/mey.rplsph.my.id/hello/app/Controllers/Olimpiade/Olim.php(21): CodeIgniter\Debug\Exceptions->errorHandler()
#1 /home/permat43/mey.rplsph.my.id/hello/system/CodeIgniter.php(832): App\Controllers\Olimpiade\Olim->index()
#2 /home/permat43/mey.rplsph.my.id/hello/system/CodeIgniter.php(419): CodeIgniter\CodeIgniter->runController()
#3 /home/permat43/mey.rplsph.my.id/hello/system/CodeIgniter.php(326): CodeIgniter\CodeIgniter->handleRequest()
#4 /home/permat43/mey.rplsph.my.id/index.php(37): CodeIgniter\CodeIgniter->run()
#5 {main}
CRITICAL - 2025-09-10 20:27:10 --> Undefined variable $hehe
#0 /home/permat43/mey.rplsph.my.id/hello/app/Controllers/Olimpiade/Olim.php(21): CodeIgniter\Debug\Exceptions->errorHandler()
#1 /home/permat43/mey.rplsph.my.id/hello/system/CodeIgniter.php(832): App\Controllers\Olimpiade\Olim->index()
#2 /home/permat43/mey.rplsph.my.id/hello/system/CodeIgniter.php(419): CodeIgniter\CodeIgniter->runController()
#3 /home/permat43/mey.rplsph.my.id/hello/system/CodeIgniter.php(326): CodeIgniter\CodeIgniter->handleRequest()
#4 /home/permat43/mey.rplsph.my.id/index.php(37): CodeIgniter\CodeIgniter->run()
#5 {main}
CRITICAL - 2025-09-10 20:27:18 --> Undefined variable $hehe
#0 /home/permat43/mey.rplsph.my.id/hello/app/Controllers/Olimpiade/Olim.php(21): CodeIgniter\Debug\Exceptions->errorHandler()
#1 /home/permat43/mey.rplsph.my.id/hello/system/CodeIgniter.php(832): App\Controllers\Olimpiade\Olim->index()
#2 /home/permat43/mey.rplsph.my.id/hello/system/CodeIgniter.php(419): CodeIgniter\CodeIgniter->runController()
#3 /home/permat43/mey.rplsph.my.id/hello/system/CodeIgniter.php(326): CodeIgniter\CodeIgniter->handleRequest()
#4 /home/permat43/mey.rplsph.my.id/index.php(37): CodeIgniter\CodeIgniter->run()
#5 {main}
CRITICAL - 2025-09-10 20:27:29 --> Undefined variable $hehe
#0 /home/permat43/mey.rplsph.my.id/hello/app/Controllers/Olimpiade/Olim.php(21): CodeIgniter\Debug\Exceptions->errorHandler()
#1 /home/permat43/mey.rplsph.my.id/hello/system/CodeIgniter.php(832): App\Controllers\Olimpiade\Olim->index()
#2 /home/permat43/mey.rplsph.my.id/hello/system/CodeIgniter.php(419): CodeIgniter\CodeIgniter->runController()
#3 /home/permat43/mey.rplsph.my.id/hello/system/CodeIgniter.php(326): CodeIgniter\CodeIgniter->handleRequest()
#4 /home/permat43/mey.rplsph.my.id/index.php(37): CodeIgniter\CodeIgniter->run()
#5 {main}
CRITICAL - 2025-09-10 20:27:31 --> Undefined variable $hehe
#0 /home/permat43/mey.rplsph.my.id/hello/app/Controllers/Olimpiade/Olim.php(21): CodeIgniter\Debug\Exceptions->errorHandler()
#1 /home/permat43/mey.rplsph.my.id/hello/system/CodeIgniter.php(832): App\Controllers\Olimpiade\Olim->index()
#2 /home/permat43/mey.rplsph.my.id/hello/system/CodeIgniter.php(419): CodeIgniter\CodeIgniter->runController()
#3 /home/permat43/mey.rplsph.my.id/hello/system/CodeIgniter.php(326): CodeIgniter\CodeIgniter->handleRequest()
#4 /home/permat43/mey.rplsph.my.id/index.php(37): CodeIgniter\CodeIgniter->run()
#5 {main}
CRITICAL - 2025-09-10 20:27:41 --> Undefined variable $hehe
#0 /home/permat43/mey.rplsph.my.id/hello/app/Controllers/Olimpiade/Olim.php(21): CodeIgniter\Debug\Exceptions->errorHandler()
#1 /home/permat43/mey.rplsph.my.id/hello/system/CodeIgniter.php(832): App\Controllers\Olimpiade\Olim->index()
#2 /home/permat43/mey.rplsph.my.id/hello/system/CodeIgniter.php(419): CodeIgniter\CodeIgniter->runController()
#3 /home/permat43/mey.rplsph.my.id/hello/system/CodeIgniter.php(326): CodeIgniter\CodeIgniter->handleRequest()
#4 /home/permat43/mey.rplsph.my.id/index.php(37): CodeIgniter\CodeIgniter->run()
#5 {main}
CRITICAL - 2025-09-10 20:27:43 --> Undefined variable $hehe
#0 /home/permat43/mey.rplsph.my.id/hello/app/Controllers/Olimpiade/Olim.php(21): CodeIgniter\Debug\Exceptions->errorHandler()
#1 /home/permat43/mey.rplsph.my.id/hello/system/CodeIgniter.php(832): App\Controllers\Olimpiade\Olim->index()
#2 /home/permat43/mey.rplsph.my.id/hello/system/CodeIgniter.php(419): CodeIgniter\CodeIgniter->runController()
#3 /home/permat43/mey.rplsph.my.id/hello/system/CodeIgniter.php(326): CodeIgniter\CodeIgniter->handleRequest()
#4 /home/permat43/mey.rplsph.my.id/index.php(37): CodeIgniter\CodeIgniter->run()
#5 {main}
